No.;Port;Event;Frequency;SF / Datarate;Bandwidth;RSSI;SNR;Time;Dst Address;Src Address;Message Payload 
1;COM8;Tx C-Msg;2450000122 Hz;;2.0 Mb/s BW 2.4 MHz;;;2021-04-13 17:58:22.099;;;Status:OK  Packet:808  AirTime:1 ms
2;COM8;Rx Ack-Msg;2450000122 Hz;;2.0 Mb/s BW 2.4 MHz;-62 dBm;0 dB;2021-04-13 17:58:21;10:1111;10:2222;
3;COM8;Tx C-Msg;2450000122 Hz;;2.0 Mb/s BW 2.4 MHz;;;2021-04-13 17:58:23.535;;;Status:OK  Packet:809  AirTime:1 ms
4;COM8;Rx Ack-Msg;2450000122 Hz;;2.0 Mb/s BW 2.4 MHz;-62 dBm;0 dB;2021-04-13 17:58:23;10:1111;10:2222;
5;COM8;Tx C-Msg;2450000122 Hz;;2.0 Mb/s BW 2.4 MHz;;;2021-04-13 17:58:24.219;;;Status:OK  Packet:810  AirTime:1 ms
6;COM8;Rx Ack-Msg;2450000122 Hz;;2.0 Mb/s BW 2.4 MHz;-63 dBm;0 dB;2021-04-13 17:58:23;10:1111;10:2222;
7;COM8;Tx C-Msg;2450000122 Hz;;2.0 Mb/s BW 2.4 MHz;;;2021-04-13 17:58:24.954;;;Status:OK  Packet:811  AirTime:1 ms
8;COM8;Rx Ack-Msg;2450000122 Hz;;2.0 Mb/s BW 2.4 MHz;-62 dBm;0 dB;2021-04-13 17:58:24;10:1111;10:2222;
9;COM8;Tx C-Msg;2450000122 Hz;;2.0 Mb/s BW 2.4 MHz;;;2021-04-13 17:58:25.659;;;Status:OK  Packet:812  AirTime:1 ms
10;COM8;Rx Ack-Msg;2450000122 Hz;;2.0 Mb/s BW 2.4 MHz;-62 dBm;0 dB;2021-04-13 17:58:25;10:1111;10:2222;
11;COM8;Tx C-Msg;2450000122 Hz;;2.0 Mb/s BW 2.4 MHz;;;2021-04-13 17:58:26.443;;;Status:OK  Packet:813  AirTime:1 ms
12;COM8;Rx Ack-Msg;2450000122 Hz;;2.0 Mb/s BW 2.4 MHz;-62 dBm;0 dB;2021-04-13 17:58:26;10:1111;10:2222;
13;COM8;Tx C-Msg;2450000122 Hz;;2.0 Mb/s BW 2.4 MHz;;;2021-04-13 17:58:27.147;;;Status:OK  Packet:814  AirTime:1 ms
14;COM8;Rx Ack-Msg;2450000122 Hz;;2.0 Mb/s BW 2.4 MHz;-64 dBm;0 dB;2021-04-13 17:58:26;10:1111;10:2222;
15;COM8;Tx C-Msg;2450000122 Hz;;2.0 Mb/s BW 2.4 MHz;;;2021-04-13 17:58:27.833;;;Status:OK  Packet:815  AirTime:1 ms
16;COM8;Rx Ack-Msg;2450000122 Hz;;2.0 Mb/s BW 2.4 MHz;-63 dBm;0 dB;2021-04-13 17:58:27;10:1111;10:2222;
17;COM8;Tx C-Msg;2450000122 Hz;;2.0 Mb/s BW 2.4 MHz;;;2021-04-13 17:58:28.519;;;Status:OK  Packet:816  AirTime:1 ms
18;COM8;Rx Ack-Msg;2450000122 Hz;;2.0 Mb/s BW 2.4 MHz;-62 dBm;0 dB;2021-04-13 17:58:28;10:1111;10:2222;
19;COM8;Tx C-Msg;2450000122 Hz;;2.0 Mb/s BW 2.4 MHz;;;2021-04-13 17:58:29.129;;;Status:OK  Packet:817  AirTime:1 ms
20;COM8;Rx Ack-Msg;2450000122 Hz;;2.0 Mb/s BW 2.4 MHz;-62 dBm;0 dB;2021-04-13 17:58:28;10:1111;10:2222;
21;COM8;Tx C-Msg;2450000122 Hz;;2.0 Mb/s BW 2.4 MHz;;;2021-04-13 17:58:29.798;;;Status:OK  Packet:818  AirTime:1 ms
22;COM8;Rx Ack-Msg;2450000122 Hz;;2.0 Mb/s BW 2.4 MHz;-62 dBm;0 dB;2021-04-13 17:58:29;10:1111;10:2222;
23;COM8;Tx C-Msg;2450000122 Hz;;2.0 Mb/s BW 2.4 MHz;;;2021-04-13 17:58:30.537;;;Status:OK  Packet:819  AirTime:1 ms
24;COM8;Rx Ack-Msg;2450000122 Hz;;2.0 Mb/s BW 2.4 MHz;-63 dBm;0 dB;2021-04-13 17:58:30;10:1111;10:2222;
25;COM8;Tx C-Msg;2450000122 Hz;;2.0 Mb/s BW 2.4 MHz;;;2021-04-13 17:58:31.311;;;Status:OK  Packet:820  AirTime:1 ms
26;COM8;Rx Ack-Msg;2450000122 Hz;;2.0 Mb/s BW 2.4 MHz;-63 dBm;0 dB;2021-04-13 17:58:31;10:1111;10:2222;
27;COM8;Tx C-Msg;2450000122 Hz;;2.0 Mb/s BW 2.4 MHz;;;2021-04-13 17:58:32.085;;;Status:OK  Packet:821  AirTime:1 ms
28;COM8;Rx Ack-Msg;2450000122 Hz;;2.0 Mb/s BW 2.4 MHz;-63 dBm;0 dB;2021-04-13 17:58:31;10:1111;10:2222;
29;COM8;Tx C-Msg;2450000122 Hz;;2.0 Mb/s BW 2.4 MHz;;;2021-04-13 17:58:32.851;;;Status:OK  Packet:822  AirTime:1 ms
30;COM8;Rx Ack-Msg;2450000122 Hz;;2.0 Mb/s BW 2.4 MHz;-64 dBm;0 dB;2021-04-13 17:58:32;10:1111;10:2222;
31;COM8;Tx C-Msg;2450000122 Hz;;2.0 Mb/s BW 2.4 MHz;;;2021-04-13 17:58:33.636;;;Status:OK  Packet:823  AirTime:1 ms
32;COM8;Rx Ack-Msg;2450000122 Hz;;2.0 Mb/s BW 2.4 MHz;-64 dBm;0 dB;2021-04-13 17:58:33;10:1111;10:2222;
33;COM8;Tx C-Msg;2450000122 Hz;;2.0 Mb/s BW 2.4 MHz;;;2021-04-13 17:58:34.323;;;Status:OK  Packet:824  AirTime:1 ms
34;COM8;Rx Ack-Msg;2450000122 Hz;;2.0 Mb/s BW 2.4 MHz;-64 dBm;0 dB;2021-04-13 17:58:34;10:1111;10:2222;
35;COM8;Tx C-Msg;2450000122 Hz;;2.0 Mb/s BW 2.4 MHz;;;2021-04-13 17:58:35.025;;;Status:OK  Packet:825  AirTime:1 ms
36;COM8;Rx Ack-Msg;2450000122 Hz;;2.0 Mb/s BW 2.4 MHz;-64 dBm;0 dB;2021-04-13 17:58:34;10:1111;10:2222;
37;COM8;Tx C-Msg;2450000122 Hz;;2.0 Mb/s BW 2.4 MHz;;;2021-04-13 17:58:35.794;;;Status:OK  Packet:826  AirTime:1 ms
38;COM8;Rx Ack-Msg;2450000122 Hz;;2.0 Mb/s BW 2.4 MHz;-64 dBm;0 dB;2021-04-13 17:58:35;10:1111;10:2222;
39;COM8;Tx C-Msg;2450000122 Hz;;2.0 Mb/s BW 2.4 MHz;;;2021-04-13 17:58:36.529;;;Status:OK  Packet:827  AirTime:1 ms
40;COM8;Rx Ack-Msg;2450000122 Hz;;2.0 Mb/s BW 2.4 MHz;-64 dBm;0 dB;2021-04-13 17:58:36;10:1111;10:2222;
41;COM8;Tx C-Msg;2450000122 Hz;;2.0 Mb/s BW 2.4 MHz;;;2021-04-13 17:58:37.198;;;Status:OK  Packet:828  AirTime:1 ms
42;COM8;Rx Ack-Msg;2450000122 Hz;;2.0 Mb/s BW 2.4 MHz;-64 dBm;0 dB;2021-04-13 17:58:36;10:1111;10:2222;
43;COM8;Tx C-Msg;2450000122 Hz;;2.0 Mb/s BW 2.4 MHz;;;2021-04-13 17:58:37.837;;;Status:OK  Packet:829  AirTime:1 ms
44;COM8;Rx Ack-Msg;2450000122 Hz;;2.0 Mb/s BW 2.4 MHz;-64 dBm;0 dB;2021-04-13 17:58:37;10:1111;10:2222;
45;COM8;Tx C-Msg;2450000122 Hz;;2.0 Mb/s BW 2.4 MHz;;;2021-04-13 17:58:38.495;;;Status:OK  Packet:830  AirTime:1 ms
46;COM8;Rx Ack-Msg;2450000122 Hz;;2.0 Mb/s BW 2.4 MHz;-64 dBm;0 dB;2021-04-13 17:58:38;10:1111;10:2222;
47;COM8;Tx C-Msg;2450000122 Hz;;2.0 Mb/s BW 2.4 MHz;;;2021-04-13 17:58:39.192;;;Status:OK  Packet:831  AirTime:1 ms
48;COM8;Rx Ack-Msg;2450000122 Hz;;2.0 Mb/s BW 2.4 MHz;-64 dBm;0 dB;2021-04-13 17:58:38;10:1111;10:2222;
49;COM8;Tx C-Msg;2450000122 Hz;;2.0 Mb/s BW 2.4 MHz;;;2021-04-13 17:58:39.899;;;Status:OK  Packet:832  AirTime:1 ms
50;COM8;Rx Ack-Msg;2450000122 Hz;;2.0 Mb/s BW 2.4 MHz;-64 dBm;0 dB;2021-04-13 17:58:39;10:1111;10:2222;
51;COM8;Tx C-Msg;2450000122 Hz;;2.0 Mb/s BW 2.4 MHz;;;2021-04-13 17:58:40.554;;;Status:OK  Packet:833  AirTime:1 ms
52;COM8;Rx Ack-Msg;2450000122 Hz;;2.0 Mb/s BW 2.4 MHz;-65 dBm;0 dB;2021-04-13 17:58:40;10:1111;10:2222;
53;COM8;Tx C-Msg;2450000122 Hz;;2.0 Mb/s BW 2.4 MHz;;;2021-04-13 17:58:41.163;;;Status:OK  Packet:834  AirTime:1 ms
54;COM8;Rx Ack-Msg;2450000122 Hz;;2.0 Mb/s BW 2.4 MHz;-65 dBm;0 dB;2021-04-13 17:58:40;10:1111;10:2222;
55;COM8;Tx C-Msg;2450000122 Hz;;2.0 Mb/s BW 2.4 MHz;;;2021-04-13 17:58:41.857;;;Status:OK  Packet:835  AirTime:1 ms
56;COM8;Rx Ack-Msg;2450000122 Hz;;2.0 Mb/s BW 2.4 MHz;-65 dBm;0 dB;2021-04-13 17:58:41;10:1111;10:2222;
57;COM8;Tx C-Msg;2450000122 Hz;;2.0 Mb/s BW 2.4 MHz;;;2021-04-13 17:58:42.537;;;Status:OK  Packet:836  AirTime:1 ms
58;COM8;Rx Ack-Msg;2450000122 Hz;;2.0 Mb/s BW 2.4 MHz;-65 dBm;0 dB;2021-04-13 17:58:42;10:1111;10:2222;
59;COM8;Tx C-Msg;2450000122 Hz;;2.0 Mb/s BW 2.4 MHz;;;2021-04-13 17:58:43.163;;;Status:OK  Packet:837  AirTime:1 ms
60;COM8;Rx Ack-Msg;2450000122 Hz;;2.0 Mb/s BW 2.4 MHz;-66 dBm;0 dB;2021-04-13 17:58:42;10:1111;10:2222;
61;COM8;Tx C-Msg;2450000122 Hz;;2.0 Mb/s BW 2.4 MHz;;;2021-04-13 17:58:43.787;;;Status:OK  Packet:838  AirTime:1 ms
62;COM8;Rx Ack-Msg;2450000122 Hz;;2.0 Mb/s BW 2.4 MHz;-65 dBm;0 dB;2021-04-13 17:58:43;10:1111;10:2222;
63;COM8;Tx C-Msg;2450000122 Hz;;2.0 Mb/s BW 2.4 MHz;;;2021-04-13 17:58:44.471;;;Status:OK  Packet:839  AirTime:1 ms
64;COM8;Rx Ack-Msg;2450000122 Hz;;2.0 Mb/s BW 2.4 MHz;-65 dBm;0 dB;2021-04-13 17:58:44;10:1111;10:2222;
65;COM8;Tx C-Msg;2450000122 Hz;;2.0 Mb/s BW 2.4 MHz;;;2021-04-13 17:58:45.191;;;Status:OK  Packet:840  AirTime:1 ms
66;COM8;Rx Ack-Msg;2450000122 Hz;;2.0 Mb/s BW 2.4 MHz;-65 dBm;0 dB;2021-04-13 17:58:44;10:1111;10:2222;
67;COM8;Tx C-Msg;2450000122 Hz;;2.0 Mb/s BW 2.4 MHz;;;2021-04-13 17:58:45.811;;;Status:OK  Packet:841  AirTime:1 ms
68;COM8;Rx Ack-Msg;2450000122 Hz;;2.0 Mb/s BW 2.4 MHz;-65 dBm;0 dB;2021-04-13 17:58:45;10:1111;10:2222;
69;COM8;Tx C-Msg;2450000122 Hz;;2.0 Mb/s BW 2.4 MHz;;;2021-04-13 17:58:46.437;;;Status:OK  Packet:842  AirTime:1 ms
70;COM8;Rx Ack-Msg;2450000122 Hz;;2.0 Mb/s BW 2.4 MHz;-65 dBm;0 dB;2021-04-13 17:58:46;10:1111;10:2222;
71;COM8;Tx C-Msg;2450000122 Hz;;2.0 Mb/s BW 2.4 MHz;;;2021-04-13 17:58:47.062;;;Status:OK  Packet:843  AirTime:1 ms
72;COM8;Rx Ack-Msg;2450000122 Hz;;2.0 Mb/s BW 2.4 MHz;-65 dBm;0 dB;2021-04-13 17:58:46;10:1111;10:2222;
73;COM8;Tx C-Msg;2450000122 Hz;;2.0 Mb/s BW 2.4 MHz;;;2021-04-13 17:58:47.684;;;Status:OK  Packet:844  AirTime:1 ms
74;COM8;Rx Ack-Msg;2450000122 Hz;;2.0 Mb/s BW 2.4 MHz;-65 dBm;0 dB;2021-04-13 17:58:47;10:1111;10:2222;
75;COM8;Tx C-Msg;2450000122 Hz;;2.0 Mb/s BW 2.4 MHz;;;2021-04-13 17:58:48.355;;;Status:OK  Packet:845  AirTime:1 ms
76;COM8;Rx Ack-Msg;2450000122 Hz;;2.0 Mb/s BW 2.4 MHz;-65 dBm;0 dB;2021-04-13 17:58:48;10:1111;10:2222;
77;COM8;Tx C-Msg;2450000122 Hz;;2.0 Mb/s BW 2.4 MHz;;;2021-04-13 17:58:48.980;;;Status:OK  Packet:846  AirTime:1 ms
78;COM8;Rx Ack-Msg;2450000122 Hz;;2.0 Mb/s BW 2.4 MHz;-65 dBm;0 dB;2021-04-13 17:58:48;10:1111;10:2222;
79;COM8;Tx C-Msg;2450000122 Hz;;2.0 Mb/s BW 2.4 MHz;;;2021-04-13 17:58:49.621;;;Status:OK  Packet:847  AirTime:1 ms
80;COM8;Rx Ack-Msg;2450000122 Hz;;2.0 Mb/s BW 2.4 MHz;-65 dBm;0 dB;2021-04-13 17:58:49;10:1111;10:2222;
81;COM8;Tx C-Msg;2450000122 Hz;;2.0 Mb/s BW 2.4 MHz;;;2021-04-13 17:58:50.225;;;Status:OK  Packet:848  AirTime:1 ms
82;COM8;Rx Ack-Msg;2450000122 Hz;;2.0 Mb/s BW 2.4 MHz;-65 dBm;0 dB;2021-04-13 17:58:49;10:1111;10:2222;
83;COM8;Tx C-Msg;2450000122 Hz;;2.0 Mb/s BW 2.4 MHz;;;2021-04-13 17:58:50.818;;;Status:OK  Packet:849  AirTime:1 ms
84;COM8;Rx Ack-Msg;2450000122 Hz;;2.0 Mb/s BW 2.4 MHz;-65 dBm;0 dB;2021-04-13 17:58:50;10:1111;10:2222;
85;COM8;Tx C-Msg;2450000122 Hz;;2.0 Mb/s BW 2.4 MHz;;;2021-04-13 17:58:51.427;;;Status:OK  Packet:850  AirTime:1 ms
86;COM8;Rx Ack-Msg;2450000122 Hz;;2.0 Mb/s BW 2.4 MHz;-65 dBm;0 dB;2021-04-13 17:58:51;10:1111;10:2222;
87;COM8;Tx C-Msg;2450000122 Hz;;2.0 Mb/s BW 2.4 MHz;;;2021-04-13 17:58:52.097;;;Status:OK  Packet:851  AirTime:1 ms
88;COM8;Rx Ack-Msg;2450000122 Hz;;2.0 Mb/s BW 2.4 MHz;-65 dBm;0 dB;2021-04-13 17:58:51;10:1111;10:2222;
89;COM8;Tx C-Msg;2450000122 Hz;;2.0 Mb/s BW 2.4 MHz;;;2021-04-13 17:58:52.719;;;Status:OK  Packet:852  AirTime:1 ms
90;COM8;Rx Ack-Msg;2450000122 Hz;;2.0 Mb/s BW 2.4 MHz;-65 dBm;0 dB;2021-04-13 17:58:52;10:1111;10:2222;
91;COM8;Tx C-Msg;2450000122 Hz;;2.0 Mb/s BW 2.4 MHz;;;2021-04-13 17:58:53.405;;;Status:OK  Packet:853  AirTime:1 ms
92;COM8;Rx Ack-Msg;2450000122 Hz;;2.0 Mb/s BW 2.4 MHz;-65 dBm;0 dB;2021-04-13 17:58:53;10:1111;10:2222;
93;COM8;Tx C-Msg;2450000122 Hz;;2.0 Mb/s BW 2.4 MHz;;;2021-04-13 17:58:54.013;;;Status:OK  Packet:854  AirTime:1 ms
94;COM8;Rx Ack-Msg;2450000122 Hz;;2.0 Mb/s BW 2.4 MHz;-66 dBm;0 dB;2021-04-13 17:58:53;10:1111;10:2222;
95;COM8;Tx C-Msg;2450000122 Hz;;2.0 Mb/s BW 2.4 MHz;;;2021-04-13 17:58:54.669;;;Status:OK  Packet:855  AirTime:1 ms
96;COM8;Rx Ack-Msg;2450000122 Hz;;2.0 Mb/s BW 2.4 MHz;-65 dBm;0 dB;2021-04-13 17:58:54;10:1111;10:2222;
97;COM8;Tx C-Msg;2450000122 Hz;;2.0 Mb/s BW 2.4 MHz;;;2021-04-13 17:58:55.434;;;Status:OK  Packet:856  AirTime:1 ms
98;COM8;Rx Ack-Msg;2450000122 Hz;;2.0 Mb/s BW 2.4 MHz;-65 dBm;0 dB;2021-04-13 17:58:55;10:1111;10:2222;
99;COM8;Tx C-Msg;2450000122 Hz;;2.0 Mb/s BW 2.4 MHz;;;2021-04-13 17:58:56.174;;;Status:OK  Packet:857  AirTime:1 ms
100;COM8;Rx Ack-Msg;2450000122 Hz;;2.0 Mb/s BW 2.4 MHz;-65 dBm;0 dB;2021-04-13 17:58:55;10:1111;10:2222;
101;COM8;Tx C-Msg;2450000122 Hz;;2.0 Mb/s BW 2.4 MHz;;;2021-04-13 17:59:50.626;;;Status:OK  Packet:858  AirTime:1 ms
102;COM8;Rx Ack-Msg;2450000122 Hz;;2.0 Mb/s BW 2.4 MHz;-60 dBm;0 dB;2021-04-13 17:59:50;10:1111;10:2222;
103;COM8;Tx C-Msg;2450000122 Hz;;2.0 Mb/s BW 2.4 MHz;;;2021-04-13 17:59:51.411;;;Status:OK  Packet:859  AirTime:1 ms
104;COM8;Rx Ack-Msg;2450000122 Hz;;2.0 Mb/s BW 2.4 MHz;-60 dBm;0 dB;2021-04-13 17:59:51;10:1111;10:2222;
105;COM8;Tx C-Msg;2450000122 Hz;;2.0 Mb/s BW 2.4 MHz;;;2021-04-13 17:59:52.048;;;Status:OK  Packet:860  AirTime:1 ms
106;COM8;Rx Ack-Msg;2450000122 Hz;;2.0 Mb/s BW 2.4 MHz;-60 dBm;0 dB;2021-04-13 17:59:51;10:1111;10:2222;
107;COM8;Tx C-Msg;2450000122 Hz;;2.0 Mb/s BW 2.4 MHz;;;2021-04-13 17:59:52.820;;;Status:OK  Packet:861  AirTime:1 ms
108;COM8;Rx Ack-Msg;2450000122 Hz;;2.0 Mb/s BW 2.4 MHz;-61 dBm;0 dB;2021-04-13 17:59:52;10:1111;10:2222;
109;COM8;Tx C-Msg;2450000122 Hz;;2.0 Mb/s BW 2.4 MHz;;;2021-04-13 17:59:53.391;;;Status:OK  Packet:862  AirTime:1 ms
110;COM8;Rx Ack-Msg;2450000122 Hz;;2.0 Mb/s BW 2.4 MHz;-60 dBm;0 dB;2021-04-13 17:59:53;10:1111;10:2222;
111;COM8;Tx C-Msg;2450000122 Hz;;2.0 Mb/s BW 2.4 MHz;;;2021-04-13 17:59:54.144;;;Status:OK  Packet:863  AirTime:1 ms
112;COM8;Rx Ack-Msg;2450000122 Hz;;2.0 Mb/s BW 2.4 MHz;-60 dBm;0 dB;2021-04-13 17:59:53;10:1111;10:2222;
113;COM8;Tx C-Msg;2450000122 Hz;;2.0 Mb/s BW 2.4 MHz;;;2021-04-13 17:59:54.768;;;Status:OK  Packet:864  AirTime:1 ms
114;COM8;Rx Ack-Msg;2450000122 Hz;;2.0 Mb/s BW 2.4 MHz;-60 dBm;0 dB;2021-04-13 17:59:54;10:1111;10:2222;
115;COM8;Tx C-Msg;2450000122 Hz;;2.0 Mb/s BW 2.4 MHz;;;2021-04-13 17:59:55.369;;;Status:OK  Packet:865  AirTime:1 ms
116;COM8;Rx Ack-Msg;2450000122 Hz;;2.0 Mb/s BW 2.4 MHz;-61 dBm;0 dB;2021-04-13 17:59:55;10:1111;10:2222;
117;COM8;Tx C-Msg;2450000122 Hz;;2.0 Mb/s BW 2.4 MHz;;;2021-04-13 17:59:56.062;;;Status:OK  Packet:866  AirTime:1 ms
118;COM8;Rx Ack-Msg;2450000122 Hz;;2.0 Mb/s BW 2.4 MHz;-60 dBm;0 dB;2021-04-13 17:59:55;10:1111;10:2222;
119;COM8;Tx C-Msg;2450000122 Hz;;2.0 Mb/s BW 2.4 MHz;;;2021-04-13 17:59:56.686;;;Status:OK  Packet:867  AirTime:1 ms
120;COM8;Rx Ack-Msg;2450000122 Hz;;2.0 Mb/s BW 2.4 MHz;-60 dBm;0 dB;2021-04-13 17:59:56;10:1111;10:2222;
121;COM8;Tx C-Msg;2450000122 Hz;;2.0 Mb/s BW 2.4 MHz;;;2021-04-13 17:59:57.229;;;Status:OK  Packet:868  AirTime:1 ms
122;COM8;Rx Ack-Msg;2450000122 Hz;;2.0 Mb/s BW 2.4 MHz;-60 dBm;0 dB;2021-04-13 17:59:56;10:1111;10:2222;
123;COM8;Tx C-Msg;2450000122 Hz;;2.0 Mb/s BW 2.4 MHz;;;2021-04-13 17:59:57.884;;;Status:OK  Packet:869  AirTime:1 ms
124;COM8;Rx Ack-Msg;2450000122 Hz;;2.0 Mb/s BW 2.4 MHz;-60 dBm;0 dB;2021-04-13 17:59:57;10:1111;10:2222;
125;COM8;Tx C-Msg;2450000122 Hz;;2.0 Mb/s BW 2.4 MHz;;;2021-04-13 17:59:58.442;;;Status:OK  Packet:870  AirTime:1 ms
126;COM8;Rx Ack-Msg;2450000122 Hz;;2.0 Mb/s BW 2.4 MHz;-61 dBm;0 dB;2021-04-13 17:59:58;10:1111;10:2222;
127;COM8;Tx C-Msg;2450000122 Hz;;2.0 Mb/s BW 2.4 MHz;;;2021-04-13 17:59:59.146;;;Status:OK  Packet:871  AirTime:1 ms
128;COM8;Rx Ack-Msg;2450000122 Hz;;2.0 Mb/s BW 2.4 MHz;-60 dBm;0 dB;2021-04-13 17:59:58;10:1111;10:2222;
129;COM8;Tx C-Msg;2450000122 Hz;;2.0 Mb/s BW 2.4 MHz;;;2021-04-13 17:59:59.856;;;Status:OK  Packet:872  AirTime:1 ms
130;COM8;Rx Ack-Msg;2450000122 Hz;;2.0 Mb/s BW 2.4 MHz;-60 dBm;0 dB;2021-04-13 17:59:59;10:1111;10:2222;
131;COM8;Tx C-Msg;2450000122 Hz;;2.0 Mb/s BW 2.4 MHz;;;2021-04-13 18:00:00.472;;;Status:OK  Packet:873  AirTime:1 ms
132;COM8;Rx Ack-Msg;2450000122 Hz;;2.0 Mb/s BW 2.4 MHz;-60 dBm;0 dB;2021-04-13 18:00:00;10:1111;10:2222;
133;COM8;Tx C-Msg;2450000122 Hz;;2.0 Mb/s BW 2.4 MHz;;;2021-04-13 18:00:01.176;;;Status:OK  Packet:874  AirTime:1 ms
134;COM8;Ack Timeout;2450000122 Hz;;2.0 Mb/s BW 2.4 MHz;;;2021-04-13 18:00:06.172;;;
135;COM8;Tx C-Msg;2450000122 Hz;;2.0 Mb/s BW 2.4 MHz;;;2021-04-13 18:00:06.187;;;Status:OK  Packet:875  AirTime:1 ms
136;COM8;Rx Ack-Msg;2450000122 Hz;;2.0 Mb/s BW 2.4 MHz;-62 dBm;0 dB;2021-04-13 18:00:05;10:1111;10:2222;
137;COM8;Tx C-Msg;2450000122 Hz;;2.0 Mb/s BW 2.4 MHz;;;2021-04-13 18:00:06.354;;;Status:OK  Packet:876  AirTime:1 ms
138;COM8;Rx Ack-Msg;2450000122 Hz;;2.0 Mb/s BW 2.4 MHz;-62 dBm;0 dB;2021-04-13 18:00:06;10:1111;10:2222;
139;COM8;Tx C-Msg;2450000122 Hz;;2.0 Mb/s BW 2.4 MHz;;;2021-04-13 18:00:07.471;;;Status:OK  Packet:877  AirTime:1 ms
140;COM8;Rx Ack-Msg;2450000122 Hz;;2.0 Mb/s BW 2.4 MHz;-62 dBm;0 dB;2021-04-13 18:00:07;10:1111;10:2222;
141;COM8;Tx C-Msg;2450000122 Hz;;2.0 Mb/s BW 2.4 MHz;;;2021-04-13 18:00:08.416;;;Status:OK  Packet:878  AirTime:1 ms
142;COM8;Rx Ack-Msg;2450000122 Hz;;2.0 Mb/s BW 2.4 MHz;-62 dBm;0 dB;2021-04-13 18:00:08;10:1111;10:2222;
143;COM8;Tx C-Msg;2450000122 Hz;;2.0 Mb/s BW 2.4 MHz;;;2021-04-13 18:00:10.782;;;Status:OK  Packet:879  AirTime:1 ms
144;COM8;Ack Timeout;2450000122 Hz;;2.0 Mb/s BW 2.4 MHz;;;2021-04-13 18:00:15.781;;;
145;COM8;Tx C-Msg;2450000122 Hz;;2.0 Mb/s BW 2.4 MHz;;;2021-04-13 18:00:17.030;;;Status:OK  Packet:880  AirTime:1 ms
146;COM8;Ack Timeout;2450000122 Hz;;2.0 Mb/s BW 2.4 MHz;;;2021-04-13 18:00:22.011;;;
147;COM8;Tx C-Msg;2450000122 Hz;;2.0 Mb/s BW 2.4 MHz;;;2021-04-13 18:00:23.041;;;Status:OK  Packet:881  AirTime:1 ms
148;COM8;Rx Ack-Msg;2450000122 Hz;;2.0 Mb/s BW 2.4 MHz;-64 dBm;0 dB;2021-04-13 18:00:22;10:1111;10:2222;
149;COM8;Tx C-Msg;2450000122 Hz;;2.0 Mb/s BW 2.4 MHz;;;2021-04-13 18:00:24.319;;;Status:OK  Packet:882  AirTime:1 ms
150;COM8;Rx Ack-Msg;2450000122 Hz;;2.0 Mb/s BW 2.4 MHz;-65 dBm;0 dB;2021-04-13 18:00:24;10:1111;10:2222;
151;COM8;Tx C-Msg;2450000122 Hz;;2.0 Mb/s BW 2.4 MHz;;;2021-04-13 18:00:26.732;;;Status:OK  Packet:883  AirTime:1 ms
152;COM8;Ack Timeout;2450000122 Hz;;2.0 Mb/s BW 2.4 MHz;;;2021-04-13 18:00:31.733;;;
153;COM8;Tx C-Msg;2450000122 Hz;;2.0 Mb/s BW 2.4 MHz;;;2021-04-13 18:00:31.754;;;Status:OK  Packet:884  AirTime:1 ms
154;COM8;Rx Ack-Msg;2450000122 Hz;;2.0 Mb/s BW 2.4 MHz;-57 dBm;0 dB;2021-04-13 18:00:31;10:1111;10:2222;
155;COM8;Tx C-Msg;2450000122 Hz;;2.0 Mb/s BW 2.4 MHz;;;2021-04-13 18:00:32.870;;;Status:OK  Packet:885  AirTime:1 ms
156;COM8;Ack Timeout;2450000122 Hz;;2.0 Mb/s BW 2.4 MHz;;;2021-04-13 18:00:37.868;;;
157;COM8;Tx C-Msg;2450000122 Hz;;2.0 Mb/s BW 2.4 MHz;;;2021-04-13 18:00:37.879;;;Status:OK  Packet:886  AirTime:1 ms
158;COM8;Rx Ack-Msg;2450000122 Hz;;2.0 Mb/s BW 2.4 MHz;-57 dBm;0 dB;2021-04-13 18:00:37;10:1111;10:2222;
159;COM8;Tx C-Msg;2450000122 Hz;;2.0 Mb/s BW 2.4 MHz;;;2021-04-13 18:00:39.678;;;Status:OK  Packet:887  AirTime:1 ms
160;COM8;Rx Ack-Msg;2450000122 Hz;;2.0 Mb/s BW 2.4 MHz;-57 dBm;0 dB;2021-04-13 18:00:39;10:1111;10:2222;
161;COM8;Tx C-Msg;2450000122 Hz;;2.0 Mb/s BW 2.4 MHz;;;2021-04-13 18:00:40.514;;;Status:OK  Packet:888  AirTime:1 ms
162;COM8;Rx Ack-Msg;2450000122 Hz;;2.0 Mb/s BW 2.4 MHz;-57 dBm;0 dB;2021-04-13 18:00:40;10:1111;10:2222;
163;COM8;Tx C-Msg;2450000122 Hz;;2.0 Mb/s BW 2.4 MHz;;;2021-04-13 18:00:41.390;;;Status:OK  Packet:889  AirTime:1 ms
164;COM8;Rx Ack-Msg;2450000122 Hz;;2.0 Mb/s BW 2.4 MHz;-57 dBm;0 dB;2021-04-13 18:00:41;10:1111;10:2222;
165;COM8;Tx C-Msg;2450000122 Hz;;2.0 Mb/s BW 2.4 MHz;;;2021-04-13 18:00:42.156;;;Status:OK  Packet:890  AirTime:1 ms
166;COM8;Rx Ack-Msg;2450000122 Hz;;2.0 Mb/s BW 2.4 MHz;-57 dBm;0 dB;2021-04-13 18:00:41;10:1111;10:2222;
167;COM8;Tx C-Msg;2450000122 Hz;;2.0 Mb/s BW 2.4 MHz;;;2021-04-13 18:00:42.877;;;Status:OK  Packet:891  AirTime:1 ms
168;COM8;Rx Ack-Msg;2450000122 Hz;;2.0 Mb/s BW 2.4 MHz;-57 dBm;0 dB;2021-04-13 18:00:42;10:1111;10:2222;
169;COM8;Tx C-Msg;2450000122 Hz;;2.0 Mb/s BW 2.4 MHz;;;2021-04-13 18:00:43.594;;;Status:OK  Packet:892  AirTime:1 ms
170;COM8;Rx Ack-Msg;2450000122 Hz;;2.0 Mb/s BW 2.4 MHz;-57 dBm;0 dB;2021-04-13 18:00:43;10:1111;10:2222;
171;COM8;Tx C-Msg;2450000122 Hz;;2.0 Mb/s BW 2.4 MHz;;;2021-04-13 18:00:44.266;;;Status:OK  Packet:893  AirTime:1 ms
172;COM8;Rx Ack-Msg;2450000122 Hz;;2.0 Mb/s BW 2.4 MHz;-57 dBm;0 dB;2021-04-13 18:00:44;10:1111;10:2222;
173;COM8;Tx C-Msg;2450000122 Hz;;2.0 Mb/s BW 2.4 MHz;;;2021-04-13 18:00:45.000;;;Status:OK  Packet:894  AirTime:1 ms
174;COM8;Rx Ack-Msg;2450000122 Hz;;2.0 Mb/s BW 2.4 MHz;-57 dBm;0 dB;2021-04-13 18:00:44;10:1111;10:2222;
175;COM8;Tx C-Msg;2450000122 Hz;;2.0 Mb/s BW 2.4 MHz;;;2021-04-13 18:00:45.721;;;Status:OK  Packet:895  AirTime:1 ms
176;COM8;Rx Ack-Msg;2450000122 Hz;;2.0 Mb/s BW 2.4 MHz;-57 dBm;0 dB;2021-04-13 18:00:45;10:1111;10:2222;
177;COM8;Tx C-Msg;2450000122 Hz;;2.0 Mb/s BW 2.4 MHz;;;2021-04-13 18:00:46.442;;;Status:OK  Packet:896  AirTime:1 ms
178;COM8;Rx Ack-Msg;2450000122 Hz;;2.0 Mb/s BW 2.4 MHz;-57 dBm;0 dB;2021-04-13 18:00:46;10:1111;10:2222;
179;COM8;Tx C-Msg;2450000122 Hz;;2.0 Mb/s BW 2.4 MHz;;;2021-04-13 18:00:47.158;;;Status:OK  Packet:897  AirTime:1 ms
180;COM8;Rx Ack-Msg;2450000122 Hz;;2.0 Mb/s BW 2.4 MHz;-57 dBm;0 dB;2021-04-13 18:00:46;10:1111;10:2222;
181;COM8;Tx C-Msg;2450000122 Hz;;2.0 Mb/s BW 2.4 MHz;;;2021-04-13 18:00:48.055;;;Status:OK  Packet:898  AirTime:1 ms
182;COM8;Rx Ack-Msg;2450000122 Hz;;2.0 Mb/s BW 2.4 MHz;-57 dBm;0 dB;2021-04-13 18:00:47;10:1111;10:2222;
183;COM8;Tx C-Msg;2450000122 Hz;;2.0 Mb/s BW 2.4 MHz;;;2021-04-13 18:00:48.853;;;Status:OK  Packet:899  AirTime:1 ms
184;COM8;Rx Ack-Msg;2450000122 Hz;;2.0 Mb/s BW 2.4 MHz;-57 dBm;0 dB;2021-04-13 18:00:48;10:1111;10:2222;
185;COM8;Tx C-Msg;2450000122 Hz;;2.0 Mb/s BW 2.4 MHz;;;2021-04-13 18:00:49.588;;;Status:OK  Packet:900  AirTime:1 ms
186;COM8;Rx Ack-Msg;2450000122 Hz;;2.0 Mb/s BW 2.4 MHz;-57 dBm;0 dB;2021-04-13 18:00:49;10:1111;10:2222;
187;COM8;Tx C-Msg;2450000122 Hz;;2.0 Mb/s BW 2.4 MHz;;;2021-04-13 18:00:50.388;;;Status:OK  Packet:901  AirTime:1 ms
188;COM8;Rx Ack-Msg;2450000122 Hz;;2.0 Mb/s BW 2.4 MHz;-57 dBm;0 dB;2021-04-13 18:00:50;10:1111;10:2222;
189;COM8;Tx C-Msg;2450000122 Hz;;2.0 Mb/s BW 2.4 MHz;;;2021-04-13 18:00:51.123;;;Status:OK  Packet:902  AirTime:1 ms
190;COM8;Rx Ack-Msg;2450000122 Hz;;2.0 Mb/s BW 2.4 MHz;-57 dBm;0 dB;2021-04-13 18:00:50;10:1111;10:2222;
191;COM8;Tx C-Msg;2450000122 Hz;;2.0 Mb/s BW 2.4 MHz;;;2021-04-13 18:00:51.955;;;Status:OK  Packet:903  AirTime:1 ms
192;COM8;Rx Ack-Msg;2450000122 Hz;;2.0 Mb/s BW 2.4 MHz;-57 dBm;0 dB;2021-04-13 18:00:51;10:1111;10:2222;
193;COM8;Tx C-Msg;2450000122 Hz;;2.0 Mb/s BW 2.4 MHz;;;2021-04-13 18:00:52.748;;;Status:OK  Packet:904  AirTime:1 ms
194;COM8;Rx Ack-Msg;2450000122 Hz;;2.0 Mb/s BW 2.4 MHz;-57 dBm;0 dB;2021-04-13 18:00:52;10:1111;10:2222;
195;COM8;Tx C-Msg;2450000122 Hz;;2.0 Mb/s BW 2.4 MHz;;;2021-04-13 18:00:53.546;;;Status:OK  Packet:905  AirTime:1 ms
196;COM8;Rx Ack-Msg;2450000122 Hz;;2.0 Mb/s BW 2.4 MHz;-57 dBm;0 dB;2021-04-13 18:00:53;10:1111;10:2222;
197;COM8;Tx C-Msg;2450000122 Hz;;2.0 Mb/s BW 2.4 MHz;;;2021-04-13 18:00:54.400;;;Status:OK  Packet:906  AirTime:1 ms
198;COM8;Rx Ack-Msg;2450000122 Hz;;2.0 Mb/s BW 2.4 MHz;-57 dBm;0 dB;2021-04-13 18:00:54;10:1111;10:2222;
199;COM8;Tx C-Msg;2450000122 Hz;;2.0 Mb/s BW 2.4 MHz;;;2021-04-13 18:00:55.201;;;Status:OK  Packet:907  AirTime:1 ms
200;COM8;Rx Ack-Msg;2450000122 Hz;;2.0 Mb/s BW 2.4 MHz;-57 dBm;0 dB;2021-04-13 18:00:54;10:1111;10:2222;
201;COM8;Tx C-Msg;2450000122 Hz;;2.0 Mb/s BW 2.4 MHz;;;2021-04-13 18:01:34.884;;;Status:OK  Packet:908  AirTime:1 ms
202;COM8;Rx Ack-Msg;2450000122 Hz;;2.0 Mb/s BW 2.4 MHz;-58 dBm;0 dB;2021-04-13 18:01:34;10:1111;10:2222;
203;COM8;Tx C-Msg;2450000122 Hz;;2.0 Mb/s BW 2.4 MHz;;;2021-04-13 18:01:35.734;;;Status:OK  Packet:909  AirTime:1 ms
204;COM8;Rx Ack-Msg;2450000122 Hz;;2.0 Mb/s BW 2.4 MHz;-57 dBm;0 dB;2021-04-13 18:01:35;10:1111;10:2222;
205;COM8;Tx C-Msg;2450000122 Hz;;2.0 Mb/s BW 2.4 MHz;;;2021-04-13 18:01:36.434;;;Status:OK  Packet:910  AirTime:1 ms
206;COM8;Rx Ack-Msg;2450000122 Hz;;2.0 Mb/s BW 2.4 MHz;-57 dBm;0 dB;2021-04-13 18:01:36;10:1111;10:2222;
207;COM8;Tx C-Msg;2450000122 Hz;;2.0 Mb/s BW 2.4 MHz;;;2021-04-13 18:01:37.299;;;Status:OK  Packet:911  AirTime:1 ms
208;COM8;Rx Ack-Msg;2450000122 Hz;;2.0 Mb/s BW 2.4 MHz;-57 dBm;0 dB;2021-04-13 18:01:37;10:1111;10:2222;
209;COM8;Tx C-Msg;2450000122 Hz;;2.0 Mb/s BW 2.4 MHz;;;2021-04-13 18:01:38.244;;;Status:OK  Packet:912  AirTime:1 ms
210;COM8;Rx Ack-Msg;2450000122 Hz;;2.0 Mb/s BW 2.4 MHz;-58 dBm;0 dB;2021-04-13 18:01:37;10:1111;10:2222;
211;COM8;Tx C-Msg;2450000122 Hz;;2.0 Mb/s BW 2.4 MHz;;;2021-04-13 18:01:39.010;;;Status:OK  Packet:913  AirTime:1 ms
212;COM8;Rx Ack-Msg;2450000122 Hz;;2.0 Mb/s BW 2.4 MHz;-59 dBm;0 dB;2021-04-13 18:01:38;10:1111;10:2222;
213;COM8;Tx C-Msg;2450000122 Hz;;2.0 Mb/s BW 2.4 MHz;;;2021-04-13 18:01:39.809;;;Status:OK  Packet:914  AirTime:1 ms
214;COM8;Rx Ack-Msg;2450000122 Hz;;2.0 Mb/s BW 2.4 MHz;-58 dBm;0 dB;2021-04-13 18:01:39;10:1111;10:2222;
215;COM8;Tx C-Msg;2450000122 Hz;;2.0 Mb/s BW 2.4 MHz;;;2021-04-13 18:01:40.555;;;Status:OK  Packet:915  AirTime:1 ms
216;COM8;Rx Ack-Msg;2450000122 Hz;;2.0 Mb/s BW 2.4 MHz;-61 dBm;0 dB;2021-04-13 18:01:40;10:1111;10:2222;
217;COM8;Tx C-Msg;2450000122 Hz;;2.0 Mb/s BW 2.4 MHz;;;2021-04-13 18:01:41.264;;;Status:OK  Packet:916  AirTime:1 ms
218;COM8;Rx Ack-Msg;2450000122 Hz;;2.0 Mb/s BW 2.4 MHz;-64 dBm;0 dB;2021-04-13 18:01:41;10:1111;10:2222;
219;COM8;Tx C-Msg;2450000122 Hz;;2.0 Mb/s BW 2.4 MHz;;;2021-04-13 18:01:41.934;;;Status:OK  Packet:917  AirTime:1 ms
220;COM8;Rx Ack-Msg;2450000122 Hz;;2.0 Mb/s BW 2.4 MHz;-66 dBm;0 dB;2021-04-13 18:01:41;10:1111;10:2222;
221;COM8;Tx C-Msg;2450000122 Hz;;2.0 Mb/s BW 2.4 MHz;;;2021-04-13 18:01:42.668;;;Status:OK  Packet:918  AirTime:1 ms
222;COM8;Rx Ack-Msg;2450000122 Hz;;2.0 Mb/s BW 2.4 MHz;-63 dBm;0 dB;2021-04-13 18:01:42;10:1111;10:2222;
223;COM8;Tx C-Msg;2450000122 Hz;;2.0 Mb/s BW 2.4 MHz;;;2021-04-13 18:01:43.562;;;Status:OK  Packet:919  AirTime:1 ms
224;COM8;Rx Ack-Msg;2450000122 Hz;;2.0 Mb/s BW 2.4 MHz;-59 dBm;0 dB;2021-04-13 18:01:43;10:1111;10:2222;
225;COM8;Tx C-Msg;2450000122 Hz;;2.0 Mb/s BW 2.4 MHz;;;2021-04-13 18:01:44.347;;;Status:OK  Packet:920  AirTime:1 ms
226;COM8;Rx Ack-Msg;2450000122 Hz;;2.0 Mb/s BW 2.4 MHz;-58 dBm;0 dB;2021-04-13 18:01:44;10:1111;10:2222;
227;COM8;Tx C-Msg;2450000122 Hz;;2.0 Mb/s BW 2.4 MHz;;;2021-04-13 18:01:45.148;;;Status:OK  Packet:921  AirTime:1 ms
228;COM8;Rx Ack-Msg;2450000122 Hz;;2.0 Mb/s BW 2.4 MHz;-58 dBm;0 dB;2021-04-13 18:01:44;10:1111;10:2222;
229;COM8;Tx C-Msg;2450000122 Hz;;2.0 Mb/s BW 2.4 MHz;;;2021-04-13 18:01:45.914;;;Status:OK  Packet:922  AirTime:1 ms
230;COM8;Rx Ack-Msg;2450000122 Hz;;2.0 Mb/s BW 2.4 MHz;-59 dBm;0 dB;2021-04-13 18:01:45;10:1111;10:2222;
231;COM8;Tx C-Msg;2450000122 Hz;;2.0 Mb/s BW 2.4 MHz;;;2021-04-13 18:01:46.650;;;Status:OK  Packet:923  AirTime:1 ms
232;COM8;Rx Ack-Msg;2450000122 Hz;;2.0 Mb/s BW 2.4 MHz;-59 dBm;0 dB;2021-04-13 18:01:46;10:1111;10:2222;
233;COM8;Tx C-Msg;2450000122 Hz;;2.0 Mb/s BW 2.4 MHz;;;2021-04-13 18:01:47.432;;;Status:OK  Packet:924  AirTime:1 ms
234;COM8;Ack Timeout;2450000122 Hz;;2.0 Mb/s BW 2.4 MHz;;;2021-04-13 18:01:52.435;;;
235;COM8;Tx C-Msg;2450000122 Hz;;2.0 Mb/s BW 2.4 MHz;;;2021-04-13 18:01:52.449;;;Status:OK  Packet:925  AirTime:1 ms
236;COM8;Rx Ack-Msg;2450000122 Hz;;2.0 Mb/s BW 2.4 MHz;-58 dBm;0 dB;2021-04-13 18:01:52;10:1111;10:2222;
237;COM8;Tx C-Msg;2450000122 Hz;;2.0 Mb/s BW 2.4 MHz;;;2021-04-13 18:01:53.537;;;Status:OK  Packet:926  AirTime:1 ms
238;COM8;Rx Ack-Msg;2450000122 Hz;;2.0 Mb/s BW 2.4 MHz;-58 dBm;0 dB;2021-04-13 18:01:53;10:1111;10:2222;
239;COM8;Tx C-Msg;2450000122 Hz;;2.0 Mb/s BW 2.4 MHz;;;2021-04-13 18:01:54.384;;;Status:OK  Packet:927  AirTime:1 ms
240;COM8;Rx Ack-Msg;2450000122 Hz;;2.0 Mb/s BW 2.4 MHz;-58 dBm;0 dB;2021-04-13 18:01:54;10:1111;10:2222;
241;COM8;Tx C-Msg;2450000122 Hz;;2.0 Mb/s BW 2.4 MHz;;;2021-04-13 18:01:55.230;;;Status:OK  Packet:928  AirTime:1 ms
242;COM8;Rx Ack-Msg;2450000122 Hz;;2.0 Mb/s BW 2.4 MHz;-57 dBm;0 dB;2021-04-13 18:01:54;10:1111;10:2222;
243;COM8;Tx C-Msg;2450000122 Hz;;2.0 Mb/s BW 2.4 MHz;;;2021-04-13 18:01:56.047;;;Status:OK  Packet:929  AirTime:1 ms
244;COM8;Rx Ack-Msg;2450000122 Hz;;2.0 Mb/s BW 2.4 MHz;-57 dBm;0 dB;2021-04-13 18:01:55;10:1111;10:2222;
245;COM8;Tx C-Msg;2450000122 Hz;;2.0 Mb/s BW 2.4 MHz;;;2021-04-13 18:01:56.865;;;Status:OK  Packet:930  AirTime:1 ms
246;COM8;Rx Ack-Msg;2450000122 Hz;;2.0 Mb/s BW 2.4 MHz;-57 dBm;0 dB;2021-04-13 18:01:56;10:1111;10:2222;
247;COM8;Tx C-Msg;2450000122 Hz;;2.0 Mb/s BW 2.4 MHz;;;2021-04-13 18:01:57.752;;;Status:OK  Packet:931  AirTime:1 ms
248;COM8;Rx Ack-Msg;2450000122 Hz;;2.0 Mb/s BW 2.4 MHz;-57 dBm;0 dB;2021-04-13 18:01:57;10:1111;10:2222;
249;COM8;Tx C-Msg;2450000122 Hz;;2.0 Mb/s BW 2.4 MHz;;;2021-04-13 18:01:58.559;;;Status:OK  Packet:932  AirTime:1 ms
250;COM8;Rx Ack-Msg;2450000122 Hz;;2.0 Mb/s BW 2.4 MHz;-57 dBm;0 dB;2021-04-13 18:01:58;10:1111;10:2222;
251;COM8;Tx C-Msg;2450000122 Hz;;2.0 Mb/s BW 2.4 MHz;;;2021-04-13 18:01:59.324;;;Status:OK  Packet:933  AirTime:1 ms
252;COM8;Rx Ack-Msg;2450000122 Hz;;2.0 Mb/s BW 2.4 MHz;-57 dBm;0 dB;2021-04-13 18:01:59;10:1111;10:2222;
253;COM8;Tx C-Msg;2450000122 Hz;;2.0 Mb/s BW 2.4 MHz;;;2021-04-13 18:02:00.299;;;Status:OK  Packet:934  AirTime:1 ms
254;COM8;Rx Ack-Msg;2450000122 Hz;;2.0 Mb/s BW 2.4 MHz;-57 dBm;0 dB;2021-04-13 18:02:00;10:1111;10:2222;
255;COM8;Tx C-Msg;2450000122 Hz;;2.0 Mb/s BW 2.4 MHz;;;2021-04-13 18:02:01.163;;;Status:OK  Packet:935  AirTime:1 ms
256;COM8;Rx Ack-Msg;2450000122 Hz;;2.0 Mb/s BW 2.4 MHz;-57 dBm;0 dB;2021-04-13 18:02:00;10:1111;10:2222;
257;COM8;Tx C-Msg;2450000122 Hz;;2.0 Mb/s BW 2.4 MHz;;;2021-04-13 18:02:02.041;;;Status:OK  Packet:936  AirTime:1 ms
258;COM8;Rx Ack-Msg;2450000122 Hz;;2.0 Mb/s BW 2.4 MHz;-57 dBm;0 dB;2021-04-13 18:02:01;10:1111;10:2222;
259;COM8;Tx C-Msg;2450000122 Hz;;2.0 Mb/s BW 2.4 MHz;;;2021-04-13 18:02:02.889;;;Status:OK  Packet:937  AirTime:1 ms
260;COM8;Rx Ack-Msg;2450000122 Hz;;2.0 Mb/s BW 2.4 MHz;-57 dBm;0 dB;2021-04-13 18:02:02;10:1111;10:2222;
261;COM8;Tx C-Msg;2450000122 Hz;;2.0 Mb/s BW 2.4 MHz;;;2021-04-13 18:02:03.734;;;Status:OK  Packet:938  AirTime:1 ms
262;COM8;Rx Ack-Msg;2450000122 Hz;;2.0 Mb/s BW 2.4 MHz;-57 dBm;0 dB;2021-04-13 18:02:03;10:1111;10:2222;
263;COM8;Tx C-Msg;2450000122 Hz;;2.0 Mb/s BW 2.4 MHz;;;2021-04-13 18:02:04.599;;;Status:OK  Packet:939  AirTime:1 ms
264;COM8;Rx Ack-Msg;2450000122 Hz;;2.0 Mb/s BW 2.4 MHz;-57 dBm;0 dB;2021-04-13 18:02:04;10:1111;10:2222;
265;COM8;Tx C-Msg;2450000122 Hz;;2.0 Mb/s BW 2.4 MHz;;;2021-04-13 18:02:05.392;;;Status:OK  Packet:940  AirTime:1 ms
266;COM8;Rx Ack-Msg;2450000122 Hz;;2.0 Mb/s BW 2.4 MHz;-58 dBm;0 dB;2021-04-13 18:02:05;10:1111;10:2222;
267;COM8;Tx C-Msg;2450000122 Hz;;2.0 Mb/s BW 2.4 MHz;;;2021-04-13 18:02:06.241;;;Status:OK  Packet:941  AirTime:1 ms
268;COM8;Rx Ack-Msg;2450000122 Hz;;2.0 Mb/s BW 2.4 MHz;-57 dBm;0 dB;2021-04-13 18:02:05;10:1111;10:2222;
269;COM8;Tx C-Msg;2450000122 Hz;;2.0 Mb/s BW 2.4 MHz;;;2021-04-13 18:02:07.140;;;Status:OK  Packet:942  AirTime:1 ms
270;COM8;Rx Ack-Msg;2450000122 Hz;;2.0 Mb/s BW 2.4 MHz;-57 dBm;0 dB;2021-04-13 18:02:06;10:1111;10:2222;
271;COM8;Tx C-Msg;2450000122 Hz;;2.0 Mb/s BW 2.4 MHz;;;2021-04-13 18:02:07.890;;;Status:OK  Packet:943  AirTime:1 ms
272;COM8;Rx Ack-Msg;2450000122 Hz;;2.0 Mb/s BW 2.4 MHz;-59 dBm;0 dB;2021-04-13 18:02:07;10:1111;10:2222;
273;COM8;Tx C-Msg;2450000122 Hz;;2.0 Mb/s BW 2.4 MHz;;;2021-04-13 18:02:08.691;;;Status:OK  Packet:944  AirTime:1 ms
274;COM8;Rx Ack-Msg;2450000122 Hz;;2.0 Mb/s BW 2.4 MHz;-59 dBm;0 dB;2021-04-13 18:02:08;10:1111;10:2222;
275;COM8;Tx C-Msg;2450000122 Hz;;2.0 Mb/s BW 2.4 MHz;;;2021-04-13 18:02:09.728;;;Status:OK  Packet:945  AirTime:1 ms
276;COM8;Rx Ack-Msg;2450000122 Hz;;2.0 Mb/s BW 2.4 MHz;-61 dBm;0 dB;2021-04-13 18:02:09;10:1111;10:2222;
277;COM8;Tx C-Msg;2450000122 Hz;;2.0 Mb/s BW 2.4 MHz;;;2021-04-13 18:02:10.556;;;Status:OK  Packet:946  AirTime:1 ms
278;COM8;Rx Ack-Msg;2450000122 Hz;;2.0 Mb/s BW 2.4 MHz;-62 dBm;0 dB;2021-04-13 18:02:10;10:1111;10:2222;
279;COM8;Tx C-Msg;2450000122 Hz;;2.0 Mb/s BW 2.4 MHz;;;2021-04-13 18:02:11.377;;;Status:OK  Packet:947  AirTime:1 ms
280;COM8;Rx Ack-Msg;2450000122 Hz;;2.0 Mb/s BW 2.4 MHz;-62 dBm;0 dB;2021-04-13 18:02:11;10:1111;10:2222;
281;COM8;Tx C-Msg;2450000122 Hz;;2.0 Mb/s BW 2.4 MHz;;;2021-04-13 18:02:12.173;;;Status:OK  Packet:948  AirTime:1 ms
282;COM8;Rx Ack-Msg;2450000122 Hz;;2.0 Mb/s BW 2.4 MHz;-62 dBm;0 dB;2021-04-13 18:02:11;10:1111;10:2222;
283;COM8;Tx C-Msg;2450000122 Hz;;2.0 Mb/s BW 2.4 MHz;;;2021-04-13 18:02:13.054;;;Status:OK  Packet:949  AirTime:1 ms
284;COM8;Rx Ack-Msg;2450000122 Hz;;2.0 Mb/s BW 2.4 MHz;-61 dBm;0 dB;2021-04-13 18:02:12;10:1111;10:2222;
285;COM8;Tx C-Msg;2450000122 Hz;;2.0 Mb/s BW 2.4 MHz;;;2021-04-13 18:02:13.867;;;Status:OK  Packet:950  AirTime:1 ms
286;COM8;Rx Ack-Msg;2450000122 Hz;;2.0 Mb/s BW 2.4 MHz;-62 dBm;0 dB;2021-04-13 18:02:13;10:1111;10:2222;
287;COM8;Tx C-Msg;2450000122 Hz;;2.0 Mb/s BW 2.4 MHz;;;2021-04-13 18:02:14.742;;;Status:OK  Packet:951  AirTime:1 ms
288;COM8;Rx Ack-Msg;2450000122 Hz;;2.0 Mb/s BW 2.4 MHz;-62 dBm;0 dB;2021-04-13 18:02:14;10:1111;10:2222;
289;COM8;Tx C-Msg;2450000122 Hz;;2.0 Mb/s BW 2.4 MHz;;;2021-04-13 18:02:15.772;;;Status:OK  Packet:952  AirTime:1 ms
290;COM8;Rx Ack-Msg;2450000122 Hz;;2.0 Mb/s BW 2.4 MHz;-62 dBm;0 dB;2021-04-13 18:02:15;10:1111;10:2222;
291;COM8;Tx C-Msg;2450000122 Hz;;2.0 Mb/s BW 2.4 MHz;;;2021-04-13 18:02:16.554;;;Status:OK  Packet:953  AirTime:1 ms
292;COM8;Rx Ack-Msg;2450000122 Hz;;2.0 Mb/s BW 2.4 MHz;-62 dBm;0 dB;2021-04-13 18:02:16;10:1111;10:2222;
293;COM8;Tx C-Msg;2450000122 Hz;;2.0 Mb/s BW 2.4 MHz;;;2021-04-13 18:02:17.370;;;Status:OK  Packet:954  AirTime:1 ms
294;COM8;Rx Ack-Msg;2450000122 Hz;;2.0 Mb/s BW 2.4 MHz;-63 dBm;0 dB;2021-04-13 18:02:17;10:1111;10:2222;
295;COM8;Tx C-Msg;2450000122 Hz;;2.0 Mb/s BW 2.4 MHz;;;2021-04-13 18:02:18.326;;;Status:OK  Packet:955  AirTime:1 ms
296;COM8;Rx Ack-Msg;2450000122 Hz;;2.0 Mb/s BW 2.4 MHz;-63 dBm;0 dB;2021-04-13 18:02:18;10:1111;10:2222;
297;COM8;Tx C-Msg;2450000122 Hz;;2.0 Mb/s BW 2.4 MHz;;;2021-04-13 18:02:19.094;;;Status:OK  Packet:956  AirTime:1 ms
298;COM8;Rx Ack-Msg;2450000122 Hz;;2.0 Mb/s BW 2.4 MHz;-62 dBm;0 dB;2021-04-13 18:02:18;10:1111;10:2222;
299;COM8;Tx C-Msg;2450000122 Hz;;2.0 Mb/s BW 2.4 MHz;;;2021-04-13 18:02:20.277;;;Status:OK  Packet:957  AirTime:1 ms
300;COM8;Rx Ack-Msg;2450000122 Hz;;2.0 Mb/s BW 2.4 MHz;-61 dBm;0 dB;2021-04-13 18:02:20;10:1111;10:2222;
301;COM8;Tx C-Msg;2450000122 Hz;;2.0 Mb/s BW 2.4 MHz;;;2021-04-13 18:02:45.756;;;Status:OK  Packet:958  AirTime:1 ms
302;COM8;Rx Ack-Msg;2450000122 Hz;;2.0 Mb/s BW 2.4 MHz;-57 dBm;0 dB;2021-04-13 18:02:45;10:1111;10:2222;
303;COM8;Tx C-Msg;2450000122 Hz;;2.0 Mb/s BW 2.4 MHz;;;2021-04-13 18:02:46.505;;;Status:OK  Packet:959  AirTime:1 ms
304;COM8;Rx Ack-Msg;2450000122 Hz;;2.0 Mb/s BW 2.4 MHz;-57 dBm;0 dB;2021-04-13 18:02:46;10:1111;10:2222;
305;COM8;Tx C-Msg;2450000122 Hz;;2.0 Mb/s BW 2.4 MHz;;;2021-04-13 18:02:47.638;;;Status:OK  Packet:960  AirTime:1 ms
306;COM8;Rx Ack-Msg;2450000122 Hz;;2.0 Mb/s BW 2.4 MHz;-57 dBm;0 dB;2021-04-13 18:02:47;10:1111;10:2222;
307;COM8;Tx C-Msg;2450000122 Hz;;2.0 Mb/s BW 2.4 MHz;;;2021-04-13 18:03:01.498;;;Status:OK  Packet:961  AirTime:1 ms
308;COM8;Ack Timeout;2450000122 Hz;;2.0 Mb/s BW 2.4 MHz;;;2021-04-13 18:03:06.497;;;
309;COM8;Tx C-Msg;2450000122 Hz;;2.0 Mb/s BW 2.4 MHz;;;2021-04-13 18:03:06.511;;;Status:OK  Packet:962  AirTime:1 ms
310;COM8;Rx Ack-Msg;2450000122 Hz;;2.0 Mb/s BW 2.4 MHz;-57 dBm;0 dB;2021-04-13 18:03:06;10:1111;10:2222;
311;COM8;Tx C-Msg;2450000122 Hz;;2.0 Mb/s BW 2.4 MHz;;;2021-04-13 18:03:06.789;;;Status:OK  Packet:963  AirTime:1 ms
312;COM8;Rx Ack-Msg;2450000122 Hz;;2.0 Mb/s BW 2.4 MHz;-51 dBm;0 dB;2021-04-13 18:03:06;10:1111;10:2222;
313;COM8;Tx C-Msg;2450000122 Hz;;2.0 Mb/s BW 2.4 MHz;;;2021-04-13 18:03:07.778;;;Status:OK  Packet:964  AirTime:1 ms
314;COM8;Ack Timeout;2450000122 Hz;;2.0 Mb/s BW 2.4 MHz;;;2021-04-13 18:03:12.761;;;
315;COM8;Tx C-Msg;2450000122 Hz;;2.0 Mb/s BW 2.4 MHz;;;2021-04-13 18:03:12.772;;;Status:OK  Packet:965  AirTime:1 ms
316;COM8;Rx Ack-Msg;2450000122 Hz;;2.0 Mb/s BW 2.4 MHz;-57 dBm;0 dB;2021-04-13 18:03:12;10:1111;10:2222;
317;COM8;Tx C-Msg;2450000122 Hz;;2.0 Mb/s BW 2.4 MHz;;;2021-04-13 18:03:13.357;;;Status:OK  Packet:966  AirTime:1 ms
318;COM8;Ack Timeout;2450000122 Hz;;2.0 Mb/s BW 2.4 MHz;;;2021-04-13 18:03:18.355;;;
319;COM8;Tx C-Msg;2450000122 Hz;;2.0 Mb/s BW 2.4 MHz;;;2021-04-13 18:03:18.370;;;Status:OK  Packet:967  AirTime:1 ms
320;COM8;Rx Ack-Msg;2450000122 Hz;;2.0 Mb/s BW 2.4 MHz;-51 dBm;0 dB;2021-04-13 18:03:18;10:1111;10:2222;
321;COM8;Tx C-Msg;2450000122 Hz;;2.0 Mb/s BW 2.4 MHz;;;2021-04-13 18:03:19.464;;;Status:OK  Packet:968  AirTime:1 ms
322;COM8;Rx Ack-Msg;2450000122 Hz;;2.0 Mb/s BW 2.4 MHz;-50 dBm;0 dB;2021-04-13 18:03:19;10:1111;10:2222;
323;COM8;Tx C-Msg;2450000122 Hz;;2.0 Mb/s BW 2.4 MHz;;;2021-04-13 18:03:20.470;;;Status:OK  Packet:969  AirTime:1 ms
324;COM8;Rx Ack-Msg;2450000122 Hz;;2.0 Mb/s BW 2.4 MHz;-57 dBm;0 dB;2021-04-13 18:03:20;10:1111;10:2222;
325;COM8;Tx C-Msg;2450000122 Hz;;2.0 Mb/s BW 2.4 MHz;;;2021-04-13 18:03:21.303;;;Status:OK  Packet:970  AirTime:1 ms
326;COM8;Rx Ack-Msg;2450000122 Hz;;2.0 Mb/s BW 2.4 MHz;-51 dBm;0 dB;2021-04-13 18:03:21;10:1111;10:2222;
327;COM8;Tx C-Msg;2450000122 Hz;;2.0 Mb/s BW 2.4 MHz;;;2021-04-13 18:03:22.196;;;Status:OK  Packet:971  AirTime:1 ms
328;COM8;Rx Ack-Msg;2450000122 Hz;;2.0 Mb/s BW 2.4 MHz;-57 dBm;0 dB;2021-04-13 18:03:21;10:1111;10:2222;
329;COM8;Tx C-Msg;2450000122 Hz;;2.0 Mb/s BW 2.4 MHz;;;2021-04-13 18:03:23.029;;;Status:OK  Packet:972  AirTime:1 ms
330;COM8;Rx Ack-Msg;2450000122 Hz;;2.0 Mb/s BW 2.4 MHz;-57 dBm;0 dB;2021-04-13 18:03:22;10:1111;10:2222;
331;COM8;Tx C-Msg;2450000122 Hz;;2.0 Mb/s BW 2.4 MHz;;;2021-04-13 18:03:23.970;;;Status:OK  Packet:973  AirTime:1 ms
332;COM8;Rx Ack-Msg;2450000122 Hz;;2.0 Mb/s BW 2.4 MHz;-57 dBm;0 dB;2021-04-13 18:03:23;10:1111;10:2222;
333;COM8;Tx C-Msg;2450000122 Hz;;2.0 Mb/s BW 2.4 MHz;;;2021-04-13 18:03:24.808;;;Status:OK  Packet:974  AirTime:1 ms
334;COM8;Rx Ack-Msg;2450000122 Hz;;2.0 Mb/s BW 2.4 MHz;-57 dBm;0 dB;2021-04-13 18:03:24;10:1111;10:2222;
335;COM8;Tx C-Msg;2450000122 Hz;;2.0 Mb/s BW 2.4 MHz;;;2021-04-13 18:03:25.681;;;Status:OK  Packet:975  AirTime:1 ms
336;COM8;Rx Ack-Msg;2450000122 Hz;;2.0 Mb/s BW 2.4 MHz;-57 dBm;0 dB;2021-04-13 18:03:25;10:1111;10:2222;
337;COM8;Tx C-Msg;2450000122 Hz;;2.0 Mb/s BW 2.4 MHz;;;2021-04-13 18:03:26.625;;;Status:OK  Packet:976  AirTime:1 ms
338;COM8;Rx Ack-Msg;2450000122 Hz;;2.0 Mb/s BW 2.4 MHz;-48 dBm;0 dB;2021-04-13 18:03:26;10:1111;10:2222;
339;COM8;Tx C-Msg;2450000122 Hz;;2.0 Mb/s BW 2.4 MHz;;;2021-04-13 18:03:27.566;;;Status:OK  Packet:977  AirTime:1 ms
340;COM8;Ack Timeout;2450000122 Hz;;2.0 Mb/s BW 2.4 MHz;;;2021-04-13 18:03:32.568;;;
341;COM8;Tx C-Msg;2450000122 Hz;;2.0 Mb/s BW 2.4 MHz;;;2021-04-13 18:03:32.583;;;Status:OK  Packet:978  AirTime:1 ms
342;COM8;Rx Ack-Msg;2450000122 Hz;;2.0 Mb/s BW 2.4 MHz;-57 dBm;0 dB;2021-04-13 18:03:32;10:1111;10:2222;
343;COM8;Tx C-Msg;2450000122 Hz;;2.0 Mb/s BW 2.4 MHz;;;2021-04-13 18:03:32.616;;;Status:OK  Packet:979  AirTime:1 ms
344;COM8;Rx Ack-Msg;2450000122 Hz;;2.0 Mb/s BW 2.4 MHz;-57 dBm;0 dB;2021-04-13 18:03:32;10:1111;10:2222;
345;COM8;Tx C-Msg;2450000122 Hz;;2.0 Mb/s BW 2.4 MHz;;;2021-04-13 18:03:33.913;;;Status:OK  Packet:980  AirTime:1 ms
346;COM8;Rx Ack-Msg;2450000122 Hz;;2.0 Mb/s BW 2.4 MHz;-57 dBm;0 dB;2021-04-13 18:03:33;10:1111;10:2222;
347;COM8;Tx C-Msg;2450000122 Hz;;2.0 Mb/s BW 2.4 MHz;;;2021-04-13 18:03:34.968;;;Status:OK  Packet:981  AirTime:1 ms
348;COM8;Ack Timeout;2450000122 Hz;;2.0 Mb/s BW 2.4 MHz;;;2021-04-13 18:03:39.968;;;
349;COM8;Tx C-Msg;2450000122 Hz;;2.0 Mb/s BW 2.4 MHz;;;2021-04-13 18:03:41.088;;;Status:OK  Packet:982  AirTime:1 ms
350;COM8;Rx Ack-Msg;2450000122 Hz;;2.0 Mb/s BW 2.4 MHz;-57 dBm;0 dB;2021-04-13 18:03:40;10:1111;10:2222;
351;COM8;Tx C-Msg;2450000122 Hz;;2.0 Mb/s BW 2.4 MHz;;;2021-04-13 18:03:42.094;;;Status:OK  Packet:983  AirTime:1 ms
352;COM8;Rx Ack-Msg;2450000122 Hz;;2.0 Mb/s BW 2.4 MHz;-59 dBm;0 dB;2021-04-13 18:03:41;10:1111;10:2222;
353;COM8;Tx C-Msg;2450000122 Hz;;2.0 Mb/s BW 2.4 MHz;;;2021-04-13 18:03:42.991;;;Status:OK  Packet:984  AirTime:1 ms
354;COM8;Rx Ack-Msg;2450000122 Hz;;2.0 Mb/s BW 2.4 MHz;-57 dBm;0 dB;2021-04-13 18:03:42;10:1111;10:2222;
355;COM8;Tx C-Msg;2450000122 Hz;;2.0 Mb/s BW 2.4 MHz;;;2021-04-13 18:03:43.838;;;Status:OK  Packet:985  AirTime:1 ms
356;COM8;Rx Ack-Msg;2450000122 Hz;;2.0 Mb/s BW 2.4 MHz;-51 dBm;0 dB;2021-04-13 18:03:43;10:1111;10:2222;
357;COM8;Tx C-Msg;2450000122 Hz;;2.0 Mb/s BW 2.4 MHz;;;2021-04-13 18:03:44.747;;;Status:OK  Packet:986  AirTime:1 ms
358;COM8;Rx Ack-Msg;2450000122 Hz;;2.0 Mb/s BW 2.4 MHz;-49 dBm;0 dB;2021-04-13 18:03:44;10:1111;10:2222;
359;COM8;Tx C-Msg;2450000122 Hz;;2.0 Mb/s BW 2.4 MHz;;;2021-04-13 18:03:45.643;;;Status:OK  Packet:987  AirTime:1 ms
360;COM8;Rx Ack-Msg;2450000122 Hz;;2.0 Mb/s BW 2.4 MHz;-49 dBm;0 dB;2021-04-13 18:03:45;10:1111;10:2222;
361;COM8;Tx C-Msg;2450000122 Hz;;2.0 Mb/s BW 2.4 MHz;;;2021-04-13 18:03:46.540;;;Status:OK  Packet:988  AirTime:1 ms
362;COM8;Ack Timeout;2450000122 Hz;;2.0 Mb/s BW 2.4 MHz;;;2021-04-13 18:03:51.540;;;
363;COM8;Tx C-Msg;2450000122 Hz;;2.0 Mb/s BW 2.4 MHz;;;2021-04-13 18:03:53.236;;;Status:OK  Packet:989  AirTime:1 ms
364;COM8;Rx Ack-Msg;2450000122 Hz;;2.0 Mb/s BW 2.4 MHz;-50 dBm;0 dB;2021-04-13 18:03:52;10:1111;10:2222;
365;COM8;Tx C-Msg;2450000122 Hz;;2.0 Mb/s BW 2.4 MHz;;;2021-04-13 18:03:54.339;;;Status:OK  Packet:990  AirTime:1 ms
366;COM8;Ack Timeout;2450000122 Hz;;2.0 Mb/s BW 2.4 MHz;;;2021-04-13 18:03:59.324;;;
367;COM8;Tx C-Msg;2450000122 Hz;;2.0 Mb/s BW 2.4 MHz;;;2021-04-13 18:04:00.443;;;Status:OK  Packet:991  AirTime:1 ms
368;COM8;Ack Timeout;2450000122 Hz;;2.0 Mb/s BW 2.4 MHz;;;2021-04-13 18:04:05.443;;;
369;COM8;Tx C-Msg;2450000122 Hz;;2.0 Mb/s BW 2.4 MHz;;;2021-04-13 18:04:05.456;;;Status:OK  Packet:992  AirTime:1 ms
370;COM8;Rx Ack-Msg;2450000122 Hz;;2.0 Mb/s BW 2.4 MHz;-50 dBm;0 dB;2021-04-13 18:04:05;10:1111;10:2222;
371;COM8;Tx C-Msg;2450000122 Hz;;2.0 Mb/s BW 2.4 MHz;;;2021-04-13 18:04:06.496;;;Status:OK  Packet:993  AirTime:1 ms
372;COM8;Rx Ack-Msg;2450000122 Hz;;2.0 Mb/s BW 2.4 MHz;-57 dBm;0 dB;2021-04-13 18:04:06;10:1111;10:2222;
373;COM8;Tx C-Msg;2450000122 Hz;;2.0 Mb/s BW 2.4 MHz;;;2021-04-13 18:04:07.685;;;Status:OK  Packet:994  AirTime:1 ms
374;COM8;Ack Timeout;2450000122 Hz;;2.0 Mb/s BW 2.4 MHz;;;2021-04-13 18:04:12.683;;;
375;COM8;Tx C-Msg;2450000122 Hz;;2.0 Mb/s BW 2.4 MHz;;;2021-04-13 18:04:12.696;;;Status:OK  Packet:995  AirTime:1 ms
376;COM8;Rx Ack-Msg;2450000122 Hz;;2.0 Mb/s BW 2.4 MHz;-57 dBm;0 dB;2021-04-13 18:04:12;10:1111;10:2222;
377;COM8;Tx C-Msg;2450000122 Hz;;2.0 Mb/s BW 2.4 MHz;;;2021-04-13 18:04:13.809;;;Status:OK  Packet:996  AirTime:1 ms
378;COM8;Rx Ack-Msg;2450000122 Hz;;2.0 Mb/s BW 2.4 MHz;-57 dBm;0 dB;2021-04-13 18:04:13;10:1111;10:2222;
379;COM8;Tx C-Msg;2450000122 Hz;;2.0 Mb/s BW 2.4 MHz;;;2021-04-13 18:04:14.749;;;Status:OK  Packet:997  AirTime:1 ms
380;COM8;Rx Ack-Msg;2450000122 Hz;;2.0 Mb/s BW 2.4 MHz;-57 dBm;0 dB;2021-04-13 18:04:14;10:1111;10:2222;
381;COM8;Tx C-Msg;2450000122 Hz;;2.0 Mb/s BW 2.4 MHz;;;2021-04-13 18:04:15.580;;;Status:OK  Packet:998  AirTime:1 ms
382;COM8;Ack Timeout;2450000122 Hz;;2.0 Mb/s BW 2.4 MHz;;;2021-04-13 18:04:20.579;;;
383;COM8;Tx C-Msg;2450000122 Hz;;2.0 Mb/s BW 2.4 MHz;;;2021-04-13 18:04:20.594;;;Status:OK  Packet:999  AirTime:1 ms
384;COM8;Rx Ack-Msg;2450000122 Hz;;2.0 Mb/s BW 2.4 MHz;-57 dBm;0 dB;2021-04-13 18:04:20;10:1111;10:2222;
385;COM8;Tx C-Msg;2450000122 Hz;;2.0 Mb/s BW 2.4 MHz;;;2021-04-13 18:04:21.552;;;Status:OK  Packet:1000  AirTime:1 ms
386;COM8;Rx Ack-Msg;2450000122 Hz;;2.0 Mb/s BW 2.4 MHz;-50 dBm;0 dB;2021-04-13 18:04:21;10:1111;10:2222;
387;COM8;Tx C-Msg;2450000122 Hz;;2.0 Mb/s BW 2.4 MHz;;;2021-04-13 18:04:22.598;;;Status:OK  Packet:1001  AirTime:1 ms
388;COM8;Rx Ack-Msg;2450000122 Hz;;2.0 Mb/s BW 2.4 MHz;-57 dBm;0 dB;2021-04-13 18:04:22;10:1111;10:2222;
389;COM8;Tx C-Msg;2450000122 Hz;;2.0 Mb/s BW 2.4 MHz;;;2021-04-13 18:04:23.526;;;Status:OK  Packet:1002  AirTime:1 ms
390;COM8;Rx Ack-Msg;2450000122 Hz;;2.0 Mb/s BW 2.4 MHz;-57 dBm;0 dB;2021-04-13 18:04:23;10:1111;10:2222;
391;COM8;Tx C-Msg;2450000122 Hz;;2.0 Mb/s BW 2.4 MHz;;;2021-04-13 18:04:24.388;;;Status:OK  Packet:1003  AirTime:1 ms
392;COM8;Rx Ack-Msg;2450000122 Hz;;2.0 Mb/s BW 2.4 MHz;-57 dBm;0 dB;2021-04-13 18:04:24;10:1111;10:2222;
393;COM8;Tx C-Msg;2450000122 Hz;;2.0 Mb/s BW 2.4 MHz;;;2021-04-13 18:04:25.251;;;Status:OK  Packet:1004  AirTime:1 ms
394;COM8;Rx Ack-Msg;2450000122 Hz;;2.0 Mb/s BW 2.4 MHz;-49 dBm;0 dB;2021-04-13 18:04:25;10:1111;10:2222;
395;COM8;Tx C-Msg;2450000122 Hz;;2.0 Mb/s BW 2.4 MHz;;;2021-04-13 18:04:26.306;;;Status:OK  Packet:1005  AirTime:1 ms
396;COM8;Rx Ack-Msg;2450000122 Hz;;2.0 Mb/s BW 2.4 MHz;-50 dBm;0 dB;2021-04-13 18:04:26;10:1111;10:2222;
397;COM8;Tx C-Msg;2450000122 Hz;;2.0 Mb/s BW 2.4 MHz;;;2021-04-13 18:04:27.329;;;Status:OK  Packet:1006  AirTime:1 ms
398;COM8;Rx Ack-Msg;2450000122 Hz;;2.0 Mb/s BW 2.4 MHz;-50 dBm;0 dB;2021-04-13 18:04:27;10:1111;10:2222;
399;COM8;Tx C-Msg;2450000122 Hz;;2.0 Mb/s BW 2.4 MHz;;;2021-04-13 18:04:28.190;;;Status:OK  Packet:1007  AirTime:1 ms
400;COM8;Rx Ack-Msg;2450000122 Hz;;2.0 Mb/s BW 2.4 MHz;-50 dBm;0 dB;2021-04-13 18:04:27;10:1111;10:2222;
