No.;Port;Event;Frequency;SF / Datarate;Bandwidth;RSSI;SNR;Time;Dst Address;Src Address;Message Payload 
1;COM8;Tx C-Msg;2450000122 Hz;;2.0 Mb/s BW 2.4 MHz;;;2021-04-13 18:06:35.548;;;Status:OK  Packet:1008  AirTime:1 ms
2;COM8;Ack Timeout;2450000122 Hz;;2.0 Mb/s BW 2.4 MHz;;;2021-04-13 18:06:40.546;;;
3;COM8;Tx C-Msg;2450000122 Hz;;2.0 Mb/s BW 2.4 MHz;;;2021-04-13 18:06:42.834;;;Status:OK  Packet:1009  AirTime:1 ms
4;COM8;Rx Ack-Msg;2450000122 Hz;;2.0 Mb/s BW 2.4 MHz;-57 dBm;0 dB;2021-04-13 18:06:42;10:1111;10:2222;
5;COM8;Tx C-Msg;2450000122 Hz;;2.0 Mb/s BW 2.4 MHz;;;2021-04-13 18:06:46.123;;;Status:OK  Packet:1010  AirTime:1 ms
6;COM8;Rx Ack-Msg;2450000122 Hz;;2.0 Mb/s BW 2.4 MHz;-57 dBm;0 dB;2021-04-13 18:06:45;10:1111;10:2222;
7;COM8;Tx C-Msg;2450000122 Hz;;2.0 Mb/s BW 2.4 MHz;;;2021-04-13 18:06:47.214;;;Status:OK  Packet:1011  AirTime:1 ms
8;COM8;Rx Ack-Msg;2450000122 Hz;;2.0 Mb/s BW 2.4 MHz;-57 dBm;0 dB;2021-04-13 18:06:46;10:1111;10:2222;
9;COM8;Tx C-Msg;2450000122 Hz;;2.0 Mb/s BW 2.4 MHz;;;2021-04-13 18:06:48.029;;;Status:OK  Packet:1012  AirTime:1 ms
10;COM8;Rx Ack-Msg;2450000122 Hz;;2.0 Mb/s BW 2.4 MHz;-57 dBm;0 dB;2021-04-13 18:06:47;10:1111;10:2222;
11;COM8;Tx C-Msg;2450000122 Hz;;2.0 Mb/s BW 2.4 MHz;;;2021-04-13 18:06:48.795;;;Status:OK  Packet:1013  AirTime:1 ms
12;COM8;Rx Ack-Msg;2450000122 Hz;;2.0 Mb/s BW 2.4 MHz;-57 dBm;0 dB;2021-04-13 18:06:48;10:1111;10:2222;
13;COM8;Tx C-Msg;2450000122 Hz;;2.0 Mb/s BW 2.4 MHz;;;2021-04-13 18:06:49.515;;;Status:OK  Packet:1014  AirTime:1 ms
14;COM8;Rx Ack-Msg;2450000122 Hz;;2.0 Mb/s BW 2.4 MHz;-55 dBm;0 dB;2021-04-13 18:06:49;10:1111;10:2222;
15;COM8;Tx C-Msg;2450000122 Hz;;2.0 Mb/s BW 2.4 MHz;;;2021-04-13 18:06:50.249;;;Status:OK  Packet:1015  AirTime:1 ms
16;COM8;Rx Ack-Msg;2450000122 Hz;;2.0 Mb/s BW 2.4 MHz;-57 dBm;0 dB;2021-04-13 18:06:49;10:1111;10:2222;
17;COM8;Tx C-Msg;2450000122 Hz;;2.0 Mb/s BW 2.4 MHz;;;2021-04-13 18:06:50.954;;;Status:OK  Packet:1016  AirTime:1 ms
18;COM8;Rx Ack-Msg;2450000122 Hz;;2.0 Mb/s BW 2.4 MHz;-57 dBm;0 dB;2021-04-13 18:06:50;10:1111;10:2222;
19;COM8;Tx C-Msg;2450000122 Hz;;2.0 Mb/s BW 2.4 MHz;;;2021-04-13 18:06:51.675;;;Status:OK  Packet:1017  AirTime:1 ms
20;COM8;Rx Ack-Msg;2450000122 Hz;;2.0 Mb/s BW 2.4 MHz;-57 dBm;0 dB;2021-04-13 18:06:51;10:1111;10:2222;
21;COM8;Tx C-Msg;2450000122 Hz;;2.0 Mb/s BW 2.4 MHz;;;2021-04-13 18:06:52.441;;;Status:OK  Packet:1018  AirTime:1 ms
22;COM8;Rx Ack-Msg;2450000122 Hz;;2.0 Mb/s BW 2.4 MHz;-57 dBm;0 dB;2021-04-13 18:06:52;10:1111;10:2222;
23;COM8;Tx C-Msg;2450000122 Hz;;2.0 Mb/s BW 2.4 MHz;;;2021-04-13 18:06:53.194;;;Status:OK  Packet:1019  AirTime:1 ms
24;COM8;Rx Ack-Msg;2450000122 Hz;;2.0 Mb/s BW 2.4 MHz;-57 dBm;0 dB;2021-04-13 18:06:52;10:1111;10:2222;
25;COM8;Tx C-Msg;2450000122 Hz;;2.0 Mb/s BW 2.4 MHz;;;2021-04-13 18:06:53.850;;;Status:OK  Packet:1020  AirTime:1 ms
26;COM8;Rx Ack-Msg;2450000122 Hz;;2.0 Mb/s BW 2.4 MHz;-57 dBm;0 dB;2021-04-13 18:06:53;10:1111;10:2222;
27;COM8;Tx C-Msg;2450000122 Hz;;2.0 Mb/s BW 2.4 MHz;;;2021-04-13 18:06:54.516;;;Status:OK  Packet:1021  AirTime:1 ms
28;COM8;Rx Ack-Msg;2450000122 Hz;;2.0 Mb/s BW 2.4 MHz;-57 dBm;0 dB;2021-04-13 18:06:54;10:1111;10:2222;
29;COM8;Tx C-Msg;2450000122 Hz;;2.0 Mb/s BW 2.4 MHz;;;2021-04-13 18:06:55.091;;;Status:OK  Packet:1022  AirTime:1 ms
30;COM8;Rx Ack-Msg;2450000122 Hz;;2.0 Mb/s BW 2.4 MHz;-57 dBm;0 dB;2021-04-13 18:06:54;10:1111;10:2222;
31;COM8;Tx C-Msg;2450000122 Hz;;2.0 Mb/s BW 2.4 MHz;;;2021-04-13 18:06:55.718;;;Status:OK  Packet:1023  AirTime:1 ms
32;COM8;Rx Ack-Msg;2450000122 Hz;;2.0 Mb/s BW 2.4 MHz;-57 dBm;0 dB;2021-04-13 18:06:55;10:1111;10:2222;
33;COM8;Tx C-Msg;2450000122 Hz;;2.0 Mb/s BW 2.4 MHz;;;2021-04-13 18:06:56.294;;;Status:OK  Packet:1024  AirTime:1 ms
34;COM8;Rx Ack-Msg;2450000122 Hz;;2.0 Mb/s BW 2.4 MHz;-57 dBm;0 dB;2021-04-13 18:06:56;10:1111;10:2222;
35;COM8;Tx C-Msg;2450000122 Hz;;2.0 Mb/s BW 2.4 MHz;;;2021-04-13 18:06:56.871;;;Status:OK  Packet:1025  AirTime:1 ms
36;COM8;Rx Ack-Msg;2450000122 Hz;;2.0 Mb/s BW 2.4 MHz;-57 dBm;0 dB;2021-04-13 18:06:56;10:1111;10:2222;
37;COM8;Tx C-Msg;2450000122 Hz;;2.0 Mb/s BW 2.4 MHz;;;2021-04-13 18:06:57.524;;;Status:OK  Packet:1026  AirTime:1 ms
38;COM8;Rx Ack-Msg;2450000122 Hz;;2.0 Mb/s BW 2.4 MHz;-57 dBm;0 dB;2021-04-13 18:06:57;10:1111;10:2222;
39;COM8;Tx C-Msg;2450000122 Hz;;2.0 Mb/s BW 2.4 MHz;;;2021-04-13 18:06:58.212;;;Status:OK  Packet:1027  AirTime:1 ms
40;COM8;Rx Ack-Msg;2450000122 Hz;;2.0 Mb/s BW 2.4 MHz;-57 dBm;0 dB;2021-04-13 18:06:57;10:1111;10:2222;
41;COM8;Tx C-Msg;2450000122 Hz;;2.0 Mb/s BW 2.4 MHz;;;2021-04-13 18:06:58.802;;;Status:OK  Packet:1028  AirTime:1 ms
42;COM8;Rx Ack-Msg;2450000122 Hz;;2.0 Mb/s BW 2.4 MHz;-57 dBm;0 dB;2021-04-13 18:06:58;10:1111;10:2222;
43;COM8;Tx C-Msg;2450000122 Hz;;2.0 Mb/s BW 2.4 MHz;;;2021-04-13 18:06:59.480;;;Status:OK  Packet:1029  AirTime:1 ms
44;COM8;Rx Ack-Msg;2450000122 Hz;;2.0 Mb/s BW 2.4 MHz;-57 dBm;0 dB;2021-04-13 18:06:59;10:1111;10:2222;
45;COM8;Tx C-Msg;2450000122 Hz;;2.0 Mb/s BW 2.4 MHz;;;2021-04-13 18:07:00.035;;;Status:OK  Packet:1030  AirTime:1 ms
46;COM8;Rx Ack-Msg;2450000122 Hz;;2.0 Mb/s BW 2.4 MHz;-57 dBm;0 dB;2021-04-13 18:06:59;10:1111;10:2222;
47;COM8;Tx C-Msg;2450000122 Hz;;2.0 Mb/s BW 2.4 MHz;;;2021-04-13 18:07:00.704;;;Status:OK  Packet:1031  AirTime:1 ms
48;COM8;Rx Ack-Msg;2450000122 Hz;;2.0 Mb/s BW 2.4 MHz;-57 dBm;0 dB;2021-04-13 18:07:00;10:1111;10:2222;
49;COM8;Tx C-Msg;2450000122 Hz;;2.0 Mb/s BW 2.4 MHz;;;2021-04-13 18:07:01.327;;;Status:OK  Packet:1032  AirTime:1 ms
50;COM8;Ack Timeout;2450000122 Hz;;2.0 Mb/s BW 2.4 MHz;;;2021-04-13 18:07:06.330;;;
51;COM8;Tx C-Msg;2450000122 Hz;;2.0 Mb/s BW 2.4 MHz;;;2021-04-13 18:07:06.345;;;Status:OK  Packet:1033  AirTime:1 ms
52;COM8;Rx Ack-Msg;2450000122 Hz;;2.0 Mb/s BW 2.4 MHz;-57 dBm;0 dB;2021-04-13 18:07:06;10:1111;10:2222;
53;COM8;Tx C-Msg;2450000122 Hz;;2.0 Mb/s BW 2.4 MHz;;;2021-04-13 18:07:06.379;;;Status:OK  Packet:1034  AirTime:1 ms
54;COM8;Rx Ack-Msg;2450000122 Hz;;2.0 Mb/s BW 2.4 MHz;-57 dBm;0 dB;2021-04-13 18:07:06;10:1111;10:2222;
55;COM8;Tx C-Msg;2450000122 Hz;;2.0 Mb/s BW 2.4 MHz;;;2021-04-13 18:07:06.697;;;Status:OK  Packet:1035  AirTime:1 ms
56;COM8;Rx Ack-Msg;2450000122 Hz;;2.0 Mb/s BW 2.4 MHz;-57 dBm;0 dB;2021-04-13 18:07:06;10:1111;10:2222;
57;COM8;Tx C-Msg;2450000122 Hz;;2.0 Mb/s BW 2.4 MHz;;;2021-04-13 18:07:07.621;;;Status:OK  Packet:1036  AirTime:1 ms
58;COM8;Rx Ack-Msg;2450000122 Hz;;2.0 Mb/s BW 2.4 MHz;-57 dBm;0 dB;2021-04-13 18:07:07;10:1111;10:2222;
59;COM8;Tx C-Msg;2450000122 Hz;;2.0 Mb/s BW 2.4 MHz;;;2021-04-13 18:07:08.392;;;Status:OK  Packet:1037  AirTime:1 ms
60;COM8;Rx Ack-Msg;2450000122 Hz;;2.0 Mb/s BW 2.4 MHz;-57 dBm;0 dB;2021-04-13 18:07:08;10:1111;10:2222;
61;COM8;Tx C-Msg;2450000122 Hz;;2.0 Mb/s BW 2.4 MHz;;;2021-04-13 18:07:09.160;;;Status:OK  Packet:1038  AirTime:1 ms
62;COM8;Rx Ack-Msg;2450000122 Hz;;2.0 Mb/s BW 2.4 MHz;-57 dBm;0 dB;2021-04-13 18:07:08;10:1111;10:2222;
63;COM8;Tx C-Msg;2450000122 Hz;;2.0 Mb/s BW 2.4 MHz;;;2021-04-13 18:07:09.926;;;Status:OK  Packet:1039  AirTime:1 ms
64;COM8;Rx Ack-Msg;2450000122 Hz;;2.0 Mb/s BW 2.4 MHz;-57 dBm;0 dB;2021-04-13 18:07:09;10:1111;10:2222;
65;COM8;Tx C-Msg;2450000122 Hz;;2.0 Mb/s BW 2.4 MHz;;;2021-04-13 18:07:10.667;;;Status:OK  Packet:1040  AirTime:1 ms
66;COM8;Rx Ack-Msg;2450000122 Hz;;2.0 Mb/s BW 2.4 MHz;-57 dBm;0 dB;2021-04-13 18:07:10;10:1111;10:2222;
67;COM8;Tx C-Msg;2450000122 Hz;;2.0 Mb/s BW 2.4 MHz;;;2021-04-13 18:07:11.397;;;Status:OK  Packet:1041  AirTime:1 ms
68;COM8;Rx Ack-Msg;2450000122 Hz;;2.0 Mb/s BW 2.4 MHz;-57 dBm;0 dB;2021-04-13 18:07:11;10:1111;10:2222;
69;COM8;Tx C-Msg;2450000122 Hz;;2.0 Mb/s BW 2.4 MHz;;;2021-04-13 18:07:12.214;;;Status:OK  Packet:1042  AirTime:1 ms
70;COM8;Rx Ack-Msg;2450000122 Hz;;2.0 Mb/s BW 2.4 MHz;-57 dBm;0 dB;2021-04-13 18:07:11;10:1111;10:2222;
71;COM8;Tx C-Msg;2450000122 Hz;;2.0 Mb/s BW 2.4 MHz;;;2021-04-13 18:07:13.028;;;Status:OK  Packet:1043  AirTime:1 ms
72;COM8;Rx Ack-Msg;2450000122 Hz;;2.0 Mb/s BW 2.4 MHz;-57 dBm;0 dB;2021-04-13 18:07:12;10:1111;10:2222;
73;COM8;Tx C-Msg;2450000122 Hz;;2.0 Mb/s BW 2.4 MHz;;;2021-04-13 18:07:13.842;;;Status:OK  Packet:1044  AirTime:1 ms
74;COM8;Rx Ack-Msg;2450000122 Hz;;2.0 Mb/s BW 2.4 MHz;-57 dBm;0 dB;2021-04-13 18:07:13;10:1111;10:2222;
75;COM8;Tx C-Msg;2450000122 Hz;;2.0 Mb/s BW 2.4 MHz;;;2021-04-13 18:07:14.690;;;Status:OK  Packet:1045  AirTime:1 ms
76;COM8;Rx Ack-Msg;2450000122 Hz;;2.0 Mb/s BW 2.4 MHz;-57 dBm;0 dB;2021-04-13 18:07:14;10:1111;10:2222;
77;COM8;Tx C-Msg;2450000122 Hz;;2.0 Mb/s BW 2.4 MHz;;;2021-04-13 18:07:16.258;;;Status:OK  Packet:1046  AirTime:1 ms
78;COM8;Rx Ack-Msg;2450000122 Hz;;2.0 Mb/s BW 2.4 MHz;-57 dBm;0 dB;2021-04-13 18:07:16;10:1111;10:2222;
79;COM8;Tx C-Msg;2450000122 Hz;;2.0 Mb/s BW 2.4 MHz;;;2021-04-13 18:07:17.139;;;Status:OK  Packet:1047  AirTime:1 ms
80;COM8;Rx Ack-Msg;2450000122 Hz;;2.0 Mb/s BW 2.4 MHz;-57 dBm;0 dB;2021-04-13 18:07:16;10:1111;10:2222;
81;COM8;Tx C-Msg;2450000122 Hz;;2.0 Mb/s BW 2.4 MHz;;;2021-04-13 18:07:18.077;;;Status:OK  Packet:1048  AirTime:1 ms
82;COM8;Rx Ack-Msg;2450000122 Hz;;2.0 Mb/s BW 2.4 MHz;-57 dBm;0 dB;2021-04-13 18:07:17;10:1111;10:2222;
83;COM8;Tx C-Msg;2450000122 Hz;;2.0 Mb/s BW 2.4 MHz;;;2021-04-13 18:07:19.367;;;Status:OK  Packet:1049  AirTime:1 ms
84;COM8;Rx Ack-Msg;2450000122 Hz;;2.0 Mb/s BW 2.4 MHz;-57 dBm;0 dB;2021-04-13 18:07:19;10:1111;10:2222;
85;COM8;Tx C-Msg;2450000122 Hz;;2.0 Mb/s BW 2.4 MHz;;;2021-04-13 18:07:20.155;;;Status:OK  Packet:1050  AirTime:1 ms
86;COM8;Rx Ack-Msg;2450000122 Hz;;2.0 Mb/s BW 2.4 MHz;-57 dBm;0 dB;2021-04-13 18:07:19;10:1111;10:2222;
87;COM8;Tx C-Msg;2450000122 Hz;;2.0 Mb/s BW 2.4 MHz;;;2021-04-13 18:07:20.972;;;Status:OK  Packet:1051  AirTime:1 ms
88;COM8;Rx Ack-Msg;2450000122 Hz;;2.0 Mb/s BW 2.4 MHz;-57 dBm;0 dB;2021-04-13 18:07:20;10:1111;10:2222;
89;COM8;Tx C-Msg;2450000122 Hz;;2.0 Mb/s BW 2.4 MHz;;;2021-04-13 18:07:21.722;;;Status:OK  Packet:1052  AirTime:1 ms
90;COM8;Rx Ack-Msg;2450000122 Hz;;2.0 Mb/s BW 2.4 MHz;-57 dBm;0 dB;2021-04-13 18:07:21;10:1111;10:2222;
91;COM8;Tx C-Msg;2450000122 Hz;;2.0 Mb/s BW 2.4 MHz;;;2021-04-13 18:07:22.479;;;Status:OK  Packet:1053  AirTime:1 ms
92;COM8;Rx Ack-Msg;2450000122 Hz;;2.0 Mb/s BW 2.4 MHz;-57 dBm;0 dB;2021-04-13 18:07:22;10:1111;10:2222;
93;COM8;Tx C-Msg;2450000122 Hz;;2.0 Mb/s BW 2.4 MHz;;;2021-04-13 18:07:23.193;;;Status:OK  Packet:1054  AirTime:1 ms
94;COM8;Rx Ack-Msg;2450000122 Hz;;2.0 Mb/s BW 2.4 MHz;-57 dBm;0 dB;2021-04-13 18:07:22;10:1111;10:2222;
95;COM8;Tx C-Msg;2450000122 Hz;;2.0 Mb/s BW 2.4 MHz;;;2021-04-13 18:07:23.943;;;Status:OK  Packet:1055  AirTime:1 ms
96;COM8;Rx Ack-Msg;2450000122 Hz;;2.0 Mb/s BW 2.4 MHz;-57 dBm;0 dB;2021-04-13 18:07:23;10:1111;10:2222;
97;COM8;Tx C-Msg;2450000122 Hz;;2.0 Mb/s BW 2.4 MHz;;;2021-04-13 18:07:24.712;;;Status:OK  Packet:1056  AirTime:1 ms
98;COM8;Rx Ack-Msg;2450000122 Hz;;2.0 Mb/s BW 2.4 MHz;-57 dBm;0 dB;2021-04-13 18:07:24;10:1111;10:2222;
99;COM8;Tx C-Msg;2450000122 Hz;;2.0 Mb/s BW 2.4 MHz;;;2021-04-13 18:07:25.462;;;Status:OK  Packet:1057  AirTime:1 ms
100;COM8;Rx Ack-Msg;2450000122 Hz;;2.0 Mb/s BW 2.4 MHz;-55 dBm;0 dB;2021-04-13 18:07:25;10:1111;10:2222;
101;COM8;Tx C-Msg;2450000122 Hz;;2.0 Mb/s BW 2.4 MHz;;;2021-04-13 18:07:56.232;;;Status:OK  Packet:1058  AirTime:1 ms
102;COM8;Rx Ack-Msg;2450000122 Hz;;2.0 Mb/s BW 2.4 MHz;-57 dBm;0 dB;2021-04-13 18:07:55;10:1111;10:2222;
103;COM8;Tx C-Msg;2450000122 Hz;;2.0 Mb/s BW 2.4 MHz;;;2021-04-13 18:08:08.939;;;Status:OK  Packet:1059  AirTime:1 ms
104;COM8;Rx Ack-Msg;2450000122 Hz;;2.0 Mb/s BW 2.4 MHz;-66 dBm;0 dB;2021-04-13 18:08:08;10:1111;10:2222;
105;COM8;Tx C-Msg;2450000122 Hz;;2.0 Mb/s BW 2.4 MHz;;;2021-04-13 18:08:10.120;;;Status:OK  Packet:1060  AirTime:1 ms
106;COM8;Rx Ack-Msg;2450000122 Hz;;2.0 Mb/s BW 2.4 MHz;-66 dBm;0 dB;2021-04-13 18:08:09;10:1111;10:2222;
107;COM8;Tx C-Msg;2450000122 Hz;;2.0 Mb/s BW 2.4 MHz;;;2021-04-13 18:08:10.918;;;Status:OK  Packet:1061  AirTime:1 ms
108;COM8;Rx Ack-Msg;2450000122 Hz;;2.0 Mb/s BW 2.4 MHz;-65 dBm;0 dB;2021-04-13 18:08:10;10:1111;10:2222;
109;COM8;Tx C-Msg;2450000122 Hz;;2.0 Mb/s BW 2.4 MHz;;;2021-04-13 18:08:11.783;;;Status:OK  Packet:1062  AirTime:1 ms
110;COM8;Rx Ack-Msg;2450000122 Hz;;2.0 Mb/s BW 2.4 MHz;-67 dBm;0 dB;2021-04-13 18:08:11;10:1111;10:2222;
111;COM8;Tx C-Msg;2450000122 Hz;;2.0 Mb/s BW 2.4 MHz;;;2021-04-13 18:08:12.548;;;Status:OK  Packet:1063  AirTime:1 ms
112;COM8;Rx Ack-Msg;2450000122 Hz;;2.0 Mb/s BW 2.4 MHz;-67 dBm;0 dB;2021-04-13 18:08:12;10:1111;10:2222;
113;COM8;Tx C-Msg;2450000122 Hz;;2.0 Mb/s BW 2.4 MHz;;;2021-04-13 18:08:13.380;;;Status:OK  Packet:1064  AirTime:1 ms
114;COM8;Rx Ack-Msg;2450000122 Hz;;2.0 Mb/s BW 2.4 MHz;-67 dBm;0 dB;2021-04-13 18:08:13;10:1111;10:2222;
115;COM8;Tx C-Msg;2450000122 Hz;;2.0 Mb/s BW 2.4 MHz;;;2021-04-13 18:08:14.082;;;Status:OK  Packet:1065  AirTime:1 ms
116;COM8;Rx Ack-Msg;2450000122 Hz;;2.0 Mb/s BW 2.4 MHz;-65 dBm;0 dB;2021-04-13 18:08:13;10:1111;10:2222;
117;COM8;Tx C-Msg;2450000122 Hz;;2.0 Mb/s BW 2.4 MHz;;;2021-04-13 18:08:15.105;;;Status:OK  Packet:1066  AirTime:1 ms
118;COM8;Rx Ack-Msg;2450000122 Hz;;2.0 Mb/s BW 2.4 MHz;-65 dBm;0 dB;2021-04-13 18:08:14;10:1111;10:2222;
119;COM8;Tx C-Msg;2450000122 Hz;;2.0 Mb/s BW 2.4 MHz;;;2021-04-13 18:08:16.050;;;Status:OK  Packet:1067  AirTime:1 ms
120;COM8;Rx Ack-Msg;2450000122 Hz;;2.0 Mb/s BW 2.4 MHz;-65 dBm;0 dB;2021-04-13 18:08:15;10:1111;10:2222;
121;COM8;Tx C-Msg;2450000122 Hz;;2.0 Mb/s BW 2.4 MHz;;;2021-04-13 18:08:17.105;;;Status:OK  Packet:1068  AirTime:1 ms
122;COM8;Rx Ack-Msg;2450000122 Hz;;2.0 Mb/s BW 2.4 MHz;-57 dBm;0 dB;2021-04-13 18:08:16;10:1111;10:2222;
123;COM8;Tx C-Msg;2450000122 Hz;;2.0 Mb/s BW 2.4 MHz;;;2021-04-13 18:08:18.128;;;Status:OK  Packet:1069  AirTime:1 ms
124;COM8;Rx Ack-Msg;2450000122 Hz;;2.0 Mb/s BW 2.4 MHz;-61 dBm;0 dB;2021-04-13 18:08:17;10:1111;10:2222;
125;COM8;Tx C-Msg;2450000122 Hz;;2.0 Mb/s BW 2.4 MHz;;;2021-04-13 18:08:19.405;;;Status:OK  Packet:1070  AirTime:1 ms
126;COM8;Rx Ack-Msg;2450000122 Hz;;2.0 Mb/s BW 2.4 MHz;-57 dBm;0 dB;2021-04-13 18:08:19;10:1111;10:2222;
127;COM8;Tx C-Msg;2450000122 Hz;;2.0 Mb/s BW 2.4 MHz;;;2021-04-13 18:08:20.477;;;Status:OK  Packet:1071  AirTime:1 ms
128;COM8;Rx Ack-Msg;2450000122 Hz;;2.0 Mb/s BW 2.4 MHz;-57 dBm;0 dB;2021-04-13 18:08:20;10:1111;10:2222;
129;COM8;Tx C-Msg;2450000122 Hz;;2.0 Mb/s BW 2.4 MHz;;;2021-04-13 18:08:21.677;;;Status:OK  Packet:1072  AirTime:1 ms
130;COM8;Rx Ack-Msg;2450000122 Hz;;2.0 Mb/s BW 2.4 MHz;-57 dBm;0 dB;2021-04-13 18:08:21;10:1111;10:2222;
131;COM8;Tx C-Msg;2450000122 Hz;;2.0 Mb/s BW 2.4 MHz;;;2021-04-13 18:08:22.745;;;Status:OK  Packet:1073  AirTime:1 ms
132;COM8;Rx Ack-Msg;2450000122 Hz;;2.0 Mb/s BW 2.4 MHz;-57 dBm;0 dB;2021-04-13 18:08:22;10:1111;10:2222;
133;COM8;Tx C-Msg;2450000122 Hz;;2.0 Mb/s BW 2.4 MHz;;;2021-04-13 18:08:24.344;;;Status:OK  Packet:1074  AirTime:1 ms
134;COM8;Rx Ack-Msg;2450000122 Hz;;2.0 Mb/s BW 2.4 MHz;-63 dBm;0 dB;2021-04-13 18:08:24;10:1111;10:2222;
135;COM8;Tx C-Msg;2450000122 Hz;;2.0 Mb/s BW 2.4 MHz;;;2021-04-13 18:08:25.303;;;Status:OK  Packet:1075  AirTime:1 ms
136;COM8;Rx Ack-Msg;2450000122 Hz;;2.0 Mb/s BW 2.4 MHz;-62 dBm;0 dB;2021-04-13 18:08:25;10:1111;10:2222;
137;COM8;Tx C-Msg;2450000122 Hz;;2.0 Mb/s BW 2.4 MHz;;;2021-04-13 18:08:26.184;;;Status:OK  Packet:1076  AirTime:1 ms
138;COM8;Rx Ack-Msg;2450000122 Hz;;2.0 Mb/s BW 2.4 MHz;-61 dBm;0 dB;2021-04-13 18:08:25;10:1111;10:2222;
139;COM8;Tx C-Msg;2450000122 Hz;;2.0 Mb/s BW 2.4 MHz;;;2021-04-13 18:08:27.045;;;Status:OK  Packet:1077  AirTime:1 ms
140;COM8;Rx Ack-Msg;2450000122 Hz;;2.0 Mb/s BW 2.4 MHz;-61 dBm;0 dB;2021-04-13 18:08:26;10:1111;10:2222;
141;COM8;Tx C-Msg;2450000122 Hz;;2.0 Mb/s BW 2.4 MHz;;;2021-04-13 18:08:27.908;;;Status:OK  Packet:1078  AirTime:1 ms
142;COM8;Rx Ack-Msg;2450000122 Hz;;2.0 Mb/s BW 2.4 MHz;-62 dBm;0 dB;2021-04-13 18:08:27;10:1111;10:2222;
143;COM8;Tx C-Msg;2450000122 Hz;;2.0 Mb/s BW 2.4 MHz;;;2021-04-13 18:08:28.660;;;Status:OK  Packet:1079  AirTime:1 ms
144;COM8;Rx Ack-Msg;2450000122 Hz;;2.0 Mb/s BW 2.4 MHz;-62 dBm;0 dB;2021-04-13 18:08:28;10:1111;10:2222;
145;COM8;Tx C-Msg;2450000122 Hz;;2.0 Mb/s BW 2.4 MHz;;;2021-04-13 18:08:29.539;;;Status:OK  Packet:1080  AirTime:1 ms
146;COM8;Rx Ack-Msg;2450000122 Hz;;2.0 Mb/s BW 2.4 MHz;-61 dBm;0 dB;2021-04-13 18:08:29;10:1111;10:2222;
147;COM8;Tx C-Msg;2450000122 Hz;;2.0 Mb/s BW 2.4 MHz;;;2021-04-13 18:08:30.370;;;Status:OK  Packet:1081  AirTime:1 ms
148;COM8;Rx Ack-Msg;2450000122 Hz;;2.0 Mb/s BW 2.4 MHz;-61 dBm;0 dB;2021-04-13 18:08:30;10:1111;10:2222;
149;COM8;Tx C-Msg;2450000122 Hz;;2.0 Mb/s BW 2.4 MHz;;;2021-04-13 18:08:31.554;;;Status:OK  Packet:1082  AirTime:1 ms
150;COM8;Rx Ack-Msg;2450000122 Hz;;2.0 Mb/s BW 2.4 MHz;-70 dBm;0 dB;2021-04-13 18:08:31;10:1111;10:2222;
151;COM8;Tx C-Msg;2450000122 Hz;;2.0 Mb/s BW 2.4 MHz;;;2021-04-13 18:08:32.527;;;Status:OK  Packet:1083  AirTime:1 ms
152;COM8;Rx Ack-Msg;2450000122 Hz;;2.0 Mb/s BW 2.4 MHz;-67 dBm;0 dB;2021-04-13 18:08:32;10:1111;10:2222;
153;COM8;Tx C-Msg;2450000122 Hz;;2.0 Mb/s BW 2.4 MHz;;;2021-04-13 18:08:33.824;;;Status:OK  Packet:1084  AirTime:1 ms
154;COM8;Rx Ack-Msg;2450000122 Hz;;2.0 Mb/s BW 2.4 MHz;-63 dBm;0 dB;2021-04-13 18:08:33;10:1111;10:2222;
155;COM8;Tx C-Msg;2450000122 Hz;;2.0 Mb/s BW 2.4 MHz;;;2021-04-13 18:08:34.831;;;Status:OK  Packet:1085  AirTime:1 ms
156;COM8;Rx Ack-Msg;2450000122 Hz;;2.0 Mb/s BW 2.4 MHz;-63 dBm;0 dB;2021-04-13 18:08:34;10:1111;10:2222;
157;COM8;Tx C-Msg;2450000122 Hz;;2.0 Mb/s BW 2.4 MHz;;;2021-04-13 18:08:35.645;;;Status:OK  Packet:1086  AirTime:1 ms
158;COM8;Rx Ack-Msg;2450000122 Hz;;2.0 Mb/s BW 2.4 MHz;-63 dBm;0 dB;2021-04-13 18:08:35;10:1111;10:2222;
159;COM8;Tx C-Msg;2450000122 Hz;;2.0 Mb/s BW 2.4 MHz;;;2021-04-13 18:08:36.379;;;Status:OK  Packet:1087  AirTime:1 ms
160;COM8;Rx Ack-Msg;2450000122 Hz;;2.0 Mb/s BW 2.4 MHz;-63 dBm;0 dB;2021-04-13 18:08:36;10:1111;10:2222;
161;COM8;Tx C-Msg;2450000122 Hz;;2.0 Mb/s BW 2.4 MHz;;;2021-04-13 18:08:37.100;;;Status:OK  Packet:1088  AirTime:1 ms
162;COM8;Rx Ack-Msg;2450000122 Hz;;2.0 Mb/s BW 2.4 MHz;-63 dBm;0 dB;2021-04-13 18:08:36;10:1111;10:2222;
163;COM8;Tx C-Msg;2450000122 Hz;;2.0 Mb/s BW 2.4 MHz;;;2021-04-13 18:08:37.850;;;Status:OK  Packet:1089  AirTime:1 ms
164;COM8;Rx Ack-Msg;2450000122 Hz;;2.0 Mb/s BW 2.4 MHz;-63 dBm;0 dB;2021-04-13 18:08:37;10:1111;10:2222;
165;COM8;Tx C-Msg;2450000122 Hz;;2.0 Mb/s BW 2.4 MHz;;;2021-04-13 18:08:38.539;;;Status:OK  Packet:1090  AirTime:1 ms
166;COM8;Rx Ack-Msg;2450000122 Hz;;2.0 Mb/s BW 2.4 MHz;-63 dBm;0 dB;2021-04-13 18:08:38;10:1111;10:2222;
167;COM8;Tx C-Msg;2450000122 Hz;;2.0 Mb/s BW 2.4 MHz;;;2021-04-13 18:08:39.243;;;Status:OK  Packet:1091  AirTime:1 ms
168;COM8;Rx Ack-Msg;2450000122 Hz;;2.0 Mb/s BW 2.4 MHz;-63 dBm;0 dB;2021-04-13 18:08:38;10:1111;10:2222;
169;COM8;Tx C-Msg;2450000122 Hz;;2.0 Mb/s BW 2.4 MHz;;;2021-04-13 18:08:39.997;;;Status:OK  Packet:1092  AirTime:1 ms
170;COM8;Rx Ack-Msg;2450000122 Hz;;2.0 Mb/s BW 2.4 MHz;-63 dBm;0 dB;2021-04-13 18:08:39;10:1111;10:2222;
171;COM8;Tx C-Msg;2450000122 Hz;;2.0 Mb/s BW 2.4 MHz;;;2021-04-13 18:08:40.710;;;Status:OK  Packet:1093  AirTime:1 ms
172;COM8;Rx Ack-Msg;2450000122 Hz;;2.0 Mb/s BW 2.4 MHz;-63 dBm;0 dB;2021-04-13 18:08:40;10:1111;10:2222;
173;COM8;Tx C-Msg;2450000122 Hz;;2.0 Mb/s BW 2.4 MHz;;;2021-04-13 18:08:41.432;;;Status:OK  Packet:1094  AirTime:1 ms
174;COM8;Rx Ack-Msg;2450000122 Hz;;2.0 Mb/s BW 2.4 MHz;-63 dBm;0 dB;2021-04-13 18:08:41;10:1111;10:2222;
175;COM8;Tx C-Msg;2450000122 Hz;;2.0 Mb/s BW 2.4 MHz;;;2021-04-13 18:08:42.165;;;Status:OK  Packet:1095  AirTime:1 ms
176;COM8;Rx Ack-Msg;2450000122 Hz;;2.0 Mb/s BW 2.4 MHz;-63 dBm;0 dB;2021-04-13 18:08:41;10:1111;10:2222;
177;COM8;Tx C-Msg;2450000122 Hz;;2.0 Mb/s BW 2.4 MHz;;;2021-04-13 18:08:42.902;;;Status:OK  Packet:1096  AirTime:1 ms
178;COM8;Rx Ack-Msg;2450000122 Hz;;2.0 Mb/s BW 2.4 MHz;-63 dBm;0 dB;2021-04-13 18:08:42;10:1111;10:2222;
179;COM8;Tx C-Msg;2450000122 Hz;;2.0 Mb/s BW 2.4 MHz;;;2021-04-13 18:08:43.684;;;Status:OK  Packet:1097  AirTime:1 ms
180;COM8;Rx Ack-Msg;2450000122 Hz;;2.0 Mb/s BW 2.4 MHz;-63 dBm;0 dB;2021-04-13 18:08:43;10:1111;10:2222;
181;COM8;Tx C-Msg;2450000122 Hz;;2.0 Mb/s BW 2.4 MHz;;;2021-04-13 18:08:44.389;;;Status:OK  Packet:1098  AirTime:1 ms
182;COM8;Rx Ack-Msg;2450000122 Hz;;2.0 Mb/s BW 2.4 MHz;-63 dBm;0 dB;2021-04-13 18:08:44;10:1111;10:2222;
183;COM8;Tx C-Msg;2450000122 Hz;;2.0 Mb/s BW 2.4 MHz;;;2021-04-13 18:08:45.138;;;Status:OK  Packet:1099  AirTime:1 ms
184;COM8;Rx Ack-Msg;2450000122 Hz;;2.0 Mb/s BW 2.4 MHz;-63 dBm;0 dB;2021-04-13 18:08:44;10:1111;10:2222;
185;COM8;Tx C-Msg;2450000122 Hz;;2.0 Mb/s BW 2.4 MHz;;;2021-04-13 18:08:45.893;;;Status:OK  Packet:1100  AirTime:1 ms
186;COM8;Rx Ack-Msg;2450000122 Hz;;2.0 Mb/s BW 2.4 MHz;-63 dBm;0 dB;2021-04-13 18:08:45;10:1111;10:2222;
187;COM8;Tx C-Msg;2450000122 Hz;;2.0 Mb/s BW 2.4 MHz;;;2021-04-13 18:08:46.609;;;Status:OK  Packet:1101  AirTime:1 ms
188;COM8;Rx Ack-Msg;2450000122 Hz;;2.0 Mb/s BW 2.4 MHz;-63 dBm;0 dB;2021-04-13 18:08:46;10:1111;10:2222;
189;COM8;Tx C-Msg;2450000122 Hz;;2.0 Mb/s BW 2.4 MHz;;;2021-04-13 18:08:47.280;;;Status:OK  Packet:1102  AirTime:1 ms
190;COM8;Rx Ack-Msg;2450000122 Hz;;2.0 Mb/s BW 2.4 MHz;-63 dBm;0 dB;2021-04-13 18:08:47;10:1111;10:2222;
191;COM8;Tx C-Msg;2450000122 Hz;;2.0 Mb/s BW 2.4 MHz;;;2021-04-13 18:08:48.018;;;Status:OK  Packet:1103  AirTime:1 ms
192;COM8;Rx Ack-Msg;2450000122 Hz;;2.0 Mb/s BW 2.4 MHz;-63 dBm;0 dB;2021-04-13 18:08:47;10:1111;10:2222;
193;COM8;Tx C-Msg;2450000122 Hz;;2.0 Mb/s BW 2.4 MHz;;;2021-04-13 18:08:48.682;;;Status:OK  Packet:1104  AirTime:1 ms
194;COM8;Rx Ack-Msg;2450000122 Hz;;2.0 Mb/s BW 2.4 MHz;-63 dBm;0 dB;2021-04-13 18:08:48;10:1111;10:2222;
195;COM8;Tx C-Msg;2450000122 Hz;;2.0 Mb/s BW 2.4 MHz;;;2021-04-13 18:08:49.408;;;Status:OK  Packet:1105  AirTime:1 ms
196;COM8;Rx Ack-Msg;2450000122 Hz;;2.0 Mb/s BW 2.4 MHz;-62 dBm;0 dB;2021-04-13 18:08:49;10:1111;10:2222;
197;COM8;Tx C-Msg;2450000122 Hz;;2.0 Mb/s BW 2.4 MHz;;;2021-04-13 18:08:50.045;;;Status:OK  Packet:1106  AirTime:1 ms
198;COM8;Rx Ack-Msg;2450000122 Hz;;2.0 Mb/s BW 2.4 MHz;-63 dBm;0 dB;2021-04-13 18:08:49;10:1111;10:2222;
199;COM8;Tx C-Msg;2450000122 Hz;;2.0 Mb/s BW 2.4 MHz;;;2021-04-13 18:08:50.750;;;Status:OK  Packet:1107  AirTime:1 ms
200;COM8;Rx Ack-Msg;2450000122 Hz;;2.0 Mb/s BW 2.4 MHz;-63 dBm;0 dB;2021-04-13 18:08:50;10:1111;10:2222;
201;COM8;Tx C-Msg;2450000122 Hz;;2.0 Mb/s BW 2.4 MHz;;;2021-04-13 18:09:25.879;;;Status:OK  Packet:1108  AirTime:1 ms
202;COM8;Rx Ack-Msg;2450000122 Hz;;2.0 Mb/s BW 2.4 MHz;-67 dBm;0 dB;2021-04-13 18:09:25;10:1111;10:2222;
203;COM8;Tx C-Msg;2450000122 Hz;;2.0 Mb/s BW 2.4 MHz;;;2021-04-13 18:09:28.200;;;Status:OK  Packet:1109  AirTime:1 ms
204;COM8;Rx Ack-Msg;2450000122 Hz;;2.0 Mb/s BW 2.4 MHz;-61 dBm;0 dB;2021-04-13 18:09:27;10:1111;10:2222;
205;COM8;Tx C-Msg;2450000122 Hz;;2.0 Mb/s BW 2.4 MHz;;;2021-04-13 18:09:28.895;;;Status:OK  Packet:1110  AirTime:1 ms
206;COM8;Rx Ack-Msg;2450000122 Hz;;2.0 Mb/s BW 2.4 MHz;-62 dBm;0 dB;2021-04-13 18:09:28;10:1111;10:2222;
207;COM8;Tx C-Msg;2450000122 Hz;;2.0 Mb/s BW 2.4 MHz;;;2021-04-13 18:09:29.717;;;Status:OK  Packet:1111  AirTime:1 ms
208;COM8;Rx Ack-Msg;2450000122 Hz;;2.0 Mb/s BW 2.4 MHz;-64 dBm;0 dB;2021-04-13 18:09:29;10:1111;10:2222;
209;COM8;Tx C-Msg;2450000122 Hz;;2.0 Mb/s BW 2.4 MHz;;;2021-04-13 18:09:30.487;;;Status:OK  Packet:1112  AirTime:1 ms
210;COM8;Rx Ack-Msg;2450000122 Hz;;2.0 Mb/s BW 2.4 MHz;-67 dBm;0 dB;2021-04-13 18:09:30;10:1111;10:2222;
211;COM8;Tx C-Msg;2450000122 Hz;;2.0 Mb/s BW 2.4 MHz;;;2021-04-13 18:09:31.329;;;Status:OK  Packet:1113  AirTime:1 ms
212;COM8;Rx Ack-Msg;2450000122 Hz;;2.0 Mb/s BW 2.4 MHz;-65 dBm;0 dB;2021-04-13 18:09:31;10:1111;10:2222;
213;COM8;Tx C-Msg;2450000122 Hz;;2.0 Mb/s BW 2.4 MHz;;;2021-04-13 18:09:32.113;;;Status:OK  Packet:1114  AirTime:1 ms
214;COM8;Rx Ack-Msg;2450000122 Hz;;2.0 Mb/s BW 2.4 MHz;-63 dBm;0 dB;2021-04-13 18:09:31;10:1111;10:2222;
215;COM8;Tx C-Msg;2450000122 Hz;;2.0 Mb/s BW 2.4 MHz;;;2021-04-13 18:09:32.593;;;Status:OK  Packet:1115  AirTime:1 ms
216;COM8;Rx Ack-Msg;2450000122 Hz;;2.0 Mb/s BW 2.4 MHz;-63 dBm;0 dB;2021-04-13 18:09:32;10:1111;10:2222;
217;COM8;Tx C-Msg;2450000122 Hz;;2.0 Mb/s BW 2.4 MHz;;;2021-04-13 18:09:33.199;;;Status:OK  Packet:1116  AirTime:1 ms
218;COM8;Rx Ack-Msg;2450000122 Hz;;2.0 Mb/s BW 2.4 MHz;-65 dBm;0 dB;2021-04-13 18:09:32;10:1111;10:2222;
219;COM8;Tx C-Msg;2450000122 Hz;;2.0 Mb/s BW 2.4 MHz;;;2021-04-13 18:09:33.854;;;Status:OK  Packet:1117  AirTime:1 ms
220;COM8;Rx Ack-Msg;2450000122 Hz;;2.0 Mb/s BW 2.4 MHz;-67 dBm;0 dB;2021-04-13 18:09:33;10:1111;10:2222;
221;COM8;Tx C-Msg;2450000122 Hz;;2.0 Mb/s BW 2.4 MHz;;;2021-04-13 18:09:34.382;;;Status:OK  Packet:1118  AirTime:1 ms
222;COM8;Rx Ack-Msg;2450000122 Hz;;2.0 Mb/s BW 2.4 MHz;-68 dBm;0 dB;2021-04-13 18:09:34;10:1111;10:2222;
223;COM8;Tx C-Msg;2450000122 Hz;;2.0 Mb/s BW 2.4 MHz;;;2021-04-13 18:09:35.053;;;Status:OK  Packet:1119  AirTime:1 ms
224;COM8;Rx Ack-Msg;2450000122 Hz;;2.0 Mb/s BW 2.4 MHz;-67 dBm;0 dB;2021-04-13 18:09:34;10:1111;10:2222;
225;COM8;Tx C-Msg;2450000122 Hz;;2.0 Mb/s BW 2.4 MHz;;;2021-04-13 18:09:35.727;;;Status:OK  Packet:1120  AirTime:1 ms
226;COM8;Rx Ack-Msg;2450000122 Hz;;2.0 Mb/s BW 2.4 MHz;-65 dBm;0 dB;2021-04-13 18:09:35;10:1111;10:2222;
227;COM8;Tx C-Msg;2450000122 Hz;;2.0 Mb/s BW 2.4 MHz;;;2021-04-13 18:09:36.347;;;Status:OK  Packet:1121  AirTime:1 ms
228;COM8;Rx Ack-Msg;2450000122 Hz;;2.0 Mb/s BW 2.4 MHz;-64 dBm;0 dB;2021-04-13 18:09:36;10:1111;10:2222;
229;COM8;Tx C-Msg;2450000122 Hz;;2.0 Mb/s BW 2.4 MHz;;;2021-04-13 18:09:36.911;;;Status:OK  Packet:1122  AirTime:1 ms
230;COM8;Rx Ack-Msg;2450000122 Hz;;2.0 Mb/s BW 2.4 MHz;-64 dBm;0 dB;2021-04-13 18:09:36;10:1111;10:2222;
231;COM8;Tx C-Msg;2450000122 Hz;;2.0 Mb/s BW 2.4 MHz;;;2021-04-13 18:09:37.452;;;Status:OK  Packet:1123  AirTime:1 ms
232;COM8;Rx Ack-Msg;2450000122 Hz;;2.0 Mb/s BW 2.4 MHz;-64 dBm;0 dB;2021-04-13 18:09:37;10:1111;10:2222;
233;COM8;Tx C-Msg;2450000122 Hz;;2.0 Mb/s BW 2.4 MHz;;;2021-04-13 18:09:38.045;;;Status:OK  Packet:1124  AirTime:1 ms
234;COM8;Rx Ack-Msg;2450000122 Hz;;2.0 Mb/s BW 2.4 MHz;-65 dBm;0 dB;2021-04-13 18:09:37;10:1111;10:2222;
235;COM8;Tx C-Msg;2450000122 Hz;;2.0 Mb/s BW 2.4 MHz;;;2021-04-13 18:09:38.683;;;Status:OK  Packet:1125  AirTime:1 ms
236;COM8;Rx Ack-Msg;2450000122 Hz;;2.0 Mb/s BW 2.4 MHz;-64 dBm;0 dB;2021-04-13 18:09:38;10:1111;10:2222;
237;COM8;Tx C-Msg;2450000122 Hz;;2.0 Mb/s BW 2.4 MHz;;;2021-04-13 18:09:39.244;;;Status:OK  Packet:1126  AirTime:1 ms
238;COM8;Rx Ack-Msg;2450000122 Hz;;2.0 Mb/s BW 2.4 MHz;-65 dBm;0 dB;2021-04-13 18:09:38;10:1111;10:2222;
239;COM8;Tx C-Msg;2450000122 Hz;;2.0 Mb/s BW 2.4 MHz;;;2021-04-13 18:09:39.816;;;Status:OK  Packet:1127  AirTime:1 ms
240;COM8;Rx Ack-Msg;2450000122 Hz;;2.0 Mb/s BW 2.4 MHz;-65 dBm;0 dB;2021-04-13 18:09:39;10:1111;10:2222;
241;COM8;Tx C-Msg;2450000122 Hz;;2.0 Mb/s BW 2.4 MHz;;;2021-04-13 18:09:40.345;;;Status:OK  Packet:1128  AirTime:1 ms
242;COM8;Rx Ack-Msg;2450000122 Hz;;2.0 Mb/s BW 2.4 MHz;-65 dBm;0 dB;2021-04-13 18:09:40;10:1111;10:2222;
243;COM8;Tx C-Msg;2450000122 Hz;;2.0 Mb/s BW 2.4 MHz;;;2021-04-13 18:09:40.919;;;Status:OK  Packet:1129  AirTime:1 ms
244;COM8;Rx Ack-Msg;2450000122 Hz;;2.0 Mb/s BW 2.4 MHz;-65 dBm;0 dB;2021-04-13 18:09:40;10:1111;10:2222;
245;COM8;Tx C-Msg;2450000122 Hz;;2.0 Mb/s BW 2.4 MHz;;;2021-04-13 18:09:41.528;;;Status:OK  Packet:1130  AirTime:1 ms
246;COM8;Rx Ack-Msg;2450000122 Hz;;2.0 Mb/s BW 2.4 MHz;-65 dBm;0 dB;2021-04-13 18:09:41;10:1111;10:2222;
247;COM8;Tx C-Msg;2450000122 Hz;;2.0 Mb/s BW 2.4 MHz;;;2021-04-13 18:09:42.182;;;Status:OK  Packet:1131  AirTime:1 ms
248;COM8;Rx Ack-Msg;2450000122 Hz;;2.0 Mb/s BW 2.4 MHz;-64 dBm;0 dB;2021-04-13 18:09:41;10:1111;10:2222;
249;COM8;Tx C-Msg;2450000122 Hz;;2.0 Mb/s BW 2.4 MHz;;;2021-04-13 18:09:42.838;;;Status:OK  Packet:1132  AirTime:1 ms
250;COM8;Rx Ack-Msg;2450000122 Hz;;2.0 Mb/s BW 2.4 MHz;-64 dBm;0 dB;2021-04-13 18:09:42;10:1111;10:2222;
251;COM8;Tx C-Msg;2450000122 Hz;;2.0 Mb/s BW 2.4 MHz;;;2021-04-13 18:09:43.446;;;Status:OK  Packet:1133  AirTime:1 ms
252;COM8;Rx Ack-Msg;2450000122 Hz;;2.0 Mb/s BW 2.4 MHz;-65 dBm;0 dB;2021-04-13 18:09:43;10:1111;10:2222;
253;COM8;Tx C-Msg;2450000122 Hz;;2.0 Mb/s BW 2.4 MHz;;;2021-04-13 18:09:44.116;;;Status:OK  Packet:1134  AirTime:1 ms
254;COM8;Rx Ack-Msg;2450000122 Hz;;2.0 Mb/s BW 2.4 MHz;-65 dBm;0 dB;2021-04-13 18:09:43;10:1111;10:2222;
255;COM8;Tx C-Msg;2450000122 Hz;;2.0 Mb/s BW 2.4 MHz;;;2021-04-13 18:09:44.692;;;Status:OK  Packet:1135  AirTime:1 ms
256;COM8;Rx Ack-Msg;2450000122 Hz;;2.0 Mb/s BW 2.4 MHz;-65 dBm;0 dB;2021-04-13 18:09:44;10:1111;10:2222;
257;COM8;Tx C-Msg;2450000122 Hz;;2.0 Mb/s BW 2.4 MHz;;;2021-04-13 18:09:45.347;;;Status:OK  Packet:1136  AirTime:1 ms
258;COM8;Rx Ack-Msg;2450000122 Hz;;2.0 Mb/s BW 2.4 MHz;-64 dBm;0 dB;2021-04-13 18:09:45;10:1111;10:2222;
259;COM8;Tx C-Msg;2450000122 Hz;;2.0 Mb/s BW 2.4 MHz;;;2021-04-13 18:09:45.978;;;Status:OK  Packet:1137  AirTime:1 ms
260;COM8;Rx Ack-Msg;2450000122 Hz;;2.0 Mb/s BW 2.4 MHz;-65 dBm;0 dB;2021-04-13 18:09:45;10:1111;10:2222;
261;COM8;Tx C-Msg;2450000122 Hz;;2.0 Mb/s BW 2.4 MHz;;;2021-04-13 18:09:46.612;;;Status:OK  Packet:1138  AirTime:1 ms
262;COM8;Rx Ack-Msg;2450000122 Hz;;2.0 Mb/s BW 2.4 MHz;-65 dBm;0 dB;2021-04-13 18:09:46;10:1111;10:2222;
263;COM8;Tx C-Msg;2450000122 Hz;;2.0 Mb/s BW 2.4 MHz;;;2021-04-13 18:09:47.266;;;Status:OK  Packet:1139  AirTime:1 ms
264;COM8;Rx Ack-Msg;2450000122 Hz;;2.0 Mb/s BW 2.4 MHz;-64 dBm;0 dB;2021-04-13 18:09:47;10:1111;10:2222;
265;COM8;Tx C-Msg;2450000122 Hz;;2.0 Mb/s BW 2.4 MHz;;;2021-04-13 18:09:47.841;;;Status:OK  Packet:1140  AirTime:1 ms
266;COM8;Rx Ack-Msg;2450000122 Hz;;2.0 Mb/s BW 2.4 MHz;-64 dBm;0 dB;2021-04-13 18:09:47;10:1111;10:2222;
267;COM8;Tx C-Msg;2450000122 Hz;;2.0 Mb/s BW 2.4 MHz;;;2021-04-13 18:09:48.479;;;Status:OK  Packet:1141  AirTime:1 ms
268;COM8;Rx Ack-Msg;2450000122 Hz;;2.0 Mb/s BW 2.4 MHz;-63 dBm;0 dB;2021-04-13 18:09:48;10:1111;10:2222;
269;COM8;Tx C-Msg;2450000122 Hz;;2.0 Mb/s BW 2.4 MHz;;;2021-04-13 18:09:49.024;;;Status:OK  Packet:1142  AirTime:1 ms
270;COM8;Rx Ack-Msg;2450000122 Hz;;2.0 Mb/s BW 2.4 MHz;-64 dBm;0 dB;2021-04-13 18:09:48;10:1111;10:2222;
271;COM8;Tx C-Msg;2450000122 Hz;;2.0 Mb/s BW 2.4 MHz;;;2021-04-13 18:09:49.664;;;Status:OK  Packet:1143  AirTime:1 ms
272;COM8;Rx Ack-Msg;2450000122 Hz;;2.0 Mb/s BW 2.4 MHz;-64 dBm;0 dB;2021-04-13 18:09:49;10:1111;10:2222;
273;COM8;Tx C-Msg;2450000122 Hz;;2.0 Mb/s BW 2.4 MHz;;;2021-04-13 18:09:50.323;;;Status:OK  Packet:1144  AirTime:1 ms
274;COM8;Rx Ack-Msg;2450000122 Hz;;2.0 Mb/s BW 2.4 MHz;-64 dBm;0 dB;2021-04-13 18:09:50;10:1111;10:2222;
275;COM8;Tx C-Msg;2450000122 Hz;;2.0 Mb/s BW 2.4 MHz;;;2021-04-13 18:09:50.943;;;Status:OK  Packet:1145  AirTime:1 ms
276;COM8;Rx Ack-Msg;2450000122 Hz;;2.0 Mb/s BW 2.4 MHz;-65 dBm;0 dB;2021-04-13 18:09:50;10:1111;10:2222;
277;COM8;Tx C-Msg;2450000122 Hz;;2.0 Mb/s BW 2.4 MHz;;;2021-04-13 18:09:51.547;;;Status:OK  Packet:1146  AirTime:1 ms
278;COM8;Rx Ack-Msg;2450000122 Hz;;2.0 Mb/s BW 2.4 MHz;-66 dBm;0 dB;2021-04-13 18:09:51;10:1111;10:2222;
279;COM8;Tx C-Msg;2450000122 Hz;;2.0 Mb/s BW 2.4 MHz;;;2021-04-13 18:09:52.142;;;Status:OK  Packet:1147  AirTime:1 ms
280;COM8;Rx Ack-Msg;2450000122 Hz;;2.0 Mb/s BW 2.4 MHz;-64 dBm;0 dB;2021-04-13 18:09:51;10:1111;10:2222;
281;COM8;Tx C-Msg;2450000122 Hz;;2.0 Mb/s BW 2.4 MHz;;;2021-04-13 18:09:52.779;;;Status:OK  Packet:1148  AirTime:1 ms
282;COM8;Rx Ack-Msg;2450000122 Hz;;2.0 Mb/s BW 2.4 MHz;-64 dBm;0 dB;2021-04-13 18:09:52;10:1111;10:2222;
283;COM8;Tx C-Msg;2450000122 Hz;;2.0 Mb/s BW 2.4 MHz;;;2021-04-13 18:09:53.404;;;Status:OK  Packet:1149  AirTime:1 ms
284;COM8;Rx Ack-Msg;2450000122 Hz;;2.0 Mb/s BW 2.4 MHz;-65 dBm;0 dB;2021-04-13 18:09:53;10:1111;10:2222;
285;COM8;Tx C-Msg;2450000122 Hz;;2.0 Mb/s BW 2.4 MHz;;;2021-04-13 18:09:54.043;;;Status:OK  Packet:1150  AirTime:1 ms
286;COM8;Rx Ack-Msg;2450000122 Hz;;2.0 Mb/s BW 2.4 MHz;-64 dBm;0 dB;2021-04-13 18:09:53;10:1111;10:2222;
287;COM8;Tx C-Msg;2450000122 Hz;;2.0 Mb/s BW 2.4 MHz;;;2021-04-13 18:09:54.734;;;Status:OK  Packet:1151  AirTime:1 ms
288;COM8;Rx Ack-Msg;2450000122 Hz;;2.0 Mb/s BW 2.4 MHz;-65 dBm;0 dB;2021-04-13 18:09:54;10:1111;10:2222;
289;COM8;Tx C-Msg;2450000122 Hz;;2.0 Mb/s BW 2.4 MHz;;;2021-04-13 18:09:55.406;;;Status:OK  Packet:1152  AirTime:1 ms
290;COM8;Rx Ack-Msg;2450000122 Hz;;2.0 Mb/s BW 2.4 MHz;-64 dBm;0 dB;2021-04-13 18:09:55;10:1111;10:2222;
291;COM8;Tx C-Msg;2450000122 Hz;;2.0 Mb/s BW 2.4 MHz;;;2021-04-13 18:09:56.067;;;Status:OK  Packet:1153  AirTime:1 ms
292;COM8;Rx Ack-Msg;2450000122 Hz;;2.0 Mb/s BW 2.4 MHz;-64 dBm;0 dB;2021-04-13 18:09:55;10:1111;10:2222;
293;COM8;Tx C-Msg;2450000122 Hz;;2.0 Mb/s BW 2.4 MHz;;;2021-04-13 18:09:56.681;;;Status:OK  Packet:1154  AirTime:1 ms
294;COM8;Rx Ack-Msg;2450000122 Hz;;2.0 Mb/s BW 2.4 MHz;-64 dBm;0 dB;2021-04-13 18:09:56;10:1111;10:2222;
295;COM8;Tx C-Msg;2450000122 Hz;;2.0 Mb/s BW 2.4 MHz;;;2021-04-13 18:09:57.356;;;Status:OK  Packet:1155  AirTime:1 ms
296;COM8;Rx Ack-Msg;2450000122 Hz;;2.0 Mb/s BW 2.4 MHz;-64 dBm;0 dB;2021-04-13 18:09:57;10:1111;10:2222;
297;COM8;Tx C-Msg;2450000122 Hz;;2.0 Mb/s BW 2.4 MHz;;;2021-04-13 18:09:58.017;;;Status:OK  Packet:1156  AirTime:1 ms
298;COM8;Rx Ack-Msg;2450000122 Hz;;2.0 Mb/s BW 2.4 MHz;-64 dBm;0 dB;2021-04-13 18:09:57;10:1111;10:2222;
299;COM8;Tx C-Msg;2450000122 Hz;;2.0 Mb/s BW 2.4 MHz;;;2021-04-13 18:09:58.759;;;Status:OK  Packet:1157  AirTime:1 ms
300;COM8;Rx Ack-Msg;2450000122 Hz;;2.0 Mb/s BW 2.4 MHz;-64 dBm;0 dB;2021-04-13 18:09:58;10:1111;10:2222;
301;COM8;Tx C-Msg;2450000122 Hz;;2.0 Mb/s BW 2.4 MHz;;;2021-04-13 18:10:21.442;;;Status:OK  Packet:1158  AirTime:1 ms
302;COM8;Rx Ack-Msg;2450000122 Hz;;2.0 Mb/s BW 2.4 MHz;-75 dBm;0 dB;2021-04-13 18:10:21;10:1111;10:2222;
303;COM8;Tx C-Msg;2450000122 Hz;;2.0 Mb/s BW 2.4 MHz;;;2021-04-13 18:10:22.623;;;Status:OK  Packet:1159  AirTime:1 ms
304;COM8;Rx Ack-Msg;2450000122 Hz;;2.0 Mb/s BW 2.4 MHz;-76 dBm;0 dB;2021-04-13 18:10:22;10:1111;10:2222;
305;COM8;Tx C-Msg;2450000122 Hz;;2.0 Mb/s BW 2.4 MHz;;;2021-04-13 18:10:23.580;;;Status:OK  Packet:1160  AirTime:1 ms
306;COM8;Rx Ack-Msg;2450000122 Hz;;2.0 Mb/s BW 2.4 MHz;-75 dBm;0 dB;2021-04-13 18:10:23;10:1111;10:2222;
307;COM8;Tx C-Msg;2450000122 Hz;;2.0 Mb/s BW 2.4 MHz;;;2021-04-13 18:10:27.901;;;Status:OK  Packet:1161  AirTime:1 ms
308;COM8;Rx Ack-Msg;2450000122 Hz;;2.0 Mb/s BW 2.4 MHz;-63 dBm;0 dB;2021-04-13 18:10:27;10:1111;10:2222;
309;COM8;Tx C-Msg;2450000122 Hz;;2.0 Mb/s BW 2.4 MHz;;;2021-04-13 18:10:28.952;;;Status:OK  Packet:1162  AirTime:1 ms
310;COM8;Rx Ack-Msg;2450000122 Hz;;2.0 Mb/s BW 2.4 MHz;-61 dBm;0 dB;2021-04-13 18:10:28;10:1111;10:2222;
311;COM8;Tx C-Msg;2450000122 Hz;;2.0 Mb/s BW 2.4 MHz;;;2021-04-13 18:10:29.958;;;Status:OK  Packet:1163  AirTime:1 ms
312;COM8;Rx Ack-Msg;2450000122 Hz;;2.0 Mb/s BW 2.4 MHz;-61 dBm;0 dB;2021-04-13 18:10:29;10:1111;10:2222;
313;COM8;Tx C-Msg;2450000122 Hz;;2.0 Mb/s BW 2.4 MHz;;;2021-04-13 18:10:30.758;;;Status:OK  Packet:1164  AirTime:1 ms
314;COM8;Rx Ack-Msg;2450000122 Hz;;2.0 Mb/s BW 2.4 MHz;-62 dBm;0 dB;2021-04-13 18:10:30;10:1111;10:2222;
315;COM8;Tx C-Msg;2450000122 Hz;;2.0 Mb/s BW 2.4 MHz;;;2021-04-13 18:10:31.588;;;Status:OK  Packet:1165  AirTime:1 ms
316;COM8;Rx Ack-Msg;2450000122 Hz;;2.0 Mb/s BW 2.4 MHz;-64 dBm;0 dB;2021-04-13 18:10:31;10:1111;10:2222;
317;COM8;Tx C-Msg;2450000122 Hz;;2.0 Mb/s BW 2.4 MHz;;;2021-04-13 18:10:32.437;;;Status:OK  Packet:1166  AirTime:1 ms
318;COM8;Rx Ack-Msg;2450000122 Hz;;2.0 Mb/s BW 2.4 MHz;-63 dBm;0 dB;2021-04-13 18:10:32;10:1111;10:2222;
319;COM8;Tx C-Msg;2450000122 Hz;;2.0 Mb/s BW 2.4 MHz;;;2021-04-13 18:10:33.219;;;Status:OK  Packet:1167  AirTime:1 ms
320;COM8;Rx Ack-Msg;2450000122 Hz;;2.0 Mb/s BW 2.4 MHz;-63 dBm;0 dB;2021-04-13 18:10:32;10:1111;10:2222;
321;COM8;Tx C-Msg;2450000122 Hz;;2.0 Mb/s BW 2.4 MHz;;;2021-04-13 18:10:34.272;;;Status:OK  Packet:1168  AirTime:1 ms
322;COM8;Rx Ack-Msg;2450000122 Hz;;2.0 Mb/s BW 2.4 MHz;-65 dBm;0 dB;2021-04-13 18:10:34;10:1111;10:2222;
323;COM8;Tx C-Msg;2450000122 Hz;;2.0 Mb/s BW 2.4 MHz;;;2021-04-13 18:10:34.784;;;Status:OK  Packet:1169  AirTime:1 ms
324;COM8;Rx Ack-Msg;2450000122 Hz;;2.0 Mb/s BW 2.4 MHz;-64 dBm;0 dB;2021-04-13 18:10:34;10:1111;10:2222;
325;COM8;Tx C-Msg;2450000122 Hz;;2.0 Mb/s BW 2.4 MHz;;;2021-04-13 18:10:35.568;;;Status:OK  Packet:1170  AirTime:1 ms
326;COM8;Rx Ack-Msg;2450000122 Hz;;2.0 Mb/s BW 2.4 MHz;-62 dBm;0 dB;2021-04-13 18:10:35;10:1111;10:2222;
327;COM8;Tx C-Msg;2450000122 Hz;;2.0 Mb/s BW 2.4 MHz;;;2021-04-13 18:10:36.336;;;Status:OK  Packet:1171  AirTime:1 ms
328;COM8;Rx Ack-Msg;2450000122 Hz;;2.0 Mb/s BW 2.4 MHz;-64 dBm;0 dB;2021-04-13 18:10:36;10:1111;10:2222;
329;COM8;Tx C-Msg;2450000122 Hz;;2.0 Mb/s BW 2.4 MHz;;;2021-04-13 18:10:37.626;;;Status:OK  Packet:1172  AirTime:1 ms
330;COM8;Rx Ack-Msg;2450000122 Hz;;2.0 Mb/s BW 2.4 MHz;-66 dBm;0 dB;2021-04-13 18:10:37;10:1111;10:2222;
331;COM8;Tx C-Msg;2450000122 Hz;;2.0 Mb/s BW 2.4 MHz;;;2021-04-13 18:10:38.508;;;Status:OK  Packet:1173  AirTime:1 ms
332;COM8;Rx Ack-Msg;2450000122 Hz;;2.0 Mb/s BW 2.4 MHz;-65 dBm;0 dB;2021-04-13 18:10:38;10:1111;10:2222;
333;COM8;Tx C-Msg;2450000122 Hz;;2.0 Mb/s BW 2.4 MHz;;;2021-04-13 18:10:39.212;;;Status:OK  Packet:1174  AirTime:1 ms
334;COM8;Rx Ack-Msg;2450000122 Hz;;2.0 Mb/s BW 2.4 MHz;-64 dBm;0 dB;2021-04-13 18:10:38;10:1111;10:2222;
335;COM8;Tx C-Msg;2450000122 Hz;;2.0 Mb/s BW 2.4 MHz;;;2021-04-13 18:10:39.717;;;Status:OK  Packet:1175  AirTime:1 ms
336;COM8;Rx Ack-Msg;2450000122 Hz;;2.0 Mb/s BW 2.4 MHz;-63 dBm;0 dB;2021-04-13 18:10:39;10:1111;10:2222;
337;COM8;Tx C-Msg;2450000122 Hz;;2.0 Mb/s BW 2.4 MHz;;;2021-04-13 18:10:40.444;;;Status:OK  Packet:1176  AirTime:1 ms
338;COM8;Rx Ack-Msg;2450000122 Hz;;2.0 Mb/s BW 2.4 MHz;-64 dBm;0 dB;2021-04-13 18:10:40;10:1111;10:2222;
339;COM8;Tx C-Msg;2450000122 Hz;;2.0 Mb/s BW 2.4 MHz;;;2021-04-13 18:10:41.211;;;Status:OK  Packet:1177  AirTime:1 ms
340;COM8;Rx Ack-Msg;2450000122 Hz;;2.0 Mb/s BW 2.4 MHz;-64 dBm;0 dB;2021-04-13 18:10:40;10:1111;10:2222;
341;COM8;Tx C-Msg;2450000122 Hz;;2.0 Mb/s BW 2.4 MHz;;;2021-04-13 18:10:41.748;;;Status:OK  Packet:1178  AirTime:1 ms
342;COM8;Rx Ack-Msg;2450000122 Hz;;2.0 Mb/s BW 2.4 MHz;-64 dBm;0 dB;2021-04-13 18:10:41;10:1111;10:2222;
343;COM8;Tx C-Msg;2450000122 Hz;;2.0 Mb/s BW 2.4 MHz;;;2021-04-13 18:10:42.219;;;Status:OK  Packet:1179  AirTime:1 ms
344;COM8;Rx Ack-Msg;2450000122 Hz;;2.0 Mb/s BW 2.4 MHz;-64 dBm;0 dB;2021-04-13 18:10:41;10:1111;10:2222;
345;COM8;Tx C-Msg;2450000122 Hz;;2.0 Mb/s BW 2.4 MHz;;;2021-04-13 18:10:42.934;;;Status:OK  Packet:1180  AirTime:1 ms
346;COM8;Ack Timeout;2450000122 Hz;;2.0 Mb/s BW 2.4 MHz;;;2021-04-13 18:10:47.917;;;
347;COM8;Tx C-Msg;2450000122 Hz;;2.0 Mb/s BW 2.4 MHz;;;2021-04-13 18:10:47.929;;;Status:OK  Packet:1181  AirTime:1 ms
348;COM8;Rx Ack-Msg;2450000122 Hz;;2.0 Mb/s BW 2.4 MHz;-65 dBm;0 dB;2021-04-13 18:10:47;10:1111;10:2222;
349;COM8;Tx C-Msg;2450000122 Hz;;2.0 Mb/s BW 2.4 MHz;;;2021-04-13 18:10:48.009;;;Status:OK  Packet:1182  AirTime:1 ms
350;COM8;Rx Ack-Msg;2450000122 Hz;;2.0 Mb/s BW 2.4 MHz;-64 dBm;0 dB;2021-04-13 18:10:47;10:1111;10:2222;
351;COM8;Tx C-Msg;2450000122 Hz;;2.0 Mb/s BW 2.4 MHz;;;2021-04-13 18:10:48.033;;;Status:OK  Packet:1183  AirTime:1 ms
352;COM8;Rx Ack-Msg;2450000122 Hz;;2.0 Mb/s BW 2.4 MHz;-64 dBm;0 dB;2021-04-13 18:10:47;10:1111;10:2222;
353;COM8;Tx C-Msg;2450000122 Hz;;2.0 Mb/s BW 2.4 MHz;;;2021-04-13 18:10:49.264;;;Status:OK  Packet:1184  AirTime:1 ms
354;COM8;Rx Ack-Msg;2450000122 Hz;;2.0 Mb/s BW 2.4 MHz;-62 dBm;0 dB;2021-04-13 18:10:49;10:1111;10:2222;
355;COM8;Tx C-Msg;2450000122 Hz;;2.0 Mb/s BW 2.4 MHz;;;2021-04-13 18:10:50.159;;;Status:OK  Packet:1185  AirTime:1 ms
356;COM8;Rx Ack-Msg;2450000122 Hz;;2.0 Mb/s BW 2.4 MHz;-62 dBm;0 dB;2021-04-13 18:10:49;10:1111;10:2222;
357;COM8;Tx C-Msg;2450000122 Hz;;2.0 Mb/s BW 2.4 MHz;;;2021-04-13 18:10:50.925;;;Status:OK  Packet:1186  AirTime:1 ms
358;COM8;Rx Ack-Msg;2450000122 Hz;;2.0 Mb/s BW 2.4 MHz;-68 dBm;0 dB;2021-04-13 18:10:50;10:1111;10:2222;
359;COM8;Tx C-Msg;2450000122 Hz;;2.0 Mb/s BW 2.4 MHz;;;2021-04-13 18:10:51.583;;;Status:OK  Packet:1187  AirTime:1 ms
360;COM8;Rx Ack-Msg;2450000122 Hz;;2.0 Mb/s BW 2.4 MHz;-70 dBm;0 dB;2021-04-13 18:10:51;10:1111;10:2222;
361;COM8;Tx C-Msg;2450000122 Hz;;2.0 Mb/s BW 2.4 MHz;;;2021-04-13 18:10:52.334;;;Status:OK  Packet:1188  AirTime:1 ms
362;COM8;Rx Ack-Msg;2450000122 Hz;;2.0 Mb/s BW 2.4 MHz;-68 dBm;0 dB;2021-04-13 18:10:52;10:1111;10:2222;
363;COM8;Tx C-Msg;2450000122 Hz;;2.0 Mb/s BW 2.4 MHz;;;2021-04-13 18:10:53.118;;;Status:OK  Packet:1189  AirTime:1 ms
364;COM8;Rx Ack-Msg;2450000122 Hz;;2.0 Mb/s BW 2.4 MHz;-66 dBm;0 dB;2021-04-13 18:10:52;10:1111;10:2222;
365;COM8;Tx C-Msg;2450000122 Hz;;2.0 Mb/s BW 2.4 MHz;;;2021-04-13 18:10:53.803;;;Status:OK  Packet:1190  AirTime:1 ms
366;COM8;Rx Ack-Msg;2450000122 Hz;;2.0 Mb/s BW 2.4 MHz;-67 dBm;0 dB;2021-04-13 18:10:53;10:1111;10:2222;
367;COM8;Tx C-Msg;2450000122 Hz;;2.0 Mb/s BW 2.4 MHz;;;2021-04-13 18:10:54.505;;;Status:OK  Packet:1191  AirTime:1 ms
368;COM8;Rx Ack-Msg;2450000122 Hz;;2.0 Mb/s BW 2.4 MHz;-66 dBm;0 dB;2021-04-13 18:10:54;10:1111;10:2222;
369;COM8;Tx C-Msg;2450000122 Hz;;2.0 Mb/s BW 2.4 MHz;;;2021-04-13 18:10:55.211;;;Status:OK  Packet:1192  AirTime:1 ms
370;COM8;Rx Ack-Msg;2450000122 Hz;;2.0 Mb/s BW 2.4 MHz;-66 dBm;0 dB;2021-04-13 18:10:54;10:1111;10:2222;
371;COM8;Tx C-Msg;2450000122 Hz;;2.0 Mb/s BW 2.4 MHz;;;2021-04-13 18:10:55.945;;;Status:OK  Packet:1193  AirTime:1 ms
372;COM8;Rx Ack-Msg;2450000122 Hz;;2.0 Mb/s BW 2.4 MHz;-67 dBm;0 dB;2021-04-13 18:10:55;10:1111;10:2222;
373;COM8;Tx C-Msg;2450000122 Hz;;2.0 Mb/s BW 2.4 MHz;;;2021-04-13 18:10:56.696;;;Status:OK  Packet:1194  AirTime:1 ms
374;COM8;Rx Ack-Msg;2450000122 Hz;;2.0 Mb/s BW 2.4 MHz;-66 dBm;0 dB;2021-04-13 18:10:56;10:1111;10:2222;
375;COM8;Tx C-Msg;2450000122 Hz;;2.0 Mb/s BW 2.4 MHz;;;2021-04-13 18:10:57.368;;;Status:OK  Packet:1195  AirTime:1 ms
376;COM8;Rx Ack-Msg;2450000122 Hz;;2.0 Mb/s BW 2.4 MHz;-65 dBm;0 dB;2021-04-13 18:10:57;10:1111;10:2222;
377;COM8;Tx C-Msg;2450000122 Hz;;2.0 Mb/s BW 2.4 MHz;;;2021-04-13 18:10:58.097;;;Status:OK  Packet:1196  AirTime:1 ms
378;COM8;Rx Ack-Msg;2450000122 Hz;;2.0 Mb/s BW 2.4 MHz;-65 dBm;0 dB;2021-04-13 18:10:57;10:1111;10:2222;
379;COM8;Tx C-Msg;2450000122 Hz;;2.0 Mb/s BW 2.4 MHz;;;2021-04-13 18:10:58.917;;;Status:OK  Packet:1197  AirTime:1 ms
380;COM8;Rx Ack-Msg;2450000122 Hz;;2.0 Mb/s BW 2.4 MHz;-64 dBm;0 dB;2021-04-13 18:10:58;10:1111;10:2222;
381;COM8;Tx C-Msg;2450000122 Hz;;2.0 Mb/s BW 2.4 MHz;;;2021-04-13 18:10:59.573;;;Status:OK  Packet:1198  AirTime:1 ms
382;COM8;Rx Ack-Msg;2450000122 Hz;;2.0 Mb/s BW 2.4 MHz;-65 dBm;0 dB;2021-04-13 18:10:59;10:1111;10:2222;
383;COM8;Tx C-Msg;2450000122 Hz;;2.0 Mb/s BW 2.4 MHz;;;2021-04-13 18:11:00.261;;;Status:OK  Packet:1199  AirTime:1 ms
384;COM8;Rx Ack-Msg;2450000122 Hz;;2.0 Mb/s BW 2.4 MHz;-65 dBm;0 dB;2021-04-13 18:11:00;10:1111;10:2222;
385;COM8;Tx C-Msg;2450000122 Hz;;2.0 Mb/s BW 2.4 MHz;;;2021-04-13 18:11:00.982;;;Status:OK  Packet:1200  AirTime:1 ms
386;COM8;Rx Ack-Msg;2450000122 Hz;;2.0 Mb/s BW 2.4 MHz;-64 dBm;0 dB;2021-04-13 18:11:00;10:1111;10:2222;
387;COM8;Tx C-Msg;2450000122 Hz;;2.0 Mb/s BW 2.4 MHz;;;2021-04-13 18:11:01.669;;;Status:OK  Packet:1201  AirTime:1 ms
388;COM8;Rx Ack-Msg;2450000122 Hz;;2.0 Mb/s BW 2.4 MHz;-64 dBm;0 dB;2021-04-13 18:11:01;10:1111;10:2222;
389;COM8;Tx C-Msg;2450000122 Hz;;2.0 Mb/s BW 2.4 MHz;;;2021-04-13 18:11:02.273;;;Status:OK  Packet:1202  AirTime:1 ms
390;COM8;Rx Ack-Msg;2450000122 Hz;;2.0 Mb/s BW 2.4 MHz;-64 dBm;0 dB;2021-04-13 18:11:02;10:1111;10:2222;
391;COM8;Tx C-Msg;2450000122 Hz;;2.0 Mb/s BW 2.4 MHz;;;2021-04-13 18:11:02.930;;;Status:OK  Packet:1203  AirTime:1 ms
392;COM8;Rx Ack-Msg;2450000122 Hz;;2.0 Mb/s BW 2.4 MHz;-64 dBm;0 dB;2021-04-13 18:11:02;10:1111;10:2222;
393;COM8;Tx C-Msg;2450000122 Hz;;2.0 Mb/s BW 2.4 MHz;;;2021-04-13 18:11:03.552;;;Status:OK  Packet:1204  AirTime:1 ms
394;COM8;Rx Ack-Msg;2450000122 Hz;;2.0 Mb/s BW 2.4 MHz;-64 dBm;0 dB;2021-04-13 18:11:03;10:1111;10:2222;
395;COM8;Tx C-Msg;2450000122 Hz;;2.0 Mb/s BW 2.4 MHz;;;2021-04-13 18:11:04.226;;;Status:OK  Packet:1205  AirTime:1 ms
396;COM8;Rx Ack-Msg;2450000122 Hz;;2.0 Mb/s BW 2.4 MHz;-64 dBm;0 dB;2021-04-13 18:11:03;10:1111;10:2222;
397;COM8;Tx C-Msg;2450000122 Hz;;2.0 Mb/s BW 2.4 MHz;;;2021-04-13 18:11:04.816;;;Status:OK  Packet:1206  AirTime:1 ms
398;COM8;Rx Ack-Msg;2450000122 Hz;;2.0 Mb/s BW 2.4 MHz;-64 dBm;0 dB;2021-04-13 18:11:04;10:1111;10:2222;
399;COM8;Tx C-Msg;2450000122 Hz;;2.0 Mb/s BW 2.4 MHz;;;2021-04-13 18:11:05.518;;;Status:OK  Packet:1207  AirTime:1 ms
400;COM8;Rx Ack-Msg;2450000122 Hz;;2.0 Mb/s BW 2.4 MHz;-65 dBm;0 dB;2021-04-13 18:11:05;10:1111;10:2222;
