No.;Port;Event;Frequency;SF / Datarate;Bandwidth;RSSI;SNR;Time;Dst Address;Src Address;Message Payload 
1;COM8;Tx C-Msg;2450000122 Hz;LoRa SF12;LoRa BW 1600;;;2021-03-26 18:03:18.039;;;Status:OK  Packet:1126  AirTime:99 ms
2;COM8;Rx Ack-Msg;2450000122 Hz;LoRa SF12;LoRa BW 1600;-73 dBm;4 dB;2021-03-26 18:03:17;10:1111;10:2222;
3;COM8;Tx C-Msg;2450000122 Hz;LoRa SF12;LoRa BW 1600;;;2021-03-26 18:03:23.124;;;Status:OK  Packet:1127  AirTime:99 ms
4;COM8;Rx Ack-Msg;2450000122 Hz;LoRa SF12;LoRa BW 1600;-79 dBm;6 dB;2021-03-26 18:03:22;10:1111;10:2222;
5;COM8;Tx C-Msg;2450000122 Hz;LoRa SF12;LoRa BW 1600;;;2021-03-26 18:03:24.132;;;Status:OK  Packet:1128  AirTime:99 ms
6;COM8;Rx Ack-Msg;2450000122 Hz;LoRa SF12;LoRa BW 1600;-76 dBm;4 dB;2021-03-26 18:03:23;10:1111;10:2222;
7;COM8;Tx C-Msg;2450000122 Hz;LoRa SF12;LoRa BW 1600;;;2021-03-26 18:03:24.959;;;Status:OK  Packet:1129  AirTime:99 ms
8;COM8;Rx Ack-Msg;2450000122 Hz;LoRa SF12;LoRa BW 1600;-77 dBm;5 dB;2021-03-26 18:03:24;10:1111;10:2222;
9;COM8;Tx C-Msg;2450000122 Hz;LoRa SF12;LoRa BW 1600;;;2021-03-26 18:03:36.155;;;Status:OK  Packet:1130  AirTime:99 ms
10;COM8;Rx Ack-Msg;2450000122 Hz;LoRa SF12;LoRa BW 1600;-72 dBm;5 dB;2021-03-26 18:03:36;10:1111;10:2222;
11;COM8;Tx C-Msg;2450000122 Hz;LoRa SF12;LoRa BW 1600;;;2021-03-26 18:03:37.227;;;Status:OK  Packet:1131  AirTime:99 ms
12;COM8;Rx Ack-Msg;2450000122 Hz;LoRa SF12;LoRa BW 1600;-72 dBm;6 dB;2021-03-26 18:03:37;10:1111;10:2222;
13;COM8;Tx C-Msg;2450000122 Hz;LoRa SF12;LoRa BW 1600;;;2021-03-26 18:03:37.517;;;Status:OK  Packet:1132  AirTime:99 ms
14;COM8;Rx Ack-Msg;2450000122 Hz;LoRa SF12;LoRa BW 1600;-72 dBm;5 dB;2021-03-26 18:03:37;10:1111;10:2222;
15;COM8;Tx C-Msg;2450000122 Hz;LoRa SF12;LoRa BW 1600;;;2021-03-26 18:03:37.708;;;Status:OK  Packet:1133  AirTime:99 ms
16;COM8;Rx Ack-Msg;2450000122 Hz;LoRa SF12;LoRa BW 1600;-72 dBm;5 dB;2021-03-26 18:03:37;10:1111;10:2222;
17;COM8;Tx C-Msg;2450000122 Hz;LoRa SF12;LoRa BW 1600;;;2021-03-26 18:03:37.915;;;Status:OK  Packet:1134  AirTime:99 ms
18;COM8;Rx Ack-Msg;2450000122 Hz;LoRa SF12;LoRa BW 1600;-72 dBm;5 dB;2021-03-26 18:03:37;10:1111;10:2222;
19;COM8;Tx C-Msg;2450000122 Hz;LoRa SF12;LoRa BW 1600;;;2021-03-26 18:03:38.106;;;Status:OK  Packet:1135  AirTime:99 ms
20;COM8;Rx Ack-Msg;2450000122 Hz;LoRa SF12;LoRa BW 1600;-72 dBm;6 dB;2021-03-26 18:03:37;10:1111;10:2222;
21;COM8;Tx C-Msg;2450000122 Hz;LoRa SF12;LoRa BW 1600;;;2021-03-26 18:03:38.293;;;Status:OK  Packet:1136  AirTime:99 ms
22;COM8;Rx Ack-Msg;2450000122 Hz;LoRa SF12;LoRa BW 1600;-72 dBm;4 dB;2021-03-26 18:03:38;10:1111;10:2222;
23;COM8;Tx C-Msg;2450000122 Hz;LoRa SF12;LoRa BW 1600;;;2021-03-26 18:03:38.509;;;Status:OK  Packet:1137  AirTime:99 ms
24;COM8;Rx Ack-Msg;2450000122 Hz;LoRa SF12;LoRa BW 1600;-72 dBm;5 dB;2021-03-26 18:03:38;10:1111;10:2222;
25;COM8;Tx C-Msg;2450000122 Hz;LoRa SF12;LoRa BW 1600;;;2021-03-26 18:03:38.693;;;Status:OK  Packet:1138  AirTime:99 ms
26;COM8;Rx Ack-Msg;2450000122 Hz;LoRa SF12;LoRa BW 1600;-72 dBm;6 dB;2021-03-26 18:03:38;10:1111;10:2222;
27;COM8;Tx C-Msg;2450000122 Hz;LoRa SF12;LoRa BW 1600;;;2021-03-26 18:03:38.905;;;Status:OK  Packet:1139  AirTime:99 ms
28;COM8;Rx Ack-Msg;2450000122 Hz;LoRa SF12;LoRa BW 1600;-72 dBm;6 dB;2021-03-26 18:03:38;10:1111;10:2222;
29;COM8;Tx C-Msg;2450000122 Hz;LoRa SF12;LoRa BW 1600;;;2021-03-26 18:03:39.094;;;Status:OK  Packet:1140  AirTime:99 ms
30;COM8;Rx Ack-Msg;2450000122 Hz;LoRa SF12;LoRa BW 1600;-72 dBm;6 dB;2021-03-26 18:03:38;10:1111;10:2222;
31;COM8;Tx C-Msg;2450000122 Hz;LoRa SF12;LoRa BW 1600;;;2021-03-26 18:03:39.292;;;Status:OK  Packet:1141  AirTime:99 ms
32;COM8;Rx Ack-Msg;2450000122 Hz;LoRa SF12;LoRa BW 1600;-72 dBm;5 dB;2021-03-26 18:03:39;10:1111;10:2222;
33;COM8;Tx C-Msg;2450000122 Hz;LoRa SF12;LoRa BW 1600;;;2021-03-26 18:03:39.496;;;Status:OK  Packet:1142  AirTime:99 ms
34;COM8;Rx Ack-Msg;2450000122 Hz;LoRa SF12;LoRa BW 1600;-72 dBm;6 dB;2021-03-26 18:03:39;10:1111;10:2222;
35;COM8;Tx C-Msg;2450000122 Hz;LoRa SF12;LoRa BW 1600;;;2021-03-26 18:03:39.689;;;Status:OK  Packet:1143  AirTime:99 ms
36;COM8;Rx Ack-Msg;2450000122 Hz;LoRa SF12;LoRa BW 1600;-72 dBm;5 dB;2021-03-26 18:03:39;10:1111;10:2222;
37;COM8;Tx C-Msg;2450000122 Hz;LoRa SF12;LoRa BW 1600;;;2021-03-26 18:03:39.880;;;Status:OK  Packet:1144  AirTime:99 ms
38;COM8;Rx Ack-Msg;2450000122 Hz;LoRa SF12;LoRa BW 1600;-72 dBm;6 dB;2021-03-26 18:03:39;10:1111;10:2222;
39;COM8;Tx C-Msg;2450000122 Hz;LoRa SF12;LoRa BW 1600;;;2021-03-26 18:03:40.088;;;Status:OK  Packet:1145  AirTime:99 ms
40;COM8;Rx Ack-Msg;2450000122 Hz;LoRa SF12;LoRa BW 1600;-72 dBm;6 dB;2021-03-26 18:03:39;10:1111;10:2222;
41;COM8;Tx C-Msg;2450000122 Hz;LoRa SF12;LoRa BW 1600;;;2021-03-26 18:03:40.282;;;Status:OK  Packet:1146  AirTime:99 ms
42;COM8;Rx Ack-Msg;2450000122 Hz;LoRa SF12;LoRa BW 1600;-72 dBm;6 dB;2021-03-26 18:03:40;10:1111;10:2222;
43;COM8;Tx C-Msg;2450000122 Hz;LoRa SF12;LoRa BW 1600;;;2021-03-26 18:03:40.484;;;Status:OK  Packet:1147  AirTime:99 ms
44;COM8;Rx Ack-Msg;2450000122 Hz;LoRa SF12;LoRa BW 1600;-72 dBm;6 dB;2021-03-26 18:03:40;10:1111;10:2222;
45;COM8;Tx C-Msg;2450000122 Hz;LoRa SF12;LoRa BW 1600;;;2021-03-26 18:03:40.681;;;Status:OK  Packet:1148  AirTime:99 ms
46;COM8;Rx Ack-Msg;2450000122 Hz;LoRa SF12;LoRa BW 1600;-72 dBm;6 dB;2021-03-26 18:03:40;10:1111;10:2222;
47;COM8;Tx C-Msg;2450000122 Hz;LoRa SF12;LoRa BW 1600;;;2021-03-26 18:03:41.256;;;Status:OK  Packet:1149  AirTime:99 ms
48;COM8;Rx Ack-Msg;2450000122 Hz;LoRa SF12;LoRa BW 1600;-72 dBm;5 dB;2021-03-26 18:03:41;10:1111;10:2222;
49;COM8;Tx C-Msg;2450000122 Hz;LoRa SF12;LoRa BW 1600;;;2021-03-26 18:03:41.464;;;Status:OK  Packet:1150  AirTime:99 ms
50;COM8;Rx Ack-Msg;2450000122 Hz;LoRa SF12;LoRa BW 1600;-72 dBm;6 dB;2021-03-26 18:03:41;10:1111;10:2222;
51;COM8;Tx C-Msg;2450000122 Hz;LoRa SF12;LoRa BW 1600;;;2021-03-26 18:03:41.656;;;Status:OK  Packet:1151  AirTime:99 ms
52;COM8;Rx Ack-Msg;2450000122 Hz;LoRa SF12;LoRa BW 1600;-72 dBm;6 dB;2021-03-26 18:03:41;10:1111;10:2222;
53;COM8;Tx C-Msg;2450000122 Hz;LoRa SF12;LoRa BW 1600;;;2021-03-26 18:03:41.864;;;Status:OK  Packet:1152  AirTime:99 ms
54;COM8;Rx Ack-Msg;2450000122 Hz;LoRa SF12;LoRa BW 1600;-72 dBm;6 dB;2021-03-26 18:03:41;10:1111;10:2222;
55;COM8;Tx C-Msg;2450000122 Hz;LoRa SF12;LoRa BW 1600;;;2021-03-26 18:03:42.055;;;Status:OK  Packet:1153  AirTime:99 ms
56;COM8;Rx Ack-Msg;2450000122 Hz;LoRa SF12;LoRa BW 1600;-72 dBm;6 dB;2021-03-26 18:03:41;10:1111;10:2222;
57;COM8;Tx C-Msg;2450000122 Hz;LoRa SF12;LoRa BW 1600;;;2021-03-26 18:03:42.250;;;Status:OK  Packet:1154  AirTime:99 ms
58;COM8;Rx Ack-Msg;2450000122 Hz;LoRa SF12;LoRa BW 1600;-72 dBm;6 dB;2021-03-26 18:03:42;10:1111;10:2222;
59;COM8;Tx C-Msg;2450000122 Hz;LoRa SF12;LoRa BW 1600;;;2021-03-26 18:03:42.454;;;Status:OK  Packet:1155  AirTime:99 ms
60;COM8;Rx Ack-Msg;2450000122 Hz;LoRa SF12;LoRa BW 1600;-72 dBm;6 dB;2021-03-26 18:03:42;10:1111;10:2222;
61;COM8;Tx C-Msg;2450000122 Hz;LoRa SF12;LoRa BW 1600;;;2021-03-26 18:03:42.649;;;Status:OK  Packet:1156  AirTime:99 ms
62;COM8;Rx Ack-Msg;2450000122 Hz;LoRa SF12;LoRa BW 1600;-72 dBm;5 dB;2021-03-26 18:03:42;10:1111;10:2222;
63;COM8;Tx C-Msg;2450000122 Hz;LoRa SF12;LoRa BW 1600;;;2021-03-26 18:03:42.839;;;Status:OK  Packet:1157  AirTime:99 ms
64;COM8;Rx Ack-Msg;2450000122 Hz;LoRa SF12;LoRa BW 1600;-72 dBm;5 dB;2021-03-26 18:03:42;10:1111;10:2222;
65;COM8;Tx C-Msg;2450000122 Hz;LoRa SF12;LoRa BW 1600;;;2021-03-26 18:03:43.048;;;Status:OK  Packet:1158  AirTime:99 ms
66;COM8;Rx Ack-Msg;2450000122 Hz;LoRa SF12;LoRa BW 1600;-72 dBm;6 dB;2021-03-26 18:03:42;10:1111;10:2222;
67;COM8;Tx C-Msg;2450000122 Hz;LoRa SF12;LoRa BW 1600;;;2021-03-26 18:03:43.238;;;Status:OK  Packet:1159  AirTime:99 ms
68;COM8;Rx Ack-Msg;2450000122 Hz;LoRa SF12;LoRa BW 1600;-72 dBm;6 dB;2021-03-26 18:03:43;10:1111;10:2222;
69;COM8;Tx C-Msg;2450000122 Hz;LoRa SF12;LoRa BW 1600;;;2021-03-26 18:03:43.734;;;Status:OK  Packet:1160  AirTime:99 ms
70;COM8;Rx Ack-Msg;2450000122 Hz;LoRa SF12;LoRa BW 1600;-72 dBm;6 dB;2021-03-26 18:03:43;10:1111;10:2222;
71;COM8;Tx C-Msg;2450000122 Hz;LoRa SF12;LoRa BW 1600;;;2021-03-26 18:03:43.938;;;Status:OK  Packet:1161  AirTime:99 ms
72;COM8;Rx Ack-Msg;2450000122 Hz;LoRa SF12;LoRa BW 1600;-72 dBm;5 dB;2021-03-26 18:03:43;10:1111;10:2222;
73;COM8;Tx C-Msg;2450000122 Hz;LoRa SF12;LoRa BW 1600;;;2021-03-26 18:03:44.133;;;Status:OK  Packet:1162  AirTime:99 ms
74;COM8;Rx Ack-Msg;2450000122 Hz;LoRa SF12;LoRa BW 1600;-72 dBm;5 dB;2021-03-26 18:03:43;10:1111;10:2222;
75;COM8;Tx C-Msg;2450000122 Hz;LoRa SF12;LoRa BW 1600;;;2021-03-26 18:03:45.062;;;Status:OK  Packet:1163  AirTime:99 ms
76;COM8;Rx Ack-Msg;2450000122 Hz;LoRa SF12;LoRa BW 1600;-72 dBm;6 dB;2021-03-26 18:03:44;10:1111;10:2222;
77;COM8;Tx C-Msg;2450000122 Hz;LoRa SF12;LoRa BW 1600;;;2021-03-26 18:03:45.249;;;Status:OK  Packet:1164  AirTime:99 ms
78;COM8;Rx Ack-Msg;2450000122 Hz;LoRa SF12;LoRa BW 1600;-72 dBm;6 dB;2021-03-26 18:03:45;10:1111;10:2222;
79;COM8;Tx C-Msg;2450000122 Hz;LoRa SF12;LoRa BW 1600;;;2021-03-26 18:03:45.461;;;Status:OK  Packet:1165  AirTime:99 ms
80;COM8;Rx Ack-Msg;2450000122 Hz;LoRa SF12;LoRa BW 1600;-72 dBm;5 dB;2021-03-26 18:03:45;10:1111;10:2222;
81;COM8;Tx C-Msg;2450000122 Hz;LoRa SF12;LoRa BW 1600;;;2021-03-26 18:03:45.648;;;Status:OK  Packet:1166  AirTime:99 ms
82;COM8;Rx Ack-Msg;2450000122 Hz;LoRa SF12;LoRa BW 1600;-72 dBm;5 dB;2021-03-26 18:03:45;10:1111;10:2222;
83;COM8;Tx C-Msg;2450000122 Hz;LoRa SF12;LoRa BW 1600;;;2021-03-26 18:03:46.697;;;Status:OK  Packet:1167  AirTime:99 ms
84;COM8;Rx Ack-Msg;2450000122 Hz;LoRa SF12;LoRa BW 1600;-72 dBm;6 dB;2021-03-26 18:03:46;10:1111;10:2222;
85;COM8;Tx C-Msg;2450000122 Hz;LoRa SF12;LoRa BW 1600;;;2021-03-26 18:03:46.884;;;Status:OK  Packet:1168  AirTime:99 ms
86;COM8;Rx Ack-Msg;2450000122 Hz;LoRa SF12;LoRa BW 1600;-72 dBm;6 dB;2021-03-26 18:03:46;10:1111;10:2222;
87;COM8;Tx C-Msg;2450000122 Hz;LoRa SF12;LoRa BW 1600;;;2021-03-26 18:03:47.999;;;Status:OK  Packet:1169  AirTime:99 ms
88;COM8;Rx Ack-Msg;2450000122 Hz;LoRa SF12;LoRa BW 1600;-72 dBm;6 dB;2021-03-26 18:03:47;10:1111;10:2222;
89;COM8;Tx C-Msg;2450000122 Hz;LoRa SF12;LoRa BW 1600;;;2021-03-26 18:03:48.199;;;Status:OK  Packet:1170  AirTime:99 ms
90;COM8;Rx Ack-Msg;2450000122 Hz;LoRa SF12;LoRa BW 1600;-72 dBm;6 dB;2021-03-26 18:03:48;10:1111;10:2222;
91;COM8;Tx C-Msg;2450000122 Hz;LoRa SF12;LoRa BW 1600;;;2021-03-26 18:03:49.922;;;Status:OK  Packet:1171  AirTime:99 ms
92;COM8;Rx Ack-Msg;2450000122 Hz;LoRa SF12;LoRa BW 1600;-73 dBm;6 dB;2021-03-26 18:03:49;10:1111;10:2222;
93;COM8;Tx C-Msg;2450000122 Hz;LoRa SF12;LoRa BW 1600;;;2021-03-26 18:03:50.110;;;Status:OK  Packet:1172  AirTime:99 ms
94;COM8;Rx Ack-Msg;2450000122 Hz;LoRa SF12;LoRa BW 1600;-73 dBm;6 dB;2021-03-26 18:03:49;10:1111;10:2222;
95;COM8;Tx C-Msg;2450000122 Hz;LoRa SF12;LoRa BW 1600;;;2021-03-26 18:03:51.329;;;Status:OK  Packet:1173  AirTime:99 ms
96;COM8;Rx Ack-Msg;2450000122 Hz;LoRa SF12;LoRa BW 1600;-73 dBm;6 dB;2021-03-26 18:03:51;10:1111;10:2222;
97;COM8;Tx C-Msg;2450000122 Hz;LoRa SF12;LoRa BW 1600;;;2021-03-26 18:03:52.049;;;Status:OK  Packet:1174  AirTime:99 ms
98;COM8;Rx Ack-Msg;2450000122 Hz;LoRa SF12;LoRa BW 1600;-73 dBm;6 dB;2021-03-26 18:03:51;10:1111;10:2222;
99;COM8;Tx C-Msg;2450000122 Hz;LoRa SF12;LoRa BW 1600;;;2021-03-26 18:03:52.993;;;Status:OK  Packet:1175  AirTime:99 ms
100;COM8;Rx Ack-Msg;2450000122 Hz;LoRa SF12;LoRa BW 1600;-73 dBm;6 dB;2021-03-26 18:03:52;10:1111;10:2222;
101;COM8;Tx C-Msg;2450000122 Hz;LoRa SF12;LoRa BW 1600;;;2021-03-26 18:04:14.610;;;Status:OK  Packet:1176  AirTime:99 ms
102;COM8;Rx Ack-Msg;2450000122 Hz;LoRa SF12;LoRa BW 1600;-74 dBm;4 dB;2021-03-26 18:04:14;10:1111;10:2222;
103;COM8;Tx C-Msg;2450000122 Hz;LoRa SF12;LoRa BW 1600;;;2021-03-26 18:04:14.817;;;Status:OK  Packet:1177  AirTime:99 ms
104;COM8;Rx Ack-Msg;2450000122 Hz;LoRa SF12;LoRa BW 1600;-74 dBm;4 dB;2021-03-26 18:04:14;10:1111;10:2222;
105;COM8;Tx C-Msg;2450000122 Hz;LoRa SF12;LoRa BW 1600;;;2021-03-26 18:04:15.009;;;Status:OK  Packet:1178  AirTime:99 ms
106;COM8;Rx Ack-Msg;2450000122 Hz;LoRa SF12;LoRa BW 1600;-74 dBm;4 dB;2021-03-26 18:04:14;10:1111;10:2222;
107;COM8;Tx C-Msg;2450000122 Hz;LoRa SF12;LoRa BW 1600;;;2021-03-26 18:04:15.217;;;Status:OK  Packet:1179  AirTime:99 ms
108;COM8;Rx Ack-Msg;2450000122 Hz;LoRa SF12;LoRa BW 1600;-74 dBm;5 dB;2021-03-26 18:04:15;10:1111;10:2222;
109;COM8;Tx C-Msg;2450000122 Hz;LoRa SF12;LoRa BW 1600;;;2021-03-26 18:04:15.426;;;Status:OK  Packet:1180  AirTime:99 ms
110;COM8;Rx Ack-Msg;2450000122 Hz;LoRa SF12;LoRa BW 1600;-74 dBm;4 dB;2021-03-26 18:04:15;10:1111;10:2222;
111;COM8;Tx C-Msg;2450000122 Hz;LoRa SF12;LoRa BW 1600;;;2021-03-26 18:04:15.618;;;Status:OK  Packet:1181  AirTime:99 ms
112;COM8;Rx Ack-Msg;2450000122 Hz;LoRa SF12;LoRa BW 1600;-73 dBm;4 dB;2021-03-26 18:04:15;10:1111;10:2222;
113;COM8;Tx C-Msg;2450000122 Hz;LoRa SF12;LoRa BW 1600;;;2021-03-26 18:04:15.826;;;Status:OK  Packet:1182  AirTime:99 ms
114;COM8;Rx Ack-Msg;2450000122 Hz;LoRa SF12;LoRa BW 1600;-73 dBm;4 dB;2021-03-26 18:04:15;10:1111;10:2222;
115;COM8;Tx C-Msg;2450000122 Hz;LoRa SF12;LoRa BW 1600;;;2021-03-26 18:04:16.016;;;Status:OK  Packet:1183  AirTime:99 ms
116;COM8;Rx Ack-Msg;2450000122 Hz;LoRa SF12;LoRa BW 1600;-73 dBm;5 dB;2021-03-26 18:04:15;10:1111;10:2222;
117;COM8;Tx C-Msg;2450000122 Hz;LoRa SF12;LoRa BW 1600;;;2021-03-26 18:04:16.203;;;Status:OK  Packet:1184  AirTime:99 ms
118;COM8;Rx Ack-Msg;2450000122 Hz;LoRa SF12;LoRa BW 1600;-73 dBm;5 dB;2021-03-26 18:04:16;10:1111;10:2222;
119;COM8;Tx C-Msg;2450000122 Hz;LoRa SF12;LoRa BW 1600;;;2021-03-26 18:04:16.415;;;Status:OK  Packet:1185  AirTime:99 ms
120;COM8;Rx Ack-Msg;2450000122 Hz;LoRa SF12;LoRa BW 1600;-74 dBm;6 dB;2021-03-26 18:04:16;10:1111;10:2222;
121;COM8;Tx C-Msg;2450000122 Hz;LoRa SF12;LoRa BW 1600;;;2021-03-26 18:04:16.626;;;Status:OK  Packet:1186  AirTime:99 ms
122;COM8;Rx Ack-Msg;2450000122 Hz;LoRa SF12;LoRa BW 1600;-73 dBm;5 dB;2021-03-26 18:04:16;10:1111;10:2222;
123;COM8;Tx C-Msg;2450000122 Hz;LoRa SF12;LoRa BW 1600;;;2021-03-26 18:04:16.799;;;Status:OK  Packet:1187  AirTime:99 ms
124;COM8;Rx Ack-Msg;2450000122 Hz;LoRa SF12;LoRa BW 1600;-73 dBm;4 dB;2021-03-26 18:04:16;10:1111;10:2222;
125;COM8;Tx C-Msg;2450000122 Hz;LoRa SF12;LoRa BW 1600;;;2021-03-26 18:04:17.011;;;Status:OK  Packet:1188  AirTime:99 ms
126;COM8;Rx Ack-Msg;2450000122 Hz;LoRa SF12;LoRa BW 1600;-73 dBm;5 dB;2021-03-26 18:04:16;10:1111;10:2222;
127;COM8;Tx C-Msg;2450000122 Hz;LoRa SF12;LoRa BW 1600;;;2021-03-26 18:04:17.199;;;Status:OK  Packet:1189  AirTime:99 ms
128;COM8;Rx Ack-Msg;2450000122 Hz;LoRa SF12;LoRa BW 1600;-73 dBm;5 dB;2021-03-26 18:04:17;10:1111;10:2222;
129;COM8;Tx C-Msg;2450000122 Hz;LoRa SF12;LoRa BW 1600;;;2021-03-26 18:04:17.408;;;Status:OK  Packet:1190  AirTime:99 ms
130;COM8;Rx Ack-Msg;2450000122 Hz;LoRa SF12;LoRa BW 1600;-73 dBm;4 dB;2021-03-26 18:04:17;10:1111;10:2222;
131;COM8;Tx C-Msg;2450000122 Hz;LoRa SF12;LoRa BW 1600;;;2021-03-26 18:04:17.599;;;Status:OK  Packet:1191  AirTime:99 ms
132;COM8;Rx Ack-Msg;2450000122 Hz;LoRa SF12;LoRa BW 1600;-73 dBm;4 dB;2021-03-26 18:04:17;10:1111;10:2222;
133;COM8;Tx C-Msg;2450000122 Hz;LoRa SF12;LoRa BW 1600;;;2021-03-26 18:04:17.792;;;Status:OK  Packet:1192  AirTime:99 ms
134;COM8;Rx Ack-Msg;2450000122 Hz;LoRa SF12;LoRa BW 1600;-73 dBm;4 dB;2021-03-26 18:04:17;10:1111;10:2222;
135;COM8;Tx C-Msg;2450000122 Hz;LoRa SF12;LoRa BW 1600;;;2021-03-26 18:04:18.000;;;Status:OK  Packet:1193  AirTime:99 ms
136;COM8;Rx Ack-Msg;2450000122 Hz;LoRa SF12;LoRa BW 1600;-74 dBm;6 dB;2021-03-26 18:04:17;10:1111;10:2222;
137;COM8;Tx C-Msg;2450000122 Hz;LoRa SF12;LoRa BW 1600;;;2021-03-26 18:04:18.190;;;Status:OK  Packet:1194  AirTime:99 ms
138;COM8;Rx Ack-Msg;2450000122 Hz;LoRa SF12;LoRa BW 1600;-73 dBm;5 dB;2021-03-26 18:04:18;10:1111;10:2222;
139;COM8;Tx C-Msg;2450000122 Hz;LoRa SF12;LoRa BW 1600;;;2021-03-26 18:04:18.394;;;Status:OK  Packet:1195  AirTime:99 ms
140;COM8;Rx Ack-Msg;2450000122 Hz;LoRa SF12;LoRa BW 1600;-73 dBm;4 dB;2021-03-26 18:04:18;10:1111;10:2222;
141;COM8;Tx C-Msg;2450000122 Hz;LoRa SF12;LoRa BW 1600;;;2021-03-26 18:04:18.591;;;Status:OK  Packet:1196  AirTime:99 ms
142;COM8;Rx Ack-Msg;2450000122 Hz;LoRa SF12;LoRa BW 1600;-74 dBm;6 dB;2021-03-26 18:04:18;10:1111;10:2222;
143;COM8;Tx C-Msg;2450000122 Hz;LoRa SF12;LoRa BW 1600;;;2021-03-26 18:04:18.798;;;Status:OK  Packet:1197  AirTime:99 ms
144;COM8;Rx Ack-Msg;2450000122 Hz;LoRa SF12;LoRa BW 1600;-74 dBm;6 dB;2021-03-26 18:04:18;10:1111;10:2222;
145;COM8;Tx C-Msg;2450000122 Hz;LoRa SF12;LoRa BW 1600;;;2021-03-26 18:04:18.990;;;Status:OK  Packet:1198  AirTime:99 ms
146;COM8;Rx Ack-Msg;2450000122 Hz;LoRa SF12;LoRa BW 1600;-74 dBm;6 dB;2021-03-26 18:04:18;10:1111;10:2222;
147;COM8;Tx C-Msg;2450000122 Hz;LoRa SF12;LoRa BW 1600;;;2021-03-26 18:04:19.184;;;Status:OK  Packet:1199  AirTime:99 ms
148;COM8;Rx Ack-Msg;2450000122 Hz;LoRa SF12;LoRa BW 1600;-74 dBm;6 dB;2021-03-26 18:04:19;10:1111;10:2222;
149;COM8;Tx C-Msg;2450000122 Hz;LoRa SF12;LoRa BW 1600;;;2021-03-26 18:04:19.375;;;Status:OK  Packet:1200  AirTime:99 ms
150;COM8;Rx Ack-Msg;2450000122 Hz;LoRa SF12;LoRa BW 1600;-73 dBm;4 dB;2021-03-26 18:04:19;10:1111;10:2222;
151;COM8;Tx C-Msg;2450000122 Hz;LoRa SF12;LoRa BW 1600;;;2021-03-26 18:04:19.583;;;Status:OK  Packet:1201  AirTime:99 ms
152;COM8;Rx Ack-Msg;2450000122 Hz;LoRa SF12;LoRa BW 1600;-73 dBm;6 dB;2021-03-26 18:04:19;10:1111;10:2222;
153;COM8;Tx C-Msg;2450000122 Hz;LoRa SF12;LoRa BW 1600;;;2021-03-26 18:04:19.775;;;Status:OK  Packet:1202  AirTime:99 ms
154;COM8;Rx Ack-Msg;2450000122 Hz;LoRa SF12;LoRa BW 1600;-74 dBm;6 dB;2021-03-26 18:04:19;10:1111;10:2222;
155;COM8;Tx C-Msg;2450000122 Hz;LoRa SF12;LoRa BW 1600;;;2021-03-26 18:04:19.965;;;Status:OK  Packet:1203  AirTime:99 ms
156;COM8;Rx Ack-Msg;2450000122 Hz;LoRa SF12;LoRa BW 1600;-74 dBm;6 dB;2021-03-26 18:04:19;10:1111;10:2222;
157;COM8;Tx C-Msg;2450000122 Hz;LoRa SF12;LoRa BW 1600;;;2021-03-26 18:04:20.168;;;Status:OK  Packet:1204  AirTime:99 ms
158;COM8;Rx Ack-Msg;2450000122 Hz;LoRa SF12;LoRa BW 1600;-74 dBm;6 dB;2021-03-26 18:04:20;10:1111;10:2222;
159;COM8;Tx C-Msg;2450000122 Hz;LoRa SF12;LoRa BW 1600;;;2021-03-26 18:04:20.365;;;Status:OK  Packet:1205  AirTime:99 ms
160;COM8;Rx Ack-Msg;2450000122 Hz;LoRa SF12;LoRa BW 1600;-74 dBm;6 dB;2021-03-26 18:04:20;10:1111;10:2222;
161;COM8;Tx C-Msg;2450000122 Hz;LoRa SF12;LoRa BW 1600;;;2021-03-26 18:04:20.568;;;Status:OK  Packet:1206  AirTime:99 ms
162;COM8;Rx Ack-Msg;2450000122 Hz;LoRa SF12;LoRa BW 1600;-74 dBm;6 dB;2021-03-26 18:04:20;10:1111;10:2222;
163;COM8;Tx C-Msg;2450000122 Hz;LoRa SF12;LoRa BW 1600;;;2021-03-26 18:04:20.764;;;Status:OK  Packet:1207  AirTime:99 ms
164;COM8;Rx Ack-Msg;2450000122 Hz;LoRa SF12;LoRa BW 1600;-74 dBm;6 dB;2021-03-26 18:04:20;10:1111;10:2222;
165;COM8;Tx C-Msg;2450000122 Hz;LoRa SF12;LoRa BW 1600;;;2021-03-26 18:04:20.957;;;Status:OK  Packet:1208  AirTime:99 ms
166;COM8;Rx Ack-Msg;2450000122 Hz;LoRa SF12;LoRa BW 1600;-74 dBm;6 dB;2021-03-26 18:04:20;10:1111;10:2222;
167;COM8;Tx C-Msg;2450000122 Hz;LoRa SF12;LoRa BW 1600;;;2021-03-26 18:04:21.164;;;Status:OK  Packet:1209  AirTime:99 ms
168;COM8;Rx Ack-Msg;2450000122 Hz;LoRa SF12;LoRa BW 1600;-73 dBm;6 dB;2021-03-26 18:04:21;10:1111;10:2222;
169;COM8;Tx C-Msg;2450000122 Hz;LoRa SF12;LoRa BW 1600;;;2021-03-26 18:04:21.357;;;Status:OK  Packet:1210  AirTime:99 ms
170;COM8;Rx Ack-Msg;2450000122 Hz;LoRa SF12;LoRa BW 1600;-74 dBm;6 dB;2021-03-26 18:04:21;10:1111;10:2222;
171;COM8;Tx C-Msg;2450000122 Hz;LoRa SF12;LoRa BW 1600;;;2021-03-26 18:04:21.544;;;Status:OK  Packet:1211  AirTime:99 ms
172;COM8;Rx Ack-Msg;2450000122 Hz;LoRa SF12;LoRa BW 1600;-73 dBm;6 dB;2021-03-26 18:04:21;10:1111;10:2222;
173;COM8;Tx C-Msg;2450000122 Hz;LoRa SF12;LoRa BW 1600;;;2021-03-26 18:04:21.757;;;Status:OK  Packet:1212  AirTime:99 ms
174;COM8;Rx Ack-Msg;2450000122 Hz;LoRa SF12;LoRa BW 1600;-73 dBm;6 dB;2021-03-26 18:04:21;10:1111;10:2222;
175;COM8;Tx C-Msg;2450000122 Hz;LoRa SF12;LoRa BW 1600;;;2021-03-26 18:04:21.947;;;Status:OK  Packet:1213  AirTime:99 ms
176;COM8;Rx Ack-Msg;2450000122 Hz;LoRa SF12;LoRa BW 1600;-73 dBm;5 dB;2021-03-26 18:04:21;10:1111;10:2222;
177;COM8;Tx C-Msg;2450000122 Hz;LoRa SF12;LoRa BW 1600;;;2021-03-26 18:04:22.155;;;Status:OK  Packet:1214  AirTime:99 ms
178;COM8;Rx Ack-Msg;2450000122 Hz;LoRa SF12;LoRa BW 1600;-74 dBm;6 dB;2021-03-26 18:04:22;10:1111;10:2222;
179;COM8;Tx C-Msg;2450000122 Hz;LoRa SF12;LoRa BW 1600;;;2021-03-26 18:04:22.343;;;Status:OK  Packet:1215  AirTime:99 ms
180;COM8;Rx Ack-Msg;2450000122 Hz;LoRa SF12;LoRa BW 1600;-74 dBm;6 dB;2021-03-26 18:04:22;10:1111;10:2222;
181;COM8;Tx C-Msg;2450000122 Hz;LoRa SF12;LoRa BW 1600;;;2021-03-26 18:04:22.557;;;Status:OK  Packet:1216  AirTime:99 ms
182;COM8;Rx Ack-Msg;2450000122 Hz;LoRa SF12;LoRa BW 1600;-74 dBm;4 dB;2021-03-26 18:04:22;10:1111;10:2222;
183;COM8;Tx C-Msg;2450000122 Hz;LoRa SF12;LoRa BW 1600;;;2021-03-26 18:04:22.747;;;Status:OK  Packet:1217  AirTime:99 ms
184;COM8;Rx Ack-Msg;2450000122 Hz;LoRa SF12;LoRa BW 1600;-73 dBm;4 dB;2021-03-26 18:04:22;10:1111;10:2222;
185;COM8;Tx C-Msg;2450000122 Hz;LoRa SF12;LoRa BW 1600;;;2021-03-26 18:04:22.956;;;Status:OK  Packet:1218  AirTime:99 ms
186;COM8;Rx Ack-Msg;2450000122 Hz;LoRa SF12;LoRa BW 1600;-73 dBm;4 dB;2021-03-26 18:04:22;10:1111;10:2222;
187;COM8;Tx C-Msg;2450000122 Hz;LoRa SF12;LoRa BW 1600;;;2021-03-26 18:04:23.131;;;Status:OK  Packet:1219  AirTime:99 ms
188;COM8;Rx Ack-Msg;2450000122 Hz;LoRa SF12;LoRa BW 1600;-73 dBm;4 dB;2021-03-26 18:04:23;10:1111;10:2222;
189;COM8;Tx C-Msg;2450000122 Hz;LoRa SF12;LoRa BW 1600;;;2021-03-26 18:04:23.339;;;Status:OK  Packet:1220  AirTime:99 ms
190;COM8;Rx Ack-Msg;2450000122 Hz;LoRa SF12;LoRa BW 1600;-73 dBm;6 dB;2021-03-26 18:04:23;10:1111;10:2222;
191;COM8;Tx C-Msg;2450000122 Hz;LoRa SF12;LoRa BW 1600;;;2021-03-26 18:04:24.380;;;Status:OK  Packet:1221  AirTime:99 ms
192;COM8;Rx Ack-Msg;2450000122 Hz;LoRa SF12;LoRa BW 1600;-73 dBm;4 dB;2021-03-26 18:04:24;10:1111;10:2222;
193;COM8;Tx C-Msg;2450000122 Hz;LoRa SF12;LoRa BW 1600;;;2021-03-26 18:04:24.571;;;Status:OK  Packet:1222  AirTime:99 ms
194;COM8;Rx Ack-Msg;2450000122 Hz;LoRa SF12;LoRa BW 1600;-74 dBm;5 dB;2021-03-26 18:04:24;10:1111;10:2222;
195;COM8;Tx C-Msg;2450000122 Hz;LoRa SF12;LoRa BW 1600;;;2021-03-26 18:04:25.609;;;Status:OK  Packet:1223  AirTime:99 ms
196;COM8;Rx Ack-Msg;2450000122 Hz;LoRa SF12;LoRa BW 1600;-73 dBm;6 dB;2021-03-26 18:04:25;10:1111;10:2222;
197;COM8;Tx C-Msg;2450000122 Hz;LoRa SF12;LoRa BW 1600;;;2021-03-26 18:04:26.265;;;Status:OK  Packet:1224  AirTime:99 ms
198;COM8;Rx Ack-Msg;2450000122 Hz;LoRa SF12;LoRa BW 1600;-73 dBm;4 dB;2021-03-26 18:04:26;10:1111;10:2222;
199;COM8;Tx C-Msg;2450000122 Hz;LoRa SF12;LoRa BW 1600;;;2021-03-26 18:04:26.984;;;Status:OK  Packet:1225  AirTime:99 ms
200;COM8;Rx Ack-Msg;2450000122 Hz;LoRa SF12;LoRa BW 1600;-74 dBm;5 dB;2021-03-26 18:04:26;10:1111;10:2222;
201;COM8;Tx C-Msg;2450000122 Hz;LoRa SF12;LoRa BW 1600;;;2021-03-26 18:04:38.721;;;Status:OK  Packet:1226  AirTime:99 ms
202;COM8;Rx Ack-Msg;2450000122 Hz;LoRa SF12;LoRa BW 1600;-71 dBm;-8 dB;2021-03-26 18:04:38;10:1111;10:2222;
203;COM8;Tx C-Msg;2450000122 Hz;LoRa SF12;LoRa BW 1600;;;2021-03-26 18:04:50.068;;;Status:OK  Packet:1227  AirTime:99 ms
204;COM8;Rx Ack-Msg;2450000122 Hz;LoRa SF12;LoRa BW 1600;-84 dBm;5 dB;2021-03-26 18:04:49;10:1111;10:2222;
205;COM8;Tx C-Msg;2450000122 Hz;LoRa SF12;LoRa BW 1600;;;2021-03-26 18:04:50.776;;;Status:OK  Packet:1228  AirTime:99 ms
206;COM8;Rx Ack-Msg;2450000122 Hz;LoRa SF12;LoRa BW 1600;-83 dBm;4 dB;2021-03-26 18:04:50;10:1111;10:2222;
207;COM8;Tx C-Msg;2450000122 Hz;LoRa SF12;LoRa BW 1600;;;2021-03-26 18:04:50.964;;;Status:OK  Packet:1229  AirTime:99 ms
208;COM8;Rx Ack-Msg;2450000122 Hz;LoRa SF12;LoRa BW 1600;-82 dBm;4 dB;2021-03-26 18:04:50;10:1111;10:2222;
209;COM8;Tx C-Msg;2450000122 Hz;LoRa SF12;LoRa BW 1600;;;2021-03-26 18:04:51.175;;;Status:OK  Packet:1230  AirTime:99 ms
210;COM8;Rx Ack-Msg;2450000122 Hz;LoRa SF12;LoRa BW 1600;-82 dBm;6 dB;2021-03-26 18:04:51;10:1111;10:2222;
211;COM8;Tx C-Msg;2450000122 Hz;LoRa SF12;LoRa BW 1600;;;2021-03-26 18:04:51.363;;;Status:OK  Packet:1231  AirTime:99 ms
212;COM8;Rx Ack-Msg;2450000122 Hz;LoRa SF12;LoRa BW 1600;-82 dBm;6 dB;2021-03-26 18:04:51;10:1111;10:2222;
213;COM8;Tx C-Msg;2450000122 Hz;LoRa SF12;LoRa BW 1600;;;2021-03-26 18:04:51.559;;;Status:OK  Packet:1232  AirTime:99 ms
214;COM8;Rx Ack-Msg;2450000122 Hz;LoRa SF12;LoRa BW 1600;-81 dBm;5 dB;2021-03-26 18:04:51;10:1111;10:2222;
215;COM8;Tx C-Msg;2450000122 Hz;LoRa SF12;LoRa BW 1600;;;2021-03-26 18:04:51.765;;;Status:OK  Packet:1233  AirTime:99 ms
216;COM8;Rx Ack-Msg;2450000122 Hz;LoRa SF12;LoRa BW 1600;-81 dBm;5 dB;2021-03-26 18:04:51;10:1111;10:2222;
217;COM8;Tx C-Msg;2450000122 Hz;LoRa SF12;LoRa BW 1600;;;2021-03-26 18:04:51.961;;;Status:OK  Packet:1234  AirTime:99 ms
218;COM8;Rx Ack-Msg;2450000122 Hz;LoRa SF12;LoRa BW 1600;-81 dBm;5 dB;2021-03-26 18:04:51;10:1111;10:2222;
219;COM8;Tx C-Msg;2450000122 Hz;LoRa SF12;LoRa BW 1600;;;2021-03-26 18:04:52.169;;;Status:OK  Packet:1235  AirTime:99 ms
220;COM8;Rx Ack-Msg;2450000122 Hz;LoRa SF12;LoRa BW 1600;-81 dBm;5 dB;2021-03-26 18:04:52;10:1111;10:2222;
221;COM8;Tx C-Msg;2450000122 Hz;LoRa SF12;LoRa BW 1600;;;2021-03-26 18:04:52.361;;;Status:OK  Packet:1236  AirTime:99 ms
222;COM8;Rx Ack-Msg;2450000122 Hz;LoRa SF12;LoRa BW 1600;-82 dBm;6 dB;2021-03-26 18:04:52;10:1111;10:2222;
223;COM8;Tx C-Msg;2450000122 Hz;LoRa SF12;LoRa BW 1600;;;2021-03-26 18:04:52.553;;;Status:OK  Packet:1237  AirTime:99 ms
224;COM8;Rx Ack-Msg;2450000122 Hz;LoRa SF12;LoRa BW 1600;-82 dBm;6 dB;2021-03-26 18:04:52;10:1111;10:2222;
225;COM8;Tx C-Msg;2450000122 Hz;LoRa SF12;LoRa BW 1600;;;2021-03-26 18:04:52.758;;;Status:OK  Packet:1238  AirTime:99 ms
226;COM8;Rx Ack-Msg;2450000122 Hz;LoRa SF12;LoRa BW 1600;-82 dBm;6 dB;2021-03-26 18:04:52;10:1111;10:2222;
227;COM8;Tx C-Msg;2450000122 Hz;LoRa SF12;LoRa BW 1600;;;2021-03-26 18:04:52.948;;;Status:OK  Packet:1239  AirTime:99 ms
228;COM8;Rx Ack-Msg;2450000122 Hz;LoRa SF12;LoRa BW 1600;-81 dBm;5 dB;2021-03-26 18:04:52;10:1111;10:2222;
229;COM8;Tx C-Msg;2450000122 Hz;LoRa SF12;LoRa BW 1600;;;2021-03-26 18:04:53.138;;;Status:OK  Packet:1240  AirTime:99 ms
230;COM8;Rx Ack-Msg;2450000122 Hz;LoRa SF12;LoRa BW 1600;-81 dBm;5 dB;2021-03-26 18:04:53;10:1111;10:2222;
231;COM8;Tx C-Msg;2450000122 Hz;LoRa SF12;LoRa BW 1600;;;2021-03-26 18:04:53.352;;;Status:OK  Packet:1241  AirTime:99 ms
232;COM8;Rx Ack-Msg;2450000122 Hz;LoRa SF12;LoRa BW 1600;-81 dBm;5 dB;2021-03-26 18:04:53;10:1111;10:2222;
233;COM8;Tx C-Msg;2450000122 Hz;LoRa SF12;LoRa BW 1600;;;2021-03-26 18:04:53.538;;;Status:OK  Packet:1242  AirTime:99 ms
234;COM8;Rx Ack-Msg;2450000122 Hz;LoRa SF12;LoRa BW 1600;-81 dBm;5 dB;2021-03-26 18:04:53;10:1111;10:2222;
235;COM8;Tx C-Msg;2450000122 Hz;LoRa SF12;LoRa BW 1600;;;2021-03-26 18:04:53.750;;;Status:OK  Packet:1243  AirTime:99 ms
236;COM8;Rx Ack-Msg;2450000122 Hz;LoRa SF12;LoRa BW 1600;-81 dBm;6 dB;2021-03-26 18:04:53;10:1111;10:2222;
237;COM8;Tx C-Msg;2450000122 Hz;LoRa SF12;LoRa BW 1600;;;2021-03-26 18:04:53.942;;;Status:OK  Packet:1244  AirTime:99 ms
238;COM8;Rx Ack-Msg;2450000122 Hz;LoRa SF12;LoRa BW 1600;-81 dBm;6 dB;2021-03-26 18:04:53;10:1111;10:2222;
239;COM8;Tx C-Msg;2450000122 Hz;LoRa SF12;LoRa BW 1600;;;2021-03-26 18:04:54.133;;;Status:OK  Packet:1245  AirTime:99 ms
240;COM8;Rx Ack-Msg;2450000122 Hz;LoRa SF12;LoRa BW 1600;-81 dBm;5 dB;2021-03-26 18:04:54;10:1111;10:2222;
241;COM8;Tx C-Msg;2450000122 Hz;LoRa SF12;LoRa BW 1600;;;2021-03-26 18:04:54.341;;;Status:OK  Packet:1246  AirTime:99 ms
242;COM8;Rx Ack-Msg;2450000122 Hz;LoRa SF12;LoRa BW 1600;-81 dBm;6 dB;2021-03-26 18:04:54;10:1111;10:2222;
243;COM8;Tx C-Msg;2450000122 Hz;LoRa SF12;LoRa BW 1600;;;2021-03-26 18:04:54.534;;;Status:OK  Packet:1247  AirTime:99 ms
244;COM8;Rx Ack-Msg;2450000122 Hz;LoRa SF12;LoRa BW 1600;-81 dBm;6 dB;2021-03-26 18:04:54;10:1111;10:2222;
245;COM8;Tx C-Msg;2450000122 Hz;LoRa SF12;LoRa BW 1600;;;2021-03-26 18:04:54.741;;;Status:OK  Packet:1248  AirTime:99 ms
246;COM8;Rx Ack-Msg;2450000122 Hz;LoRa SF12;LoRa BW 1600;-82 dBm;6 dB;2021-03-26 18:04:54;10:1111;10:2222;
247;COM8;Tx C-Msg;2450000122 Hz;LoRa SF12;LoRa BW 1600;;;2021-03-26 18:04:59.870;;;Status:OK  Packet:1249  AirTime:99 ms
248;COM8;Rx Ack-Msg;2450000122 Hz;LoRa SF12;LoRa BW 1600;-85 dBm;5 dB;2021-03-26 18:04:59;10:1111;10:2222;
249;COM8;Tx C-Msg;2450000122 Hz;LoRa SF12;LoRa BW 1600;;;2021-03-26 18:05:00.241;;;Status:OK  Packet:1250  AirTime:99 ms
250;COM8;Rx Ack-Msg;2450000122 Hz;LoRa SF12;LoRa BW 1600;-85 dBm;5 dB;2021-03-26 18:05:00;10:1111;10:2222;
251;COM8;Tx C-Msg;2450000122 Hz;LoRa SF12;LoRa BW 1600;;;2021-03-26 18:05:00.561;;;Status:OK  Packet:1251  AirTime:99 ms
252;COM8;Rx Ack-Msg;2450000122 Hz;LoRa SF12;LoRa BW 1600;-86 dBm;4 dB;2021-03-26 18:05:00;10:1111;10:2222;
253;COM8;Tx C-Msg;2450000122 Hz;LoRa SF12;LoRa BW 1600;;;2021-03-26 18:05:00.750;;;Status:OK  Packet:1252  AirTime:99 ms
254;COM8;Rx Ack-Msg;2450000122 Hz;LoRa SF12;LoRa BW 1600;-86 dBm;5 dB;2021-03-26 18:05:00;10:1111;10:2222;
255;COM8;Tx C-Msg;2450000122 Hz;LoRa SF12;LoRa BW 1600;;;2021-03-26 18:05:00.983;;;Status:OK  Packet:1253  AirTime:99 ms
256;COM8;Rx Ack-Msg;2450000122 Hz;LoRa SF12;LoRa BW 1600;-85 dBm;3 dB;2021-03-26 18:05:00;10:1111;10:2222;
257;COM8;Tx C-Msg;2450000122 Hz;LoRa SF12;LoRa BW 1600;;;2021-03-26 18:05:01.300;;;Status:OK  Packet:1254  AirTime:99 ms
258;COM8;Rx Ack-Msg;2450000122 Hz;LoRa SF12;LoRa BW 1600;-86 dBm;5 dB;2021-03-26 18:05:01;10:1111;10:2222;
259;COM8;Tx C-Msg;2450000122 Hz;LoRa SF12;LoRa BW 1600;;;2021-03-26 18:05:01.488;;;Status:OK  Packet:1255  AirTime:99 ms
260;COM8;Rx Ack-Msg;2450000122 Hz;LoRa SF12;LoRa BW 1600;-86 dBm;5 dB;2021-03-26 18:05:01;10:1111;10:2222;
261;COM8;Tx C-Msg;2450000122 Hz;LoRa SF12;LoRa BW 1600;;;2021-03-26 18:05:01.761;;;Status:OK  Packet:1256  AirTime:99 ms
262;COM8;Rx Ack-Msg;2450000122 Hz;LoRa SF12;LoRa BW 1600;-86 dBm;4 dB;2021-03-26 18:05:01;10:1111;10:2222;
263;COM8;Tx C-Msg;2450000122 Hz;LoRa SF12;LoRa BW 1600;;;2021-03-26 18:05:01.974;;;Status:OK  Packet:1257  AirTime:99 ms
264;COM8;Rx Ack-Msg;2450000122 Hz;LoRa SF12;LoRa BW 1600;-86 dBm;4 dB;2021-03-26 18:05:01;10:1111;10:2222;
265;COM8;Tx C-Msg;2450000122 Hz;LoRa SF12;LoRa BW 1600;;;2021-03-26 18:05:02.160;;;Status:OK  Packet:1258  AirTime:99 ms
266;COM8;Rx Ack-Msg;2450000122 Hz;LoRa SF12;LoRa BW 1600;-86 dBm;4 dB;2021-03-26 18:05:02;10:1111;10:2222;
267;COM8;Tx C-Msg;2450000122 Hz;LoRa SF12;LoRa BW 1600;;;2021-03-26 18:05:02.372;;;Status:OK  Packet:1259  AirTime:99 ms
268;COM8;Rx Ack-Msg;2450000122 Hz;LoRa SF12;LoRa BW 1600;-85 dBm;5 dB;2021-03-26 18:05:02;10:1111;10:2222;
269;COM8;Tx C-Msg;2450000122 Hz;LoRa SF12;LoRa BW 1600;;;2021-03-26 18:05:02.560;;;Status:OK  Packet:1260  AirTime:99 ms
270;COM8;Rx Ack-Msg;2450000122 Hz;LoRa SF12;LoRa BW 1600;-84 dBm;6 dB;2021-03-26 18:05:02;10:1111;10:2222;
271;COM8;Tx C-Msg;2450000122 Hz;LoRa SF12;LoRa BW 1600;;;2021-03-26 18:05:02.767;;;Status:OK  Packet:1261  AirTime:99 ms
272;COM8;Rx Ack-Msg;2450000122 Hz;LoRa SF12;LoRa BW 1600;-83 dBm;4 dB;2021-03-26 18:05:02;10:1111;10:2222;
273;COM8;Tx C-Msg;2450000122 Hz;LoRa SF12;LoRa BW 1600;;;2021-03-26 18:05:02.959;;;Status:OK  Packet:1262  AirTime:99 ms
274;COM8;Rx Ack-Msg;2450000122 Hz;LoRa SF12;LoRa BW 1600;-82 dBm;6 dB;2021-03-26 18:05:02;10:1111;10:2222;
275;COM8;Tx C-Msg;2450000122 Hz;LoRa SF12;LoRa BW 1600;;;2021-03-26 18:05:03.739;;;Status:OK  Packet:1263  AirTime:99 ms
276;COM8;Rx Ack-Msg;2450000122 Hz;LoRa SF12;LoRa BW 1600;-80 dBm;5 dB;2021-03-26 18:05:03;10:1111;10:2222;
277;COM8;Tx C-Msg;2450000122 Hz;LoRa SF12;LoRa BW 1600;;;2021-03-26 18:05:04.191;;;Status:OK  Packet:1264  AirTime:99 ms
278;COM8;Rx Ack-Msg;2450000122 Hz;LoRa SF12;LoRa BW 1600;-80 dBm;5 dB;2021-03-26 18:05:04;10:1111;10:2222;
279;COM8;Tx C-Msg;2450000122 Hz;LoRa SF12;LoRa BW 1600;;;2021-03-26 18:05:04.527;;;Status:OK  Packet:1265  AirTime:99 ms
280;COM8;Rx Ack-Msg;2450000122 Hz;LoRa SF12;LoRa BW 1600;-80 dBm;4 dB;2021-03-26 18:05:04;10:1111;10:2222;
281;COM8;Tx C-Msg;2450000122 Hz;LoRa SF12;LoRa BW 1600;;;2021-03-26 18:05:04.736;;;Status:OK  Packet:1266  AirTime:99 ms
282;COM8;Rx Ack-Msg;2450000122 Hz;LoRa SF12;LoRa BW 1600;-80 dBm;5 dB;2021-03-26 18:05:04;10:1111;10:2222;
283;COM8;Tx C-Msg;2450000122 Hz;LoRa SF12;LoRa BW 1600;;;2021-03-26 18:05:04.938;;;Status:OK  Packet:1267  AirTime:99 ms
284;COM8;Rx Ack-Msg;2450000122 Hz;LoRa SF12;LoRa BW 1600;-80 dBm;5 dB;2021-03-26 18:05:04;10:1111;10:2222;
285;COM8;Tx C-Msg;2450000122 Hz;LoRa SF12;LoRa BW 1600;;;2021-03-26 18:05:05.136;;;Status:OK  Packet:1268  AirTime:99 ms
286;COM8;Rx Ack-Msg;2450000122 Hz;LoRa SF12;LoRa BW 1600;-80 dBm;4 dB;2021-03-26 18:05:05;10:1111;10:2222;
287;COM8;Tx C-Msg;2450000122 Hz;LoRa SF12;LoRa BW 1600;;;2021-03-26 18:05:05.342;;;Status:OK  Packet:1269  AirTime:99 ms
288;COM8;Rx Ack-Msg;2450000122 Hz;LoRa SF12;LoRa BW 1600;-80 dBm;5 dB;2021-03-26 18:05:05;10:1111;10:2222;
289;COM8;Tx C-Msg;2450000122 Hz;LoRa SF12;LoRa BW 1600;;;2021-03-26 18:05:05.534;;;Status:OK  Packet:1270  AirTime:99 ms
290;COM8;Rx Ack-Msg;2450000122 Hz;LoRa SF12;LoRa BW 1600;-80 dBm;4 dB;2021-03-26 18:05:05;10:1111;10:2222;
291;COM8;Tx C-Msg;2450000122 Hz;LoRa SF12;LoRa BW 1600;;;2021-03-26 18:05:05.741;;;Status:OK  Packet:1271  AirTime:99 ms
292;COM8;Rx Ack-Msg;2450000122 Hz;LoRa SF12;LoRa BW 1600;-80 dBm;4 dB;2021-03-26 18:05:05;10:1111;10:2222;
293;COM8;Tx C-Msg;2450000122 Hz;LoRa SF12;LoRa BW 1600;;;2021-03-26 18:05:05.933;;;Status:OK  Packet:1272  AirTime:99 ms
294;COM8;Rx Ack-Msg;2450000122 Hz;LoRa SF12;LoRa BW 1600;-80 dBm;4 dB;2021-03-26 18:05:05;10:1111;10:2222;
295;COM8;Tx C-Msg;2450000122 Hz;LoRa SF12;LoRa BW 1600;;;2021-03-26 18:05:07.021;;;Status:OK  Packet:1273  AirTime:99 ms
296;COM8;Rx Ack-Msg;2450000122 Hz;LoRa SF12;LoRa BW 1600;-81 dBm;6 dB;2021-03-26 18:05:06;10:1111;10:2222;
297;COM8;Tx C-Msg;2450000122 Hz;LoRa SF12;LoRa BW 1600;;;2021-03-26 18:05:07.356;;;Status:OK  Packet:1274  AirTime:99 ms
298;COM8;Rx Ack-Msg;2450000122 Hz;LoRa SF12;LoRa BW 1600;-82 dBm;6 dB;2021-03-26 18:05:07;10:1111;10:2222;
299;COM8;Tx C-Msg;2450000122 Hz;LoRa SF12;LoRa BW 1600;;;2021-03-26 18:05:08.364;;;Status:OK  Packet:1275  AirTime:99 ms
300;COM8;Rx Ack-Msg;2450000122 Hz;LoRa SF12;LoRa BW 1600;-81 dBm;6 dB;2021-03-26 18:05:08;10:1111;10:2222;
1;COM8;Tx C-Msg;2450000122 Hz;LoRa SF12;LoRa BW 1600;;;2021-03-26 18:37:01.282;;;Status:OK  Packet:953  AirTime:99 ms
2;COM8;Rx Ack-Msg;2450000122 Hz;LoRa SF12;LoRa BW 1600;-67 dBm;4 dB;2021-03-26 18:37:01;10:1111;10:2222;
3;COM8;Tx C-Msg;2450000122 Hz;LoRa SF12;LoRa BW 1600;;;2021-03-26 18:37:04.283;;;Status:OK  Packet:954  AirTime:99 ms
4;COM8;Rx Ack-Msg;2450000122 Hz;LoRa SF12;LoRa BW 1600;-69 dBm;6 dB;2021-03-26 18:37:04;10:1111;10:2222;
5;COM8;Tx C-Msg;2450000122 Hz;LoRa SF12;LoRa BW 1600;;;2021-03-26 18:37:05.215;;;Status:OK  Packet:955  AirTime:99 ms
6;COM8;Rx Ack-Msg;2450000122 Hz;LoRa SF12;LoRa BW 1600;-67 dBm;5 dB;2021-03-26 18:37:05;10:1111;10:2222;
7;COM8;Tx C-Msg;2450000122 Hz;LoRa SF12;LoRa BW 1600;;;2021-03-26 18:37:05.597;;;Status:OK  Packet:956  AirTime:99 ms
8;COM8;Rx Ack-Msg;2450000122 Hz;LoRa SF12;LoRa BW 1600;-68 dBm;5 dB;2021-03-26 18:37:05;10:1111;10:2222;
9;COM8;Tx C-Msg;2450000122 Hz;LoRa SF12;LoRa BW 1600;;;2021-03-26 18:37:06.044;;;Status:OK  Packet:957  AirTime:99 ms
10;COM8;Rx Ack-Msg;2450000122 Hz;LoRa SF12;LoRa BW 1600;-66 dBm;4 dB;2021-03-26 18:37:05;10:1111;10:2222;
11;COM8;Tx C-Msg;2450000122 Hz;LoRa SF12;LoRa BW 1600;;;2021-03-26 18:37:06.444;;;Status:OK  Packet:958  AirTime:99 ms
12;COM8;Rx Ack-Msg;2450000122 Hz;LoRa SF12;LoRa BW 1600;-65 dBm;5 dB;2021-03-26 18:37:06;10:1111;10:2222;
13;COM8;Tx C-Msg;2450000122 Hz;LoRa SF12;LoRa BW 1600;;;2021-03-26 18:37:06.872;;;Status:OK  Packet:959  AirTime:99 ms
14;COM8;Rx Ack-Msg;2450000122 Hz;LoRa SF12;LoRa BW 1600;-66 dBm;6 dB;2021-03-26 18:37:06;10:1111;10:2222;
15;COM8;Tx C-Msg;2450000122 Hz;LoRa SF12;LoRa BW 1600;;;2021-03-26 18:37:07.355;;;Status:OK  Packet:960  AirTime:99 ms
16;COM8;Rx Ack-Msg;2450000122 Hz;LoRa SF12;LoRa BW 1600;-65 dBm;5 dB;2021-03-26 18:37:07;10:1111;10:2222;
17;COM8;Tx C-Msg;2450000122 Hz;LoRa SF12;LoRa BW 1600;;;2021-03-26 18:37:07.996;;;Status:OK  Packet:961  AirTime:99 ms
18;COM8;Rx Ack-Msg;2450000122 Hz;LoRa SF12;LoRa BW 1600;-70 dBm;6 dB;2021-03-26 18:37:07;10:1111;10:2222;
19;COM8;Tx C-Msg;2450000122 Hz;LoRa SF12;LoRa BW 1600;;;2021-03-26 18:37:08.954;;;Status:OK  Packet:962  AirTime:99 ms
20;COM8;Rx Ack-Msg;2450000122 Hz;LoRa SF12;LoRa BW 1600;-72 dBm;5 dB;2021-03-26 18:37:08;10:1111;10:2222;
21;COM8;Tx C-Msg;2450000122 Hz;LoRa SF12;LoRa BW 1600;;;2021-03-26 18:37:09.337;;;Status:OK  Packet:963  AirTime:99 ms
22;COM8;Rx Ack-Msg;2450000122 Hz;LoRa SF12;LoRa BW 1600;-77 dBm;5 dB;2021-03-26 18:37:09;10:1111;10:2222;
23;COM8;Tx C-Msg;2450000122 Hz;LoRa SF12;LoRa BW 1600;;;2021-03-26 18:37:09.716;;;Status:OK  Packet:964  AirTime:99 ms
24;COM8;Rx Ack-Msg;2450000122 Hz;LoRa SF12;LoRa BW 1600;-79 dBm;5 dB;2021-03-26 18:37:09;10:1111;10:2222;
25;COM8;Tx C-Msg;2450000122 Hz;LoRa SF12;LoRa BW 1600;;;2021-03-26 18:37:10.185;;;Status:OK  Packet:965  AirTime:99 ms
26;COM8;Rx Ack-Msg;2450000122 Hz;LoRa SF12;LoRa BW 1600;-81 dBm;4 dB;2021-03-26 18:37:10;10:1111;10:2222;
27;COM8;Tx C-Msg;2450000122 Hz;LoRa SF12;LoRa BW 1600;;;2021-03-26 18:37:10.584;;;Status:OK  Packet:966  AirTime:99 ms
28;COM8;Rx Ack-Msg;2450000122 Hz;LoRa SF12;LoRa BW 1600;-68 dBm;3 dB;2021-03-26 18:37:10;10:1111;10:2222;
29;COM8;Tx C-Msg;2450000122 Hz;LoRa SF12;LoRa BW 1600;;;2021-03-26 18:37:11.176;;;Status:OK  Packet:967  AirTime:99 ms
30;COM8;Rx Ack-Msg;2450000122 Hz;LoRa SF12;LoRa BW 1600;-65 dBm;6 dB;2021-03-26 18:37:11;10:1111;10:2222;
31;COM8;Tx C-Msg;2450000122 Hz;LoRa SF12;LoRa BW 1600;;;2021-03-26 18:37:11.783;;;Status:OK  Packet:968  AirTime:99 ms
32;COM8;Rx Ack-Msg;2450000122 Hz;LoRa SF12;LoRa BW 1600;-66 dBm;6 dB;2021-03-26 18:37:11;10:1111;10:2222;
33;COM8;Tx C-Msg;2450000122 Hz;LoRa SF12;LoRa BW 1600;;;2021-03-26 18:37:12.279;;;Status:OK  Packet:969  AirTime:99 ms
34;COM8;Rx Ack-Msg;2450000122 Hz;LoRa SF12;LoRa BW 1600;-67 dBm;5 dB;2021-03-26 18:37:12;10:1111;10:2222;
35;COM8;Tx C-Msg;2450000122 Hz;LoRa SF12;LoRa BW 1600;;;2021-03-26 18:37:12.786;;;Status:OK  Packet:970  AirTime:99 ms
36;COM8;Rx Ack-Msg;2450000122 Hz;LoRa SF12;LoRa BW 1600;-71 dBm;5 dB;2021-03-26 18:37:12;10:1111;10:2222;
37;COM8;Tx C-Msg;2450000122 Hz;LoRa SF12;LoRa BW 1600;;;2021-03-26 18:37:13.442;;;Status:OK  Packet:971  AirTime:99 ms
38;COM8;Rx Ack-Msg;2450000122 Hz;LoRa SF12;LoRa BW 1600;-74 dBm;5 dB;2021-03-26 18:37:13;10:1111;10:2222;
39;COM8;Tx C-Msg;2450000122 Hz;LoRa SF12;LoRa BW 1600;;;2021-03-26 18:37:14.229;;;Status:OK  Packet:972  AirTime:99 ms
40;COM8;Rx Ack-Msg;2450000122 Hz;LoRa SF12;LoRa BW 1600;-70 dBm;4 dB;2021-03-26 18:37:14;10:1111;10:2222;
41;COM8;Tx C-Msg;2450000122 Hz;LoRa SF12;LoRa BW 1600;;;2021-03-26 18:37:15.472;;;Status:OK  Packet:973  AirTime:99 ms
42;COM8;Rx Ack-Msg;2450000122 Hz;LoRa SF12;LoRa BW 1600;-69 dBm;6 dB;2021-03-26 18:37:15;10:1111;10:2222;
43;COM8;Tx C-Msg;2450000122 Hz;LoRa SF12;LoRa BW 1600;;;2021-03-26 18:37:16.339;;;Status:OK  Packet:974  AirTime:99 ms
44;COM8;Rx Ack-Msg;2450000122 Hz;LoRa SF12;LoRa BW 1600;-70 dBm;6 dB;2021-03-26 18:37:16;10:1111;10:2222;
45;COM8;Tx C-Msg;2450000122 Hz;LoRa SF12;LoRa BW 1600;;;2021-03-26 18:37:16.754;;;Status:OK  Packet:975  AirTime:99 ms
46;COM8;Rx Ack-Msg;2450000122 Hz;LoRa SF12;LoRa BW 1600;-70 dBm;6 dB;2021-03-26 18:37:16;10:1111;10:2222;
47;COM8;Tx C-Msg;2450000122 Hz;LoRa SF12;LoRa BW 1600;;;2021-03-26 18:37:17.154;;;Status:OK  Packet:976  AirTime:99 ms
48;COM8;Rx Ack-Msg;2450000122 Hz;LoRa SF12;LoRa BW 1600;-70 dBm;6 dB;2021-03-26 18:37:17;10:1111;10:2222;
49;COM8;Tx C-Msg;2450000122 Hz;LoRa SF12;LoRa BW 1600;;;2021-03-26 18:37:17.341;;;Status:OK  Packet:977  AirTime:99 ms
50;COM8;Rx Ack-Msg;2450000122 Hz;LoRa SF12;LoRa BW 1600;-71 dBm;4 dB;2021-03-26 18:37:17;10:1111;10:2222;
51;COM8;Tx C-Msg;2450000122 Hz;LoRa SF12;LoRa BW 1600;;;2021-03-26 18:37:17.537;;;Status:OK  Packet:978  AirTime:99 ms
52;COM8;Rx Ack-Msg;2450000122 Hz;LoRa SF12;LoRa BW 1600;-71 dBm;5 dB;2021-03-26 18:37:17;10:1111;10:2222;
53;COM8;Tx C-Msg;2450000122 Hz;LoRa SF12;LoRa BW 1600;;;2021-03-26 18:37:17.748;;;Status:OK  Packet:979  AirTime:99 ms
54;COM8;Rx Ack-Msg;2450000122 Hz;LoRa SF12;LoRa BW 1600;-72 dBm;5 dB;2021-03-26 18:37:17;10:1111;10:2222;
55;COM8;Tx C-Msg;2450000122 Hz;LoRa SF12;LoRa BW 1600;;;2021-03-26 18:37:18.129;;;Status:OK  Packet:980  AirTime:99 ms
56;COM8;Rx Ack-Msg;2450000122 Hz;LoRa SF12;LoRa BW 1600;-72 dBm;5 dB;2021-03-26 18:37:17;10:1111;10:2222;
57;COM8;Tx C-Msg;2450000122 Hz;LoRa SF12;LoRa BW 1600;;;2021-03-26 18:37:18.337;;;Status:OK  Packet:981  AirTime:99 ms
58;COM8;Rx Ack-Msg;2450000122 Hz;LoRa SF12;LoRa BW 1600;-72 dBm;5 dB;2021-03-26 18:37:18;10:1111;10:2222;
59;COM8;Tx C-Msg;2450000122 Hz;LoRa SF12;LoRa BW 1600;;;2021-03-26 18:37:18.527;;;Status:OK  Packet:982  AirTime:99 ms
60;COM8;Rx Ack-Msg;2450000122 Hz;LoRa SF12;LoRa BW 1600;-72 dBm;5 dB;2021-03-26 18:37:18;10:1111;10:2222;
61;COM8;Tx C-Msg;2450000122 Hz;LoRa SF12;LoRa BW 1600;;;2021-03-26 18:37:18.732;;;Status:OK  Packet:983  AirTime:99 ms
62;COM8;Rx Ack-Msg;2450000122 Hz;LoRa SF12;LoRa BW 1600;-72 dBm;5 dB;2021-03-26 18:37:18;10:1111;10:2222;
63;COM8;Tx C-Msg;2450000122 Hz;LoRa SF12;LoRa BW 1600;;;2021-03-26 18:37:19.040;;;Status:OK  Packet:984  AirTime:99 ms
64;COM8;Rx Ack-Msg;2450000122 Hz;LoRa SF12;LoRa BW 1600;-70 dBm;4 dB;2021-03-26 18:37:18;10:1111;10:2222;
65;COM8;Tx C-Msg;2450000122 Hz;LoRa SF12;LoRa BW 1600;;;2021-03-26 18:37:19.231;;;Status:OK  Packet:985  AirTime:99 ms
66;COM8;Rx Ack-Msg;2450000122 Hz;LoRa SF12;LoRa BW 1600;-70 dBm;4 dB;2021-03-26 18:37:19;10:1111;10:2222;
67;COM8;Tx C-Msg;2450000122 Hz;LoRa SF12;LoRa BW 1600;;;2021-03-26 18:37:19.439;;;Status:OK  Packet:986  AirTime:99 ms
68;COM8;Rx Ack-Msg;2450000122 Hz;LoRa SF12;LoRa BW 1600;-70 dBm;6 dB;2021-03-26 18:37:19;10:1111;10:2222;
69;COM8;Tx C-Msg;2450000122 Hz;LoRa SF12;LoRa BW 1600;;;2021-03-26 18:37:19.627;;;Status:OK  Packet:987  AirTime:99 ms
70;COM8;Rx Ack-Msg;2450000122 Hz;LoRa SF12;LoRa BW 1600;-70 dBm;6 dB;2021-03-26 18:37:19;10:1111;10:2222;
71;COM8;Tx C-Msg;2450000122 Hz;LoRa SF12;LoRa BW 1600;;;2021-03-26 18:37:19.823;;;Status:OK  Packet:988  AirTime:99 ms
72;COM8;Rx Ack-Msg;2450000122 Hz;LoRa SF12;LoRa BW 1600;-70 dBm;6 dB;2021-03-26 18:37:19;10:1111;10:2222;
73;COM8;Tx C-Msg;2450000122 Hz;LoRa SF12;LoRa BW 1600;;;2021-03-26 18:37:20.026;;;Status:OK  Packet:989  AirTime:99 ms
74;COM8;Rx Ack-Msg;2450000122 Hz;LoRa SF12;LoRa BW 1600;-70 dBm;6 dB;2021-03-26 18:37:19;10:1111;10:2222;
75;COM8;Tx C-Msg;2450000122 Hz;LoRa SF12;LoRa BW 1600;;;2021-03-26 18:37:20.223;;;Status:OK  Packet:990  AirTime:99 ms
76;COM8;Rx Ack-Msg;2450000122 Hz;LoRa SF12;LoRa BW 1600;-70 dBm;6 dB;2021-03-26 18:37:20;10:1111;10:2222;
77;COM8;Tx C-Msg;2450000122 Hz;LoRa SF12;LoRa BW 1600;;;2021-03-26 18:37:20.427;;;Status:OK  Packet:991  AirTime:99 ms
78;COM8;Rx Ack-Msg;2450000122 Hz;LoRa SF12;LoRa BW 1600;-70 dBm;4 dB;2021-03-26 18:37:20;10:1111;10:2222;
79;COM8;Tx C-Msg;2450000122 Hz;LoRa SF12;LoRa BW 1600;;;2021-03-26 18:37:21.162;;;Status:OK  Packet:992  AirTime:99 ms
80;COM8;Rx Ack-Msg;2450000122 Hz;LoRa SF12;LoRa BW 1600;-70 dBm;6 dB;2021-03-26 18:37:21;10:1111;10:2222;
81;COM8;Tx C-Msg;2450000122 Hz;LoRa SF12;LoRa BW 1600;;;2021-03-26 18:37:21.358;;;Status:OK  Packet:993  AirTime:99 ms
82;COM8;Rx Ack-Msg;2450000122 Hz;LoRa SF12;LoRa BW 1600;-70 dBm;6 dB;2021-03-26 18:37:21;10:1111;10:2222;
83;COM8;Tx C-Msg;2450000122 Hz;LoRa SF12;LoRa BW 1600;;;2021-03-26 18:37:21.561;;;Status:OK  Packet:994  AirTime:99 ms
84;COM8;Rx Ack-Msg;2450000122 Hz;LoRa SF12;LoRa BW 1600;-70 dBm;6 dB;2021-03-26 18:37:21;10:1111;10:2222;
85;COM8;Tx C-Msg;2450000122 Hz;LoRa SF12;LoRa BW 1600;;;2021-03-26 18:37:22.429;;;Status:OK  Packet:995  AirTime:99 ms
86;COM8;Rx Ack-Msg;2450000122 Hz;LoRa SF12;LoRa BW 1600;-69 dBm;6 dB;2021-03-26 18:37:22;10:1111;10:2222;
87;COM8;Tx C-Msg;2450000122 Hz;LoRa SF12;LoRa BW 1600;;;2021-03-26 18:37:23.260;;;Status:OK  Packet:996  AirTime:99 ms
88;COM8;Rx Ack-Msg;2450000122 Hz;LoRa SF12;LoRa BW 1600;-69 dBm;6 dB;2021-03-26 18:37:23;10:1111;10:2222;
89;COM8;Tx C-Msg;2450000122 Hz;LoRa SF12;LoRa BW 1600;;;2021-03-26 18:37:24.475;;;Status:OK  Packet:997  AirTime:99 ms
90;COM8;Rx Ack-Msg;2450000122 Hz;LoRa SF12;LoRa BW 1600;-68 dBm;6 dB;2021-03-26 18:37:24;10:1111;10:2222;
91;COM8;Tx C-Msg;2450000122 Hz;LoRa SF12;LoRa BW 1600;;;2021-03-26 18:37:24.967;;;Status:OK  Packet:998  AirTime:99 ms
92;COM8;Rx Ack-Msg;2450000122 Hz;LoRa SF12;LoRa BW 1600;-68 dBm;5 dB;2021-03-26 18:37:24;10:1111;10:2222;
93;COM8;Tx C-Msg;2450000122 Hz;LoRa SF12;LoRa BW 1600;;;2021-03-26 18:37:25.178;;;Status:OK  Packet:999  AirTime:99 ms
94;COM8;Rx Ack-Msg;2450000122 Hz;LoRa SF12;LoRa BW 1600;-68 dBm;5 dB;2021-03-26 18:37:25;10:1111;10:2222;
95;COM8;Tx C-Msg;2450000122 Hz;LoRa SF12;LoRa BW 1600;;;2021-03-26 18:37:26.298;;;Status:OK  Packet:1000  AirTime:99 ms
96;COM8;Rx Ack-Msg;2450000122 Hz;LoRa SF12;LoRa BW 1600;-68 dBm;4 dB;2021-03-26 18:37:26;10:1111;10:2222;
97;COM8;Tx C-Msg;2450000122 Hz;LoRa SF12;LoRa BW 1600;;;2021-03-26 18:37:27.352;;;Status:OK  Packet:1001  AirTime:99 ms
98;COM8;Rx Ack-Msg;2450000122 Hz;LoRa SF12;LoRa BW 1600;-68 dBm;4 dB;2021-03-26 18:37:27;10:1111;10:2222;
99;COM8;Tx C-Msg;2450000122 Hz;LoRa SF12;LoRa BW 1600;;;2021-03-26 18:37:28.520;;;Status:OK  Packet:1002  AirTime:99 ms
100;COM8;Rx Ack-Msg;2450000122 Hz;LoRa SF12;LoRa BW 1600;-68 dBm;4 dB;2021-03-26 18:37:28;10:1111;10:2222;
