No.;Port;Event;Frequency;SF / Datarate;Bandwidth;RSSI;SNR;Time;Dst Address;Src Address;Message Payload
1;COM8;Tx C-Msg;2450000122 Hz;LoRa SF12;LoRa BW 200;;;2021-03-10 17:20:14.665;;;Status:OK  Packet:7  AirTime:792 ms
2;COM8;Rx Ack-Msg;2450000122 Hz;LoRa SF12;LoRa BW 200;-67 dBm;4 dB;2021-03-10 17:20:14;10:1111;10:2222;
3;COM8;Tx C-Msg;2450000122 Hz;LoRa SF12;LoRa BW 200;;;2021-03-10 17:20:17.292;;;Status:OK  Packet:8  AirTime:792 ms
4;COM8;Rx Ack-Msg;2450000122 Hz;LoRa SF12;LoRa BW 200;-67 dBm;4 dB;2021-03-10 17:20:17;10:1111;10:2222;
5;COM8;Tx C-Msg;2450000122 Hz;LoRa SF12;LoRa BW 200;;;2021-03-10 17:20:19.670;;;Status:OK  Packet:9  AirTime:792 ms
6;COM8;Rx Ack-Msg;2450000122 Hz;LoRa SF12;LoRa BW 200;-67 dBm;4 dB;2021-03-10 17:20:19;10:1111;10:2222;
7;COM8;Tx C-Msg;2450000122 Hz;LoRa SF12;LoRa BW 200;;;2021-03-10 17:20:22.232;;;Status:OK  Packet:10  AirTime:792 ms
8;COM8;Rx Ack-Msg;2450000122 Hz;LoRa SF12;LoRa BW 200;-67 dBm;4 dB;2021-03-10 17:20:22;10:1111;10:2222;
9;COM8;Tx C-Msg;2450000122 Hz;LoRa SF12;LoRa BW 200;;;2021-03-10 17:20:24.953;;;Status:OK  Packet:11  AirTime:792 ms
10;COM8;Ack Timeout;2450000122 Hz;LoRa SF12;LoRa BW 200;-67 dBm;4 dB;2021-03-10 17:20:22;10:1111;10:2222;
11;COM8;Tx C-Msg;2450000122 Hz;LoRa SF12;LoRa BW 200;;;2021-03-10 17:20:33.564;;;Status:OK  Packet:12  AirTime:792 ms
12;COM8;Rx Ack-Msg;2450000122 Hz;LoRa SF12;LoRa BW 200;-66 dBm;5 dB;2021-03-10 17:20:33;10:1111;10:2222;
13;COM8;Tx C-Msg;2450000122 Hz;LoRa SF12;LoRa BW 200;;;2021-03-10 17:20:36.875;;;Status:OK  Packet:13  AirTime:792 ms
14;COM8;Rx Ack-Msg;2450000122 Hz;LoRa SF12;LoRa BW 200;-67 dBm;4 dB;2021-03-10 17:20:37;10:1111;10:2222;
15;COM8;Tx C-Msg;2450000122 Hz;LoRa SF12;LoRa BW 200;;;2021-03-10 17:20:39.724;;;Status:OK  Packet:14  AirTime:792 ms
16;COM8;Rx Ack-Msg;2450000122 Hz;LoRa SF12;LoRa BW 200;-67 dBm;4 dB;2021-03-10 17:20:39;10:1111;10:2222;
17;COM8;Tx C-Msg;2450000122 Hz;LoRa SF12;LoRa BW 200;;;2021-03-10 17:20:42.554;;;Status:OK  Packet:15  AirTime:792 ms
18;COM8;Rx Ack-Msg;2450000122 Hz;LoRa SF12;LoRa BW 200;-67 dBm;4 dB;2021-03-10 17:20:42;10:1111;10:2222;
19;COM8;Tx C-Msg;2450000122 Hz;LoRa SF12;LoRa BW 200;;;2021-03-10 17:20:45.081;;;Status:OK  Packet:16  AirTime:792 ms
20;COM8;Rx Ack-Msg;2450000122 Hz;LoRa SF12;LoRa BW 200;-67 dBm;4 dB;2021-03-10 17:20:45;10:1111;10:2222;
21;COM8;Tx C-Msg;2450000122 Hz;LoRa SF12;LoRa BW 200;;;2021-03-10 17:20:47.379;;;Status:OK  Packet:17  AirTime:792 ms
22;COM8;Rx Ack-Msg;2450000122 Hz;LoRa SF12;LoRa BW 200;-66 dBm;4 dB;2021-03-10 17:20:47;10:1111;10:2222;
23;COM8;Tx C-Msg;2450000122 Hz;LoRa SF12;LoRa BW 200;;;2021-03-10 17:20:50.069;;;Status:OK  Packet:18  AirTime:792 ms
24;COM8;Rx Ack-Msg;2450000122 Hz;LoRa SF12;LoRa BW 200;-66 dBm;4 dB;2021-03-10 17:20:50;10:1111;10:2222;
25;COM8;Tx C-Msg;2450000122 Hz;LoRa SF12;LoRa BW 200;;;2021-03-10 17:20:52.742;;;Status:OK  Packet:19  AirTime:792 ms
26;COM8;Rx Ack-Msg;2450000122 Hz;LoRa SF12;LoRa BW 200;-66 dBm;4 dB;2021-03-10 17:20:52;10:1111;10:2222;
27;COM8;Tx C-Msg;2450000122 Hz;LoRa SF12;LoRa BW 200;;;2021-03-10 17:20:55.682;;;Status:OK  Packet:20  AirTime:792 ms
28;COM8;Rx Ack-Msg;2450000122 Hz;LoRa SF12;LoRa BW 200;-66 dBm;4 dB;2021-03-10 17:20:55;10:1111;10:2222;
29;COM8;Tx C-Msg;2450000122 Hz;LoRa SF12;LoRa BW 200;;;2021-03-10 17:20:58.604;;;Status:OK  Packet:21  AirTime:792 ms
30;COM8;Rx Ack-Msg;2450000122 Hz;LoRa SF12;LoRa BW 200;-66 dBm;4 dB;2021-03-10 17:20:58;10:1111;10:2222;
31;COM8;Tx C-Msg;2450000122 Hz;LoRa SF12;LoRa BW 200;;;2021-03-10 17:21:00.782;;;Status:OK  Packet:22  AirTime:792 ms
32;COM8;Rx Ack-Msg;2450000122 Hz;LoRa SF12;LoRa BW 200;-66 dBm;4 dB;2021-03-10 17:21:00;10:1111;10:2222;
33;COM8;Tx C-Msg;2450000122 Hz;LoRa SF12;LoRa BW 200;;;2021-03-10 17:21:03.805;;;Status:OK  Packet:23  AirTime:792 ms
34;COM8;Rx Ack-Msg;2450000122 Hz;LoRa SF12;LoRa BW 200;-67 dBm;4 dB;2021-03-10 17:21:03;10:1111;10:2222;
35;COM8;Tx C-Msg;2450000122 Hz;LoRa SF12;LoRa BW 200;;;2021-03-10 17:21:06.534;;;Status:OK  Packet:24  AirTime:792 ms
36;COM8;Rx Ack-Msg;2450000122 Hz;LoRa SF12;LoRa BW 200;-67 dBm;4 dB;2021-03-10 17:21:06;10:1111;10:2222;
37;COM8;Tx C-Msg;2450000122 Hz;LoRa SF12;LoRa BW 200;;;2021-03-10 17:21:09.065;;;Status:OK  Packet:25  AirTime:792 ms
38;COM8;Rx Ack-Msg;2450000122 Hz;LoRa SF12;LoRa BW 200;-67 dBm;4 dB;2021-03-10 17:21:09;10:1111;10:2222;
39;COM8;Tx C-Msg;2450000122 Hz;LoRa SF12;LoRa BW 200;;;2021-03-10 17:21:11.337;;;Status:OK  Packet:26  AirTime:792 ms
40;COM8;Rx Ack-Msg;2450000122 Hz;LoRa SF12;LoRa BW 200;-66 dBm;5 dB;2021-03-10 17:21:11;10:1111;10:2222;
41;COM8;Tx C-Msg;2450000122 Hz;LoRa SF12;LoRa BW 200;;;2021-03-10 17:21:12.950;;;Status:OK  Packet:27  AirTime:792 ms
42;COM8;Rx Ack-Msg;2450000122 Hz;LoRa SF12;LoRa BW 200;-68 dBm;4 dB;2021-03-10 17:21:13;10:1111;10:2222;
43;COM8;Tx C-Msg;2450000122 Hz;LoRa SF12;LoRa BW 200;;;2021-03-10 17:21:14.486;;;Status:OK  Packet:28  AirTime:792 ms
44;COM8;Rx Ack-Msg;2450000122 Hz;LoRa SF12;LoRa BW 200;-67 dBm;4 dB;2021-03-10 17:21:14;10:1111;10:2222;
45;COM8;Tx C-Msg;2450000122 Hz;LoRa SF12;LoRa BW 200;;;2021-03-10 17:21:16.005;;;Status:OK  Packet:29  AirTime:792 ms
46;COM8;Rx Ack-Msg;2450000122 Hz;LoRa SF12;LoRa BW 200;-67 dBm;4 dB;2021-03-10 17:21:16;10:1111;10:2222;
47;COM8;Tx C-Msg;2450000122 Hz;LoRa SF12;LoRa BW 200;;;2021-03-10 17:21:17.539;;;Status:OK  Packet:30  AirTime:792 ms
48;COM8;Rx Ack-Msg;2450000122 Hz;LoRa SF12;LoRa BW 200;-66 dBm;4 dB;2021-03-10 17:21:17;10:1111;10:2222;
49;COM8;Tx C-Msg;2450000122 Hz;LoRa SF12;LoRa BW 200;;;2021-03-10 17:21:19.055;;;Status:OK  Packet:31  AirTime:792 ms
50;COM8;Rx Ack-Msg;2450000122 Hz;LoRa SF12;LoRa BW 200;-66 dBm;4 dB;2021-03-10 17:21:19;10:1111;10:2222;
51;COM8;Tx C-Msg;2450000122 Hz;LoRa SF12;LoRa BW 200;;;2021-03-10 17:21:20.589;;;Status:OK  Packet:32  AirTime:792 ms
52;COM8;Rx Ack-Msg;2450000122 Hz;LoRa SF12;LoRa BW 200;-66 dBm;4 dB;2021-03-10 17:21:20;10:1111;10:2222;
53;COM8;Tx C-Msg;2450000122 Hz;LoRa SF12;LoRa BW 200;;;2021-03-10 17:21:22.112;;;Status:OK  Packet:33  AirTime:792 ms
54;COM8;Rx Ack-Msg;2450000122 Hz;LoRa SF12;LoRa BW 200;-66 dBm;4 dB;2021-03-10 17:21:22;10:1111;10:2222;
55;COM8;Tx C-Msg;2450000122 Hz;LoRa SF12;LoRa BW 200;;;2021-03-10 17:21:23.649;;;Status:OK  Packet:34  AirTime:792 ms
56;COM8;Rx Ack-Msg;2450000122 Hz;LoRa SF12;LoRa BW 200;-66 dBm;4 dB;2021-03-10 17:21:23;10:1111;10:2222;
57;COM8;Tx C-Msg;2450000122 Hz;LoRa SF12;LoRa BW 200;;;2021-03-10 17:21:25.167;;;Status:OK  Packet:35  AirTime:792 ms
58;COM8;Rx Ack-Msg;2450000122 Hz;LoRa SF12;LoRa BW 200;-66 dBm;4 dB;2021-03-10 17:21:25;10:1111;10:2222;
59;COM8;Tx C-Msg;2450000122 Hz;LoRa SF12;LoRa BW 200;;;2021-03-10 17:21:26.702;;;Status:OK  Packet:36  AirTime:792 ms
60;COM8;Rx Ack-Msg;2450000122 Hz;LoRa SF12;LoRa BW 200;-66 dBm;4 dB;2021-03-10 17:21:26;10:1111;10:2222;
61;COM8;Tx C-Msg;2450000122 Hz;LoRa SF12;LoRa BW 200;;;2021-03-10 17:21:28.222;;;Status:OK  Packet:37  AirTime:792 ms
62;COM8;Rx Ack-Msg;2450000122 Hz;LoRa SF12;LoRa BW 200;-65 dBm;4 dB;2021-03-10 17:21:28;10:1111;10:2222;
63;COM8;Tx C-Msg;2450000122 Hz;LoRa SF12;LoRa BW 200;;;2021-03-10 17:21:29.757;;;Status:OK  Packet:38  AirTime:792 ms
64;COM8;Rx Ack-Msg;2450000122 Hz;LoRa SF12;LoRa BW 200;-66 dBm;4 dB;2021-03-10 17:21:29;10:1111;10:2222;
65;COM8;Tx C-Msg;2450000122 Hz;LoRa SF12;LoRa BW 200;;;2021-03-10 17:21:31.270;;;Status:OK  Packet:39  AirTime:792 ms
66;COM8;Rx Ack-Msg;2450000122 Hz;LoRa SF12;LoRa BW 200;-65 dBm;4 dB;2021-03-10 17:21:31;10:1111;10:2222;
67;COM8;Tx C-Msg;2450000122 Hz;LoRa SF12;LoRa BW 200;;;2021-03-10 17:21:32.810;;;Status:OK  Packet:40  AirTime:792 ms
68;COM8;Rx Ack-Msg;2450000122 Hz;LoRa SF12;LoRa BW 200;-65 dBm;4 dB;2021-03-10 17:21:32;10:1111;10:2222;
69;COM8;Tx C-Msg;2450000122 Hz;LoRa SF12;LoRa BW 200;;;2021-03-10 17:21:34.324;;;Status:OK  Packet:41  AirTime:792 ms
70;COM8;Rx Ack-Msg;2450000122 Hz;LoRa SF12;LoRa BW 200;-66 dBm;4 dB;2021-03-10 17:21:34;10:1111;10:2222;
71;COM8;Tx C-Msg;2450000122 Hz;LoRa SF12;LoRa BW 200;;;2021-03-10 17:21:35.860;;;Status:OK  Packet:42  AirTime:792 ms
72;COM8;Rx Ack-Msg;2450000122 Hz;LoRa SF12;LoRa BW 200;-66 dBm;4 dB;2021-03-10 17:21:36;10:1111;10:2222;
73;COM8;Tx C-Msg;2450000122 Hz;LoRa SF12;LoRa BW 200;;;2021-03-10 17:21:37.383;;;Status:OK  Packet:43  AirTime:792 ms
74;COM8;Rx Ack-Msg;2450000122 Hz;LoRa SF12;LoRa BW 200;-66 dBm;4 dB;2021-03-10 17:21:37;10:1111;10:2222;
75;COM8;Tx C-Msg;2450000122 Hz;LoRa SF12;LoRa BW 200;;;2021-03-10 17:21:38.918;;;Status:OK  Packet:44  AirTime:792 ms
76;COM8;Rx Ack-Msg;2450000122 Hz;LoRa SF12;LoRa BW 200;-66 dBm;4 dB;2021-03-10 17:21:39;10:1111;10:2222;
77;COM8;Tx C-Msg;2450000122 Hz;LoRa SF12;LoRa BW 200;;;2021-03-10 17:21:40.436;;;Status:OK  Packet:45  AirTime:792 ms
78;COM8;Rx Ack-Msg;2450000122 Hz;LoRa SF12;LoRa BW 200;-65 dBm;4 dB;2021-03-10 17:21:40;10:1111;10:2222;
79;COM8;Tx C-Msg;2450000122 Hz;LoRa SF12;LoRa BW 200;;;2021-03-10 17:21:41.972;;;Status:OK  Packet:46  AirTime:792 ms
80;COM8;Rx Ack-Msg;2450000122 Hz;LoRa SF12;LoRa BW 200;-65 dBm;4 dB;2021-03-10 17:21:42;10:1111;10:2222;
81;COM8;Tx C-Msg;2450000122 Hz;LoRa SF12;LoRa BW 200;;;2021-03-10 17:21:43.491;;;Status:OK  Packet:47  AirTime:792 ms
82;COM8;Rx Ack-Msg;2450000122 Hz;LoRa SF12;LoRa BW 200;-65 dBm;4 dB;2021-03-10 17:21:43;10:1111;10:2222;
83;COM8;Tx C-Msg;2450000122 Hz;LoRa SF12;LoRa BW 200;;;2021-03-10 17:21:45.027;;;Status:OK  Packet:48  AirTime:792 ms
84;COM8;Rx Ack-Msg;2450000122 Hz;LoRa SF12;LoRa BW 200;-66 dBm;4 dB;2021-03-10 17:21:45;10:1111;10:2222;
85;COM8;Tx C-Msg;2450000122 Hz;LoRa SF12;LoRa BW 200;;;2021-03-10 17:21:46.540;;;Status:OK  Packet:49  AirTime:792 ms
86;COM8;Rx Ack-Msg;2450000122 Hz;LoRa SF12;LoRa BW 200;-66 dBm;4 dB;2021-03-10 17:21:46;10:1111;10:2222;
87;COM8;Tx C-Msg;2450000122 Hz;LoRa SF12;LoRa BW 200;;;2021-03-10 17:21:48.079;;;Status:OK  Packet:50  AirTime:792 ms
88;COM8;Rx Ack-Msg;2450000122 Hz;LoRa SF12;LoRa BW 200;-65 dBm;4 dB;2021-03-10 17:21:48;10:1111;10:2222;
89;COM8;Tx C-Msg;2450000122 Hz;LoRa SF12;LoRa BW 200;;;2021-03-10 17:21:49.594;;;Status:OK  Packet:51  AirTime:792 ms
90;COM8;Rx Ack-Msg;2450000122 Hz;LoRa SF12;LoRa BW 200;-65 dBm;5 dB;2021-03-10 17:21:49;10:1111;10:2222;
91;COM8;Tx C-Msg;2450000122 Hz;LoRa SF12;LoRa BW 200;;;2021-03-10 17:21:51.129;;;Status:OK  Packet:52  AirTime:792 ms
92;COM8;Rx Ack-Msg;2450000122 Hz;LoRa SF12;LoRa BW 200;-65 dBm;5 dB;2021-03-10 17:21:51;10:1111;10:2222;
93;COM8;Tx C-Msg;2450000122 Hz;LoRa SF12;LoRa BW 200;;;2021-03-10 17:21:52.652;;;Status:OK  Packet:53  AirTime:792 ms
94;COM8;Rx Ack-Msg;2450000122 Hz;LoRa SF12;LoRa BW 200;-65 dBm;4 dB;2021-03-10 17:21:52;10:1111;10:2222;
95;COM8;Tx C-Msg;2450000122 Hz;LoRa SF12;LoRa BW 200;;;2021-03-10 17:21:54.190;;;Status:OK  Packet:54  AirTime:792 ms
96;COM8;Rx Ack-Msg;2450000122 Hz;LoRa SF12;LoRa BW 200;-66 dBm;4 dB;2021-03-10 17:21:54;10:1111;10:2222;
97;COM8;Tx C-Msg;2450000122 Hz;LoRa SF12;LoRa BW 200;;;2021-03-10 17:21:55.709;;;Status:OK  Packet:55  AirTime:792 ms
98;COM8;Rx Ack-Msg;2450000122 Hz;LoRa SF12;LoRa BW 200;-65 dBm;4 dB;2021-03-10 17:21:55;10:1111;10:2222;
99;COM8;Tx C-Msg;2450000122 Hz;LoRa SF12;LoRa BW 200;;;2021-03-10 17:21:57.241;;;Status:OK  Packet:56  AirTime:792 ms
100;COM8;Rx Ack-Msg;2450000122 Hz;LoRa SF12;LoRa BW 200;-65 dBm;5 dB;2021-03-10 17:21:57;10:1111;10:2222;
101;COM8;Tx C-Msg;2450000122 Hz;LoRa SF12;LoRa BW 200;;;2021-03-10 17:21:58.761;;;Status:OK  Packet:57  AirTime:792 ms
102;COM8;Rx Ack-Msg;2450000122 Hz;LoRa SF12;LoRa BW 200;-65 dBm;4 dB;2021-03-10 17:21:58;10:1111;10:2222;
103;COM8;Tx C-Msg;2450000122 Hz;LoRa SF12;LoRa BW 200;;;2021-03-10 17:23:55.611;;;Status:OK  Packet:58  AirTime:792 ms
104;COM8;Rx Ack-Msg;2450000122 Hz;LoRa SF12;LoRa BW 200;-70 dBm;4 dB;2021-03-10 17:23:55;10:1111;10:2222;
105;COM8;Tx C-Msg;2450000122 Hz;LoRa SF12;LoRa BW 200;;;2021-03-10 17:23:58.121;;;Status:OK  Packet:59  AirTime:792 ms
106;COM8;Rx Ack-Msg;2450000122 Hz;LoRa SF12;LoRa BW 200;-70 dBm;5 dB;2021-03-10 17:23:58;10:1111;10:2222;
107;COM8;Tx C-Msg;2450000122 Hz;LoRa SF12;LoRa BW 200;;;2021-03-10 17:24:00.522;;;Status:OK  Packet:60  AirTime:792 ms
108;COM8;Rx Ack-Msg;2450000122 Hz;LoRa SF12;LoRa BW 200;-70 dBm;4 dB;2021-03-10 17:24:00;10:1111;10:2222;
109;COM8;Tx C-Msg;2450000122 Hz;LoRa SF12;LoRa BW 200;;;2021-03-10 17:24:02.854;;;Status:OK  Packet:61  AirTime:792 ms
110;COM8;Rx Ack-Msg;2450000122 Hz;LoRa SF12;LoRa BW 200;-70 dBm;4 dB;2021-03-10 17:24:03;10:1111;10:2222;
111;COM8;Tx C-Msg;2450000122 Hz;LoRa SF12;LoRa BW 200;;;2021-03-10 17:24:08.386;;;Status:OK  Packet:62  AirTime:792 ms
112;COM8;Rx Ack-Msg;2450000122 Hz;LoRa SF12;LoRa BW 200;-66 dBm;5 dB;2021-03-10 17:24:08;10:1111;10:2222;
113;COM8;Tx C-Msg;2450000122 Hz;LoRa SF12;LoRa BW 200;;;2021-03-10 17:24:10.769;;;Status:OK  Packet:63  AirTime:792 ms
114;COM8;Rx Ack-Msg;2450000122 Hz;LoRa SF12;LoRa BW 200;-66 dBm;4 dB;2021-03-10 17:24:10;10:1111;10:2222;
115;COM8;Tx C-Msg;2450000122 Hz;LoRa SF12;LoRa BW 200;;;2021-03-10 17:24:12.965;;;Status:OK  Packet:64  AirTime:792 ms
116;COM8;Rx Ack-Msg;2450000122 Hz;LoRa SF12;LoRa BW 200;-66 dBm;4 dB;2021-03-10 17:24:13;10:1111;10:2222;
117;COM8;Tx C-Msg;2450000122 Hz;LoRa SF12;LoRa BW 200;;;2021-03-10 17:24:14.591;;;Status:OK  Packet:65  AirTime:792 ms
118;COM8;Rx Ack-Msg;2450000122 Hz;LoRa SF12;LoRa BW 200;-66 dBm;4 dB;2021-03-10 17:24:14;10:1111;10:2222;
119;COM8;Tx C-Msg;2450000122 Hz;LoRa SF12;LoRa BW 200;;;2021-03-10 17:24:16.109;;;Status:OK  Packet:66  AirTime:792 ms
120;COM8;Rx Ack-Msg;2450000122 Hz;LoRa SF12;LoRa BW 200;-66 dBm;4 dB;2021-03-10 17:24:16;10:1111;10:2222;
121;COM8;Tx C-Msg;2450000122 Hz;LoRa SF12;LoRa BW 200;;;2021-03-10 17:24:17.644;;;Status:OK  Packet:67  AirTime:792 ms
122;COM8;Rx Ack-Msg;2450000122 Hz;LoRa SF12;LoRa BW 200;-66 dBm;4 dB;2021-03-10 17:24:17;10:1111;10:2222;
123;COM8;Tx C-Msg;2450000122 Hz;LoRa SF12;LoRa BW 200;;;2021-03-10 17:24:19.159;;;Status:OK  Packet:68  AirTime:792 ms
124;COM8;Rx Ack-Msg;2450000122 Hz;LoRa SF12;LoRa BW 200;-66 dBm;4 dB;2021-03-10 17:24:19;10:1111;10:2222;
125;COM8;Tx C-Msg;2450000122 Hz;LoRa SF12;LoRa BW 200;;;2021-03-10 17:24:20.694;;;Status:OK  Packet:69  AirTime:792 ms
126;COM8;Rx Ack-Msg;2450000122 Hz;LoRa SF12;LoRa BW 200;-66 dBm;4 dB;2021-03-10 17:24:20;10:1111;10:2222;
127;COM8;Tx C-Msg;2450000122 Hz;LoRa SF12;LoRa BW 200;;;2021-03-10 17:24:22.217;;;Status:OK  Packet:70  AirTime:792 ms
128;COM8;Rx Ack-Msg;2450000122 Hz;LoRa SF12;LoRa BW 200;-66 dBm;5 dB;2021-03-10 17:24:22;10:1111;10:2222;
129;COM8;Tx C-Msg;2450000122 Hz;LoRa SF12;LoRa BW 200;;;2021-03-10 17:24:23.752;;;Status:OK  Packet:71  AirTime:792 ms
130;COM8;Rx Ack-Msg;2450000122 Hz;LoRa SF12;LoRa BW 200;-66 dBm;4 dB;2021-03-10 17:24:23;10:1111;10:2222;
131;COM8;Tx C-Msg;2450000122 Hz;LoRa SF12;LoRa BW 200;;;2021-03-10 17:24:25.272;;;Status:OK  Packet:72  AirTime:792 ms
132;COM8;Rx Ack-Msg;2450000122 Hz;LoRa SF12;LoRa BW 200;-66 dBm;4 dB;2021-03-10 17:24:25;10:1111;10:2222;
133;COM8;Tx C-Msg;2450000122 Hz;LoRa SF12;LoRa BW 200;;;2021-03-10 17:24:26.806;;;Status:OK  Packet:73  AirTime:792 ms
134;COM8;Rx Ack-Msg;2450000122 Hz;LoRa SF12;LoRa BW 200;-66 dBm;5 dB;2021-03-10 17:24:26;10:1111;10:2222;
135;COM8;Tx C-Msg;2450000122 Hz;LoRa SF12;LoRa BW 200;;;2021-03-10 17:24:28.325;;;Status:OK  Packet:74  AirTime:792 ms
136;COM8;Rx Ack-Msg;2450000122 Hz;LoRa SF12;LoRa BW 200;-66 dBm;5 dB;2021-03-10 17:24:28;10:1111;10:2222;
137;COM8;Tx C-Msg;2450000122 Hz;LoRa SF12;LoRa BW 200;;;2021-03-10 17:24:29.860;;;Status:OK  Packet:75  AirTime:792 ms
138;COM8;Rx Ack-Msg;2450000122 Hz;LoRa SF12;LoRa BW 200;-66 dBm;5 dB;2021-03-10 17:24:30;10:1111;10:2222;
139;COM8;Tx C-Msg;2450000122 Hz;LoRa SF12;LoRa BW 200;;;2021-03-10 17:24:31.380;;;Status:OK  Packet:76  AirTime:792 ms
140;COM8;Rx Ack-Msg;2450000122 Hz;LoRa SF12;LoRa BW 200;-66 dBm;4 dB;2021-03-10 17:24:31;10:1111;10:2222;
141;COM8;Tx C-Msg;2450000122 Hz;LoRa SF12;LoRa BW 200;;;2021-03-10 17:24:32.915;;;Status:OK  Packet:77  AirTime:792 ms
142;COM8;Rx Ack-Msg;2450000122 Hz;LoRa SF12;LoRa BW 200;-66 dBm;4 dB;2021-03-10 17:24:33;10:1111;10:2222;
143;COM8;Tx C-Msg;2450000122 Hz;LoRa SF12;LoRa BW 200;;;2021-03-10 17:24:34.429;;;Status:OK  Packet:78  AirTime:792 ms
144;COM8;Rx Ack-Msg;2450000122 Hz;LoRa SF12;LoRa BW 200;-66 dBm;4 dB;2021-03-10 17:24:34;10:1111;10:2222;
145;COM8;Tx C-Msg;2450000122 Hz;LoRa SF12;LoRa BW 200;;;2021-03-10 17:24:35.975;;;Status:OK  Packet:79  AirTime:792 ms
146;COM8;Rx Ack-Msg;2450000122 Hz;LoRa SF12;LoRa BW 200;-66 dBm;4 dB;2021-03-10 17:24:36;10:1111;10:2222;
147;COM8;Tx C-Msg;2450000122 Hz;LoRa SF12;LoRa BW 200;;;2021-03-10 17:24:37.487;;;Status:OK  Packet:80  AirTime:792 ms
148;COM8;Rx Ack-Msg;2450000122 Hz;LoRa SF12;LoRa BW 200;-66 dBm;4 dB;2021-03-10 17:24:37;10:1111;10:2222;
149;COM8;Tx C-Msg;2450000122 Hz;LoRa SF12;LoRa BW 200;;;2021-03-10 17:24:39.022;;;Status:OK  Packet:81  AirTime:792 ms
150;COM8;Rx Ack-Msg;2450000122 Hz;LoRa SF12;LoRa BW 200;-66 dBm;4 dB;2021-03-10 17:24:39;10:1111;10:2222;
151;COM8;Tx C-Msg;2450000122 Hz;LoRa SF12;LoRa BW 200;;;2021-03-10 17:24:40.541;;;Status:OK  Packet:82  AirTime:792 ms
152;COM8;Rx Ack-Msg;2450000122 Hz;LoRa SF12;LoRa BW 200;-66 dBm;4 dB;2021-03-10 17:24:40;10:1111;10:2222;
153;COM8;Tx C-Msg;2450000122 Hz;LoRa SF12;LoRa BW 200;;;2021-03-10 17:24:42.076;;;Status:OK  Packet:83  AirTime:792 ms
154;COM8;Rx Ack-Msg;2450000122 Hz;LoRa SF12;LoRa BW 200;-66 dBm;5 dB;2021-03-10 17:24:42;10:1111;10:2222;
155;COM8;Tx C-Msg;2450000122 Hz;LoRa SF12;LoRa BW 200;;;2021-03-10 17:24:43.596;;;Status:OK  Packet:84  AirTime:792 ms
156;COM8;Rx Ack-Msg;2450000122 Hz;LoRa SF12;LoRa BW 200;-66 dBm;4 dB;2021-03-10 17:24:43;10:1111;10:2222;
157;COM8;Tx C-Msg;2450000122 Hz;LoRa SF12;LoRa BW 200;;;2021-03-10 17:24:45.131;;;Status:OK  Packet:85  AirTime:792 ms
158;COM8;Rx Ack-Msg;2450000122 Hz;LoRa SF12;LoRa BW 200;-66 dBm;4 dB;2021-03-10 17:24:45;10:1111;10:2222;
159;COM8;Tx C-Msg;2450000122 Hz;LoRa SF12;LoRa BW 200;;;2021-03-10 17:24:46.649;;;Status:OK  Packet:86  AirTime:792 ms
160;COM8;Rx Ack-Msg;2450000122 Hz;LoRa SF12;LoRa BW 200;-66 dBm;4 dB;2021-03-10 17:24:46;10:1111;10:2222;
161;COM8;Tx C-Msg;2450000122 Hz;LoRa SF12;LoRa BW 200;;;2021-03-10 17:24:48.180;;;Status:OK  Packet:87  AirTime:792 ms
162;COM8;Rx Ack-Msg;2450000122 Hz;LoRa SF12;LoRa BW 200;-66 dBm;4 dB;2021-03-10 17:24:48;10:1111;10:2222;
163;COM8;Tx C-Msg;2450000122 Hz;LoRa SF12;LoRa BW 200;;;2021-03-10 17:24:49.699;;;Status:OK  Packet:88  AirTime:792 ms
164;COM8;Rx Ack-Msg;2450000122 Hz;LoRa SF12;LoRa BW 200;-65 dBm;4 dB;2021-03-10 17:24:49;10:1111;10:2222;
165;COM8;Tx C-Msg;2450000122 Hz;LoRa SF12;LoRa BW 200;;;2021-03-10 17:24:51.234;;;Status:OK  Packet:89  AirTime:792 ms
166;COM8;Rx Ack-Msg;2450000122 Hz;LoRa SF12;LoRa BW 200;-66 dBm;5 dB;2021-03-10 17:24:51;10:1111;10:2222;
167;COM8;Tx C-Msg;2450000122 Hz;LoRa SF12;LoRa BW 200;;;2021-03-10 17:24:52.756;;;Status:OK  Packet:90  AirTime:792 ms
168;COM8;Rx Ack-Msg;2450000122 Hz;LoRa SF12;LoRa BW 200;-66 dBm;4 dB;2021-03-10 17:24:52;10:1111;10:2222;
169;COM8;Tx C-Msg;2450000122 Hz;LoRa SF12;LoRa BW 200;;;2021-03-10 17:24:54.292;;;Status:OK  Packet:91  AirTime:792 ms
170;COM8;Rx Ack-Msg;2450000122 Hz;LoRa SF12;LoRa BW 200;-66 dBm;4 dB;2021-03-10 17:24:54;10:1111;10:2222;
171;COM8;Tx C-Msg;2450000122 Hz;LoRa SF12;LoRa BW 200;;;2021-03-10 17:24:55.811;;;Status:OK  Packet:92  AirTime:792 ms
172;COM8;Rx Ack-Msg;2450000122 Hz;LoRa SF12;LoRa BW 200;-66 dBm;4 dB;2021-03-10 17:24:55;10:1111;10:2222;
173;COM8;Tx C-Msg;2450000122 Hz;LoRa SF12;LoRa BW 200;;;2021-03-10 17:24:57.347;;;Status:OK  Packet:93  AirTime:792 ms
174;COM8;Rx Ack-Msg;2450000122 Hz;LoRa SF12;LoRa BW 200;-66 dBm;4 dB;2021-03-10 17:24:57;10:1111;10:2222;
175;COM8;Tx C-Msg;2450000122 Hz;LoRa SF12;LoRa BW 200;;;2021-03-10 17:24:58.865;;;Status:OK  Packet:94  AirTime:792 ms
176;COM8;Rx Ack-Msg;2450000122 Hz;LoRa SF12;LoRa BW 200;-65 dBm;4 dB;2021-03-10 17:24:59;10:1111;10:2222;
177;COM8;Tx C-Msg;2450000122 Hz;LoRa SF12;LoRa BW 200;;;2021-03-10 17:25:02.810;;;Status:OK  Packet:95  AirTime:792 ms
178;COM8;Rx Ack-Msg;2450000122 Hz;LoRa SF12;LoRa BW 200;-66 dBm;4 dB;2021-03-10 17:25:02;10:1111;10:2222;
179;COM8;Tx C-Msg;2450000122 Hz;LoRa SF12;LoRa BW 200;;;2021-03-10 17:25:04.334;;;Status:OK  Packet:96  AirTime:792 ms
180;COM8;Rx Ack-Msg;2450000122 Hz;LoRa SF12;LoRa BW 200;-64 dBm;4 dB;2021-03-10 17:25:04;10:1111;10:2222;
181;COM8;Tx C-Msg;2450000122 Hz;LoRa SF12;LoRa BW 200;;;2021-03-10 17:25:05.864;;;Status:OK  Packet:97  AirTime:792 ms
182;COM8;Rx Ack-Msg;2450000122 Hz;LoRa SF12;LoRa BW 200;-64 dBm;4 dB;2021-03-10 17:25:06;10:1111;10:2222;
183;COM8;Tx C-Msg;2450000122 Hz;LoRa SF12;LoRa BW 200;;;2021-03-10 17:25:07.386;;;Status:OK  Packet:98  AirTime:792 ms
184;COM8;Rx Ack-Msg;2450000122 Hz;LoRa SF12;LoRa BW 200;-64 dBm;5 dB;2021-03-10 17:25:07;10:1111;10:2222;
185;COM8;Tx C-Msg;2450000122 Hz;LoRa SF12;LoRa BW 200;;;2021-03-10 17:25:10.681;;;Status:OK  Packet:99  AirTime:792 ms
186;COM8;Rx Ack-Msg;2450000122 Hz;LoRa SF12;LoRa BW 200;-65 dBm;5 dB;2021-03-10 17:25:10;10:1111;10:2222;
187;COM8;Tx C-Msg;2450000122 Hz;LoRa SF12;LoRa BW 200;;;2021-03-10 17:25:12.200;;;Status:OK  Packet:100  AirTime:792 ms
188;COM8;Rx Ack-Msg;2450000122 Hz;LoRa SF12;LoRa BW 200;-65 dBm;4 dB;2021-03-10 17:25:12;10:1111;10:2222;
189;COM8;Tx C-Msg;2450000122 Hz;LoRa SF12;LoRa BW 200;;;2021-03-10 17:25:13.735;;;Status:OK  Packet:101  AirTime:792 ms
190;COM8;Rx Ack-Msg;2450000122 Hz;LoRa SF12;LoRa BW 200;-65 dBm;5 dB;2021-03-10 17:25:13;10:1111;10:2222;
191;COM8;Tx C-Msg;2450000122 Hz;LoRa SF12;LoRa BW 200;;;2021-03-10 17:25:17.024;;;Status:OK  Packet:102  AirTime:792 ms
192;COM8;Rx Ack-Msg;2450000122 Hz;LoRa SF12;LoRa BW 200;-65 dBm;5 dB;2021-03-10 17:25:17;10:1111;10:2222;
193;COM8;Tx C-Msg;2450000122 Hz;LoRa SF12;LoRa BW 200;;;2021-03-10 17:25:18.560;;;Status:OK  Packet:103  AirTime:792 ms
194;COM8;Rx Ack-Msg;2450000122 Hz;LoRa SF12;LoRa BW 200;-65 dBm;5 dB;2021-03-10 17:25:18;10:1111;10:2222;
195;COM8;Tx C-Msg;2450000122 Hz;LoRa SF12;LoRa BW 200;;;2021-03-10 17:25:20.079;;;Status:OK  Packet:104  AirTime:792 ms
196;COM8;Rx Ack-Msg;2450000122 Hz;LoRa SF12;LoRa BW 200;-65 dBm;4 dB;2021-03-10 17:25:20;10:1111;10:2222;
197;COM8;Tx C-Msg;2450000122 Hz;LoRa SF12;LoRa BW 200;;;2021-03-10 17:25:21.618;;;Status:OK  Packet:105  AirTime:792 ms
198;COM8;Rx Ack-Msg;2450000122 Hz;LoRa SF12;LoRa BW 200;-65 dBm;4 dB;2021-03-10 17:25:21;10:1111;10:2222;
199;COM8;Tx C-Msg;2450000122 Hz;LoRa SF12;LoRa BW 200;;;2021-03-10 17:25:24.880;;;Status:OK  Packet:106  AirTime:792 ms
200;COM8;Rx Ack-Msg;2450000122 Hz;LoRa SF12;LoRa BW 200;-55 dBm;4 dB;2021-03-10 17:25:25;10:1111;10:2222;
201;COM8;Tx C-Msg;2450000122 Hz;LoRa SF12;LoRa BW 200;;;2021-03-10 17:26:29.316;;;Status:OK  Packet:107  AirTime:792 ms
202;COM8;Rx Ack-Msg;2450000122 Hz;LoRa SF12;LoRa BW 200;-61 dBm;5 dB;2021-03-10 17:26:29;10:1111;10:2222;
203;COM8;Tx C-Msg;2450000122 Hz;LoRa SF12;LoRa BW 200;;;2021-03-10 17:26:31.667;;;Status:OK  Packet:108  AirTime:792 ms
204;COM8;Rx Ack-Msg;2450000122 Hz;LoRa SF12;LoRa BW 200;-60 dBm;5 dB;2021-03-10 17:26:31;10:1111;10:2222;
205;COM8;Tx C-Msg;2450000122 Hz;LoRa SF12;LoRa BW 200;;;2021-03-10 17:26:33.904;;;Status:OK  Packet:109  AirTime:792 ms
206;COM8;Rx Ack-Msg;2450000122 Hz;LoRa SF12;LoRa BW 200;-55 dBm;4 dB;2021-03-10 17:26:34;10:1111;10:2222;
207;COM8;Tx C-Msg;2450000122 Hz;LoRa SF12;LoRa BW 200;;;2021-03-10 17:26:35.536;;;Status:OK  Packet:110  AirTime:792 ms
208;COM8;Rx Ack-Msg;2450000122 Hz;LoRa SF12;LoRa BW 200;-55 dBm;4 dB;2021-03-10 17:26:35;10:1111;10:2222;
209;COM8;Tx C-Msg;2450000122 Hz;LoRa SF12;LoRa BW 200;;;2021-03-10 17:26:37.056;;;Status:OK  Packet:111  AirTime:792 ms
210;COM8;Rx Ack-Msg;2450000122 Hz;LoRa SF12;LoRa BW 200;-55 dBm;4 dB;2021-03-10 17:26:37;10:1111;10:2222;
211;COM8;Tx C-Msg;2450000122 Hz;LoRa SF12;LoRa BW 200;;;2021-03-10 17:26:38.589;;;Status:OK  Packet:112  AirTime:792 ms
212;COM8;Rx Ack-Msg;2450000122 Hz;LoRa SF12;LoRa BW 200;-60 dBm;4 dB;2021-03-10 17:26:38;10:1111;10:2222;
213;COM8;Tx C-Msg;2450000122 Hz;LoRa SF12;LoRa BW 200;;;2021-03-10 17:26:40.109;;;Status:OK  Packet:113  AirTime:792 ms
214;COM8;Rx Ack-Msg;2450000122 Hz;LoRa SF12;LoRa BW 200;-60 dBm;4 dB;2021-03-10 17:26:40;10:1111;10:2222;
215;COM8;Tx C-Msg;2450000122 Hz;LoRa SF12;LoRa BW 200;;;2021-03-10 17:26:41.640;;;Status:OK  Packet:114  AirTime:792 ms
216;COM8;Rx Ack-Msg;2450000122 Hz;LoRa SF12;LoRa BW 200;-59 dBm;4 dB;2021-03-10 17:26:41;10:1111;10:2222;
217;COM8;Tx C-Msg;2450000122 Hz;LoRa SF12;LoRa BW 200;;;2021-03-10 17:26:43.159;;;Status:OK  Packet:115  AirTime:792 ms
218;COM8;Rx Ack-Msg;2450000122 Hz;LoRa SF12;LoRa BW 200;-60 dBm;4 dB;2021-03-10 17:26:43;10:1111;10:2222;
219;COM8;Tx C-Msg;2450000122 Hz;LoRa SF12;LoRa BW 200;;;2021-03-10 17:26:44.695;;;Status:OK  Packet:116  AirTime:792 ms
220;COM8;Rx Ack-Msg;2450000122 Hz;LoRa SF12;LoRa BW 200;-57 dBm;4 dB;2021-03-10 17:26:44;10:1111;10:2222;
221;COM8;Tx C-Msg;2450000122 Hz;LoRa SF12;LoRa BW 200;;;2021-03-10 17:26:46.218;;;Status:OK  Packet:117  AirTime:792 ms
222;COM8;Rx Ack-Msg;2450000122 Hz;LoRa SF12;LoRa BW 200;-58 dBm;4 dB;2021-03-10 17:26:46;10:1111;10:2222;
223;COM8;Tx C-Msg;2450000122 Hz;LoRa SF12;LoRa BW 200;;;2021-03-10 17:26:47.752;;;Status:OK  Packet:118  AirTime:792 ms
224;COM8;Rx Ack-Msg;2450000122 Hz;LoRa SF12;LoRa BW 200;-57 dBm;5 dB;2021-03-10 17:26:47;10:1111;10:2222;
225;COM8;Tx C-Msg;2450000122 Hz;LoRa SF12;LoRa BW 200;;;2021-03-10 17:26:49.271;;;Status:OK  Packet:119  AirTime:792 ms
226;COM8;Rx Ack-Msg;2450000122 Hz;LoRa SF12;LoRa BW 200;-58 dBm;5 dB;2021-03-10 17:26:49;10:1111;10:2222;
227;COM8;Tx C-Msg;2450000122 Hz;LoRa SF12;LoRa BW 200;;;2021-03-10 17:26:50.806;;;Status:OK  Packet:120  AirTime:792 ms
228;COM8;Rx Ack-Msg;2450000122 Hz;LoRa SF12;LoRa BW 200;-57 dBm;4 dB;2021-03-10 17:26:50;10:1111;10:2222;
229;COM8;Tx C-Msg;2450000122 Hz;LoRa SF12;LoRa BW 200;;;2021-03-10 17:26:52.338;;;Status:OK  Packet:121  AirTime:792 ms
230;COM8;Rx Ack-Msg;2450000122 Hz;LoRa SF12;LoRa BW 200;-57 dBm;4 dB;2021-03-10 17:26:52;10:1111;10:2222;
231;COM8;Tx C-Msg;2450000122 Hz;LoRa SF12;LoRa BW 200;;;2021-03-10 17:26:53.861;;;Status:OK  Packet:122  AirTime:792 ms
232;COM8;Rx Ack-Msg;2450000122 Hz;LoRa SF12;LoRa BW 200;-57 dBm;4 dB;2021-03-10 17:26:54;10:1111;10:2222;
233;COM8;Tx C-Msg;2450000122 Hz;LoRa SF12;LoRa BW 200;;;2021-03-10 17:26:55.375;;;Status:OK  Packet:123  AirTime:792 ms
234;COM8;Rx Ack-Msg;2450000122 Hz;LoRa SF12;LoRa BW 200;-60 dBm;4 dB;2021-03-10 17:26:55;10:1111;10:2222;
235;COM8;Tx C-Msg;2450000122 Hz;LoRa SF12;LoRa BW 200;;;2021-03-10 17:26:56.915;;;Status:OK  Packet:124  AirTime:792 ms
236;COM8;Rx Ack-Msg;2450000122 Hz;LoRa SF12;LoRa BW 200;-60 dBm;5 dB;2021-03-10 17:26:57;10:1111;10:2222;
237;COM8;Tx C-Msg;2450000122 Hz;LoRa SF12;LoRa BW 200;;;2021-03-10 17:26:58.429;;;Status:OK  Packet:125  AirTime:792 ms
238;COM8;Rx Ack-Msg;2450000122 Hz;LoRa SF12;LoRa BW 200;-60 dBm;5 dB;2021-03-10 17:26:58;10:1111;10:2222;
239;COM8;Tx C-Msg;2450000122 Hz;LoRa SF12;LoRa BW 200;;;2021-03-10 17:26:59.965;;;Status:OK  Packet:126  AirTime:792 ms
240;COM8;Rx Ack-Msg;2450000122 Hz;LoRa SF12;LoRa BW 200;-60 dBm;4 dB;2021-03-10 17:27:00;10:1111;10:2222;
241;COM8;Tx C-Msg;2450000122 Hz;LoRa SF12;LoRa BW 200;;;2021-03-10 17:27:01.489;;;Status:OK  Packet:127  AirTime:792 ms
242;COM8;Rx Ack-Msg;2450000122 Hz;LoRa SF12;LoRa BW 200;-60 dBm;4 dB;2021-03-10 17:27:01;10:1111;10:2222;
243;COM8;Tx C-Msg;2450000122 Hz;LoRa SF12;LoRa BW 200;;;2021-03-10 17:27:03.022;;;Status:OK  Packet:128  AirTime:792 ms
244;COM8;Rx Ack-Msg;2450000122 Hz;LoRa SF12;LoRa BW 200;-60 dBm;5 dB;2021-03-10 17:27:03;10:1111;10:2222;
245;COM8;Tx C-Msg;2450000122 Hz;LoRa SF12;LoRa BW 200;;;2021-03-10 17:27:04.542;;;Status:OK  Packet:129  AirTime:792 ms
246;COM8;Rx Ack-Msg;2450000122 Hz;LoRa SF12;LoRa BW 200;-60 dBm;5 dB;2021-03-10 17:27:04;10:1111;10:2222;
247;COM8;Tx C-Msg;2450000122 Hz;LoRa SF12;LoRa BW 200;;;2021-03-10 17:27:06.076;;;Status:OK  Packet:130  AirTime:792 ms
248;COM8;Rx Ack-Msg;2450000122 Hz;LoRa SF12;LoRa BW 200;-58 dBm;5 dB;2021-03-10 17:27:06;10:1111;10:2222;
249;COM8;Tx C-Msg;2450000122 Hz;LoRa SF12;LoRa BW 200;;;2021-03-10 17:27:08.506;;;Status:OK  Packet:131  AirTime:792 ms
250;COM8;Rx Ack-Msg;2450000122 Hz;LoRa SF12;LoRa BW 200;-58 dBm;4 dB;2021-03-10 17:27:08;10:1111;10:2222;
251;COM8;Tx C-Msg;2450000122 Hz;LoRa SF12;LoRa BW 200;;;2021-03-10 17:27:10.024;;;Status:OK  Packet:132  AirTime:792 ms
252;COM8;Rx Ack-Msg;2450000122 Hz;LoRa SF12;LoRa BW 200;-58 dBm;4 dB;2021-03-10 17:27:10;10:1111;10:2222;
253;COM8;Tx C-Msg;2450000122 Hz;LoRa SF12;LoRa BW 200;;;2021-03-10 17:27:11.560;;;Status:OK  Packet:133  AirTime:792 ms
254;COM8;Rx Ack-Msg;2450000122 Hz;LoRa SF12;LoRa BW 200;-57 dBm;5 dB;2021-03-10 17:27:11;10:1111;10:2222;
255;COM8;Tx C-Msg;2450000122 Hz;LoRa SF12;LoRa BW 200;;;2021-03-10 17:27:13.080;;;Status:OK  Packet:134  AirTime:792 ms
256;COM8;Rx Ack-Msg;2450000122 Hz;LoRa SF12;LoRa BW 200;-59 dBm;4 dB;2021-03-10 17:27:13;10:1111;10:2222;
257;COM8;Tx C-Msg;2450000122 Hz;LoRa SF12;LoRa BW 200;;;2021-03-10 17:27:14.610;;;Status:OK  Packet:135  AirTime:792 ms
258;COM8;Rx Ack-Msg;2450000122 Hz;LoRa SF12;LoRa BW 200;-59 dBm;5 dB;2021-03-10 17:27:14;10:1111;10:2222;
259;COM8;Tx C-Msg;2450000122 Hz;LoRa SF12;LoRa BW 200;;;2021-03-10 17:27:17.654;;;Status:OK  Packet:136  AirTime:792 ms
260;COM8;Rx Ack-Msg;2450000122 Hz;LoRa SF12;LoRa BW 200;-59 dBm;5 dB;2021-03-10 17:27:17;10:1111;10:2222;
261;COM8;Tx C-Msg;2450000122 Hz;LoRa SF12;LoRa BW 200;;;2021-03-10 17:27:19.175;;;Status:OK  Packet:137  AirTime:792 ms
262;COM8;Rx Ack-Msg;2450000122 Hz;LoRa SF12;LoRa BW 200;-57 dBm;5 dB;2021-03-10 17:27:19;10:1111;10:2222;
263;COM8;Tx C-Msg;2450000122 Hz;LoRa SF12;LoRa BW 200;;;2021-03-10 17:27:20.705;;;Status:OK  Packet:138  AirTime:792 ms
264;COM8;Rx Ack-Msg;2450000122 Hz;LoRa SF12;LoRa BW 200;-57 dBm;5 dB;2021-03-10 17:27:20;10:1111;10:2222;
265;COM8;Tx C-Msg;2450000122 Hz;LoRa SF12;LoRa BW 200;;;2021-03-10 17:27:22.226;;;Status:OK  Packet:139  AirTime:792 ms
266;COM8;Rx Ack-Msg;2450000122 Hz;LoRa SF12;LoRa BW 200;-55 dBm;5 dB;2021-03-10 17:27:22;10:1111;10:2222;
267;COM8;Tx C-Msg;2450000122 Hz;LoRa SF12;LoRa BW 200;;;2021-03-10 17:27:23.759;;;Status:OK  Packet:140  AirTime:792 ms
268;COM8;Rx Ack-Msg;2450000122 Hz;LoRa SF12;LoRa BW 200;-55 dBm;5 dB;2021-03-10 17:27:23;10:1111;10:2222;
269;COM8;Tx C-Msg;2450000122 Hz;LoRa SF12;LoRa BW 200;;;2021-03-10 17:27:25.274;;;Status:OK  Packet:141  AirTime:792 ms
270;COM8;Rx Ack-Msg;2450000122 Hz;LoRa SF12;LoRa BW 200;-55 dBm;5 dB;2021-03-10 17:27:25;10:1111;10:2222;
271;COM8;Tx C-Msg;2450000122 Hz;LoRa SF12;LoRa BW 200;;;2021-03-10 17:27:26.810;;;Status:OK  Packet:142  AirTime:792 ms
272;COM8;Rx Ack-Msg;2450000122 Hz;LoRa SF12;LoRa BW 200;-60 dBm;5 dB;2021-03-10 17:27:26;10:1111;10:2222;
273;COM8;Tx C-Msg;2450000122 Hz;LoRa SF12;LoRa BW 200;;;2021-03-10 17:27:28.332;;;Status:OK  Packet:143  AirTime:792 ms
274;COM8;Rx Ack-Msg;2450000122 Hz;LoRa SF12;LoRa BW 200;-60 dBm;4 dB;2021-03-10 17:27:28;10:1111;10:2222;
275;COM8;Tx C-Msg;2450000122 Hz;LoRa SF12;LoRa BW 200;;;2021-03-10 17:27:29.868;;;Status:OK  Packet:144  AirTime:792 ms
276;COM8;Rx Ack-Msg;2450000122 Hz;LoRa SF12;LoRa BW 200;-57 dBm;4 dB;2021-03-10 17:27:30;10:1111;10:2222;
277;COM8;Tx C-Msg;2450000122 Hz;LoRa SF12;LoRa BW 200;;;2021-03-10 17:27:31.386;;;Status:OK  Packet:145  AirTime:792 ms
278;COM8;Rx Ack-Msg;2450000122 Hz;LoRa SF12;LoRa BW 200;-60 dBm;4 dB;2021-03-10 17:27:31;10:1111;10:2222;
279;COM8;Tx C-Msg;2450000122 Hz;LoRa SF12;LoRa BW 200;;;2021-03-10 17:27:32.922;;;Status:OK  Packet:146  AirTime:792 ms
280;COM8;Rx Ack-Msg;2450000122 Hz;LoRa SF12;LoRa BW 200;-57 dBm;4 dB;2021-03-10 17:27:33;10:1111;10:2222;
281;COM8;Tx C-Msg;2450000122 Hz;LoRa SF12;LoRa BW 200;;;2021-03-10 17:27:34.442;;;Status:OK  Packet:147  AirTime:792 ms
282;COM8;Rx Ack-Msg;2450000122 Hz;LoRa SF12;LoRa BW 200;-57 dBm;4 dB;2021-03-10 17:27:34;10:1111;10:2222;
283;COM8;Tx C-Msg;2450000122 Hz;LoRa SF12;LoRa BW 200;;;2021-03-10 17:27:38.662;;;Status:OK  Packet:148  AirTime:792 ms
284;COM8;Rx Ack-Msg;2450000122 Hz;LoRa SF12;LoRa BW 200;-59 dBm;4 dB;2021-03-10 17:27:38;10:1111;10:2222;
285;COM8;Tx C-Msg;2450000122 Hz;LoRa SF12;LoRa BW 200;;;2021-03-10 17:27:40.197;;;Status:OK  Packet:149  AirTime:792 ms
286;COM8;Rx Ack-Msg;2450000122 Hz;LoRa SF12;LoRa BW 200;-57 dBm;4 dB;2021-03-10 17:27:40;10:1111;10:2222;
287;COM8;Tx C-Msg;2450000122 Hz;LoRa SF12;LoRa BW 200;;;2021-03-10 17:27:41.716;;;Status:OK  Packet:150  AirTime:792 ms
288;COM8;Rx Ack-Msg;2450000122 Hz;LoRa SF12;LoRa BW 200;-57 dBm;5 dB;2021-03-10 17:27:41;10:1111;10:2222;
289;COM8;Tx C-Msg;2450000122 Hz;LoRa SF12;LoRa BW 200;;;2021-03-10 17:27:43.252;;;Status:OK  Packet:151  AirTime:792 ms
290;COM8;Rx Ack-Msg;2450000122 Hz;LoRa SF12;LoRa BW 200;-58 dBm;5 dB;2021-03-10 17:27:43;10:1111;10:2222;
291;COM8;Tx C-Msg;2450000122 Hz;LoRa SF12;LoRa BW 200;;;2021-03-10 17:27:47.180;;;Status:OK  Packet:152  AirTime:792 ms
292;COM8;Rx Ack-Msg;2450000122 Hz;LoRa SF12;LoRa BW 200;-58 dBm;4 dB;2021-03-10 17:27:47;10:1111;10:2222;
293;COM8;Tx C-Msg;2450000122 Hz;LoRa SF12;LoRa BW 200;;;2021-03-10 17:27:48.715;;;Status:OK  Packet:153  AirTime:792 ms
294;COM8;Rx Ack-Msg;2450000122 Hz;LoRa SF12;LoRa BW 200;-58 dBm;4 dB;2021-03-10 17:27:48;10:1111;10:2222;
295;COM8;Tx C-Msg;2450000122 Hz;LoRa SF12;LoRa BW 200;;;2021-03-10 17:27:50.233;;;Status:OK  Packet:154  AirTime:792 ms
296;COM8;Rx Ack-Msg;2450000122 Hz;LoRa SF12;LoRa BW 200;-58 dBm;5 dB;2021-03-10 17:27:50;10:1111;10:2222;
297;COM8;Tx C-Msg;2450000122 Hz;LoRa SF12;LoRa BW 200;;;2021-03-10 17:27:53.597;;;Status:OK  Packet:155  AirTime:792 ms
298;COM8;Rx Ack-Msg;2450000122 Hz;LoRa SF12;LoRa BW 200;-56 dBm;5 dB;2021-03-10 17:27:53;10:1111;10:2222;
299;COM8;Tx C-Msg;2450000122 Hz;LoRa SF12;LoRa BW 200;;;2021-03-10 17:27:56.091;;;Status:OK  Packet:156  AirTime:792 ms
300;COM8;Rx Ack-Msg;2450000122 Hz;LoRa SF12;LoRa BW 200;-56 dBm;4 dB;2021-03-10 17:27:56;10:1111;10:2222;
301;COM8;Tx C-Msg;2450000122 Hz;LoRa SF12;LoRa BW 200;;;2021-03-10 17:29:16.369;;;Status:OK  Packet:157  AirTime:792 ms
302;COM8;Rx Ack-Msg;2450000122 Hz;LoRa SF12;LoRa BW 200;-57 dBm;4 dB;2021-03-10 17:29:16;10:1111;10:2222;
303;COM8;Tx C-Msg;2450000122 Hz;LoRa SF12;LoRa BW 200;;;2021-03-10 17:29:18.719;;;Status:OK  Packet:158  AirTime:792 ms
304;COM8;Rx Ack-Msg;2450000122 Hz;LoRa SF12;LoRa BW 200;-57 dBm;4 dB;2021-03-10 17:29:18;10:1111;10:2222;
305;COM8;Tx C-Msg;2450000122 Hz;LoRa SF12;LoRa BW 200;;;2021-03-10 17:29:20.990;;;Status:OK  Packet:159  AirTime:792 ms
306;COM8;Rx Ack-Msg;2450000122 Hz;LoRa SF12;LoRa BW 200;-57 dBm;4 dB;2021-03-10 17:29:21;10:1111;10:2222;
307;COM8;Tx C-Msg;2450000122 Hz;LoRa SF12;LoRa BW 200;;;2021-03-10 17:29:22.512;;;Status:OK  Packet:160  AirTime:792 ms
308;COM8;Rx Ack-Msg;2450000122 Hz;LoRa SF12;LoRa BW 200;-57 dBm;4 dB;2021-03-10 17:29:22;10:1111;10:2222;
309;COM8;Tx C-Msg;2450000122 Hz;LoRa SF12;LoRa BW 200;;;2021-03-10 17:29:24.044;;;Status:OK  Packet:161  AirTime:792 ms
310;COM8;Rx Ack-Msg;2450000122 Hz;LoRa SF12;LoRa BW 200;-56 dBm;4 dB;2021-03-10 17:29:24;10:1111;10:2222;
311;COM8;Tx C-Msg;2450000122 Hz;LoRa SF12;LoRa BW 200;;;2021-03-10 17:29:25.566;;;Status:OK  Packet:162  AirTime:792 ms
312;COM8;Rx Ack-Msg;2450000122 Hz;LoRa SF12;LoRa BW 200;-55 dBm;4 dB;2021-03-10 17:29:25;10:1111;10:2222;
313;COM8;Tx C-Msg;2450000122 Hz;LoRa SF12;LoRa BW 200;;;2021-03-10 17:29:27.102;;;Status:OK  Packet:163  AirTime:792 ms
314;COM8;Rx Ack-Msg;2450000122 Hz;LoRa SF12;LoRa BW 200;-56 dBm;4 dB;2021-03-10 17:29:27;10:1111;10:2222;
315;COM8;Tx C-Msg;2450000122 Hz;LoRa SF12;LoRa BW 200;;;2021-03-10 17:29:28.622;;;Status:OK  Packet:164  AirTime:792 ms
316;COM8;Rx Ack-Msg;2450000122 Hz;LoRa SF12;LoRa BW 200;-56 dBm;4 dB;2021-03-10 17:29:28;10:1111;10:2222;
317;COM8;Tx C-Msg;2450000122 Hz;LoRa SF12;LoRa BW 200;;;2021-03-10 17:29:30.155;;;Status:OK  Packet:165  AirTime:792 ms
318;COM8;Rx Ack-Msg;2450000122 Hz;LoRa SF12;LoRa BW 200;-55 dBm;4 dB;2021-03-10 17:29:30;10:1111;10:2222;
319;COM8;Tx C-Msg;2450000122 Hz;LoRa SF12;LoRa BW 200;;;2021-03-10 17:29:31.670;;;Status:OK  Packet:166  AirTime:792 ms
320;COM8;Rx Ack-Msg;2450000122 Hz;LoRa SF12;LoRa BW 200;-55 dBm;4 dB;2021-03-10 17:29:31;10:1111;10:2222;
321;COM8;Tx C-Msg;2450000122 Hz;LoRa SF12;LoRa BW 200;;;2021-03-10 17:29:33.209;;;Status:OK  Packet:167  AirTime:792 ms
322;COM8;Rx Ack-Msg;2450000122 Hz;LoRa SF12;LoRa BW 200;-55 dBm;4 dB;2021-03-10 17:29:33;10:1111;10:2222;
323;COM8;Tx C-Msg;2450000122 Hz;LoRa SF12;LoRa BW 200;;;2021-03-10 17:29:34.724;;;Status:OK  Packet:168  AirTime:792 ms
324;COM8;Rx Ack-Msg;2450000122 Hz;LoRa SF12;LoRa BW 200;-55 dBm;4 dB;2021-03-10 17:29:34;10:1111;10:2222;
325;COM8;Tx C-Msg;2450000122 Hz;LoRa SF12;LoRa BW 200;;;2021-03-10 17:29:36.259;;;Status:OK  Packet:169  AirTime:792 ms
326;COM8;Rx Ack-Msg;2450000122 Hz;LoRa SF12;LoRa BW 200;-55 dBm;5 dB;2021-03-10 17:29:36;10:1111;10:2222;
327;COM8;Tx C-Msg;2450000122 Hz;LoRa SF12;LoRa BW 200;;;2021-03-10 17:29:37.783;;;Status:OK  Packet:170  AirTime:792 ms
328;COM8;Rx Ack-Msg;2450000122 Hz;LoRa SF12;LoRa BW 200;-58 dBm;4 dB;2021-03-10 17:29:37;10:1111;10:2222;
329;COM8;Tx C-Msg;2450000122 Hz;LoRa SF12;LoRa BW 200;;;2021-03-10 17:29:39.322;;;Status:OK  Packet:171  AirTime:792 ms
330;COM8;Rx Ack-Msg;2450000122 Hz;LoRa SF12;LoRa BW 200;-58 dBm;4 dB;2021-03-10 17:29:39;10:1111;10:2222;
331;COM8;Tx C-Msg;2450000122 Hz;LoRa SF12;LoRa BW 200;;;2021-03-10 17:29:40.836;;;Status:OK  Packet:172  AirTime:792 ms
332;COM8;Rx Ack-Msg;2450000122 Hz;LoRa SF12;LoRa BW 200;-58 dBm;4 dB;2021-03-10 17:29:41;10:1111;10:2222;
333;COM8;Tx C-Msg;2450000122 Hz;LoRa SF12;LoRa BW 200;;;2021-03-10 17:29:42.372;;;Status:OK  Packet:173  AirTime:792 ms
334;COM8;Rx Ack-Msg;2450000122 Hz;LoRa SF12;LoRa BW 200;-55 dBm;4 dB;2021-03-10 17:29:42;10:1111;10:2222;
335;COM8;Tx C-Msg;2450000122 Hz;LoRa SF12;LoRa BW 200;;;2021-03-10 17:29:43.890;;;Status:OK  Packet:174  AirTime:792 ms
336;COM8;Rx Ack-Msg;2450000122 Hz;LoRa SF12;LoRa BW 200;-55 dBm;5 dB;2021-03-10 17:29:44;10:1111;10:2222;
337;COM8;Tx C-Msg;2450000122 Hz;LoRa SF12;LoRa BW 200;;;2021-03-10 17:29:45.426;;;Status:OK  Packet:175  AirTime:792 ms
338;COM8;Rx Ack-Msg;2450000122 Hz;LoRa SF12;LoRa BW 200;-55 dBm;4 dB;2021-03-10 17:29:45;10:1111;10:2222;
339;COM8;Tx C-Msg;2450000122 Hz;LoRa SF12;LoRa BW 200;;;2021-03-10 17:29:46.945;;;Status:OK  Packet:176  AirTime:792 ms
340;COM8;Rx Ack-Msg;2450000122 Hz;LoRa SF12;LoRa BW 200;-55 dBm;4 dB;2021-03-10 17:29:47;10:1111;10:2222;
341;COM8;Tx C-Msg;2450000122 Hz;LoRa SF12;LoRa BW 200;;;2021-03-10 17:29:48.480;;;Status:OK  Packet:177  AirTime:792 ms
342;COM8;Rx Ack-Msg;2450000122 Hz;LoRa SF12;LoRa BW 200;-55 dBm;5 dB;2021-03-10 17:29:48;10:1111;10:2222;
343;COM8;Tx C-Msg;2450000122 Hz;LoRa SF12;LoRa BW 200;;;2021-03-10 17:29:49.994;;;Status:OK  Packet:178  AirTime:792 ms
344;COM8;Rx Ack-Msg;2450000122 Hz;LoRa SF12;LoRa BW 200;-55 dBm;4 dB;2021-03-10 17:29:50;10:1111;10:2222;
345;COM8;Tx C-Msg;2450000122 Hz;LoRa SF12;LoRa BW 200;;;2021-03-10 17:29:51.530;;;Status:OK  Packet:179  AirTime:792 ms
346;COM8;Rx Ack-Msg;2450000122 Hz;LoRa SF12;LoRa BW 200;-55 dBm;5 dB;2021-03-10 17:29:51;10:1111;10:2222;
347;COM8;Tx C-Msg;2450000122 Hz;LoRa SF12;LoRa BW 200;;;2021-03-10 17:29:55.548;;;Status:OK  Packet:180  AirTime:792 ms
348;COM8;Rx Ack-Msg;2450000122 Hz;LoRa SF12;LoRa BW 200;-56 dBm;4 dB;2021-03-10 17:29:55;10:1111;10:2222;
349;COM8;Tx C-Msg;2450000122 Hz;LoRa SF12;LoRa BW 200;;;2021-03-10 17:29:57.065;;;Status:OK  Packet:181  AirTime:792 ms
350;COM8;Rx Ack-Msg;2450000122 Hz;LoRa SF12;LoRa BW 200;-56 dBm;4 dB;2021-03-10 17:29:57;10:1111;10:2222;
351;COM8;Tx C-Msg;2450000122 Hz;LoRa SF12;LoRa BW 200;;;2021-03-10 17:29:58.602;;;Status:OK  Packet:182  AirTime:792 ms
352;COM8;Rx Ack-Msg;2450000122 Hz;LoRa SF12;LoRa BW 200;-55 dBm;5 dB;2021-03-10 17:29:58;10:1111;10:2222;
353;COM8;Tx C-Msg;2450000122 Hz;LoRa SF12;LoRa BW 200;;;2021-03-10 17:30:00.120;;;Status:OK  Packet:183  AirTime:792 ms
354;COM8;Rx Ack-Msg;2450000122 Hz;LoRa SF12;LoRa BW 200;-55 dBm;4 dB;2021-03-10 17:30:00;10:1111;10:2222;
355;COM8;Tx C-Msg;2450000122 Hz;LoRa SF12;LoRa BW 200;;;2021-03-10 17:30:01.655;;;Status:OK  Packet:184  AirTime:792 ms
356;COM8;Rx Ack-Msg;2450000122 Hz;LoRa SF12;LoRa BW 200;-55 dBm;5 dB;2021-03-10 17:30:01;10:1111;10:2222;
357;COM8;Tx C-Msg;2450000122 Hz;LoRa SF12;LoRa BW 200;;;2021-03-10 17:30:03.169;;;Status:OK  Packet:185  AirTime:792 ms
358;COM8;Rx Ack-Msg;2450000122 Hz;LoRa SF12;LoRa BW 200;-56 dBm;4 dB;2021-03-10 17:30:03;10:1111;10:2222;
359;COM8;Tx C-Msg;2450000122 Hz;LoRa SF12;LoRa BW 200;;;2021-03-10 17:30:07.119;;;Status:OK  Packet:186  AirTime:792 ms
360;COM8;Rx Ack-Msg;2450000122 Hz;LoRa SF12;LoRa BW 200;-55 dBm;4 dB;2021-03-10 17:30:07;10:1111;10:2222;
361;COM8;Tx C-Msg;2450000122 Hz;LoRa SF12;LoRa BW 200;;;2021-03-10 17:30:08.643;;;Status:OK  Packet:187  AirTime:792 ms
362;COM8;Rx Ack-Msg;2450000122 Hz;LoRa SF12;LoRa BW 200;-55 dBm;4 dB;2021-03-10 17:30:08;10:1111;10:2222;
363;COM8;Tx C-Msg;2450000122 Hz;LoRa SF12;LoRa BW 200;;;2021-03-10 17:30:10.178;;;Status:OK  Packet:188  AirTime:792 ms
364;COM8;Rx Ack-Msg;2450000122 Hz;LoRa SF12;LoRa BW 200;-55 dBm;4 dB;2021-03-10 17:30:10;10:1111;10:2222;
365;COM8;Tx C-Msg;2450000122 Hz;LoRa SF12;LoRa BW 200;;;2021-03-10 17:30:11.696;;;Status:OK  Packet:189  AirTime:792 ms
366;COM8;Rx Ack-Msg;2450000122 Hz;LoRa SF12;LoRa BW 200;-55 dBm;4 dB;2021-03-10 17:30:11;10:1111;10:2222;
367;COM8;Tx C-Msg;2450000122 Hz;LoRa SF12;LoRa BW 200;;;2021-03-10 17:30:13.232;;;Status:OK  Packet:190  AirTime:792 ms
368;COM8;Rx Ack-Msg;2450000122 Hz;LoRa SF12;LoRa BW 200;-56 dBm;4 dB;2021-03-10 17:30:13;10:1111;10:2222;
369;COM8;Tx C-Msg;2450000122 Hz;LoRa SF12;LoRa BW 200;;;2021-03-10 17:30:14.751;;;Status:OK  Packet:191  AirTime:792 ms
370;COM8;Rx Ack-Msg;2450000122 Hz;LoRa SF12;LoRa BW 200;-55 dBm;4 dB;2021-03-10 17:30:14;10:1111;10:2222;
371;COM8;Tx C-Msg;2450000122 Hz;LoRa SF12;LoRa BW 200;;;2021-03-10 17:30:16.285;;;Status:OK  Packet:192  AirTime:792 ms
372;COM8;Rx Ack-Msg;2450000122 Hz;LoRa SF12;LoRa BW 200;-56 dBm;4 dB;2021-03-10 17:30:16;10:1111;10:2222;
373;COM8;Tx C-Msg;2450000122 Hz;LoRa SF12;LoRa BW 200;;;2021-03-10 17:30:17.804;;;Status:OK  Packet:193  AirTime:792 ms
374;COM8;Rx Ack-Msg;2450000122 Hz;LoRa SF12;LoRa BW 200;-56 dBm;4 dB;2021-03-10 17:30:17;10:1111;10:2222;
375;COM8;Tx C-Msg;2450000122 Hz;LoRa SF12;LoRa BW 200;;;2021-03-10 17:30:19.341;;;Status:OK  Packet:194  AirTime:792 ms
376;COM8;Rx Ack-Msg;2450000122 Hz;LoRa SF12;LoRa BW 200;-56 dBm;4 dB;2021-03-10 17:30:19;10:1111;10:2222;
377;COM8;Tx C-Msg;2450000122 Hz;LoRa SF12;LoRa BW 200;;;2021-03-10 17:30:23.692;;;Status:OK  Packet:195  AirTime:792 ms
378;COM8;Rx Ack-Msg;2450000122 Hz;LoRa SF12;LoRa BW 200;-58 dBm;4 dB;2021-03-10 17:30:23;10:1111;10:2222;
379;COM8;Tx C-Msg;2450000122 Hz;LoRa SF12;LoRa BW 200;;;2021-03-10 17:30:25.204;;;Status:OK  Packet:196  AirTime:792 ms
380;COM8;Rx Ack-Msg;2450000122 Hz;LoRa SF12;LoRa BW 200;-58 dBm;4 dB;2021-03-10 17:30:25;10:1111;10:2222;
381;COM8;Tx C-Msg;2450000122 Hz;LoRa SF12;LoRa BW 200;;;2021-03-10 17:30:26.726;;;Status:OK  Packet:197  AirTime:792 ms
382;COM8;Rx Ack-Msg;2450000122 Hz;LoRa SF12;LoRa BW 200;-58 dBm;4 dB;2021-03-10 17:30:26;10:1111;10:2222;
383;COM8;Tx C-Msg;2450000122 Hz;LoRa SF12;LoRa BW 200;;;2021-03-10 17:30:29.812;;;Status:OK  Packet:198  AirTime:792 ms
384;COM8;Rx Ack-Msg;2450000122 Hz;LoRa SF12;LoRa BW 200;-58 dBm;4 dB;2021-03-10 17:30:30;10:1111;10:2222;
385;COM8;Tx C-Msg;2450000122 Hz;LoRa SF12;LoRa BW 200;;;2021-03-10 17:30:31.348;;;Status:OK  Packet:199  AirTime:792 ms
386;COM8;Rx Ack-Msg;2450000122 Hz;LoRa SF12;LoRa BW 200;-58 dBm;5 dB;2021-03-10 17:30:31;10:1111;10:2222;
387;COM8;Tx C-Msg;2450000122 Hz;LoRa SF12;LoRa BW 200;;;2021-03-10 17:30:32.866;;;Status:OK  Packet:200  AirTime:792 ms
388;COM8;Rx Ack-Msg;2450000122 Hz;LoRa SF12;LoRa BW 200;-58 dBm;4 dB;2021-03-10 17:30:33;10:1111;10:2222;
389;COM8;Tx C-Msg;2450000122 Hz;LoRa SF12;LoRa BW 200;;;2021-03-10 17:30:34.402;;;Status:OK  Packet:201  AirTime:792 ms
390;COM8;Rx Ack-Msg;2450000122 Hz;LoRa SF12;LoRa BW 200;-58 dBm;4 dB;2021-03-10 17:30:34;10:1111;10:2222;
391;COM8;Tx C-Msg;2450000122 Hz;LoRa SF12;LoRa BW 200;;;2021-03-10 17:30:35.937;;;Status:OK  Packet:202  AirTime:792 ms
392;COM8;Rx Ack-Msg;2450000122 Hz;LoRa SF12;LoRa BW 200;-56 dBm;4 dB;2021-03-10 17:30:36;10:1111;10:2222;
393;COM8;Tx C-Msg;2450000122 Hz;LoRa SF12;LoRa BW 200;;;2021-03-10 17:30:37.462;;;Status:OK  Packet:203  AirTime:792 ms
394;COM8;Rx Ack-Msg;2450000122 Hz;LoRa SF12;LoRa BW 200;-57 dBm;4 dB;2021-03-10 17:30:37;10:1111;10:2222;
395;COM8;Tx C-Msg;2450000122 Hz;LoRa SF12;LoRa BW 200;;;2021-03-10 17:30:38.991;;;Status:OK  Packet:204  AirTime:792 ms
396;COM8;Rx Ack-Msg;2450000122 Hz;LoRa SF12;LoRa BW 200;-58 dBm;4 dB;2021-03-10 17:30:39;10:1111;10:2222;
397;COM8;Tx C-Msg;2450000122 Hz;LoRa SF12;LoRa BW 200;;;2021-03-10 17:30:42.477;;;Status:OK  Packet:205  AirTime:792 ms
398;COM8;Rx Ack-Msg;2450000122 Hz;LoRa SF12;LoRa BW 200;-58 dBm;4 dB;2021-03-10 17:30:42;10:1111;10:2222;
399;COM8;Tx C-Msg;2450000122 Hz;LoRa SF12;LoRa BW 200;;;2021-03-10 17:30:45.175;;;Status:OK  Packet:206  AirTime:792 ms
400;COM8;Rx Ack-Msg;2450000122 Hz;LoRa SF12;LoRa BW 200;-58 dBm;4 dB;2021-03-10 17:30:45;10:1111;10:2222;
