No.;Port;Event;Frequency;SF / Datarate;Bandwidth;RSSI;SNR;Time;Dst Address;Src Address;Message Payload 
1;COM8;Tx C-Msg;2450000122 Hz;;FLRC BR 1.300 Mb/s BW 1.2 MHz;;;2021-03-25 16:49:55.908;;;Status:OK  Packet:34  AirTime:1 ms
2;COM8;Rx Ack-Msg;2450000122 Hz;;FLRC BR 1.300 Mb/s BW 1.2 MHz;-63 dBm;0 dB;2021-03-25 16:49:55;10:1111;10:2222;
3;COM8;Tx C-Msg;2450000122 Hz;;FLRC BR 1.300 Mb/s BW 1.2 MHz;;;2021-03-25 16:49:56.309;;;Status:OK  Packet:35  AirTime:1 ms
4;COM8;Rx Ack-Msg;2450000122 Hz;;FLRC BR 1.300 Mb/s BW 1.2 MHz;-64 dBm;0 dB;2021-03-25 16:49:55;10:1111;10:2222;
5;COM8;Tx C-Msg;2450000122 Hz;;FLRC BR 1.300 Mb/s BW 1.2 MHz;;;2021-03-25 16:49:56.723;;;Status:OK  Packet:36  AirTime:1 ms
6;COM8;Rx Ack-Msg;2450000122 Hz;;FLRC BR 1.300 Mb/s BW 1.2 MHz;-64 dBm;0 dB;2021-03-25 16:49:56;10:1111;10:2222;
7;COM8;Tx C-Msg;2450000122 Hz;;FLRC BR 1.300 Mb/s BW 1.2 MHz;;;2021-03-25 16:49:57.109;;;Status:OK  Packet:37  AirTime:1 ms
8;COM8;Rx Ack-Msg;2450000122 Hz;;FLRC BR 1.300 Mb/s BW 1.2 MHz;-63 dBm;0 dB;2021-03-25 16:49:56;10:1111;10:2222;
9;COM8;Tx C-Msg;2450000122 Hz;;FLRC BR 1.300 Mb/s BW 1.2 MHz;;;2021-03-25 16:49:57.174;;;Status:OK  Packet:38  AirTime:1 ms
10;COM8;Rx Ack-Msg;2450000122 Hz;;FLRC BR 1.300 Mb/s BW 1.2 MHz;-63 dBm;0 dB;2021-03-25 16:49:56;10:1111;10:2222;
11;COM8;Tx C-Msg;2450000122 Hz;;FLRC BR 1.300 Mb/s BW 1.2 MHz;;;2021-03-25 16:49:57.493;;;Status:OK  Packet:39  AirTime:1 ms
12;COM8;Rx Ack-Msg;2450000122 Hz;;FLRC BR 1.300 Mb/s BW 1.2 MHz;-63 dBm;0 dB;2021-03-25 16:49:57;10:1111;10:2222;
13;COM8;Tx C-Msg;2450000122 Hz;;FLRC BR 1.300 Mb/s BW 1.2 MHz;;;2021-03-25 16:49:57.569;;;Status:OK  Packet:40  AirTime:1 ms
14;COM8;Rx Ack-Msg;2450000122 Hz;;FLRC BR 1.300 Mb/s BW 1.2 MHz;-63 dBm;0 dB;2021-03-25 16:49:57;10:1111;10:2222;
15;COM8;Tx C-Msg;2450000122 Hz;;FLRC BR 1.300 Mb/s BW 1.2 MHz;;;2021-03-25 16:49:57.876;;;Status:OK  Packet:41  AirTime:1 ms
16;COM8;Rx Ack-Msg;2450000122 Hz;;FLRC BR 1.300 Mb/s BW 1.2 MHz;-63 dBm;0 dB;2021-03-25 16:49:57;10:1111;10:2222;
17;COM8;Tx C-Msg;2450000122 Hz;;FLRC BR 1.300 Mb/s BW 1.2 MHz;;;2021-03-25 16:49:57.979;;;Status:OK  Packet:42  AirTime:1 ms
18;COM8;Rx Ack-Msg;2450000122 Hz;;FLRC BR 1.300 Mb/s BW 1.2 MHz;-63 dBm;0 dB;2021-03-25 16:49:57;10:1111;10:2222;
19;COM8;Tx C-Msg;2450000122 Hz;;FLRC BR 1.300 Mb/s BW 1.2 MHz;;;2021-03-25 16:49:58.244;;;Status:OK  Packet:43  AirTime:1 ms
20;COM8;Rx Ack-Msg;2450000122 Hz;;FLRC BR 1.300 Mb/s BW 1.2 MHz;-62 dBm;0 dB;2021-03-25 16:49:57;10:1111;10:2222;
21;COM8;Tx C-Msg;2450000122 Hz;;FLRC BR 1.300 Mb/s BW 1.2 MHz;;;2021-03-25 16:49:58.329;;;Status:OK  Packet:44  AirTime:1 ms
22;COM8;Rx Ack-Msg;2450000122 Hz;;FLRC BR 1.300 Mb/s BW 1.2 MHz;-63 dBm;0 dB;2021-03-25 16:49:57;10:1111;10:2222;
23;COM8;Tx C-Msg;2450000122 Hz;;FLRC BR 1.300 Mb/s BW 1.2 MHz;;;2021-03-25 16:49:58.606;;;Status:OK  Packet:45  AirTime:1 ms
24;COM8;Rx Ack-Msg;2450000122 Hz;;FLRC BR 1.300 Mb/s BW 1.2 MHz;-62 dBm;0 dB;2021-03-25 16:49:58;10:1111;10:2222;
25;COM8;Tx C-Msg;2450000122 Hz;;FLRC BR 1.300 Mb/s BW 1.2 MHz;;;2021-03-25 16:49:58.686;;;Status:OK  Packet:46  AirTime:1 ms
26;COM8;Rx Ack-Msg;2450000122 Hz;;FLRC BR 1.300 Mb/s BW 1.2 MHz;-62 dBm;0 dB;2021-03-25 16:49:58;10:1111;10:2222;
27;COM8;Tx C-Msg;2450000122 Hz;;FLRC BR 1.300 Mb/s BW 1.2 MHz;;;2021-03-25 16:49:58.989;;;Status:OK  Packet:47  AirTime:1 ms
28;COM8;Rx Ack-Msg;2450000122 Hz;;FLRC BR 1.300 Mb/s BW 1.2 MHz;-62 dBm;0 dB;2021-03-25 16:49:58;10:1111;10:2222;
29;COM8;Tx C-Msg;2450000122 Hz;;FLRC BR 1.300 Mb/s BW 1.2 MHz;;;2021-03-25 16:49:59.075;;;Status:OK  Packet:48  AirTime:1 ms
30;COM8;Rx Ack-Msg;2450000122 Hz;;FLRC BR 1.300 Mb/s BW 1.2 MHz;-62 dBm;0 dB;2021-03-25 16:49:58;10:1111;10:2222;
31;COM8;Tx C-Msg;2450000122 Hz;;FLRC BR 1.300 Mb/s BW 1.2 MHz;;;2021-03-25 16:49:59.382;;;Status:OK  Packet:49  AirTime:1 ms
32;COM8;Rx Ack-Msg;2450000122 Hz;;FLRC BR 1.300 Mb/s BW 1.2 MHz;-62 dBm;0 dB;2021-03-25 16:49:59;10:1111;10:2222;
33;COM8;Tx C-Msg;2450000122 Hz;;FLRC BR 1.300 Mb/s BW 1.2 MHz;;;2021-03-25 16:49:59.477;;;Status:OK  Packet:50  AirTime:1 ms
34;COM8;Rx Ack-Msg;2450000122 Hz;;FLRC BR 1.300 Mb/s BW 1.2 MHz;-62 dBm;0 dB;2021-03-25 16:49:59;10:1111;10:2222;
35;COM8;Tx C-Msg;2450000122 Hz;;FLRC BR 1.300 Mb/s BW 1.2 MHz;;;2021-03-25 16:49:59.782;;;Status:OK  Packet:51  AirTime:1 ms
36;COM8;Rx Ack-Msg;2450000122 Hz;;FLRC BR 1.300 Mb/s BW 1.2 MHz;-62 dBm;0 dB;2021-03-25 16:49:59;10:1111;10:2222;
37;COM8;Tx C-Msg;2450000122 Hz;;FLRC BR 1.300 Mb/s BW 1.2 MHz;;;2021-03-25 16:49:59.864;;;Status:OK  Packet:52  AirTime:1 ms
38;COM8;Rx Ack-Msg;2450000122 Hz;;FLRC BR 1.300 Mb/s BW 1.2 MHz;-62 dBm;0 dB;2021-03-25 16:49:59;10:1111;10:2222;
39;COM8;Tx C-Msg;2450000122 Hz;;FLRC BR 1.300 Mb/s BW 1.2 MHz;;;2021-03-25 16:50:00.197;;;Status:OK  Packet:53  AirTime:1 ms
40;COM8;Rx Ack-Msg;2450000122 Hz;;FLRC BR 1.300 Mb/s BW 1.2 MHz;-62 dBm;0 dB;2021-03-25 16:49:59;10:1111;10:2222;
41;COM8;Tx C-Msg;2450000122 Hz;;FLRC BR 1.300 Mb/s BW 1.2 MHz;;;2021-03-25 16:50:00.274;;;Status:OK  Packet:54  AirTime:1 ms
42;COM8;Rx Ack-Msg;2450000122 Hz;;FLRC BR 1.300 Mb/s BW 1.2 MHz;-62 dBm;0 dB;2021-03-25 16:49:59;10:1111;10:2222;
43;COM8;Tx C-Msg;2450000122 Hz;;FLRC BR 1.300 Mb/s BW 1.2 MHz;;;2021-03-25 16:50:00.579;;;Status:OK  Packet:55  AirTime:1 ms
44;COM8;Rx Ack-Msg;2450000122 Hz;;FLRC BR 1.300 Mb/s BW 1.2 MHz;-62 dBm;0 dB;2021-03-25 16:50:05;10:1111;10:2222;
45;COM8;Tx C-Msg;2450000122 Hz;;FLRC BR 1.300 Mb/s BW 1.2 MHz;;;2021-03-25 16:50:05.588;;;Status:OK  Packet:56  AirTime:1 ms
46;COM8;Rx Ack-Msg;2450000122 Hz;;FLRC BR 1.300 Mb/s BW 1.2 MHz;-62 dBm;0 dB;2021-03-25 16:50:05;10:1111;10:2222;
47;COM8;Tx C-Msg;2450000122 Hz;;FLRC BR 1.300 Mb/s BW 1.2 MHz;;;2021-03-25 16:50:05.681;;;Status:OK  Packet:57  AirTime:1 ms
48;COM8;Rx Ack-Msg;2450000122 Hz;;FLRC BR 1.300 Mb/s BW 1.2 MHz;-62 dBm;0 dB;2021-03-25 16:50:05;10:1111;10:2222;
49;COM8;Tx C-Msg;2450000122 Hz;;FLRC BR 1.300 Mb/s BW 1.2 MHz;;;2021-03-25 16:50:05.704;;;Status:OK  Packet:58  AirTime:1 ms
50;COM8;Rx Ack-Msg;2450000122 Hz;;FLRC BR 1.300 Mb/s BW 1.2 MHz;-62 dBm;0 dB;2021-03-25 16:50:05;10:1111;10:2222;
51;COM8;Tx C-Msg;2450000122 Hz;;FLRC BR 1.300 Mb/s BW 1.2 MHz;;;2021-03-25 16:50:05.728;;;Status:OK  Packet:59  AirTime:1 ms
52;COM8;Rx Ack-Msg;2450000122 Hz;;FLRC BR 1.300 Mb/s BW 1.2 MHz;-62 dBm;0 dB;2021-03-25 16:50:05;10:1111;10:2222;
53;COM8;Tx C-Msg;2450000122 Hz;;FLRC BR 1.300 Mb/s BW 1.2 MHz;;;2021-03-25 16:50:05.835;;;Status:OK  Packet:60  AirTime:1 ms
54;COM8;Rx Ack-Msg;2450000122 Hz;;FLRC BR 1.300 Mb/s BW 1.2 MHz;-62 dBm;0 dB;2021-03-25 16:50:05;10:1111;10:2222;
55;COM8;Tx C-Msg;2450000122 Hz;;FLRC BR 1.300 Mb/s BW 1.2 MHz;;;2021-03-25 16:50:07.673;;;Status:OK  Packet:61  AirTime:1 ms
56;COM8;Rx Ack-Msg;2450000122 Hz;;FLRC BR 1.300 Mb/s BW 1.2 MHz;-62 dBm;0 dB;2021-03-25 16:50:07;10:1111;10:2222;
57;COM8;Tx C-Msg;2450000122 Hz;;FLRC BR 1.300 Mb/s BW 1.2 MHz;;;2021-03-25 16:50:08.231;;;Status:OK  Packet:62  AirTime:1 ms
58;COM8;Rx Ack-Msg;2450000122 Hz;;FLRC BR 1.300 Mb/s BW 1.2 MHz;-62 dBm;0 dB;2021-03-25 16:50:07;10:1111;10:2222;
59;COM8;Tx C-Msg;2450000122 Hz;;FLRC BR 1.300 Mb/s BW 1.2 MHz;;;2021-03-25 16:50:08.600;;;Status:OK  Packet:63  AirTime:1 ms
60;COM8;Rx Ack-Msg;2450000122 Hz;;FLRC BR 1.300 Mb/s BW 1.2 MHz;-62 dBm;0 dB;2021-03-25 16:50:08;10:1111;10:2222;
61;COM8;Tx C-Msg;2450000122 Hz;;FLRC BR 1.300 Mb/s BW 1.2 MHz;;;2021-03-25 16:50:09.016;;;Status:OK  Packet:64  AirTime:1 ms
62;COM8;Rx Ack-Msg;2450000122 Hz;;FLRC BR 1.300 Mb/s BW 1.2 MHz;-62 dBm;0 dB;2021-03-25 16:50:08;10:1111;10:2222;
63;COM8;Tx C-Msg;2450000122 Hz;;FLRC BR 1.300 Mb/s BW 1.2 MHz;;;2021-03-25 16:50:09.087;;;Status:OK  Packet:65  AirTime:1 ms
64;COM8;Rx Ack-Msg;2450000122 Hz;;FLRC BR 1.300 Mb/s BW 1.2 MHz;-62 dBm;0 dB;2021-03-25 16:50:08;10:1111;10:2222;
65;COM8;Tx C-Msg;2450000122 Hz;;FLRC BR 1.300 Mb/s BW 1.2 MHz;;;2021-03-25 16:50:09.560;;;Status:OK  Packet:66  AirTime:1 ms
66;COM8;Rx Ack-Msg;2450000122 Hz;;FLRC BR 1.300 Mb/s BW 1.2 MHz;-62 dBm;0 dB;2021-03-25 16:50:09;10:1111;10:2222;
67;COM8;Tx C-Msg;2450000122 Hz;;FLRC BR 1.300 Mb/s BW 1.2 MHz;;;2021-03-25 16:50:09.642;;;Status:OK  Packet:67  AirTime:1 ms
68;COM8;Rx Ack-Msg;2450000122 Hz;;FLRC BR 1.300 Mb/s BW 1.2 MHz;-62 dBm;0 dB;2021-03-25 16:50:09;10:1111;10:2222;
69;COM8;Tx C-Msg;2450000122 Hz;;FLRC BR 1.300 Mb/s BW 1.2 MHz;;;2021-03-25 16:50:10.072;;;Status:OK  Packet:68  AirTime:1 ms
70;COM8;Rx Ack-Msg;2450000122 Hz;;FLRC BR 1.300 Mb/s BW 1.2 MHz;-62 dBm;0 dB;2021-03-25 16:50:09;10:1111;10:2222;
71;COM8;Tx C-Msg;2450000122 Hz;;FLRC BR 1.300 Mb/s BW 1.2 MHz;;;2021-03-25 16:50:10.150;;;Status:OK  Packet:69  AirTime:1 ms
72;COM8;Rx Ack-Msg;2450000122 Hz;;FLRC BR 1.300 Mb/s BW 1.2 MHz;-62 dBm;0 dB;2021-03-25 16:50:09;10:1111;10:2222;
73;COM8;Tx C-Msg;2450000122 Hz;;FLRC BR 1.300 Mb/s BW 1.2 MHz;;;2021-03-25 16:50:10.711;;;Status:OK  Packet:70  AirTime:1 ms
74;COM8;Rx Ack-Msg;2450000122 Hz;;FLRC BR 1.300 Mb/s BW 1.2 MHz;-62 dBm;0 dB;2021-03-25 16:50:10;10:1111;10:2222;
75;COM8;Tx C-Msg;2450000122 Hz;;FLRC BR 1.300 Mb/s BW 1.2 MHz;;;2021-03-25 16:50:11.273;;;Status:OK  Packet:71  AirTime:1 ms
76;COM8;Rx Ack-Msg;2450000122 Hz;;FLRC BR 1.300 Mb/s BW 1.2 MHz;-62 dBm;0 dB;2021-03-25 16:50:10;10:1111;10:2222;
77;COM8;Tx C-Msg;2450000122 Hz;;FLRC BR 1.300 Mb/s BW 1.2 MHz;;;2021-03-25 16:50:12.404;;;Status:OK  Packet:72  AirTime:1 ms
78;COM8;Rx Ack-Msg;2450000122 Hz;;FLRC BR 1.300 Mb/s BW 1.2 MHz;-61 dBm;0 dB;2021-03-25 16:50:12;10:1111;10:2222;
79;COM8;Tx C-Msg;2450000122 Hz;;FLRC BR 1.300 Mb/s BW 1.2 MHz;;;2021-03-25 16:50:12.489;;;Status:OK  Packet:73  AirTime:1 ms
80;COM8;Rx Ack-Msg;2450000122 Hz;;FLRC BR 1.300 Mb/s BW 1.2 MHz;-61 dBm;0 dB;2021-03-25 16:50:12;10:1111;10:2222;
81;COM8;Tx C-Msg;2450000122 Hz;;FLRC BR 1.300 Mb/s BW 1.2 MHz;;;2021-03-25 16:50:12.957;;;Status:OK  Packet:74  AirTime:1 ms
82;COM8;Rx Ack-Msg;2450000122 Hz;;FLRC BR 1.300 Mb/s BW 1.2 MHz;-61 dBm;0 dB;2021-03-25 16:50:12;10:1111;10:2222;
83;COM8;Tx C-Msg;2450000122 Hz;;FLRC BR 1.300 Mb/s BW 1.2 MHz;;;2021-03-25 16:50:13.031;;;Status:OK  Packet:75  AirTime:1 ms
84;COM8;Rx Ack-Msg;2450000122 Hz;;FLRC BR 1.300 Mb/s BW 1.2 MHz;-61 dBm;0 dB;2021-03-25 16:50:12;10:1111;10:2222;
85;COM8;Tx C-Msg;2450000122 Hz;;FLRC BR 1.300 Mb/s BW 1.2 MHz;;;2021-03-25 16:50:13.862;;;Status:OK  Packet:76  AirTime:1 ms
86;COM8;Rx Ack-Msg;2450000122 Hz;;FLRC BR 1.300 Mb/s BW 1.2 MHz;-61 dBm;0 dB;2021-03-25 16:50:13;10:1111;10:2222;
87;COM8;Tx C-Msg;2450000122 Hz;;FLRC BR 1.300 Mb/s BW 1.2 MHz;;;2021-03-25 16:50:14.565;;;Status:OK  Packet:77  AirTime:1 ms
88;COM8;Rx Ack-Msg;2450000122 Hz;;FLRC BR 1.300 Mb/s BW 1.2 MHz;-61 dBm;0 dB;2021-03-25 16:50:14;10:1111;10:2222;
89;COM8;Tx C-Msg;2450000122 Hz;;FLRC BR 1.300 Mb/s BW 1.2 MHz;;;2021-03-25 16:50:14.641;;;Status:OK  Packet:78  AirTime:1 ms
90;COM8;Rx Ack-Msg;2450000122 Hz;;FLRC BR 1.300 Mb/s BW 1.2 MHz;-61 dBm;0 dB;2021-03-25 16:50:14;10:1111;10:2222;
91;COM8;Tx C-Msg;2450000122 Hz;;FLRC BR 1.300 Mb/s BW 1.2 MHz;;;2021-03-25 16:50:15.507;;;Status:OK  Packet:79  AirTime:1 ms
92;COM8;Rx Ack-Msg;2450000122 Hz;;FLRC BR 1.300 Mb/s BW 1.2 MHz;-61 dBm;0 dB;2021-03-25 16:50:20.506;10:1111;10:2222;
93;COM8;Tx C-Msg;2450000122 Hz;;FLRC BR 1.300 Mb/s BW 1.2 MHz;;;2021-03-25 16:50:20.519;;;Status:OK  Packet:80  AirTime:1 ms
94;COM8;Rx Ack-Msg;2450000122 Hz;;FLRC BR 1.300 Mb/s BW 1.2 MHz;-61 dBm;0 dB;2021-03-25 16:50:20;10:1111;10:2222;
95;COM8;Tx C-Msg;2450000122 Hz;;FLRC BR 1.300 Mb/s BW 1.2 MHz;;;2021-03-25 16:50:20.586;;;Status:OK  Packet:81  AirTime:1 ms
96;COM8;Rx Ack-Msg;2450000122 Hz;;FLRC BR 1.300 Mb/s BW 1.2 MHz;-62 dBm;0 dB;2021-03-25 16:50:20;10:1111;10:2222;
97;COM8;Tx C-Msg;2450000122 Hz;;FLRC BR 1.300 Mb/s BW 1.2 MHz;;;2021-03-25 16:50:23.694;;;Status:OK  Packet:82  AirTime:1 ms
98;COM8;Rx Ack-Msg;2450000122 Hz;;FLRC BR 1.300 Mb/s BW 1.2 MHz;-61 dBm;0 dB;2021-03-25 16:50:23;10:1111;10:2222;
99;COM8;Tx C-Msg;2450000122 Hz;;FLRC BR 1.300 Mb/s BW 1.2 MHz;;;2021-03-25 16:50:24.573;;;Status:OK  Packet:83  AirTime:1 ms
100;COM8;Rx Ack-Msg;2450000122 Hz;;FLRC BR 1.300 Mb/s BW 1.2 MHz;-61 dBm;0 dB;2021-03-25 16:50:24;10:1111;10:2222;
101;COM8;Tx C-Msg;2450000122 Hz;;FLRC BR 1.300 Mb/s BW 1.2 MHz;;;2021-03-25 16:51:33.091;;;Status:OK  Packet:84  AirTime:1 ms
102;COM8;Rx Ack-Msg;2450000122 Hz;;FLRC BR 1.300 Mb/s BW 1.2 MHz;-68 dBm;0 dB;2021-03-25 16:51:32;10:1111;10:2222;
103;COM8;Tx C-Msg;2450000122 Hz;;FLRC BR 1.300 Mb/s BW 1.2 MHz;;;2021-03-25 16:51:33.473;;;Status:OK  Packet:85  AirTime:1 ms
104;COM8;Rx Ack-Msg;2450000122 Hz;;FLRC BR 1.300 Mb/s BW 1.2 MHz;-68 dBm;0 dB;2021-03-25 16:51:33;10:1111;10:2222;
105;COM8;Tx C-Msg;2450000122 Hz;;FLRC BR 1.300 Mb/s BW 1.2 MHz;;;2021-03-25 16:51:33.559;;;Status:OK  Packet:86  AirTime:1 ms
106;COM8;Rx Ack-Msg;2450000122 Hz;;FLRC BR 1.300 Mb/s BW 1.2 MHz;-68 dBm;0 dB;2021-03-25 16:51:33;10:1111;10:2222;
107;COM8;Tx C-Msg;2450000122 Hz;;FLRC BR 1.300 Mb/s BW 1.2 MHz;;;2021-03-25 16:51:33.889;;;Status:OK  Packet:87  AirTime:1 ms
108;COM8;Rx Ack-Msg;2450000122 Hz;;FLRC BR 1.300 Mb/s BW 1.2 MHz;-68 dBm;0 dB;2021-03-25 16:51:33;10:1111;10:2222;
109;COM8;Tx C-Msg;2450000122 Hz;;FLRC BR 1.300 Mb/s BW 1.2 MHz;;;2021-03-25 16:51:33.981;;;Status:OK  Packet:88  AirTime:1 ms
110;COM8;Rx Ack-Msg;2450000122 Hz;;FLRC BR 1.300 Mb/s BW 1.2 MHz;-68 dBm;0 dB;2021-03-25 16:51:33;10:1111;10:2222;
111;COM8;Tx C-Msg;2450000122 Hz;;FLRC BR 1.300 Mb/s BW 1.2 MHz;;;2021-03-25 16:51:34.264;;;Status:OK  Packet:89  AirTime:1 ms
112;COM8;Rx Ack-Msg;2450000122 Hz;;FLRC BR 1.300 Mb/s BW 1.2 MHz;-68 dBm;0 dB;2021-03-25 16:51:33;10:1111;10:2222;
113;COM8;Tx C-Msg;2450000122 Hz;;FLRC BR 1.300 Mb/s BW 1.2 MHz;;;2021-03-25 16:51:34.352;;;Status:OK  Packet:90  AirTime:1 ms
114;COM8;Rx Ack-Msg;2450000122 Hz;;FLRC BR 1.300 Mb/s BW 1.2 MHz;-62 dBm;0 dB;2021-03-25 16:51:33;10:1111;10:2222;
115;COM8;Tx C-Msg;2450000122 Hz;;FLRC BR 1.300 Mb/s BW 1.2 MHz;;;2021-03-25 16:51:34.625;;;Status:OK  Packet:91  AirTime:1 ms
116;COM8;Rx Ack-Msg;2450000122 Hz;;FLRC BR 1.300 Mb/s BW 1.2 MHz;-62 dBm;0 dB;2021-03-25 16:51:34;10:1111;10:2222;
117;COM8;Tx C-Msg;2450000122 Hz;;FLRC BR 1.300 Mb/s BW 1.2 MHz;;;2021-03-25 16:51:34.704;;;Status:OK  Packet:92  AirTime:1 ms
118;COM8;Rx Ack-Msg;2450000122 Hz;;FLRC BR 1.300 Mb/s BW 1.2 MHz;-62 dBm;0 dB;2021-03-25 16:51:34;10:1111;10:2222;
119;COM8;Tx C-Msg;2450000122 Hz;;FLRC BR 1.300 Mb/s BW 1.2 MHz;;;2021-03-25 16:51:35.027;;;Status:OK  Packet:93  AirTime:1 ms
120;COM8;Rx Ack-Msg;2450000122 Hz;;FLRC BR 1.300 Mb/s BW 1.2 MHz;-62 dBm;0 dB;2021-03-25 16:51:34;10:1111;10:2222;
121;COM8;Tx C-Msg;2450000122 Hz;;FLRC BR 1.300 Mb/s BW 1.2 MHz;;;2021-03-25 16:51:35.123;;;Status:OK  Packet:94  AirTime:1 ms
122;COM8;Rx Ack-Msg;2450000122 Hz;;FLRC BR 1.300 Mb/s BW 1.2 MHz;-62 dBm;0 dB;2021-03-25 16:51:34;10:1111;10:2222;
123;COM8;Tx C-Msg;2450000122 Hz;;FLRC BR 1.300 Mb/s BW 1.2 MHz;;;2021-03-25 16:51:35.425;;;Status:OK  Packet:95  AirTime:1 ms
124;COM8;Rx Ack-Msg;2450000122 Hz;;FLRC BR 1.300 Mb/s BW 1.2 MHz;-58 dBm;0 dB;2021-03-25 16:51:35;10:1111;10:2222;
125;COM8;Tx C-Msg;2450000122 Hz;;FLRC BR 1.300 Mb/s BW 1.2 MHz;;;2021-03-25 16:51:35.504;;;Status:OK  Packet:96  AirTime:1 ms
126;COM8;Rx Ack-Msg;2450000122 Hz;;FLRC BR 1.300 Mb/s BW 1.2 MHz;-62 dBm;0 dB;2021-03-25 16:51:35;10:1111;10:2222;
127;COM8;Tx C-Msg;2450000122 Hz;;FLRC BR 1.300 Mb/s BW 1.2 MHz;;;2021-03-25 16:51:35.813;;;Status:OK  Packet:97  AirTime:1 ms
128;COM8;Rx Ack-Msg;2450000122 Hz;;FLRC BR 1.300 Mb/s BW 1.2 MHz;-62 dBm;0 dB;2021-03-25 16:51:35;10:1111;10:2222;
129;COM8;Tx C-Msg;2450000122 Hz;;FLRC BR 1.300 Mb/s BW 1.2 MHz;;;2021-03-25 16:51:35.899;;;Status:OK  Packet:98  AirTime:1 ms
130;COM8;Rx Ack-Msg;2450000122 Hz;;FLRC BR 1.300 Mb/s BW 1.2 MHz;-62 dBm;0 dB;2021-03-25 16:51:35;10:1111;10:2222;
131;COM8;Tx C-Msg;2450000122 Hz;;FLRC BR 1.300 Mb/s BW 1.2 MHz;;;2021-03-25 16:51:36.209;;;Status:OK  Packet:99  AirTime:1 ms
132;COM8;Rx Ack-Msg;2450000122 Hz;;FLRC BR 1.300 Mb/s BW 1.2 MHz;-62 dBm;0 dB;2021-03-25 16:51:35;10:1111;10:2222;
133;COM8;Tx C-Msg;2450000122 Hz;;FLRC BR 1.300 Mb/s BW 1.2 MHz;;;2021-03-25 16:51:36.287;;;Status:OK  Packet:100  AirTime:1 ms
134;COM8;Rx Ack-Msg;2450000122 Hz;;FLRC BR 1.300 Mb/s BW 1.2 MHz;-62 dBm;0 dB;2021-03-25 16:51:35;10:1111;10:2222;
135;COM8;Tx C-Msg;2450000122 Hz;;FLRC BR 1.300 Mb/s BW 1.2 MHz;;;2021-03-25 16:51:36.610;;;Status:OK  Packet:101  AirTime:1 ms
136;COM8;Rx Ack-Msg;2450000122 Hz;;FLRC BR 1.300 Mb/s BW 1.2 MHz;-62 dBm;0 dB;2021-03-25 16:51:36;10:1111;10:2222;
137;COM8;Tx C-Msg;2450000122 Hz;;FLRC BR 1.300 Mb/s BW 1.2 MHz;;;2021-03-25 16:51:36.688;;;Status:OK  Packet:102  AirTime:1 ms
138;COM8;Rx Ack-Msg;2450000122 Hz;;FLRC BR 1.300 Mb/s BW 1.2 MHz;-62 dBm;0 dB;2021-03-25 16:51:36;10:1111;10:2222;
139;COM8;Tx C-Msg;2450000122 Hz;;FLRC BR 1.300 Mb/s BW 1.2 MHz;;;2021-03-25 16:51:36.976;;;Status:OK  Packet:103  AirTime:1 ms
140;COM8;Rx Ack-Msg;2450000122 Hz;;FLRC BR 1.300 Mb/s BW 1.2 MHz;-62 dBm;0 dB;2021-03-25 16:51:36;10:1111;10:2222;
141;COM8;Tx C-Msg;2450000122 Hz;;FLRC BR 1.300 Mb/s BW 1.2 MHz;;;2021-03-25 16:51:37.062;;;Status:OK  Packet:104  AirTime:1 ms
142;COM8;Rx Ack-Msg;2450000122 Hz;;FLRC BR 1.300 Mb/s BW 1.2 MHz;-64 dBm;0 dB;2021-03-25 16:51:36;10:1111;10:2222;
143;COM8;Tx C-Msg;2450000122 Hz;;FLRC BR 1.300 Mb/s BW 1.2 MHz;;;2021-03-25 16:51:37.394;;;Status:OK  Packet:105  AirTime:1 ms
144;COM8;Rx Ack-Msg;2450000122 Hz;;FLRC BR 1.300 Mb/s BW 1.2 MHz;-62 dBm;0 dB;2021-03-25 16:51:37;10:1111;10:2222;
145;COM8;Tx C-Msg;2450000122 Hz;;FLRC BR 1.300 Mb/s BW 1.2 MHz;;;2021-03-25 16:51:37.482;;;Status:OK  Packet:106  AirTime:1 ms
146;COM8;Rx Ack-Msg;2450000122 Hz;;FLRC BR 1.300 Mb/s BW 1.2 MHz;-60 dBm;0 dB;2021-03-25 16:51:37;10:1111;10:2222;
147;COM8;Tx C-Msg;2450000122 Hz;;FLRC BR 1.300 Mb/s BW 1.2 MHz;;;2021-03-25 16:51:37.813;;;Status:OK  Packet:107  AirTime:1 ms
148;COM8;Rx Ack-Msg;2450000122 Hz;;FLRC BR 1.300 Mb/s BW 1.2 MHz;-60 dBm;0 dB;2021-03-25 16:51:37;10:1111;10:2222;
149;COM8;Tx C-Msg;2450000122 Hz;;FLRC BR 1.300 Mb/s BW 1.2 MHz;;;2021-03-25 16:51:37.894;;;Status:OK  Packet:108  AirTime:1 ms
150;COM8;Rx Ack-Msg;2450000122 Hz;;FLRC BR 1.300 Mb/s BW 1.2 MHz;-62 dBm;0 dB;2021-03-25 16:51:37;10:1111;10:2222;
151;COM8;Tx C-Msg;2450000122 Hz;;FLRC BR 1.300 Mb/s BW 1.2 MHz;;;2021-03-25 16:51:38.226;;;Status:OK  Packet:109  AirTime:1 ms
152;COM8;Rx Ack-Msg;2450000122 Hz;;FLRC BR 1.300 Mb/s BW 1.2 MHz;-62 dBm;0 dB;2021-03-25 16:51:37;10:1111;10:2222;
153;COM8;Tx C-Msg;2450000122 Hz;;FLRC BR 1.300 Mb/s BW 1.2 MHz;;;2021-03-25 16:51:38.322;;;Status:OK  Packet:110  AirTime:1 ms
154;COM8;Rx Ack-Msg;2450000122 Hz;;FLRC BR 1.300 Mb/s BW 1.2 MHz;-59 dBm;0 dB;2021-03-25 16:51:37;10:1111;10:2222;
155;COM8;Tx C-Msg;2450000122 Hz;;FLRC BR 1.300 Mb/s BW 1.2 MHz;;;2021-03-25 16:51:38.642;;;Status:OK  Packet:111  AirTime:1 ms
156;COM8;Rx Ack-Msg;2450000122 Hz;;FLRC BR 1.300 Mb/s BW 1.2 MHz;-62 dBm;0 dB;2021-03-25 16:51:38;10:1111;10:2222;
157;COM8;Tx C-Msg;2450000122 Hz;;FLRC BR 1.300 Mb/s BW 1.2 MHz;;;2021-03-25 16:51:38.730;;;Status:OK  Packet:112  AirTime:1 ms
158;COM8;Rx Ack-Msg;2450000122 Hz;;FLRC BR 1.300 Mb/s BW 1.2 MHz;-62 dBm;0 dB;2021-03-25 16:51:38;10:1111;10:2222;
159;COM8;Tx C-Msg;2450000122 Hz;;FLRC BR 1.300 Mb/s BW 1.2 MHz;;;2021-03-25 16:51:39.028;;;Status:OK  Packet:113  AirTime:1 ms
160;COM8;Rx Ack-Msg;2450000122 Hz;;FLRC BR 1.300 Mb/s BW 1.2 MHz;-62 dBm;0 dB;2021-03-25 16:51:38;10:1111;10:2222;
161;COM8;Tx C-Msg;2450000122 Hz;;FLRC BR 1.300 Mb/s BW 1.2 MHz;;;2021-03-25 16:51:39.109;;;Status:OK  Packet:114  AirTime:1 ms
162;COM8;Rx Ack-Msg;2450000122 Hz;;FLRC BR 1.300 Mb/s BW 1.2 MHz;-62 dBm;0 dB;2021-03-25 16:51:38;10:1111;10:2222;
163;COM8;Tx C-Msg;2450000122 Hz;;FLRC BR 1.300 Mb/s BW 1.2 MHz;;;2021-03-25 16:51:39.425;;;Status:OK  Packet:115  AirTime:1 ms
164;COM8;Rx Ack-Msg;2450000122 Hz;;FLRC BR 1.300 Mb/s BW 1.2 MHz;-62 dBm;0 dB;2021-03-25 16:51:39;10:1111;10:2222;
165;COM8;Tx C-Msg;2450000122 Hz;;FLRC BR 1.300 Mb/s BW 1.2 MHz;;;2021-03-25 16:51:39.507;;;Status:OK  Packet:116  AirTime:1 ms
166;COM8;Rx Ack-Msg;2450000122 Hz;;FLRC BR 1.300 Mb/s BW 1.2 MHz;-62 dBm;0 dB;2021-03-25 16:51:39;10:1111;10:2222;
167;COM8;Tx C-Msg;2450000122 Hz;;FLRC BR 1.300 Mb/s BW 1.2 MHz;;;2021-03-25 16:51:39.838;;;Status:OK  Packet:117  AirTime:1 ms
168;COM8;Rx Ack-Msg;2450000122 Hz;;FLRC BR 1.300 Mb/s BW 1.2 MHz;-59 dBm;0 dB;2021-03-25 16:51:39;10:1111;10:2222;
169;COM8;Tx C-Msg;2450000122 Hz;;FLRC BR 1.300 Mb/s BW 1.2 MHz;;;2021-03-25 16:51:39.922;;;Status:OK  Packet:118  AirTime:1 ms
170;COM8;Rx Ack-Msg;2450000122 Hz;;FLRC BR 1.300 Mb/s BW 1.2 MHz;-62 dBm;0 dB;2021-03-25 16:51:39;10:1111;10:2222;
171;COM8;Tx C-Msg;2450000122 Hz;;FLRC BR 1.300 Mb/s BW 1.2 MHz;;;2021-03-25 16:51:40.257;;;Status:OK  Packet:119  AirTime:1 ms
172;COM8;Rx Ack-Msg;2450000122 Hz;;FLRC BR 1.300 Mb/s BW 1.2 MHz;-62 dBm;0 dB;2021-03-25 16:51:39;10:1111;10:2222;
173;COM8;Tx C-Msg;2450000122 Hz;;FLRC BR 1.300 Mb/s BW 1.2 MHz;;;2021-03-25 16:51:40.335;;;Status:OK  Packet:120  AirTime:1 ms
174;COM8;Rx Ack-Msg;2450000122 Hz;;FLRC BR 1.300 Mb/s BW 1.2 MHz;-62 dBm;0 dB;2021-03-25 16:51:39;10:1111;10:2222;
175;COM8;Tx C-Msg;2450000122 Hz;;FLRC BR 1.300 Mb/s BW 1.2 MHz;;;2021-03-25 16:51:40.644;;;Status:OK  Packet:121  AirTime:1 ms
176;COM8;Rx Ack-Msg;2450000122 Hz;;FLRC BR 1.300 Mb/s BW 1.2 MHz;-59 dBm;0 dB;2021-03-25 16:51:40;10:1111;10:2222;
177;COM8;Tx C-Msg;2450000122 Hz;;FLRC BR 1.300 Mb/s BW 1.2 MHz;;;2021-03-25 16:51:40.720;;;Status:OK  Packet:122  AirTime:1 ms
178;COM8;Rx Ack-Msg;2450000122 Hz;;FLRC BR 1.300 Mb/s BW 1.2 MHz;-62 dBm;0 dB;2021-03-25 16:51:40;10:1111;10:2222;
179;COM8;Tx C-Msg;2450000122 Hz;;FLRC BR 1.300 Mb/s BW 1.2 MHz;;;2021-03-25 16:51:41.069;;;Status:OK  Packet:123  AirTime:1 ms
180;COM8;Rx Ack-Msg;2450000122 Hz;;FLRC BR 1.300 Mb/s BW 1.2 MHz;-62 dBm;0 dB;2021-03-25 16:51:40;10:1111;10:2222;
181;COM8;Tx C-Msg;2450000122 Hz;;FLRC BR 1.300 Mb/s BW 1.2 MHz;;;2021-03-25 16:51:41.155;;;Status:OK  Packet:124  AirTime:1 ms
182;COM8;Rx Ack-Msg;2450000122 Hz;;FLRC BR 1.300 Mb/s BW 1.2 MHz;-62 dBm;0 dB;2021-03-25 16:51:40;10:1111;10:2222;
183;COM8;Tx C-Msg;2450000122 Hz;;FLRC BR 1.300 Mb/s BW 1.2 MHz;;;2021-03-25 16:51:41.503;;;Status:OK  Packet:125  AirTime:1 ms
184;COM8;Rx Ack-Msg;2450000122 Hz;;FLRC BR 1.300 Mb/s BW 1.2 MHz;-62 dBm;0 dB;2021-03-25 16:51:41;10:1111;10:2222;
185;COM8;Tx C-Msg;2450000122 Hz;;FLRC BR 1.300 Mb/s BW 1.2 MHz;;;2021-03-25 16:51:41.592;;;Status:OK  Packet:126  AirTime:1 ms
186;COM8;Rx Ack-Msg;2450000122 Hz;;FLRC BR 1.300 Mb/s BW 1.2 MHz;-64 dBm;0 dB;2021-03-25 16:51:41;10:1111;10:2222;
187;COM8;Tx C-Msg;2450000122 Hz;;FLRC BR 1.300 Mb/s BW 1.2 MHz;;;2021-03-25 16:51:41.952;;;Status:OK  Packet:127  AirTime:1 ms
188;COM8;Rx Ack-Msg;2450000122 Hz;;FLRC BR 1.300 Mb/s BW 1.2 MHz;-62 dBm;0 dB;2021-03-25 16:51:41;10:1111;10:2222;
189;COM8;Tx C-Msg;2450000122 Hz;;FLRC BR 1.300 Mb/s BW 1.2 MHz;;;2021-03-25 16:51:42.042;;;Status:OK  Packet:128  AirTime:1 ms
190;COM8;Rx Ack-Msg;2450000122 Hz;;FLRC BR 1.300 Mb/s BW 1.2 MHz;-62 dBm;0 dB;2021-03-25 16:51:41;10:1111;10:2222;
191;COM8;Tx C-Msg;2450000122 Hz;;FLRC BR 1.300 Mb/s BW 1.2 MHz;;;2021-03-25 16:51:42.558;;;Status:OK  Packet:129  AirTime:1 ms
192;COM8;Rx Ack-Msg;2450000122 Hz;;FLRC BR 1.300 Mb/s BW 1.2 MHz;-62 dBm;0 dB;2021-03-25 16:51:42;10:1111;10:2222;
193;COM8;Tx C-Msg;2450000122 Hz;;FLRC BR 1.300 Mb/s BW 1.2 MHz;;;2021-03-25 16:51:43.024;;;Status:OK  Packet:130  AirTime:1 ms
194;COM8;Rx Ack-Msg;2450000122 Hz;;FLRC BR 1.300 Mb/s BW 1.2 MHz;-62 dBm;0 dB;2021-03-25 16:51:42;10:1111;10:2222;
195;COM8;Tx C-Msg;2450000122 Hz;;FLRC BR 1.300 Mb/s BW 1.2 MHz;;;2021-03-25 16:51:43.112;;;Status:OK  Packet:131  AirTime:1 ms
196;COM8;Rx Ack-Msg;2450000122 Hz;;FLRC BR 1.300 Mb/s BW 1.2 MHz;-62 dBm;0 dB;2021-03-25 16:51:48;10:1111;10:2222;
197;COM8;Tx C-Msg;2450000122 Hz;;FLRC BR 1.300 Mb/s BW 1.2 MHz;;;2021-03-25 16:51:48.052;;;Status:OK  Packet:132  AirTime:1 ms
198;COM8;Rx Ack-Msg;2450000122 Hz;;FLRC BR 1.300 Mb/s BW 1.2 MHz;-62 dBm;0 dB;2021-03-25 16:51:47;10:1111;10:2222;
199;COM8;Tx C-Msg;2450000122 Hz;;FLRC BR 1.300 Mb/s BW 1.2 MHz;;;2021-03-25 16:51:48.137;;;Status:OK  Packet:133  AirTime:1 ms
200;COM8;Rx Ack-Msg;2450000122 Hz;;FLRC BR 1.300 Mb/s BW 1.2 MHz;-62 dBm;0 dB;2021-03-25 16:51:47;10:1111;10:2222;
201;COM8;Tx C-Msg;2450000122 Hz;;FLRC BR 1.300 Mb/s BW 1.2 MHz;;;2021-03-25 16:51:48.163;;;Status:OK  Packet:134  AirTime:1 ms
202;COM8;Rx Ack-Msg;2450000122 Hz;;FLRC BR 1.300 Mb/s BW 1.2 MHz;-57 dBm;0 dB;2021-03-25 16:51:47;10:1111;10:2222;
203;COM8;Tx C-Msg;2450000122 Hz;;FLRC BR 1.300 Mb/s BW 1.2 MHz;;;2021-03-25 16:52:20.229;;;Status:OK  Packet:135  AirTime:1 ms
204;COM8;Rx Ack-Msg;2450000122 Hz;;FLRC BR 1.300 Mb/s BW 1.2 MHz;-57 dBm;0 dB;2021-03-25 16:52:19;10:1111;10:2222;
205;COM8;Tx C-Msg;2450000122 Hz;;FLRC BR 1.300 Mb/s BW 1.2 MHz;;;2021-03-25 16:52:27.199;;;Status:OK  Packet:136  AirTime:1 ms
206;COM8;Rx Ack-Msg;2450000122 Hz;;FLRC BR 1.300 Mb/s BW 1.2 MHz;-57 dBm;0 dB;2021-03-25 16:52:26;10:1111;10:2222;
207;COM8;Tx C-Msg;2450000122 Hz;;FLRC BR 1.300 Mb/s BW 1.2 MHz;;;2021-03-25 16:52:56.444;;;Status:OK  Packet:137  AirTime:1 ms
208;COM8;Rx Ack-Msg;2450000122 Hz;;FLRC BR 1.300 Mb/s BW 1.2 MHz;-57 dBm;0 dB;2021-03-25 16:52:56;10:1111;10:2222;
209;COM8;Tx C-Msg;2450000122 Hz;;FLRC BR 1.300 Mb/s BW 1.2 MHz;;;2021-03-25 16:52:57.277;;;Status:OK  Packet:138  AirTime:1 ms
210;COM8;Rx Ack-Msg;2450000122 Hz;;FLRC BR 1.300 Mb/s BW 1.2 MHz;-57 dBm;0 dB;2021-03-25 16:52:56;10:1111;10:2222;
211;COM8;Tx C-Msg;2450000122 Hz;;FLRC BR 1.300 Mb/s BW 1.2 MHz;;;2021-03-25 16:52:57.677;;;Status:OK  Packet:139  AirTime:1 ms
212;COM8;Rx Ack-Msg;2450000122 Hz;;FLRC BR 1.300 Mb/s BW 1.2 MHz;-57 dBm;0 dB;2021-03-25 16:52:57;10:1111;10:2222;
213;COM8;Tx C-Msg;2450000122 Hz;;FLRC BR 1.300 Mb/s BW 1.2 MHz;;;2021-03-25 16:52:57.754;;;Status:OK  Packet:140  AirTime:1 ms
214;COM8;Rx Ack-Msg;2450000122 Hz;;FLRC BR 1.300 Mb/s BW 1.2 MHz;-57 dBm;0 dB;2021-03-25 16:52:57;10:1111;10:2222;
215;COM8;Tx C-Msg;2450000122 Hz;;FLRC BR 1.300 Mb/s BW 1.2 MHz;;;2021-03-25 16:52:58.073;;;Status:OK  Packet:141  AirTime:1 ms
216;COM8;Rx Ack-Msg;2450000122 Hz;;FLRC BR 1.300 Mb/s BW 1.2 MHz;-57 dBm;0 dB;2021-03-25 16:53:03;10:1111;10:2222;
217;COM8;Tx C-Msg;2450000122 Hz;;FLRC BR 1.300 Mb/s BW 1.2 MHz;;;2021-03-25 16:53:03.087;;;Status:OK  Packet:142  AirTime:1 ms
218;COM8;Rx Ack-Msg;2450000122 Hz;;FLRC BR 1.300 Mb/s BW 1.2 MHz;-57 dBm;0 dB;2021-03-25 16:53:02;10:1111;10:2222;
219;COM8;Tx C-Msg;2450000122 Hz;;FLRC BR 1.300 Mb/s BW 1.2 MHz;;;2021-03-25 16:53:03.111;;;Status:OK  Packet:143  AirTime:1 ms
220;COM8;Rx Ack-Msg;2450000122 Hz;;FLRC BR 1.300 Mb/s BW 1.2 MHz;-57 dBm;0 dB;2021-03-25 16:53:02;10:1111;10:2222;
221;COM8;Tx C-Msg;2450000122 Hz;;FLRC BR 1.300 Mb/s BW 1.2 MHz;;;2021-03-25 16:53:03.182;;;Status:OK  Packet:144  AirTime:1 ms
222;COM8;Rx Ack-Msg;2450000122 Hz;;FLRC BR 1.300 Mb/s BW 1.2 MHz;-54 dBm;0 dB;2021-03-25 16:53:02;10:1111;10:2222;
223;COM8;Tx C-Msg;2450000122 Hz;;FLRC BR 1.300 Mb/s BW 1.2 MHz;;;2021-03-25 16:58:07.423;;;Status:OK  Packet:145  AirTime:1 ms
224;COM8;Rx Ack-Msg;2450000122 Hz;;FLRC BR 1.300 Mb/s BW 1.2 MHz;-57 dBm;0 dB;2021-03-25 16:58:07;10:1111;10:2222;
225;COM8;Tx C-Msg;2450000122 Hz;;FLRC BR 1.300 Mb/s BW 1.2 MHz;;;2021-03-25 16:58:08.691;;;Status:OK  Packet:146  AirTime:1 ms
226;COM8;Rx Ack-Msg;2450000122 Hz;;FLRC BR 1.300 Mb/s BW 1.2 MHz;-57 dBm;0 dB;2021-03-25 16:58:08;10:1111;10:2222;
227;COM8;Tx C-Msg;2450000122 Hz;;FLRC BR 1.300 Mb/s BW 1.2 MHz;;;2021-03-25 16:58:09.904;;;Status:OK  Packet:147  AirTime:1 ms
228;COM8;Rx Ack-Msg;2450000122 Hz;;FLRC BR 1.300 Mb/s BW 1.2 MHz;-57 dBm;0 dB;2021-03-25 16:58:09;10:1111;10:2222;
229;COM8;Tx C-Msg;2450000122 Hz;;FLRC BR 1.300 Mb/s BW 1.2 MHz;;;2021-03-25 16:58:23.125;;;Status:OK  Packet:148  AirTime:1 ms
230;COM8;Rx Ack-Msg;2450000122 Hz;;FLRC BR 1.300 Mb/s BW 1.2 MHz;-50 dBm;0 dB;2021-03-25 16:58:22;10:1111;10:2222;
231;COM8;Tx C-Msg;2450000122 Hz;;FLRC BR 1.300 Mb/s BW 1.2 MHz;;;2021-03-25 16:58:23.953;;;Status:OK  Packet:149  AirTime:1 ms
232;COM8;Rx Ack-Msg;2450000122 Hz;;FLRC BR 1.300 Mb/s BW 1.2 MHz;-50 dBm;0 dB;2021-03-25 16:58:28;10:1111;10:2222;
233;COM8;Tx C-Msg;2450000122 Hz;;FLRC BR 1.300 Mb/s BW 1.2 MHz;;;2021-03-25 16:58:28.955;;;Status:OK  Packet:150  AirTime:1 ms
234;COM8;Rx Ack-Msg;2450000122 Hz;;FLRC BR 1.300 Mb/s BW 1.2 MHz;-50 dBm;0 dB;2021-03-25 16:58:28;10:1111;10:2222;
235;COM8;Tx C-Msg;2450000122 Hz;;FLRC BR 1.300 Mb/s BW 1.2 MHz;;;2021-03-25 16:58:29.044;;;Status:OK  Packet:151  AirTime:1 ms
236;COM8;Rx Ack-Msg;2450000122 Hz;;FLRC BR 1.300 Mb/s BW 1.2 MHz;-51 dBm;0 dB;2021-03-25 16:58:28;10:1111;10:2222;
237;COM8;Tx C-Msg;2450000122 Hz;;FLRC BR 1.300 Mb/s BW 1.2 MHz;;;2021-03-25 16:58:29.073;;;Status:OK  Packet:152  AirTime:1 ms
238;COM8;Rx Ack-Msg;2450000122 Hz;;FLRC BR 1.300 Mb/s BW 1.2 MHz;-57 dBm;0 dB;2021-03-25 16:58:28;10:1111;10:2222;
239;COM8;Tx C-Msg;2450000122 Hz;;FLRC BR 1.300 Mb/s BW 1.2 MHz;;;2021-03-25 16:58:29.098;;;Status:OK  Packet:153  AirTime:1 ms
240;COM8;Rx Ack-Msg;2450000122 Hz;;FLRC BR 1.300 Mb/s BW 1.2 MHz;-57 dBm;0 dB;2021-03-25 16:58:33;10:1111;10:2222;
241;COM8;Tx C-Msg;2450000122 Hz;;FLRC BR 1.300 Mb/s BW 1.2 MHz;;;2021-03-25 16:58:36.368;;;Status:OK  Packet:154  AirTime:1 ms
242;COM8;Rx Ack-Msg;2450000122 Hz;;FLRC BR 1.300 Mb/s BW 1.2 MHz;-50 dBm;0 dB;2021-03-25 16:58:35;10:1111;10:2222;
243;COM8;Tx C-Msg;2450000122 Hz;;FLRC BR 1.300 Mb/s BW 1.2 MHz;;;2021-03-25 16:58:37.104;;;Status:OK  Packet:155  AirTime:1 ms
244;COM8;Rx Ack-Msg;2450000122 Hz;;FLRC BR 1.300 Mb/s BW 1.2 MHz;-51 dBm;0 dB;2021-03-25 16:58:36;10:1111;10:2222;
245;COM8;Tx C-Msg;2450000122 Hz;;FLRC BR 1.300 Mb/s BW 1.2 MHz;;;2021-03-25 16:58:37.884;;;Status:OK  Packet:156  AirTime:1 ms
246;COM8;Rx Ack-Msg;2450000122 Hz;;FLRC BR 1.300 Mb/s BW 1.2 MHz;-51 dBm;0 dB;2021-03-25 16:58:42;10:1111;10:2222;
247;COM8;Tx C-Msg;2450000122 Hz;;FLRC BR 1.300 Mb/s BW 1.2 MHz;;;2021-03-25 16:58:42.901;;;Status:OK  Packet:157  AirTime:1 ms
248;COM8;Rx Ack-Msg;2450000122 Hz;;FLRC BR 1.300 Mb/s BW 1.2 MHz;-50 dBm;0 dB;2021-03-25 16:58:42;10:1111;10:2222;
249;COM8;Tx C-Msg;2450000122 Hz;;FLRC BR 1.300 Mb/s BW 1.2 MHz;;;2021-03-25 16:58:43.001;;;Status:OK  Packet:158  AirTime:1 ms
250;COM8;Rx Ack-Msg;2450000122 Hz;;FLRC BR 1.300 Mb/s BW 1.2 MHz;-50 dBm;0 dB;2021-03-25 16:58:42;10:1111;10:2222;
251;COM8;Tx C-Msg;2450000122 Hz;;FLRC BR 1.300 Mb/s BW 1.2 MHz;;;2021-03-25 16:58:43.928;;;Status:OK  Packet:159  AirTime:1 ms
252;COM8;Rx Ack-Msg;2450000122 Hz;;FLRC BR 1.300 Mb/s BW 1.2 MHz;-50 dBm;0 dB;2021-03-25 16:58:43;10:1111;10:2222;
253;COM8;Tx C-Msg;2450000122 Hz;;FLRC BR 1.300 Mb/s BW 1.2 MHz;;;2021-03-25 16:58:45.000;;;Status:OK  Packet:160  AirTime:1 ms
254;COM8;Rx Ack-Msg;2450000122 Hz;;FLRC BR 1.300 Mb/s BW 1.2 MHz;-57 dBm;0 dB;2021-03-25 16:58:50;10:1111;10:2222;
255;COM8;Tx C-Msg;2450000122 Hz;;FLRC BR 1.300 Mb/s BW 1.2 MHz;;;2021-03-25 16:58:50.018;;;Status:OK  Packet:161  AirTime:1 ms
256;COM8;Rx Ack-Msg;2450000122 Hz;;FLRC BR 1.300 Mb/s BW 1.2 MHz;-51 dBm;0 dB;2021-03-25 16:58:49;10:1111;10:2222;
257;COM8;Tx C-Msg;2450000122 Hz;;FLRC BR 1.300 Mb/s BW 1.2 MHz;;;2021-03-25 16:58:51.350;;;Status:OK  Packet:162  AirTime:1 ms
258;COM8;Rx Ack-Msg;2450000122 Hz;;FLRC BR 1.300 Mb/s BW 1.2 MHz;-57 dBm;0 dB;2021-03-25 16:58:56;10:1111;10:2222;
259;COM8;Tx C-Msg;2450000122 Hz;;FLRC BR 1.300 Mb/s BW 1.2 MHz;;;2021-03-25 16:59:01.565;;;Status:OK  Packet:163  AirTime:1 ms
260;COM8;Rx Ack-Msg;2450000122 Hz;;FLRC BR 1.300 Mb/s BW 1.2 MHz;-49 dBm;0 dB;2021-03-25 16:59:01;10:1111;10:2222;
261;COM8;Tx C-Msg;2450000122 Hz;;FLRC BR 1.300 Mb/s BW 1.2 MHz;;;2021-03-25 16:59:12.903;;;Status:OK  Packet:164  AirTime:1 ms
262;COM8;Rx Ack-Msg;2450000122 Hz;;FLRC BR 1.300 Mb/s BW 1.2 MHz;-57 dBm;0 dB;2021-03-25 16:59:17;10:1111;10:2222;
263;COM8;Tx C-Msg;2450000122 Hz;;FLRC BR 1.300 Mb/s BW 1.2 MHz;;;2021-03-25 16:59:17.920;;;Status:OK  Packet:165  AirTime:1 ms
264;COM8;Rx Ack-Msg;2450000122 Hz;;FLRC BR 1.300 Mb/s BW 1.2 MHz;-57 dBm;0 dB;2021-03-25 16:59:17;10:1111;10:2222;
265;COM8;Tx C-Msg;2450000122 Hz;;FLRC BR 1.300 Mb/s BW 1.2 MHz;;;2021-03-25 16:59:17.950;;;Status:OK  Packet:166  AirTime:1 ms
266;COM8;Rx Ack-Msg;2450000122 Hz;;FLRC BR 1.300 Mb/s BW 1.2 MHz;-51 dBm;0 dB;2021-03-25 16:59:17;10:1111;10:2222;
267;COM8;Tx C-Msg;2450000122 Hz;;FLRC BR 1.300 Mb/s BW 1.2 MHz;;;2021-03-25 16:59:17.976;;;Status:OK  Packet:167  AirTime:1 ms
268;COM8;Rx Ack-Msg;2450000122 Hz;;FLRC BR 1.300 Mb/s BW 1.2 MHz;-50 dBm;0 dB;2021-03-25 16:59:17;10:1111;10:2222;
269;COM8;Tx C-Msg;2450000122 Hz;;FLRC BR 1.300 Mb/s BW 1.2 MHz;;;2021-03-25 16:59:18.004;;;Status:OK  Packet:168  AirTime:1 ms
270;COM8;Rx Ack-Msg;2450000122 Hz;;FLRC BR 1.300 Mb/s BW 1.2 MHz;-50 dBm;0 dB;2021-03-25 16:59:17;10:1111;10:2222;
271;COM8;Tx C-Msg;2450000122 Hz;;FLRC BR 1.300 Mb/s BW 1.2 MHz;;;2021-03-25 16:59:18.978;;;Status:OK  Packet:169  AirTime:1 ms
272;COM8;Rx Ack-Msg;2450000122 Hz;;FLRC BR 1.300 Mb/s BW 1.2 MHz;-57 dBm;0 dB;2021-03-25 16:59:18;10:1111;10:2222;
273;COM8;Tx C-Msg;2450000122 Hz;;FLRC BR 1.300 Mb/s BW 1.2 MHz;;;2021-03-25 16:59:19.603;;;Status:OK  Packet:170  AirTime:1 ms
274;COM8;Rx Ack-Msg;2450000122 Hz;;FLRC BR 1.300 Mb/s BW 1.2 MHz;-57 dBm;0 dB;2021-03-25 16:59:19;10:1111;10:2222;
275;COM8;Tx C-Msg;2450000122 Hz;;FLRC BR 1.300 Mb/s BW 1.2 MHz;;;2021-03-25 16:59:20.209;;;Status:OK  Packet:171  AirTime:1 ms
276;COM8;Rx Ack-Msg;2450000122 Hz;;FLRC BR 1.300 Mb/s BW 1.2 MHz;-57 dBm;0 dB;2021-03-25 16:59:19;10:1111;10:2222;
277;COM8;Tx C-Msg;2450000122 Hz;;FLRC BR 1.300 Mb/s BW 1.2 MHz;;;2021-03-25 16:59:20.688;;;Status:OK  Packet:172  AirTime:1 ms
278;COM8;Rx Ack-Msg;2450000122 Hz;;FLRC BR 1.300 Mb/s BW 1.2 MHz;-51 dBm;0 dB;2021-03-25 16:59:20;10:1111;10:2222;
279;COM8;Tx C-Msg;2450000122 Hz;;FLRC BR 1.300 Mb/s BW 1.2 MHz;;;2021-03-25 16:59:21.145;;;Status:OK  Packet:173  AirTime:1 ms
280;COM8;Rx Ack-Msg;2450000122 Hz;;FLRC BR 1.300 Mb/s BW 1.2 MHz;-51 dBm;0 dB;2021-03-25 16:59:20;10:1111;10:2222;
281;COM8;Tx C-Msg;2450000122 Hz;;FLRC BR 1.300 Mb/s BW 1.2 MHz;;;2021-03-25 16:59:21.599;;;Status:OK  Packet:174  AirTime:1 ms
282;COM8;Rx Ack-Msg;2450000122 Hz;;FLRC BR 1.300 Mb/s BW 1.2 MHz;-57 dBm;0 dB;2021-03-25 16:59:26;10:1111;10:2222;
283;COM8;Tx C-Msg;2450000122 Hz;;FLRC BR 1.300 Mb/s BW 1.2 MHz;;;2021-03-25 16:59:26.616;;;Status:OK  Packet:175  AirTime:1 ms
284;COM8;Rx Ack-Msg;2450000122 Hz;;FLRC BR 1.300 Mb/s BW 1.2 MHz;-57 dBm;0 dB;2021-03-25 16:59:26;10:1111;10:2222;
285;COM8;Tx C-Msg;2450000122 Hz;;FLRC BR 1.300 Mb/s BW 1.2 MHz;;;2021-03-25 16:59:26.643;;;Status:OK  Packet:176  AirTime:1 ms
286;COM8;Rx Ack-Msg;2450000122 Hz;;FLRC BR 1.300 Mb/s BW 1.2 MHz;-57 dBm;0 dB;2021-03-25 16:59:26;10:1111;10:2222;
287;COM8;Tx C-Msg;2450000122 Hz;;FLRC BR 1.300 Mb/s BW 1.2 MHz;;;2021-03-25 16:59:26.726;;;Status:OK  Packet:177  AirTime:1 ms
288;COM8;Rx Ack-Msg;2450000122 Hz;;FLRC BR 1.300 Mb/s BW 1.2 MHz;-57 dBm;0 dB;2021-03-25 16:59:26;10:1111;10:2222;
289;COM8;Tx C-Msg;2450000122 Hz;;FLRC BR 1.300 Mb/s BW 1.2 MHz;;;2021-03-25 16:59:26.755;;;Status:OK  Packet:178  AirTime:1 ms
290;COM8;Rx Ack-Msg;2450000122 Hz;;FLRC BR 1.300 Mb/s BW 1.2 MHz;-57 dBm;0 dB;2021-03-25 16:59:26;10:1111;10:2222;
291;COM8;Tx C-Msg;2450000122 Hz;;FLRC BR 1.300 Mb/s BW 1.2 MHz;;;2021-03-25 16:59:29.664;;;Status:OK  Packet:179  AirTime:1 ms
292;COM8;Rx Ack-Msg;2450000122 Hz;;FLRC BR 1.300 Mb/s BW 1.2 MHz;-57 dBm;0 dB;2021-03-25 16:59:29;10:1111;10:2222;
293;COM8;Tx C-Msg;2450000122 Hz;;FLRC BR 1.300 Mb/s BW 1.2 MHz;;;2021-03-25 16:59:30.569;;;Status:OK  Packet:180  AirTime:1 ms
294;COM8;Rx Ack-Msg;2450000122 Hz;;FLRC BR 1.300 Mb/s BW 1.2 MHz;-57 dBm;0 dB;2021-03-25 16:59:30;10:1111;10:2222;
295;COM8;Tx C-Msg;2450000122 Hz;;FLRC BR 1.300 Mb/s BW 1.2 MHz;;;2021-03-25 16:59:31.336;;;Status:OK  Packet:181  AirTime:1 ms
296;COM8;Rx Ack-Msg;2450000122 Hz;;FLRC BR 1.300 Mb/s BW 1.2 MHz;-57 dBm;0 dB;2021-03-25 16:59:36;10:1111;10:2222;
297;COM8;Tx C-Msg;2450000122 Hz;;FLRC BR 1.300 Mb/s BW 1.2 MHz;;;2021-03-25 16:59:36.351;;;Status:OK  Packet:182  AirTime:1 ms
298;COM8;Rx Ack-Msg;2450000122 Hz;;FLRC BR 1.300 Mb/s BW 1.2 MHz;-57 dBm;0 dB;2021-03-25 16:59:41;10:1111;10:2222;
299;COM8;Tx C-Msg;2450000122 Hz;;FLRC BR 1.300 Mb/s BW 1.2 MHz;;;2021-03-25 16:59:41.358;;;Status:OK  Packet:183  AirTime:1 ms
300;COM8;Rx Ack-Msg;2450000122 Hz;;FLRC BR 1.300 Mb/s BW 1.2 MHz;-48 dBm;0 dB;2021-03-25 16:59:40;10:1111;10:2222;
301;COM8;Tx C-Msg;2450000122 Hz;;FLRC BR 1.300 Mb/s BW 1.2 MHz;;;2021-03-25 16:59:41.383;;;Status:OK  Packet:184  AirTime:1 ms
302;COM8;Rx Ack-Msg;2450000122 Hz;;FLRC BR 1.300 Mb/s BW 1.2 MHz;-47 dBm;0 dB;2021-03-25 16:59:40;10:1111;10:2222;
303;COM8;Tx C-Msg;2450000122 Hz;;FLRC BR 1.300 Mb/s BW 1.2 MHz;;;2021-03-25 17:01:37.005;;;Status:OK  Packet:185  AirTime:1 ms
304;COM8;Rx Ack-Msg;2450000122 Hz;;FLRC BR 1.300 Mb/s BW 1.2 MHz;-61 dBm;0 dB;2021-03-25 17:01:36;10:1111;10:2222;
305;COM8;Tx C-Msg;2450000122 Hz;;FLRC BR 1.300 Mb/s BW 1.2 MHz;;;2021-03-25 17:01:37.946;;;Status:OK  Packet:186  AirTime:1 ms
306;COM8;Rx Ack-Msg;2450000122 Hz;;FLRC BR 1.300 Mb/s BW 1.2 MHz;-61 dBm;0 dB;2021-03-25 17:01:37;10:1111;10:2222;
307;COM8;Tx C-Msg;2450000122 Hz;;FLRC BR 1.300 Mb/s BW 1.2 MHz;;;2021-03-25 17:01:39.304;;;Status:OK  Packet:187  AirTime:1 ms
308;COM8;Rx Ack-Msg;2450000122 Hz;;FLRC BR 1.300 Mb/s BW 1.2 MHz;-62 dBm;0 dB;2021-03-25 17:01:38;10:1111;10:2222;
309;COM8;Tx C-Msg;2450000122 Hz;;FLRC BR 1.300 Mb/s BW 1.2 MHz;;;2021-03-25 17:01:40.109;;;Status:OK  Packet:188  AirTime:1 ms
310;COM8;Rx Ack-Msg;2450000122 Hz;;FLRC BR 1.300 Mb/s BW 1.2 MHz;-62 dBm;0 dB;2021-03-25 17:01:39;10:1111;10:2222;
311;COM8;Tx C-Msg;2450000122 Hz;;FLRC BR 1.300 Mb/s BW 1.2 MHz;;;2021-03-25 17:01:40.188;;;Status:OK  Packet:189  AirTime:1 ms
312;COM8;Rx Ack-Msg;2450000122 Hz;;FLRC BR 1.300 Mb/s BW 1.2 MHz;-61 dBm;0 dB;2021-03-25 17:01:39;10:1111;10:2222;
313;COM8;Tx C-Msg;2450000122 Hz;;FLRC BR 1.300 Mb/s BW 1.2 MHz;;;2021-03-25 17:01:40.601;;;Status:OK  Packet:190  AirTime:1 ms
314;COM8;Rx Ack-Msg;2450000122 Hz;;FLRC BR 1.300 Mb/s BW 1.2 MHz;-62 dBm;0 dB;2021-03-25 17:01:40;10:1111;10:2222;
315;COM8;Tx C-Msg;2450000122 Hz;;FLRC BR 1.300 Mb/s BW 1.2 MHz;;;2021-03-25 17:01:41.050;;;Status:OK  Packet:191  AirTime:1 ms
316;COM8;Rx Ack-Msg;2450000122 Hz;;FLRC BR 1.300 Mb/s BW 1.2 MHz;-58 dBm;0 dB;2021-03-25 17:01:40;10:1111;10:2222;
317;COM8;Tx C-Msg;2450000122 Hz;;FLRC BR 1.300 Mb/s BW 1.2 MHz;;;2021-03-25 17:01:41.126;;;Status:OK  Packet:192  AirTime:1 ms
318;COM8;Rx Ack-Msg;2450000122 Hz;;FLRC BR 1.300 Mb/s BW 1.2 MHz;-59 dBm;0 dB;2021-03-25 17:01:40;10:1111;10:2222;
319;COM8;Tx C-Msg;2450000122 Hz;;FLRC BR 1.300 Mb/s BW 1.2 MHz;;;2021-03-25 17:01:41.531;;;Status:OK  Packet:193  AirTime:1 ms
320;COM8;Rx Ack-Msg;2450000122 Hz;;FLRC BR 1.300 Mb/s BW 1.2 MHz;-61 dBm;0 dB;2021-03-25 17:01:41;10:1111;10:2222;
321;COM8;Tx C-Msg;2450000122 Hz;;FLRC BR 1.300 Mb/s BW 1.2 MHz;;;2021-03-25 17:01:41.605;;;Status:OK  Packet:194  AirTime:1 ms
322;COM8;Rx Ack-Msg;2450000122 Hz;;FLRC BR 1.300 Mb/s BW 1.2 MHz;-60 dBm;0 dB;2021-03-25 17:01:41;10:1111;10:2222;
323;COM8;Tx C-Msg;2450000122 Hz;;FLRC BR 1.300 Mb/s BW 1.2 MHz;;;2021-03-25 17:01:42.022;;;Status:OK  Packet:195  AirTime:1 ms
324;COM8;Rx Ack-Msg;2450000122 Hz;;FLRC BR 1.300 Mb/s BW 1.2 MHz;-61 dBm;0 dB;2021-03-25 17:01:41;10:1111;10:2222;
325;COM8;Tx C-Msg;2450000122 Hz;;FLRC BR 1.300 Mb/s BW 1.2 MHz;;;2021-03-25 17:01:42.107;;;Status:OK  Packet:196  AirTime:1 ms
326;COM8;Rx Ack-Msg;2450000122 Hz;;FLRC BR 1.300 Mb/s BW 1.2 MHz;-60 dBm;0 dB;2021-03-25 17:01:41;10:1111;10:2222;
327;COM8;Tx C-Msg;2450000122 Hz;;FLRC BR 1.300 Mb/s BW 1.2 MHz;;;2021-03-25 17:01:42.556;;;Status:OK  Packet:197  AirTime:1 ms
328;COM8;Rx Ack-Msg;2450000122 Hz;;FLRC BR 1.300 Mb/s BW 1.2 MHz;-61 dBm;0 dB;2021-03-25 17:01:42;10:1111;10:2222;
329;COM8;Tx C-Msg;2450000122 Hz;;FLRC BR 1.300 Mb/s BW 1.2 MHz;;;2021-03-25 17:01:42.634;;;Status:OK  Packet:198  AirTime:1 ms
330;COM8;Rx Ack-Msg;2450000122 Hz;;FLRC BR 1.300 Mb/s BW 1.2 MHz;-61 dBm;0 dB;2021-03-25 17:01:42;10:1111;10:2222;
331;COM8;Tx C-Msg;2450000122 Hz;;FLRC BR 1.300 Mb/s BW 1.2 MHz;;;2021-03-25 17:01:43.160;;;Status:OK  Packet:199  AirTime:1 ms
332;COM8;Rx Ack-Msg;2450000122 Hz;;FLRC BR 1.300 Mb/s BW 1.2 MHz;-62 dBm;0 dB;2021-03-25 17:01:42;10:1111;10:2222;
333;COM8;Tx C-Msg;2450000122 Hz;;FLRC BR 1.300 Mb/s BW 1.2 MHz;;;2021-03-25 17:01:43.243;;;Status:OK  Packet:200  AirTime:1 ms
334;COM8;Rx Ack-Msg;2450000122 Hz;;FLRC BR 1.300 Mb/s BW 1.2 MHz;-61 dBm;0 dB;2021-03-25 17:01:42;10:1111;10:2222;
335;COM8;Tx C-Msg;2450000122 Hz;;FLRC BR 1.300 Mb/s BW 1.2 MHz;;;2021-03-25 17:01:43.621;;;Status:OK  Packet:201  AirTime:1 ms
336;COM8;Rx Ack-Msg;2450000122 Hz;;FLRC BR 1.300 Mb/s BW 1.2 MHz;-61 dBm;0 dB;2021-03-25 17:01:43;10:1111;10:2222;
337;COM8;Tx C-Msg;2450000122 Hz;;FLRC BR 1.300 Mb/s BW 1.2 MHz;;;2021-03-25 17:01:43.927;;;Status:OK  Packet:202  AirTime:1 ms
338;COM8;Rx Ack-Msg;2450000122 Hz;;FLRC BR 1.300 Mb/s BW 1.2 MHz;-61 dBm;0 dB;2021-03-25 17:01:43;10:1111;10:2222;
339;COM8;Tx C-Msg;2450000122 Hz;;FLRC BR 1.300 Mb/s BW 1.2 MHz;;;2021-03-25 17:01:44.549;;;Status:OK  Packet:203  AirTime:1 ms
340;COM8;Rx Ack-Msg;2450000122 Hz;;FLRC BR 1.300 Mb/s BW 1.2 MHz;-60 dBm;0 dB;2021-03-25 17:01:44;10:1111;10:2222;
341;COM8;Tx C-Msg;2450000122 Hz;;FLRC BR 1.300 Mb/s BW 1.2 MHz;;;2021-03-25 17:01:44.632;;;Status:OK  Packet:204  AirTime:1 ms
342;COM8;Rx Ack-Msg;2450000122 Hz;;FLRC BR 1.300 Mb/s BW 1.2 MHz;-60 dBm;0 dB;2021-03-25 17:01:44;10:1111;10:2222;
343;COM8;Tx C-Msg;2450000122 Hz;;FLRC BR 1.300 Mb/s BW 1.2 MHz;;;2021-03-25 17:01:45.073;;;Status:OK  Packet:205  AirTime:1 ms
344;COM8;Rx Ack-Msg;2450000122 Hz;;FLRC BR 1.300 Mb/s BW 1.2 MHz;-63 dBm;0 dB;2021-03-25 17:01:44;10:1111;10:2222;
345;COM8;Tx C-Msg;2450000122 Hz;;FLRC BR 1.300 Mb/s BW 1.2 MHz;;;2021-03-25 17:01:45.431;;;Status:OK  Packet:206  AirTime:1 ms
346;COM8;Rx Ack-Msg;2450000122 Hz;;FLRC BR 1.300 Mb/s BW 1.2 MHz;-61 dBm;0 dB;2021-03-25 17:01:45;10:1111;10:2222;
347;COM8;Tx C-Msg;2450000122 Hz;;FLRC BR 1.300 Mb/s BW 1.2 MHz;;;2021-03-25 17:01:45.516;;;Status:OK  Packet:207  AirTime:1 ms
348;COM8;Rx Ack-Msg;2450000122 Hz;;FLRC BR 1.300 Mb/s BW 1.2 MHz;-61 dBm;0 dB;2021-03-25 17:01:45;10:1111;10:2222;
349;COM8;Tx C-Msg;2450000122 Hz;;FLRC BR 1.300 Mb/s BW 1.2 MHz;;;2021-03-25 17:01:45.911;;;Status:OK  Packet:208  AirTime:1 ms
350;COM8;Rx Ack-Msg;2450000122 Hz;;FLRC BR 1.300 Mb/s BW 1.2 MHz;-61 dBm;0 dB;2021-03-25 17:01:45;10:1111;10:2222;
351;COM8;Tx C-Msg;2450000122 Hz;;FLRC BR 1.300 Mb/s BW 1.2 MHz;;;2021-03-25 17:01:46.265;;;Status:OK  Packet:209  AirTime:1 ms
352;COM8;Rx Ack-Msg;2450000122 Hz;;FLRC BR 1.300 Mb/s BW 1.2 MHz;-62 dBm;0 dB;2021-03-25 17:01:45;10:1111;10:2222;
353;COM8;Tx C-Msg;2450000122 Hz;;FLRC BR 1.300 Mb/s BW 1.2 MHz;;;2021-03-25 17:01:46.359;;;Status:OK  Packet:210  AirTime:1 ms
354;COM8;Rx Ack-Msg;2450000122 Hz;;FLRC BR 1.300 Mb/s BW 1.2 MHz;-62 dBm;0 dB;2021-03-25 17:01:45;10:1111;10:2222;
355;COM8;Tx C-Msg;2450000122 Hz;;FLRC BR 1.300 Mb/s BW 1.2 MHz;;;2021-03-25 17:01:46.709;;;Status:OK  Packet:211  AirTime:1 ms
356;COM8;Rx Ack-Msg;2450000122 Hz;;FLRC BR 1.300 Mb/s BW 1.2 MHz;-62 dBm;0 dB;2021-03-25 17:01:46;10:1111;10:2222;
357;COM8;Tx C-Msg;2450000122 Hz;;FLRC BR 1.300 Mb/s BW 1.2 MHz;;;2021-03-25 17:01:46.792;;;Status:OK  Packet:212  AirTime:1 ms
358;COM8;Rx Ack-Msg;2450000122 Hz;;FLRC BR 1.300 Mb/s BW 1.2 MHz;-62 dBm;0 dB;2021-03-25 17:01:46;10:1111;10:2222;
359;COM8;Tx C-Msg;2450000122 Hz;;FLRC BR 1.300 Mb/s BW 1.2 MHz;;;2021-03-25 17:01:47.144;;;Status:OK  Packet:213  AirTime:1 ms
360;COM8;Rx Ack-Msg;2450000122 Hz;;FLRC BR 1.300 Mb/s BW 1.2 MHz;-62 dBm;0 dB;2021-03-25 17:01:46;10:1111;10:2222;
361;COM8;Tx C-Msg;2450000122 Hz;;FLRC BR 1.300 Mb/s BW 1.2 MHz;;;2021-03-25 17:01:47.217;;;Status:OK  Packet:214  AirTime:1 ms
362;COM8;Rx Ack-Msg;2450000122 Hz;;FLRC BR 1.300 Mb/s BW 1.2 MHz;-62 dBm;0 dB;2021-03-25 17:01:46;10:1111;10:2222;
363;COM8;Tx C-Msg;2450000122 Hz;;FLRC BR 1.300 Mb/s BW 1.2 MHz;;;2021-03-25 17:01:47.634;;;Status:OK  Packet:215  AirTime:1 ms
364;COM8;Rx Ack-Msg;2450000122 Hz;;FLRC BR 1.300 Mb/s BW 1.2 MHz;-61 dBm;0 dB;2021-03-25 17:01:47;10:1111;10:2222;
365;COM8;Tx C-Msg;2450000122 Hz;;FLRC BR 1.300 Mb/s BW 1.2 MHz;;;2021-03-25 17:01:47.713;;;Status:OK  Packet:216  AirTime:1 ms
366;COM8;Rx Ack-Msg;2450000122 Hz;;FLRC BR 1.300 Mb/s BW 1.2 MHz;-61 dBm;0 dB;2021-03-25 17:01:47;10:1111;10:2222;
367;COM8;Tx C-Msg;2450000122 Hz;;FLRC BR 1.300 Mb/s BW 1.2 MHz;;;2021-03-25 17:01:48.163;;;Status:OK  Packet:217  AirTime:1 ms
368;COM8;Rx Ack-Msg;2450000122 Hz;;FLRC BR 1.300 Mb/s BW 1.2 MHz;-62 dBm;0 dB;2021-03-25 17:01:47;10:1111;10:2222;
369;COM8;Tx C-Msg;2450000122 Hz;;FLRC BR 1.300 Mb/s BW 1.2 MHz;;;2021-03-25 17:01:48.238;;;Status:OK  Packet:218  AirTime:1 ms
370;COM8;Rx Ack-Msg;2450000122 Hz;;FLRC BR 1.300 Mb/s BW 1.2 MHz;-61 dBm;0 dB;2021-03-25 17:01:47;10:1111;10:2222;
371;COM8;Tx C-Msg;2450000122 Hz;;FLRC BR 1.300 Mb/s BW 1.2 MHz;;;2021-03-25 17:01:48.711;;;Status:OK  Packet:219  AirTime:1 ms
372;COM8;Rx Ack-Msg;2450000122 Hz;;FLRC BR 1.300 Mb/s BW 1.2 MHz;-61 dBm;0 dB;2021-03-25 17:01:48;10:1111;10:2222;
373;COM8;Tx C-Msg;2450000122 Hz;;FLRC BR 1.300 Mb/s BW 1.2 MHz;;;2021-03-25 17:01:48.799;;;Status:OK  Packet:220  AirTime:1 ms
374;COM8;Rx Ack-Msg;2450000122 Hz;;FLRC BR 1.300 Mb/s BW 1.2 MHz;-61 dBm;0 dB;2021-03-25 17:01:48;10:1111;10:2222;
375;COM8;Tx C-Msg;2450000122 Hz;;FLRC BR 1.300 Mb/s BW 1.2 MHz;;;2021-03-25 17:01:49.219;;;Status:OK  Packet:221  AirTime:1 ms
376;COM8;Rx Ack-Msg;2450000122 Hz;;FLRC BR 1.300 Mb/s BW 1.2 MHz;-60 dBm;0 dB;2021-03-25 17:01:48;10:1111;10:2222;
377;COM8;Tx C-Msg;2450000122 Hz;;FLRC BR 1.300 Mb/s BW 1.2 MHz;;;2021-03-25 17:01:49.477;;;Status:OK  Packet:222  AirTime:1 ms
378;COM8;Rx Ack-Msg;2450000122 Hz;;FLRC BR 1.300 Mb/s BW 1.2 MHz;-60 dBm;0 dB;2021-03-25 17:01:49;10:1111;10:2222;
379;COM8;Tx C-Msg;2450000122 Hz;;FLRC BR 1.300 Mb/s BW 1.2 MHz;;;2021-03-25 17:01:49.856;;;Status:OK  Packet:223  AirTime:1 ms
380;COM8;Rx Ack-Msg;2450000122 Hz;;FLRC BR 1.300 Mb/s BW 1.2 MHz;-59 dBm;0 dB;2021-03-25 17:01:49;10:1111;10:2222;
381;COM8;Tx C-Msg;2450000122 Hz;;FLRC BR 1.300 Mb/s BW 1.2 MHz;;;2021-03-25 17:01:49.946;;;Status:OK  Packet:224  AirTime:1 ms
382;COM8;Rx Ack-Msg;2450000122 Hz;;FLRC BR 1.300 Mb/s BW 1.2 MHz;-60 dBm;0 dB;2021-03-25 17:01:49;10:1111;10:2222;
383;COM8;Tx C-Msg;2450000122 Hz;;FLRC BR 1.300 Mb/s BW 1.2 MHz;;;2021-03-25 17:01:50.450;;;Status:OK  Packet:225  AirTime:1 ms
384;COM8;Rx Ack-Msg;2450000122 Hz;;FLRC BR 1.300 Mb/s BW 1.2 MHz;-61 dBm;0 dB;2021-03-25 17:01:50;10:1111;10:2222;
385;COM8;Tx C-Msg;2450000122 Hz;;FLRC BR 1.300 Mb/s BW 1.2 MHz;;;2021-03-25 17:01:50.835;;;Status:OK  Packet:226  AirTime:1 ms
386;COM8;Rx Ack-Msg;2450000122 Hz;;FLRC BR 1.300 Mb/s BW 1.2 MHz;-61 dBm;0 dB;2021-03-25 17:01:50;10:1111;10:2222;
387;COM8;Tx C-Msg;2450000122 Hz;;FLRC BR 1.300 Mb/s BW 1.2 MHz;;;2021-03-25 17:01:51.250;;;Status:OK  Packet:227  AirTime:1 ms
388;COM8;Rx Ack-Msg;2450000122 Hz;;FLRC BR 1.300 Mb/s BW 1.2 MHz;-59 dBm;0 dB;2021-03-25 17:01:50;10:1111;10:2222;
389;COM8;Tx C-Msg;2450000122 Hz;;FLRC BR 1.300 Mb/s BW 1.2 MHz;;;2021-03-25 17:01:51.779;;;Status:OK  Packet:228  AirTime:1 ms
390;COM8;Rx Ack-Msg;2450000122 Hz;;FLRC BR 1.300 Mb/s BW 1.2 MHz;-62 dBm;0 dB;2021-03-25 17:01:51;10:1111;10:2222;
391;COM8;Tx C-Msg;2450000122 Hz;;FLRC BR 1.300 Mb/s BW 1.2 MHz;;;2021-03-25 17:01:52.321;;;Status:OK  Packet:229  AirTime:1 ms
392;COM8;Rx Ack-Msg;2450000122 Hz;;FLRC BR 1.300 Mb/s BW 1.2 MHz;-62 dBm;0 dB;2021-03-25 17:01:51;10:1111;10:2222;
393;COM8;Tx C-Msg;2450000122 Hz;;FLRC BR 1.300 Mb/s BW 1.2 MHz;;;2021-03-25 17:01:52.882;;;Status:OK  Packet:230  AirTime:1 ms
394;COM8;Rx Ack-Msg;2450000122 Hz;;FLRC BR 1.300 Mb/s BW 1.2 MHz;-62 dBm;0 dB;2021-03-25 17:01:52;10:1111;10:2222;
395;COM8;Tx C-Msg;2450000122 Hz;;FLRC BR 1.300 Mb/s BW 1.2 MHz;;;2021-03-25 17:01:53.697;;;Status:OK  Packet:231  AirTime:1 ms
396;COM8;Rx Ack-Msg;2450000122 Hz;;FLRC BR 1.300 Mb/s BW 1.2 MHz;-57 dBm;0 dB;2021-03-25 17:01:53;10:1111;10:2222;
397;COM8;Tx C-Msg;2450000122 Hz;;FLRC BR 1.300 Mb/s BW 1.2 MHz;;;2021-03-25 17:01:54.561;;;Status:OK  Packet:232  AirTime:1 ms
398;COM8;Rx Ack-Msg;2450000122 Hz;;FLRC BR 1.300 Mb/s BW 1.2 MHz;-64 dBm;0 dB;2021-03-25 17:01:54;10:1111;10:2222;
399;COM8;Tx C-Msg;2450000122 Hz;;FLRC BR 1.300 Mb/s BW 1.2 MHz;;;2021-03-25 17:01:55.488;;;Status:OK  Packet:233  AirTime:1 ms
400;COM8;Rx Ack-Msg;2450000122 Hz;;FLRC BR 1.300 Mb/s BW 1.2 MHz;-65 dBm;0 dB;2021-03-25 17:01:55;10:1111;10:2222;
