No.;Port;Event;Frequency;SF / Datarate;Bandwidth;RSSI;SNR;Time;Dst Address;Src Address;Message Payload 
1;COM8;Tx C-Msg;2450000122 Hz;LoRa SF5;LoRa BW 1600;;;2021-03-22 16:11:20.854;;;Status:OK  Packet:251  AirTime:2 ms
2;COM8;Rx Ack-Msg;2450000122 Hz;LoRa SF5;LoRa BW 1600;-64 dBm;9 dB;2021-03-22 16:11:20;10:1111;10:2222;
3;COM8;Tx C-Msg;2450000122 Hz;LoRa SF5;LoRa BW 1600;;;2021-03-22 16:11:21.674;;;Status:OK  Packet:252  AirTime:2 ms
4;COM8;Rx Ack-Msg;2450000122 Hz;LoRa SF5;LoRa BW 1600;-64 dBm;10 dB;2021-03-22 16:11:21;10:1111;10:2222;
5;COM8;Tx C-Msg;2450000122 Hz;LoRa SF5;LoRa BW 1600;;;2021-03-22 16:11:22.058;;;Status:OK  Packet:253  AirTime:2 ms
6;COM8;Rx Ack-Msg;2450000122 Hz;LoRa SF5;LoRa BW 1600;-64 dBm;10 dB;2021-03-22 16:11:21;10:1111;10:2222;
7;COM8;Tx C-Msg;2450000122 Hz;LoRa SF5;LoRa BW 1600;;;2021-03-22 16:11:34.864;;;Status:OK  Packet:254  AirTime:2 ms
8;COM8;Rx Ack-Msg;2450000122 Hz;LoRa SF5;LoRa BW 1600;-59 dBm;10 dB;2021-03-22 16:11:34;10:1111;10:2222;
9;COM8;Tx C-Msg;2450000122 Hz;LoRa SF5;LoRa BW 1600;;;2021-03-22 16:11:35.234;;;Status:OK  Packet:255  AirTime:2 ms
10;COM8;Rx Ack-Msg;2450000122 Hz;LoRa SF5;LoRa BW 1600;-59 dBm;10 dB;2021-03-22 16:11:34;10:1111;10:2222;
11;COM8;Tx C-Msg;2450000122 Hz;LoRa SF5;LoRa BW 1600;;;2021-03-22 16:11:35.600;;;Status:OK  Packet:256  AirTime:2 ms
12;COM8;Rx Ack-Msg;2450000122 Hz;LoRa SF5;LoRa BW 1600;-59 dBm;10 dB;2021-03-22 16:11:35;10:1111;10:2222;
13;COM8;Tx C-Msg;2450000122 Hz;LoRa SF5;LoRa BW 1600;;;2021-03-22 16:11:35.921;;;Status:OK  Packet:257  AirTime:2 ms
14;COM8;Rx Ack-Msg;2450000122 Hz;LoRa SF5;LoRa BW 1600;-60 dBm;10 dB;2021-03-22 16:11:35;10:1111;10:2222;
15;COM8;Tx C-Msg;2450000122 Hz;LoRa SF5;LoRa BW 1600;;;2021-03-22 16:11:36.256;;;Status:OK  Packet:258  AirTime:2 ms
16;COM8;Rx Ack-Msg;2450000122 Hz;LoRa SF5;LoRa BW 1600;-60 dBm;10 dB;2021-03-22 16:11:35;10:1111;10:2222;
17;COM8;Tx C-Msg;2450000122 Hz;LoRa SF5;LoRa BW 1600;;;2021-03-22 16:11:36.592;;;Status:OK  Packet:259  AirTime:2 ms
18;COM8;Rx Ack-Msg;2450000122 Hz;LoRa SF5;LoRa BW 1600;-59 dBm;9 dB;2021-03-22 16:11:36;10:1111;10:2222;
19;COM8;Tx C-Msg;2450000122 Hz;LoRa SF5;LoRa BW 1600;;;2021-03-22 16:11:36.959;;;Status:OK  Packet:260  AirTime:2 ms
20;COM8;Rx Ack-Msg;2450000122 Hz;LoRa SF5;LoRa BW 1600;-59 dBm;9 dB;2021-03-22 16:11:36;10:1111;10:2222;
21;COM8;Tx C-Msg;2450000122 Hz;LoRa SF5;LoRa BW 1600;;;2021-03-22 16:11:37.359;;;Status:OK  Packet:261  AirTime:2 ms
22;COM8;Rx Ack-Msg;2450000122 Hz;LoRa SF5;LoRa BW 1600;-60 dBm;10 dB;2021-03-22 16:11:37;10:1111;10:2222;
23;COM8;Tx C-Msg;2450000122 Hz;LoRa SF5;LoRa BW 1600;;;2021-03-22 16:11:37.434;;;Status:OK  Packet:262  AirTime:2 ms
24;COM8;Rx Ack-Msg;2450000122 Hz;LoRa SF5;LoRa BW 1600;-59 dBm;9 dB;2021-03-22 16:11:37;10:1111;10:2222;
25;COM8;Tx C-Msg;2450000122 Hz;LoRa SF5;LoRa BW 1600;;;2021-03-22 16:11:37.968;;;Status:OK  Packet:263  AirTime:2 ms
26;COM8;Rx Ack-Msg;2450000122 Hz;LoRa SF5;LoRa BW 1600;-60 dBm;9 dB;2021-03-22 16:11:37;10:1111;10:2222;
27;COM8;Tx C-Msg;2450000122 Hz;LoRa SF5;LoRa BW 1600;;;2021-03-22 16:11:38.043;;;Status:OK  Packet:264  AirTime:2 ms
28;COM8;Rx Ack-Msg;2450000122 Hz;LoRa SF5;LoRa BW 1600;-59 dBm;10 dB;2021-03-22 16:11:37;10:1111;10:2222;
29;COM8;Tx C-Msg;2450000122 Hz;LoRa SF5;LoRa BW 1600;;;2021-03-22 16:11:38.602;;;Status:OK  Packet:265  AirTime:2 ms
30;COM8;Rx Ack-Msg;2450000122 Hz;LoRa SF5;LoRa BW 1600;-60 dBm;9 dB;2021-03-22 16:11:38;10:1111;10:2222;
31;COM8;Tx C-Msg;2450000122 Hz;LoRa SF5;LoRa BW 1600;;;2021-03-22 16:11:38.684;;;Status:OK  Packet:266  AirTime:2 ms
32;COM8;Rx Ack-Msg;2450000122 Hz;LoRa SF5;LoRa BW 1600;-60 dBm;10 dB;2021-03-22 16:11:38;10:1111;10:2222;
33;COM8;Tx C-Msg;2450000122 Hz;LoRa SF5;LoRa BW 1600;;;2021-03-22 16:11:39.088;;;Status:OK  Packet:267  AirTime:2 ms
34;COM8;Rx Ack-Msg;2450000122 Hz;LoRa SF5;LoRa BW 1600;-60 dBm;10 dB;2021-03-22 16:11:38;10:1111;10:2222;
35;COM8;Tx C-Msg;2450000122 Hz;LoRa SF5;LoRa BW 1600;;;2021-03-22 16:11:39.374;;;Status:OK  Packet:268  AirTime:2 ms
36;COM8;Rx Ack-Msg;2450000122 Hz;LoRa SF5;LoRa BW 1600;-60 dBm;10 dB;2021-03-22 16:11:39;10:1111;10:2222;
37;COM8;Tx C-Msg;2450000122 Hz;LoRa SF5;LoRa BW 1600;;;2021-03-22 16:11:39.745;;;Status:OK  Packet:269  AirTime:2 ms
38;COM8;Rx Ack-Msg;2450000122 Hz;LoRa SF5;LoRa BW 1600;-60 dBm;10 dB;2021-03-22 16:11:39;10:1111;10:2222;
39;COM8;Tx C-Msg;2450000122 Hz;LoRa SF5;LoRa BW 1600;;;2021-03-22 16:11:39.829;;;Status:OK  Packet:270  AirTime:2 ms
40;COM8;Rx Ack-Msg;2450000122 Hz;LoRa SF5;LoRa BW 1600;-59 dBm;9 dB;2021-03-22 16:11:39;10:1111;10:2222;
41;COM8;Tx C-Msg;2450000122 Hz;LoRa SF5;LoRa BW 1600;;;2021-03-22 16:11:40.219;;;Status:OK  Packet:271  AirTime:2 ms
42;COM8;Rx Ack-Msg;2450000122 Hz;LoRa SF5;LoRa BW 1600;-60 dBm;10 dB;2021-03-22 16:11:39;10:1111;10:2222;
43;COM8;Tx C-Msg;2450000122 Hz;LoRa SF5;LoRa BW 1600;;;2021-03-22 16:11:40.293;;;Status:OK  Packet:272  AirTime:2 ms
44;COM8;Rx Ack-Msg;2450000122 Hz;LoRa SF5;LoRa BW 1600;-60 dBm;9 dB;2021-03-22 16:11:39;10:1111;10:2222;
45;COM8;Tx C-Msg;2450000122 Hz;LoRa SF5;LoRa BW 1600;;;2021-03-22 16:11:40.734;;;Status:OK  Packet:273  AirTime:2 ms
46;COM8;Rx Ack-Msg;2450000122 Hz;LoRa SF5;LoRa BW 1600;-60 dBm;10 dB;2021-03-22 16:11:40;10:1111;10:2222;
47;COM8;Tx C-Msg;2450000122 Hz;LoRa SF5;LoRa BW 1600;;;2021-03-22 16:11:40.818;;;Status:OK  Packet:274  AirTime:2 ms
48;COM8;Rx Ack-Msg;2450000122 Hz;LoRa SF5;LoRa BW 1600;-59 dBm;9 dB;2021-03-22 16:11:40;10:1111;10:2222;
49;COM8;Tx C-Msg;2450000122 Hz;LoRa SF5;LoRa BW 1600;;;2021-03-22 16:11:41.292;;;Status:OK  Packet:275  AirTime:2 ms
50;COM8;Rx Ack-Msg;2450000122 Hz;LoRa SF5;LoRa BW 1600;-60 dBm;10 dB;2021-03-22 16:11:40;10:1111;10:2222;
51;COM8;Tx C-Msg;2450000122 Hz;LoRa SF5;LoRa BW 1600;;;2021-03-22 16:11:41.598;;;Status:OK  Packet:276  AirTime:2 ms
52;COM8;Rx Ack-Msg;2450000122 Hz;LoRa SF5;LoRa BW 1600;-60 dBm;9 dB;2021-03-22 16:11:41;10:1111;10:2222;
53;COM8;Tx C-Msg;2450000122 Hz;LoRa SF5;LoRa BW 1600;;;2021-03-22 16:11:41.933;;;Status:OK  Packet:277  AirTime:2 ms
54;COM8;Rx Ack-Msg;2450000122 Hz;LoRa SF5;LoRa BW 1600;-60 dBm;9 dB;2021-03-22 16:11:41;10:1111;10:2222;
55;COM8;Tx C-Msg;2450000122 Hz;LoRa SF5;LoRa BW 1600;;;2021-03-22 16:11:42.269;;;Status:OK  Packet:278  AirTime:2 ms
56;COM8;Rx Ack-Msg;2450000122 Hz;LoRa SF5;LoRa BW 1600;-59 dBm;9 dB;2021-03-22 16:11:41;10:1111;10:2222;
57;COM8;Tx C-Msg;2450000122 Hz;LoRa SF5;LoRa BW 1600;;;2021-03-22 16:11:42.700;;;Status:OK  Packet:279  AirTime:2 ms
58;COM8;Rx Ack-Msg;2450000122 Hz;LoRa SF5;LoRa BW 1600;-60 dBm;10 dB;2021-03-22 16:11:42;10:1111;10:2222;
59;COM8;Tx C-Msg;2450000122 Hz;LoRa SF5;LoRa BW 1600;;;2021-03-22 16:11:42.775;;;Status:OK  Packet:280  AirTime:2 ms
60;COM8;Rx Ack-Msg;2450000122 Hz;LoRa SF5;LoRa BW 1600;-59 dBm;10 dB;2021-03-22 16:11:42;10:1111;10:2222;
61;COM8;Tx C-Msg;2450000122 Hz;LoRa SF5;LoRa BW 1600;;;2021-03-22 16:11:43.211;;;Status:OK  Packet:281  AirTime:2 ms
62;COM8;Rx Ack-Msg;2450000122 Hz;LoRa SF5;LoRa BW 1600;-60 dBm;10 dB;2021-03-22 16:11:42;10:1111;10:2222;
63;COM8;Tx C-Msg;2450000122 Hz;LoRa SF5;LoRa BW 1600;;;2021-03-22 16:11:43.614;;;Status:OK  Packet:282  AirTime:2 ms
64;COM8;Rx Ack-Msg;2450000122 Hz;LoRa SF5;LoRa BW 1600;-60 dBm;9 dB;2021-03-22 16:11:43;10:1111;10:2222;
65;COM8;Tx C-Msg;2450000122 Hz;LoRa SF5;LoRa BW 1600;;;2021-03-22 16:11:43.683;;;Status:OK  Packet:283  AirTime:2 ms
66;COM8;Rx Ack-Msg;2450000122 Hz;LoRa SF5;LoRa BW 1600;-59 dBm;10 dB;2021-03-22 16:11:43;10:1111;10:2222;
67;COM8;Tx C-Msg;2450000122 Hz;LoRa SF5;LoRa BW 1600;;;2021-03-22 16:11:44.237;;;Status:OK  Packet:284  AirTime:2 ms
68;COM8;Rx Ack-Msg;2450000122 Hz;LoRa SF5;LoRa BW 1600;-59 dBm;9 dB;2021-03-22 16:11:43;10:1111;10:2222;
69;COM8;Tx C-Msg;2450000122 Hz;LoRa SF5;LoRa BW 1600;;;2021-03-22 16:11:44.316;;;Status:OK  Packet:285  AirTime:2 ms
70;COM8;Rx Ack-Msg;2450000122 Hz;LoRa SF5;LoRa BW 1600;-59 dBm;9 dB;2021-03-22 16:11:43;10:1111;10:2222;
71;COM8;Tx C-Msg;2450000122 Hz;LoRa SF5;LoRa BW 1600;;;2021-03-22 16:11:44.778;;;Status:OK  Packet:286  AirTime:2 ms
72;COM8;Rx Ack-Msg;2450000122 Hz;LoRa SF5;LoRa BW 1600;-60 dBm;9 dB;2021-03-22 16:11:44;10:1111;10:2222;
73;COM8;Tx C-Msg;2450000122 Hz;LoRa SF5;LoRa BW 1600;;;2021-03-22 16:11:45.100;;;Status:OK  Packet:287  AirTime:2 ms
74;COM8;Rx Ack-Msg;2450000122 Hz;LoRa SF5;LoRa BW 1600;-60 dBm;10 dB;2021-03-22 16:11:44;10:1111;10:2222;
75;COM8;Tx C-Msg;2450000122 Hz;LoRa SF5;LoRa BW 1600;;;2021-03-22 16:11:45.528;;;Status:OK  Packet:288  AirTime:2 ms
76;COM8;Rx Ack-Msg;2450000122 Hz;LoRa SF5;LoRa BW 1600;-60 dBm;9 dB;2021-03-22 16:11:45;10:1111;10:2222;
77;COM8;Tx C-Msg;2450000122 Hz;LoRa SF5;LoRa BW 1600;;;2021-03-22 16:11:45.598;;;Status:OK  Packet:289  AirTime:2 ms
78;COM8;Rx Ack-Msg;2450000122 Hz;LoRa SF5;LoRa BW 1600;-60 dBm;10 dB;2021-03-22 16:11:45;10:1111;10:2222;
79;COM8;Tx C-Msg;2450000122 Hz;LoRa SF5;LoRa BW 1600;;;2021-03-22 16:11:46.008;;;Status:OK  Packet:290  AirTime:2 ms
80;COM8;Rx Ack-Msg;2450000122 Hz;LoRa SF5;LoRa BW 1600;-60 dBm;10 dB;2021-03-22 16:11:45;10:1111;10:2222;
81;COM8;Tx C-Msg;2450000122 Hz;LoRa SF5;LoRa BW 1600;;;2021-03-22 16:11:46.319;;;Status:OK  Packet:291  AirTime:2 ms
82;COM8;Rx Ack-Msg;2450000122 Hz;LoRa SF5;LoRa BW 1600;-60 dBm;9 dB;2021-03-22 16:11:45;10:1111;10:2222;
83;COM8;Tx C-Msg;2450000122 Hz;LoRa SF5;LoRa BW 1600;;;2021-03-22 16:11:46.635;;;Status:OK  Packet:292  AirTime:2 ms
84;COM8;Rx Ack-Msg;2450000122 Hz;LoRa SF5;LoRa BW 1600;-59 dBm;10 dB;2021-03-22 16:11:46;10:1111;10:2222;
85;COM8;Tx C-Msg;2450000122 Hz;LoRa SF5;LoRa BW 1600;;;2021-03-22 16:11:46.999;;;Status:OK  Packet:293  AirTime:2 ms
86;COM8;Rx Ack-Msg;2450000122 Hz;LoRa SF5;LoRa BW 1600;-59 dBm;9 dB;2021-03-22 16:11:46;10:1111;10:2222;
87;COM8;Tx C-Msg;2450000122 Hz;LoRa SF5;LoRa BW 1600;;;2021-03-22 16:11:47.071;;;Status:OK  Packet:294  AirTime:2 ms
88;COM8;Rx Ack-Msg;2450000122 Hz;LoRa SF5;LoRa BW 1600;-59 dBm;8 dB;2021-03-22 16:11:46;10:1111;10:2222;
89;COM8;Tx C-Msg;2450000122 Hz;LoRa SF5;LoRa BW 1600;;;2021-03-22 16:11:47.497;;;Status:OK  Packet:295  AirTime:2 ms
90;COM8;Rx Ack-Msg;2450000122 Hz;LoRa SF5;LoRa BW 1600;-59 dBm;9 dB;2021-03-22 16:11:47;10:1111;10:2222;
91;COM8;Tx C-Msg;2450000122 Hz;LoRa SF5;LoRa BW 1600;;;2021-03-22 16:11:48.324;;;Status:OK  Packet:296  AirTime:2 ms
92;COM8;Rx Ack-Msg;2450000122 Hz;LoRa SF5;LoRa BW 1600;-60 dBm;10 dB;2021-03-22 16:11:48;10:1111;10:2222;
93;COM8;Tx C-Msg;2450000122 Hz;LoRa SF5;LoRa BW 1600;;;2021-03-22 16:11:48.791;;;Status:OK  Packet:297  AirTime:2 ms
94;COM8;Rx Ack-Msg;2450000122 Hz;LoRa SF5;LoRa BW 1600;-60 dBm;9 dB;2021-03-22 16:11:48;10:1111;10:2222;
95;COM8;Tx C-Msg;2450000122 Hz;LoRa SF5;LoRa BW 1600;;;2021-03-22 16:11:49.288;;;Status:OK  Packet:298  AirTime:2 ms
96;COM8;Rx Ack-Msg;2450000122 Hz;LoRa SF5;LoRa BW 1600;-60 dBm;10 dB;2021-03-22 16:11:48;10:1111;10:2222;
97;COM8;Tx C-Msg;2450000122 Hz;LoRa SF5;LoRa BW 1600;;;2021-03-22 16:11:50.870;;;Status:OK  Packet:299  AirTime:2 ms
98;COM8;Rx Ack-Msg;2450000122 Hz;LoRa SF5;LoRa BW 1600;-60 dBm;9 dB;2021-03-22 16:11:50;10:1111;10:2222;
99;COM8;Tx C-Msg;2450000122 Hz;LoRa SF5;LoRa BW 1600;;;2021-03-22 16:11:51.768;;;Status:OK  Packet:300  AirTime:2 ms
100;COM8;Rx Ack-Msg;2450000122 Hz;LoRa SF5;LoRa BW 1600;-60 dBm;10 dB;2021-03-22 16:11:51;10:1111;10:2222;
101;COM8;Tx C-Msg;2450000122 Hz;LoRa SF5;LoRa BW 1600;;;2021-03-22 16:12:35.994;;;Status:OK  Packet:301  AirTime:2 ms
102;COM8;Rx Ack-Msg;2450000122 Hz;LoRa SF5;LoRa BW 1600;-55 dBm;10 dB;2021-03-22 16:12:35;10:1111;10:2222;
103;COM8;Tx C-Msg;2450000122 Hz;LoRa SF5;LoRa BW 1600;;;2021-03-22 16:12:36.379;;;Status:OK  Packet:302  AirTime:2 ms
104;COM8;Rx Ack-Msg;2450000122 Hz;LoRa SF5;LoRa BW 1600;-55 dBm;10 dB;2021-03-22 16:12:36;10:1111;10:2222;
105;COM8;Tx C-Msg;2450000122 Hz;LoRa SF5;LoRa BW 1600;;;2021-03-22 16:12:36.449;;;Status:OK  Packet:303  AirTime:2 ms
106;COM8;Rx Ack-Msg;2450000122 Hz;LoRa SF5;LoRa BW 1600;-55 dBm;10 dB;2021-03-22 16:12:36;10:1111;10:2222;
107;COM8;Tx C-Msg;2450000122 Hz;LoRa SF5;LoRa BW 1600;;;2021-03-22 16:12:36.885;;;Status:OK  Packet:304  AirTime:2 ms
108;COM8;Rx Ack-Msg;2450000122 Hz;LoRa SF5;LoRa BW 1600;-56 dBm;10 dB;2021-03-22 16:12:36;10:1111;10:2222;
109;COM8;Tx C-Msg;2450000122 Hz;LoRa SF5;LoRa BW 1600;;;2021-03-22 16:12:36.961;;;Status:OK  Packet:305  AirTime:2 ms
110;COM8;Rx Ack-Msg;2450000122 Hz;LoRa SF5;LoRa BW 1600;-55 dBm;10 dB;2021-03-22 16:12:36;10:1111;10:2222;
111;COM8;Tx C-Msg;2450000122 Hz;LoRa SF5;LoRa BW 1600;;;2021-03-22 16:12:37.411;;;Status:OK  Packet:306  AirTime:2 ms
112;COM8;Rx Ack-Msg;2450000122 Hz;LoRa SF5;LoRa BW 1600;-55 dBm;10 dB;2021-03-22 16:12:37;10:1111;10:2222;
113;COM8;Tx C-Msg;2450000122 Hz;LoRa SF5;LoRa BW 1600;;;2021-03-22 16:12:37.483;;;Status:OK  Packet:307  AirTime:2 ms
114;COM8;Rx Ack-Msg;2450000122 Hz;LoRa SF5;LoRa BW 1600;-55 dBm;10 dB;2021-03-22 16:12:37;10:1111;10:2222;
115;COM8;Tx C-Msg;2450000122 Hz;LoRa SF5;LoRa BW 1600;;;2021-03-22 16:12:37.965;;;Status:OK  Packet:308  AirTime:2 ms
116;COM8;Rx Ack-Msg;2450000122 Hz;LoRa SF5;LoRa BW 1600;-55 dBm;10 dB;2021-03-22 16:12:37;10:1111;10:2222;
117;COM8;Tx C-Msg;2450000122 Hz;LoRa SF5;LoRa BW 1600;;;2021-03-22 16:12:38.035;;;Status:OK  Packet:309  AirTime:2 ms
118;COM8;Rx Ack-Msg;2450000122 Hz;LoRa SF5;LoRa BW 1600;-56 dBm;10 dB;2021-03-22 16:12:37;10:1111;10:2222;
119;COM8;Tx C-Msg;2450000122 Hz;LoRa SF5;LoRa BW 1600;;;2021-03-22 16:12:38.489;;;Status:OK  Packet:310  AirTime:2 ms
120;COM8;Rx Ack-Msg;2450000122 Hz;LoRa SF5;LoRa BW 1600;-55 dBm;10 dB;2021-03-22 16:12:38;10:1111;10:2222;
121;COM8;Tx C-Msg;2450000122 Hz;LoRa SF5;LoRa BW 1600;;;2021-03-22 16:12:38.560;;;Status:OK  Packet:311  AirTime:2 ms
122;COM8;Rx Ack-Msg;2450000122 Hz;LoRa SF5;LoRa BW 1600;-55 dBm;10 dB;2021-03-22 16:12:38;10:1111;10:2222;
123;COM8;Tx C-Msg;2450000122 Hz;LoRa SF5;LoRa BW 1600;;;2021-03-22 16:12:38.966;;;Status:OK  Packet:312  AirTime:2 ms
124;COM8;Rx Ack-Msg;2450000122 Hz;LoRa SF5;LoRa BW 1600;-55 dBm;10 dB;2021-03-22 16:12:38;10:1111;10:2222;
125;COM8;Tx C-Msg;2450000122 Hz;LoRa SF5;LoRa BW 1600;;;2021-03-22 16:12:39.039;;;Status:OK  Packet:313  AirTime:2 ms
126;COM8;Rx Ack-Msg;2450000122 Hz;LoRa SF5;LoRa BW 1600;-56 dBm;10 dB;2021-03-22 16:12:38;10:1111;10:2222;
127;COM8;Tx C-Msg;2450000122 Hz;LoRa SF5;LoRa BW 1600;;;2021-03-22 16:12:39.435;;;Status:OK  Packet:314  AirTime:2 ms
128;COM8;Rx Ack-Msg;2450000122 Hz;LoRa SF5;LoRa BW 1600;-55 dBm;10 dB;2021-03-22 16:12:39;10:1111;10:2222;
129;COM8;Tx C-Msg;2450000122 Hz;LoRa SF5;LoRa BW 1600;;;2021-03-22 16:12:39.506;;;Status:OK  Packet:315  AirTime:2 ms
130;COM8;Rx Ack-Msg;2450000122 Hz;LoRa SF5;LoRa BW 1600;-55 dBm;10 dB;2021-03-22 16:12:39;10:1111;10:2222;
131;COM8;Tx C-Msg;2450000122 Hz;LoRa SF5;LoRa BW 1600;;;2021-03-22 16:12:39.893;;;Status:OK  Packet:316  AirTime:2 ms
132;COM8;Rx Ack-Msg;2450000122 Hz;LoRa SF5;LoRa BW 1600;-56 dBm;10 dB;2021-03-22 16:12:39;10:1111;10:2222;
133;COM8;Tx C-Msg;2450000122 Hz;LoRa SF5;LoRa BW 1600;;;2021-03-22 16:12:39.965;;;Status:OK  Packet:317  AirTime:2 ms
134;COM8;Rx Ack-Msg;2450000122 Hz;LoRa SF5;LoRa BW 1600;-56 dBm;10 dB;2021-03-22 16:12:39;10:1111;10:2222;
135;COM8;Tx C-Msg;2450000122 Hz;LoRa SF5;LoRa BW 1600;;;2021-03-22 16:12:40.356;;;Status:OK  Packet:318  AirTime:2 ms
136;COM8;Rx Ack-Msg;2450000122 Hz;LoRa SF5;LoRa BW 1600;-55 dBm;10 dB;2021-03-22 16:12:40;10:1111;10:2222;
137;COM8;Tx C-Msg;2450000122 Hz;LoRa SF5;LoRa BW 1600;;;2021-03-22 16:12:40.434;;;Status:OK  Packet:319  AirTime:2 ms
138;COM8;Rx Ack-Msg;2450000122 Hz;LoRa SF5;LoRa BW 1600;-55 dBm;10 dB;2021-03-22 16:12:40;10:1111;10:2222;
139;COM8;Tx C-Msg;2450000122 Hz;LoRa SF5;LoRa BW 1600;;;2021-03-22 16:12:40.832;;;Status:OK  Packet:320  AirTime:2 ms
140;COM8;Rx Ack-Msg;2450000122 Hz;LoRa SF5;LoRa BW 1600;-56 dBm;10 dB;2021-03-22 16:12:40;10:1111;10:2222;
141;COM8;Tx C-Msg;2450000122 Hz;LoRa SF5;LoRa BW 1600;;;2021-03-22 16:12:40.905;;;Status:OK  Packet:321  AirTime:2 ms
142;COM8;Rx Ack-Msg;2450000122 Hz;LoRa SF5;LoRa BW 1600;-56 dBm;10 dB;2021-03-22 16:12:40;10:1111;10:2222;
143;COM8;Tx C-Msg;2450000122 Hz;LoRa SF5;LoRa BW 1600;;;2021-03-22 16:12:41.304;;;Status:OK  Packet:322  AirTime:2 ms
144;COM8;Rx Ack-Msg;2450000122 Hz;LoRa SF5;LoRa BW 1600;-55 dBm;10 dB;2021-03-22 16:12:40;10:1111;10:2222;
145;COM8;Tx C-Msg;2450000122 Hz;LoRa SF5;LoRa BW 1600;;;2021-03-22 16:12:41.385;;;Status:OK  Packet:323  AirTime:2 ms
146;COM8;Rx Ack-Msg;2450000122 Hz;LoRa SF5;LoRa BW 1600;-55 dBm;10 dB;2021-03-22 16:12:40;10:1111;10:2222;
147;COM8;Tx C-Msg;2450000122 Hz;LoRa SF5;LoRa BW 1600;;;2021-03-22 16:12:41.779;;;Status:OK  Packet:324  AirTime:2 ms
148;COM8;Rx Ack-Msg;2450000122 Hz;LoRa SF5;LoRa BW 1600;-55 dBm;9 dB;2021-03-22 16:12:41;10:1111;10:2222;
149;COM8;Tx C-Msg;2450000122 Hz;LoRa SF5;LoRa BW 1600;;;2021-03-22 16:12:41.865;;;Status:OK  Packet:325  AirTime:2 ms
150;COM8;Rx Ack-Msg;2450000122 Hz;LoRa SF5;LoRa BW 1600;-55 dBm;8 dB;2021-03-22 16:12:41;10:1111;10:2222;
151;COM8;Tx C-Msg;2450000122 Hz;LoRa SF5;LoRa BW 1600;;;2021-03-22 16:12:42.243;;;Status:OK  Packet:326  AirTime:2 ms
152;COM8;Rx Ack-Msg;2450000122 Hz;LoRa SF5;LoRa BW 1600;-56 dBm;10 dB;2021-03-22 16:12:41;10:1111;10:2222;
153;COM8;Tx C-Msg;2450000122 Hz;LoRa SF5;LoRa BW 1600;;;2021-03-22 16:12:42.314;;;Status:OK  Packet:327  AirTime:2 ms
154;COM8;Rx Ack-Msg;2450000122 Hz;LoRa SF5;LoRa BW 1600;-55 dBm;10 dB;2021-03-22 16:12:41;10:1111;10:2222;
155;COM8;Tx C-Msg;2450000122 Hz;LoRa SF5;LoRa BW 1600;;;2021-03-22 16:12:42.723;;;Status:OK  Packet:328  AirTime:2 ms
156;COM8;Rx Ack-Msg;2450000122 Hz;LoRa SF5;LoRa BW 1600;-56 dBm;10 dB;2021-03-22 16:12:42;10:1111;10:2222;
157;COM8;Tx C-Msg;2450000122 Hz;LoRa SF5;LoRa BW 1600;;;2021-03-22 16:12:42.797;;;Status:OK  Packet:329  AirTime:2 ms
158;COM8;Rx Ack-Msg;2450000122 Hz;LoRa SF5;LoRa BW 1600;-55 dBm;10 dB;2021-03-22 16:12:42;10:1111;10:2222;
159;COM8;Tx C-Msg;2450000122 Hz;LoRa SF5;LoRa BW 1600;;;2021-03-22 16:12:43.238;;;Status:OK  Packet:330  AirTime:2 ms
160;COM8;Rx Ack-Msg;2450000122 Hz;LoRa SF5;LoRa BW 1600;-54 dBm;5 dB;2021-03-22 16:12:42;10:1111;10:2222;
161;COM8;Tx C-Msg;2450000122 Hz;LoRa SF5;LoRa BW 1600;;;2021-03-22 16:12:43.308;;;Status:OK  Packet:331  AirTime:2 ms
162;COM8;Rx Ack-Msg;2450000122 Hz;LoRa SF5;LoRa BW 1600;-55 dBm;10 dB;2021-03-22 16:12:42;10:1111;10:2222;
163;COM8;Tx C-Msg;2450000122 Hz;LoRa SF5;LoRa BW 1600;;;2021-03-22 16:12:43.778;;;Status:OK  Packet:332  AirTime:2 ms
164;COM8;Rx Ack-Msg;2450000122 Hz;LoRa SF5;LoRa BW 1600;-56 dBm;10 dB;2021-03-22 16:12:43;10:1111;10:2222;
165;COM8;Tx C-Msg;2450000122 Hz;LoRa SF5;LoRa BW 1600;;;2021-03-22 16:12:43.858;;;Status:OK  Packet:333  AirTime:2 ms
166;COM8;Rx Ack-Msg;2450000122 Hz;LoRa SF5;LoRa BW 1600;-55 dBm;10 dB;2021-03-22 16:12:43;10:1111;10:2222;
167;COM8;Tx C-Msg;2450000122 Hz;LoRa SF5;LoRa BW 1600;;;2021-03-22 16:12:44.305;;;Status:OK  Packet:334  AirTime:2 ms
168;COM8;Rx Ack-Msg;2450000122 Hz;LoRa SF5;LoRa BW 1600;-54 dBm;9 dB;2021-03-22 16:12:43;10:1111;10:2222;
169;COM8;Tx C-Msg;2450000122 Hz;LoRa SF5;LoRa BW 1600;;;2021-03-22 16:12:44.386;;;Status:OK  Packet:335  AirTime:2 ms
170;COM8;Rx Ack-Msg;2450000122 Hz;LoRa SF5;LoRa BW 1600;-55 dBm;10 dB;2021-03-22 16:12:43;10:1111;10:2222;
171;COM8;Tx C-Msg;2450000122 Hz;LoRa SF5;LoRa BW 1600;;;2021-03-22 16:12:44.849;;;Status:OK  Packet:336  AirTime:2 ms
172;COM8;Rx Ack-Msg;2450000122 Hz;LoRa SF5;LoRa BW 1600;-56 dBm;10 dB;2021-03-22 16:12:44;10:1111;10:2222;
173;COM8;Tx C-Msg;2450000122 Hz;LoRa SF5;LoRa BW 1600;;;2021-03-22 16:12:44.925;;;Status:OK  Packet:337  AirTime:2 ms
174;COM8;Rx Ack-Msg;2450000122 Hz;LoRa SF5;LoRa BW 1600;-54 dBm;10 dB;2021-03-22 16:12:44;10:1111;10:2222;
175;COM8;Tx C-Msg;2450000122 Hz;LoRa SF5;LoRa BW 1600;;;2021-03-22 16:12:45.378;;;Status:OK  Packet:338  AirTime:2 ms
176;COM8;Rx Ack-Msg;2450000122 Hz;LoRa SF5;LoRa BW 1600;-55 dBm;9 dB;2021-03-22 16:12:45;10:1111;10:2222;
177;COM8;Tx C-Msg;2450000122 Hz;LoRa SF5;LoRa BW 1600;;;2021-03-22 16:12:45.667;;;Status:OK  Packet:339  AirTime:2 ms
178;COM8;Rx Ack-Msg;2450000122 Hz;LoRa SF5;LoRa BW 1600;-55 dBm;10 dB;2021-03-22 16:12:45;10:1111;10:2222;
179;COM8;Tx C-Msg;2450000122 Hz;LoRa SF5;LoRa BW 1600;;;2021-03-22 16:12:46.005;;;Status:OK  Packet:340  AirTime:2 ms
180;COM8;Rx Ack-Msg;2450000122 Hz;LoRa SF5;LoRa BW 1600;-56 dBm;8 dB;2021-03-22 16:12:45;10:1111;10:2222;
181;COM8;Tx C-Msg;2450000122 Hz;LoRa SF5;LoRa BW 1600;;;2021-03-22 16:12:46.307;;;Status:OK  Packet:341  AirTime:2 ms
182;COM8;Rx Ack-Msg;2450000122 Hz;LoRa SF5;LoRa BW 1600;-55 dBm;10 dB;2021-03-22 16:12:45;10:1111;10:2222;
183;COM8;Tx C-Msg;2450000122 Hz;LoRa SF5;LoRa BW 1600;;;2021-03-22 16:12:46.689;;;Status:OK  Packet:342  AirTime:2 ms
184;COM8;Rx Ack-Msg;2450000122 Hz;LoRa SF5;LoRa BW 1600;-55 dBm;10 dB;2021-03-22 16:12:46;10:1111;10:2222;
185;COM8;Tx C-Msg;2450000122 Hz;LoRa SF5;LoRa BW 1600;;;2021-03-22 16:12:47.074;;;Status:OK  Packet:343  AirTime:2 ms
186;COM8;Rx Ack-Msg;2450000122 Hz;LoRa SF5;LoRa BW 1600;-54 dBm;10 dB;2021-03-22 16:12:46;10:1111;10:2222;
187;COM8;Tx C-Msg;2450000122 Hz;LoRa SF5;LoRa BW 1600;;;2021-03-22 16:12:47.459;;;Status:OK  Packet:344  AirTime:2 ms
188;COM8;Rx Ack-Msg;2450000122 Hz;LoRa SF5;LoRa BW 1600;-55 dBm;9 dB;2021-03-22 16:12:47;10:1111;10:2222;
189;COM8;Tx C-Msg;2450000122 Hz;LoRa SF5;LoRa BW 1600;;;2021-03-22 16:12:47.858;;;Status:OK  Packet:345  AirTime:2 ms
190;COM8;Rx Ack-Msg;2450000122 Hz;LoRa SF5;LoRa BW 1600;-55 dBm;10 dB;2021-03-22 16:12:47;10:1111;10:2222;
191;COM8;Tx C-Msg;2450000122 Hz;LoRa SF5;LoRa BW 1600;;;2021-03-22 16:12:48.416;;;Status:OK  Packet:346  AirTime:2 ms
192;COM8;Rx Ack-Msg;2450000122 Hz;LoRa SF5;LoRa BW 1600;-54 dBm;9 dB;2021-03-22 16:12:48;10:1111;10:2222;
193;COM8;Tx C-Msg;2450000122 Hz;LoRa SF5;LoRa BW 1600;;;2021-03-22 16:12:49.074;;;Status:OK  Packet:347  AirTime:2 ms
194;COM8;Rx Ack-Msg;2450000122 Hz;LoRa SF5;LoRa BW 1600;-56 dBm;10 dB;2021-03-22 16:12:48;10:1111;10:2222;
195;COM8;Tx C-Msg;2450000122 Hz;LoRa SF5;LoRa BW 1600;;;2021-03-22 16:12:49.841;;;Status:OK  Packet:348  AirTime:2 ms
196;COM8;Rx Ack-Msg;2450000122 Hz;LoRa SF5;LoRa BW 1600;-55 dBm;10 dB;2021-03-22 16:12:49;10:1111;10:2222;
197;COM8;Tx C-Msg;2450000122 Hz;LoRa SF5;LoRa BW 1600;;;2021-03-22 16:12:50.592;;;Status:OK  Packet:349  AirTime:2 ms
198;COM8;Rx Ack-Msg;2450000122 Hz;LoRa SF5;LoRa BW 1600;-56 dBm;10 dB;2021-03-22 16:12:50;10:1111;10:2222;
199;COM8;Tx C-Msg;2450000122 Hz;LoRa SF5;LoRa BW 1600;;;2021-03-22 16:12:51.263;;;Status:OK  Packet:350  AirTime:2 ms
200;COM8;Rx Ack-Msg;2450000122 Hz;LoRa SF5;LoRa BW 1600;-56 dBm;10 dB;2021-03-22 16:12:50;10:1111;10:2222;
201;COM8;Tx C-Msg;2450000122 Hz;LoRa SF5;LoRa BW 1600;;;2021-03-22 16:13:43.722;;;Status:OK  Packet:351  AirTime:2 ms
202;COM8;Rx Ack-Msg;2450000122 Hz;LoRa SF5;LoRa BW 1600;-71 dBm;9 dB;2021-03-22 16:13:43;10:1111;10:2222;
203;COM8;Tx C-Msg;2450000122 Hz;LoRa SF5;LoRa BW 1600;;;2021-03-22 16:13:44.061;;;Status:OK  Packet:352  AirTime:2 ms
204;COM8;Rx Ack-Msg;2450000122 Hz;LoRa SF5;LoRa BW 1600;-79 dBm;10 dB;2021-03-22 16:13:43;10:1111;10:2222;
205;COM8;Tx C-Msg;2450000122 Hz;LoRa SF5;LoRa BW 1600;;;2021-03-22 16:13:44.443;;;Status:OK  Packet:353  AirTime:2 ms
206;COM8;Rx Ack-Msg;2450000122 Hz;LoRa SF5;LoRa BW 1600;-79 dBm;10 dB;2021-03-22 16:13:44;10:1111;10:2222;
207;COM8;Tx C-Msg;2450000122 Hz;LoRa SF5;LoRa BW 1600;;;2021-03-22 16:13:44.830;;;Status:OK  Packet:354  AirTime:2 ms
208;COM8;Rx Ack-Msg;2450000122 Hz;LoRa SF5;LoRa BW 1600;-77 dBm;0 dB;2021-03-22 16:13:44;10:1111;10:2222;
209;COM8;Tx C-Msg;2450000122 Hz;LoRa SF5;LoRa BW 1600;;;2021-03-22 16:13:44.916;;;Status:OK  Packet:355  AirTime:2 ms
210;COM8;Rx Ack-Msg;2450000122 Hz;LoRa SF5;LoRa BW 1600;-75 dBm;-2 dB;2021-03-22 16:13:44;10:1111;10:2222;
211;COM8;Tx C-Msg;2450000122 Hz;LoRa SF5;LoRa BW 1600;;;2021-03-22 16:13:45.308;;;Status:OK  Packet:356  AirTime:2 ms
212;COM8;Rx Ack-Msg;2450000122 Hz;LoRa SF5;LoRa BW 1600;-80 dBm;10 dB;2021-03-22 16:13:44;10:1111;10:2222;
213;COM8;Tx C-Msg;2450000122 Hz;LoRa SF5;LoRa BW 1600;;;2021-03-22 16:13:45.608;;;Status:OK  Packet:357  AirTime:2 ms
214;COM8;Rx Ack-Msg;2450000122 Hz;LoRa SF5;LoRa BW 1600;-78 dBm;3 dB;2021-03-22 16:13:45;10:1111;10:2222;
215;COM8;Tx C-Msg;2450000122 Hz;LoRa SF5;LoRa BW 1600;;;2021-03-22 16:13:45.916;;;Status:OK  Packet:358  AirTime:2 ms
216;COM8;Rx Ack-Msg;2450000122 Hz;LoRa SF5;LoRa BW 1600;-80 dBm;9 dB;2021-03-22 16:13:45;10:1111;10:2222;
217;COM8;Tx C-Msg;2450000122 Hz;LoRa SF5;LoRa BW 1600;;;2021-03-22 16:13:46.297;;;Status:OK  Packet:359  AirTime:2 ms
218;COM8;Rx Ack-Msg;2450000122 Hz;LoRa SF5;LoRa BW 1600;-80 dBm;10 dB;2021-03-22 16:13:45;10:1111;10:2222;
219;COM8;Tx C-Msg;2450000122 Hz;LoRa SF5;LoRa BW 1600;;;2021-03-22 16:13:46.377;;;Status:OK  Packet:360  AirTime:2 ms
220;COM8;Rx Ack-Msg;2450000122 Hz;LoRa SF5;LoRa BW 1600;-80 dBm;10 dB;2021-03-22 16:13:45;10:1111;10:2222;
221;COM8;Tx C-Msg;2450000122 Hz;LoRa SF5;LoRa BW 1600;;;2021-03-22 16:13:46.830;;;Status:OK  Packet:361  AirTime:2 ms
222;COM8;Rx Ack-Msg;2450000122 Hz;LoRa SF5;LoRa BW 1600;-80 dBm;10 dB;2021-03-22 16:13:46;10:1111;10:2222;
223;COM8;Tx C-Msg;2450000122 Hz;LoRa SF5;LoRa BW 1600;;;2021-03-22 16:13:47.210;;;Status:OK  Packet:362  AirTime:2 ms
224;COM8;Rx Ack-Msg;2450000122 Hz;LoRa SF5;LoRa BW 1600;-80 dBm;10 dB;2021-03-22 16:13:46;10:1111;10:2222;
225;COM8;Tx C-Msg;2450000122 Hz;LoRa SF5;LoRa BW 1600;;;2021-03-22 16:13:47.547;;;Status:OK  Packet:363  AirTime:2 ms
226;COM8;Rx Ack-Msg;2450000122 Hz;LoRa SF5;LoRa BW 1600;-79 dBm;10 dB;2021-03-22 16:13:47;10:1111;10:2222;
227;COM8;Tx C-Msg;2450000122 Hz;LoRa SF5;LoRa BW 1600;;;2021-03-22 16:13:47.909;;;Status:OK  Packet:364  AirTime:2 ms
228;COM8;Rx Ack-Msg;2450000122 Hz;LoRa SF5;LoRa BW 1600;-79 dBm;8 dB;2021-03-22 16:13:47;10:1111;10:2222;
229;COM8;Tx C-Msg;2450000122 Hz;LoRa SF5;LoRa BW 1600;;;2021-03-22 16:13:48.217;;;Status:OK  Packet:365  AirTime:2 ms
230;COM8;Rx Ack-Msg;2450000122 Hz;LoRa SF5;LoRa BW 1600;-79 dBm;10 dB;2021-03-22 16:13:47;10:1111;10:2222;
231;COM8;Tx C-Msg;2450000122 Hz;LoRa SF5;LoRa BW 1600;;;2021-03-22 16:13:48.552;;;Status:OK  Packet:366  AirTime:2 ms
232;COM8;Rx Ack-Msg;2450000122 Hz;LoRa SF5;LoRa BW 1600;-79 dBm;8 dB;2021-03-22 16:13:48;10:1111;10:2222;
233;COM8;Tx C-Msg;2450000122 Hz;LoRa SF5;LoRa BW 1600;;;2021-03-22 16:13:48.863;;;Status:OK  Packet:367  AirTime:2 ms
234;COM8;Rx Ack-Msg;2450000122 Hz;LoRa SF5;LoRa BW 1600;-79 dBm;10 dB;2021-03-22 16:13:48;10:1111;10:2222;
235;COM8;Tx C-Msg;2450000122 Hz;LoRa SF5;LoRa BW 1600;;;2021-03-22 16:13:49.145;;;Status:OK  Packet:368  AirTime:2 ms
236;COM8;Rx Ack-Msg;2450000122 Hz;LoRa SF5;LoRa BW 1600;-79 dBm;10 dB;2021-03-22 16:13:48;10:1111;10:2222;
237;COM8;Tx C-Msg;2450000122 Hz;LoRa SF5;LoRa BW 1600;;;2021-03-22 16:13:49.499;;;Status:OK  Packet:369  AirTime:2 ms
238;COM8;Rx Ack-Msg;2450000122 Hz;LoRa SF5;LoRa BW 1600;-79 dBm;10 dB;2021-03-22 16:13:49;10:1111;10:2222;
239;COM8;Tx C-Msg;2450000122 Hz;LoRa SF5;LoRa BW 1600;;;2021-03-22 16:13:49.893;;;Status:OK  Packet:370  AirTime:2 ms
240;COM8;Rx Ack-Msg;2450000122 Hz;LoRa SF5;LoRa BW 1600;-76 dBm;10 dB;2021-03-22 16:13:49;10:1111;10:2222;
241;COM8;Tx C-Msg;2450000122 Hz;LoRa SF5;LoRa BW 1600;;;2021-03-22 16:13:49.964;;;Status:OK  Packet:371  AirTime:2 ms
242;COM8;Rx Ack-Msg;2450000122 Hz;LoRa SF5;LoRa BW 1600;-76 dBm;10 dB;2021-03-22 16:13:49;10:1111;10:2222;
243;COM8;Tx C-Msg;2450000122 Hz;LoRa SF5;LoRa BW 1600;;;2021-03-22 16:13:50.455;;;Status:OK  Packet:372  AirTime:2 ms
244;COM8;Rx Ack-Msg;2450000122 Hz;LoRa SF5;LoRa BW 1600;-76 dBm;10 dB;2021-03-22 16:13:55;10:1111;10:2222;
245;COM8;Tx C-Msg;2450000122 Hz;LoRa SF5;LoRa BW 1600;;;2021-03-22 16:13:55.474;;;Status:OK  Packet:373  AirTime:2 ms
246;COM8;Rx Ack-Msg;2450000122 Hz;LoRa SF5;LoRa BW 1600;-80 dBm;9 dB;2021-03-22 16:13:55;10:1111;10:2222;
247;COM8;Tx C-Msg;2450000122 Hz;LoRa SF5;LoRa BW 1600;;;2021-03-22 16:13:55.500;;;Status:OK  Packet:374  AirTime:2 ms
248;COM8;Rx Ack-Msg;2450000122 Hz;LoRa SF5;LoRa BW 1600;-80 dBm;9 dB;2021-03-22 16:13:55;10:1111;10:2222;
249;COM8;Tx C-Msg;2450000122 Hz;LoRa SF5;LoRa BW 1600;;;2021-03-22 16:13:55.603;;;Status:OK  Packet:375  AirTime:2 ms
250;COM8;Rx Ack-Msg;2450000122 Hz;LoRa SF5;LoRa BW 1600;-80 dBm;9 dB;2021-03-22 16:13:55;10:1111;10:2222;
251;COM8;Tx C-Msg;2450000122 Hz;LoRa SF5;LoRa BW 1600;;;2021-03-22 16:13:56.484;;;Status:OK  Packet:376  AirTime:2 ms
252;COM8;Rx Ack-Msg;2450000122 Hz;LoRa SF5;LoRa BW 1600;-80 dBm;9 dB;2021-03-22 16:13:56;10:1111;10:2222;
253;COM8;Tx C-Msg;2450000122 Hz;LoRa SF5;LoRa BW 1600;;;2021-03-22 16:14:00.913;;;Status:OK  Packet:377  AirTime:2 ms
254;COM8;Rx Ack-Msg;2450000122 Hz;LoRa SF5;LoRa BW 1600;-78 dBm;10 dB;2021-03-22 16:14:00;10:1111;10:2222;
255;COM8;Tx C-Msg;2450000122 Hz;LoRa SF5;LoRa BW 1600;;;2021-03-22 16:14:01.763;;;Status:OK  Packet:378  AirTime:2 ms
256;COM8;Rx Ack-Msg;2450000122 Hz;LoRa SF5;LoRa BW 1600;-79 dBm;9 dB;2021-03-22 16:14:01;10:1111;10:2222;
257;COM8;Tx C-Msg;2450000122 Hz;LoRa SF5;LoRa BW 1600;;;2021-03-22 16:14:02.210;;;Status:OK  Packet:379  AirTime:2 ms
258;COM8;Rx Ack-Msg;2450000122 Hz;LoRa SF5;LoRa BW 1600;-79 dBm;10 dB;2021-03-22 16:14:01;10:1111;10:2222;
259;COM8;Tx C-Msg;2450000122 Hz;LoRa SF5;LoRa BW 1600;;;2021-03-22 16:14:02.530;;;Status:OK  Packet:380  AirTime:2 ms
260;COM8;Rx Ack-Msg;2450000122 Hz;LoRa SF5;LoRa BW 1600;-79 dBm;10 dB;2021-03-22 16:14:02;10:1111;10:2222;
261;COM8;Tx C-Msg;2450000122 Hz;LoRa SF5;LoRa BW 1600;;;2021-03-22 16:14:02.848;;;Status:OK  Packet:381  AirTime:2 ms
262;COM8;Rx Ack-Msg;2450000122 Hz;LoRa SF5;LoRa BW 1600;-79 dBm;10 dB;2021-03-22 16:14:02;10:1111;10:2222;
263;COM8;Tx C-Msg;2450000122 Hz;LoRa SF5;LoRa BW 1600;;;2021-03-22 16:14:03.199;;;Status:OK  Packet:382  AirTime:2 ms
264;COM8;Rx Ack-Msg;2450000122 Hz;LoRa SF5;LoRa BW 1600;-79 dBm;10 dB;2021-03-22 16:14:02;10:1111;10:2222;
265;COM8;Tx C-Msg;2450000122 Hz;LoRa SF5;LoRa BW 1600;;;2021-03-22 16:14:03.519;;;Status:OK  Packet:383  AirTime:2 ms
266;COM8;Rx Ack-Msg;2450000122 Hz;LoRa SF5;LoRa BW 1600;-79 dBm;10 dB;2021-03-22 16:14:03;10:1111;10:2222;
267;COM8;Tx C-Msg;2450000122 Hz;LoRa SF5;LoRa BW 1600;;;2021-03-22 16:14:03.872;;;Status:OK  Packet:384  AirTime:2 ms
268;COM8;Rx Ack-Msg;2450000122 Hz;LoRa SF5;LoRa BW 1600;-79 dBm;10 dB;2021-03-22 16:14:08;10:1111;10:2222;
269;COM8;Tx C-Msg;2450000122 Hz;LoRa SF5;LoRa BW 1600;;;2021-03-22 16:14:08.873;;;Status:OK  Packet:385  AirTime:2 ms
270;COM8;Rx Ack-Msg;2450000122 Hz;LoRa SF5;LoRa BW 1600;-79 dBm;9 dB;2021-03-22 16:14:08;10:1111;10:2222;
271;COM8;Tx C-Msg;2450000122 Hz;LoRa SF5;LoRa BW 1600;;;2021-03-22 16:14:08.900;;;Status:OK  Packet:386  AirTime:2 ms
272;COM8;Rx Ack-Msg;2450000122 Hz;LoRa SF5;LoRa BW 1600;-79 dBm;10 dB;2021-03-22 16:14:08;10:1111;10:2222;
273;COM8;Tx C-Msg;2450000122 Hz;LoRa SF5;LoRa BW 1600;;;2021-03-22 16:14:08.969;;;Status:OK  Packet:387  AirTime:2 ms
274;COM8;Rx Ack-Msg;2450000122 Hz;LoRa SF5;LoRa BW 1600;-79 dBm;10 dB;2021-03-22 16:14:08;10:1111;10:2222;
275;COM8;Tx C-Msg;2450000122 Hz;LoRa SF5;LoRa BW 1600;;;2021-03-22 16:14:11.896;;;Status:OK  Packet:388  AirTime:2 ms
276;COM8;Rx Ack-Msg;2450000122 Hz;LoRa SF5;LoRa BW 1600;-79 dBm;10 dB;2021-03-22 16:14:11;10:1111;10:2222;
277;COM8;Tx C-Msg;2450000122 Hz;LoRa SF5;LoRa BW 1600;;;2021-03-22 16:14:12.265;;;Status:OK  Packet:389  AirTime:2 ms
278;COM8;Rx Ack-Msg;2450000122 Hz;LoRa SF5;LoRa BW 1600;-79 dBm;10 dB;2021-03-22 16:14:11;10:1111;10:2222;
279;COM8;Tx C-Msg;2450000122 Hz;LoRa SF5;LoRa BW 1600;;;2021-03-22 16:14:12.633;;;Status:OK  Packet:390  AirTime:2 ms
280;COM8;Rx Ack-Msg;2450000122 Hz;LoRa SF5;LoRa BW 1600;-79 dBm;10 dB;2021-03-22 16:14:12;10:1111;10:2222;
281;COM8;Tx C-Msg;2450000122 Hz;LoRa SF5;LoRa BW 1600;;;2021-03-22 16:14:13.001;;;Status:OK  Packet:391  AirTime:2 ms
282;COM8;Rx Ack-Msg;2450000122 Hz;LoRa SF5;LoRa BW 1600;-79 dBm;10 dB;2021-03-22 16:14:12;10:1111;10:2222;
283;COM8;Tx C-Msg;2450000122 Hz;LoRa SF5;LoRa BW 1600;;;2021-03-22 16:14:13.399;;;Status:OK  Packet:392  AirTime:2 ms
284;COM8;Rx Ack-Msg;2450000122 Hz;LoRa SF5;LoRa BW 1600;-79 dBm;10 dB;2021-03-22 16:14:13;10:1111;10:2222;
285;COM8;Tx C-Msg;2450000122 Hz;LoRa SF5;LoRa BW 1600;;;2021-03-22 16:14:13.854;;;Status:OK  Packet:393  AirTime:2 ms
286;COM8;Rx Ack-Msg;2450000122 Hz;LoRa SF5;LoRa BW 1600;-79 dBm;10 dB;2021-03-22 16:14:13;10:1111;10:2222;
287;COM8;Tx C-Msg;2450000122 Hz;LoRa SF5;LoRa BW 1600;;;2021-03-22 16:14:14.554;;;Status:OK  Packet:394  AirTime:2 ms
288;COM8;Rx Ack-Msg;2450000122 Hz;LoRa SF5;LoRa BW 1600;-78 dBm;10 dB;2021-03-22 16:14:14;10:1111;10:2222;
289;COM8;Tx C-Msg;2450000122 Hz;LoRa SF5;LoRa BW 1600;;;2021-03-22 16:14:15.032;;;Status:OK  Packet:395  AirTime:2 ms
290;COM8;Rx Ack-Msg;2450000122 Hz;LoRa SF5;LoRa BW 1600;-75 dBm;0 dB;2021-03-22 16:14:14;10:1111;10:2222;
291;COM8;Tx C-Msg;2450000122 Hz;LoRa SF5;LoRa BW 1600;;;2021-03-22 16:14:15.462;;;Status:OK  Packet:396  AirTime:2 ms
292;COM8;Rx Ack-Msg;2450000122 Hz;LoRa SF5;LoRa BW 1600;-78 dBm;10 dB;2021-03-22 16:14:15;10:1111;10:2222;
293;COM8;Tx C-Msg;2450000122 Hz;LoRa SF5;LoRa BW 1600;;;2021-03-22 16:14:15.912;;;Status:OK  Packet:397  AirTime:2 ms
294;COM8;Rx Ack-Msg;2450000122 Hz;LoRa SF5;LoRa BW 1600;-78 dBm;10 dB;2021-03-22 16:14:15;10:1111;10:2222;
295;COM8;Tx C-Msg;2450000122 Hz;LoRa SF5;LoRa BW 1600;;;2021-03-22 16:14:17.030;;;Status:OK  Packet:398  AirTime:2 ms
296;COM8;Rx Ack-Msg;2450000122 Hz;LoRa SF5;LoRa BW 1600;-78 dBm;9 dB;2021-03-22 16:14:16;10:1111;10:2222;
297;COM8;Tx C-Msg;2450000122 Hz;LoRa SF5;LoRa BW 1600;;;2021-03-22 16:14:17.907;;;Status:OK  Packet:399  AirTime:2 ms
298;COM8;Rx Ack-Msg;2450000122 Hz;LoRa SF5;LoRa BW 1600;-78 dBm;10 dB;2021-03-22 16:14:17;10:1111;10:2222;
299;COM8;Tx C-Msg;2450000122 Hz;LoRa SF5;LoRa BW 1600;;;2021-03-22 16:14:27.999;;;Status:OK  Packet:400  AirTime:2 ms
300;COM8;Rx Ack-Msg;2450000122 Hz;LoRa SF5;LoRa BW 1600;-78 dBm;10 dB;2021-03-22 16:14:27;10:1111;10:2222;
301;COM8;Tx C-Msg;2450000122 Hz;LoRa SF5;LoRa BW 1600;;;2021-03-22 16:15:03.576;;;Status:OK  Packet:401  AirTime:2 ms
302;COM8;Rx Ack-Msg;2450000122 Hz;LoRa SF5;LoRa BW 1600;-69 dBm;9 dB;2021-03-22 16:15:03;10:1111;10:2222;
303;COM8;Tx C-Msg;2450000122 Hz;LoRa SF5;LoRa BW 1600;;;2021-03-22 16:15:04.233;;;Status:OK  Packet:402  AirTime:2 ms
304;COM8;Rx Ack-Msg;2450000122 Hz;LoRa SF5;LoRa BW 1600;-67 dBm;10 dB;2021-03-22 16:15:03;10:1111;10:2222;
305;COM8;Tx C-Msg;2450000122 Hz;LoRa SF5;LoRa BW 1600;;;2021-03-22 16:15:04.679;;;Status:OK  Packet:403  AirTime:2 ms
306;COM8;Rx Ack-Msg;2450000122 Hz;LoRa SF5;LoRa BW 1600;-67 dBm;9 dB;2021-03-22 16:15:04;10:1111;10:2222;
307;COM8;Tx C-Msg;2450000122 Hz;LoRa SF5;LoRa BW 1600;;;2021-03-22 16:15:05.146;;;Status:OK  Packet:404  AirTime:2 ms
308;COM8;Rx Ack-Msg;2450000122 Hz;LoRa SF5;LoRa BW 1600;-67 dBm;9 dB;2021-03-22 16:15:04;10:1111;10:2222;
309;COM8;Tx C-Msg;2450000122 Hz;LoRa SF5;LoRa BW 1600;;;2021-03-22 16:15:05.607;;;Status:OK  Packet:405  AirTime:2 ms
310;COM8;Rx Ack-Msg;2450000122 Hz;LoRa SF5;LoRa BW 1600;-66 dBm;9 dB;2021-03-22 16:15:05;10:1111;10:2222;
311;COM8;Tx C-Msg;2450000122 Hz;LoRa SF5;LoRa BW 1600;;;2021-03-22 16:15:06.007;;;Status:OK  Packet:406  AirTime:2 ms
312;COM8;Rx Ack-Msg;2450000122 Hz;LoRa SF5;LoRa BW 1600;-67 dBm;9 dB;2021-03-22 16:15:05;10:1111;10:2222;
313;COM8;Tx C-Msg;2450000122 Hz;LoRa SF5;LoRa BW 1600;;;2021-03-22 16:15:06.487;;;Status:OK  Packet:407  AirTime:2 ms
314;COM8;Rx Ack-Msg;2450000122 Hz;LoRa SF5;LoRa BW 1600;-67 dBm;9 dB;2021-03-22 16:15:06;10:1111;10:2222;
315;COM8;Tx C-Msg;2450000122 Hz;LoRa SF5;LoRa BW 1600;;;2021-03-22 16:15:06.952;;;Status:OK  Packet:408  AirTime:2 ms
316;COM8;Rx Ack-Msg;2450000122 Hz;LoRa SF5;LoRa BW 1600;-67 dBm;10 dB;2021-03-22 16:15:06;10:1111;10:2222;
317;COM8;Tx C-Msg;2450000122 Hz;LoRa SF5;LoRa BW 1600;;;2021-03-22 16:15:07.462;;;Status:OK  Packet:409  AirTime:2 ms
318;COM8;Rx Ack-Msg;2450000122 Hz;LoRa SF5;LoRa BW 1600;-67 dBm;9 dB;2021-03-22 16:15:07;10:1111;10:2222;
319;COM8;Tx C-Msg;2450000122 Hz;LoRa SF5;LoRa BW 1600;;;2021-03-22 16:15:08.614;;;Status:OK  Packet:410  AirTime:2 ms
320;COM8;Rx Ack-Msg;2450000122 Hz;LoRa SF5;LoRa BW 1600;-66 dBm;9 dB;2021-03-22 16:15:08;10:1111;10:2222;
321;COM8;Tx C-Msg;2450000122 Hz;LoRa SF5;LoRa BW 1600;;;2021-03-22 16:15:09.283;;;Status:OK  Packet:411  AirTime:2 ms
322;COM8;Rx Ack-Msg;2450000122 Hz;LoRa SF5;LoRa BW 1600;-66 dBm;9 dB;2021-03-22 16:15:08;10:1111;10:2222;
323;COM8;Tx C-Msg;2450000122 Hz;LoRa SF5;LoRa BW 1600;;;2021-03-22 16:15:09.814;;;Status:OK  Packet:412  AirTime:2 ms
324;COM8;Rx Ack-Msg;2450000122 Hz;LoRa SF5;LoRa BW 1600;-67 dBm;9 dB;2021-03-22 16:15:09;10:1111;10:2222;
325;COM8;Tx C-Msg;2450000122 Hz;LoRa SF5;LoRa BW 1600;;;2021-03-22 16:15:10.420;;;Status:OK  Packet:413  AirTime:2 ms
326;COM8;Rx Ack-Msg;2450000122 Hz;LoRa SF5;LoRa BW 1600;-67 dBm;9 dB;2021-03-22 16:15:10;10:1111;10:2222;
327;COM8;Tx C-Msg;2450000122 Hz;LoRa SF5;LoRa BW 1600;;;2021-03-22 16:15:10.917;;;Status:OK  Packet:414  AirTime:2 ms
328;COM8;Rx Ack-Msg;2450000122 Hz;LoRa SF5;LoRa BW 1600;-67 dBm;10 dB;2021-03-22 16:15:10;10:1111;10:2222;
329;COM8;Tx C-Msg;2450000122 Hz;LoRa SF5;LoRa BW 1600;;;2021-03-22 16:15:11.397;;;Status:OK  Packet:415  AirTime:2 ms
330;COM8;Rx Ack-Msg;2450000122 Hz;LoRa SF5;LoRa BW 1600;-67 dBm;9 dB;2021-03-22 16:15:11;10:1111;10:2222;
331;COM8;Tx C-Msg;2450000122 Hz;LoRa SF5;LoRa BW 1600;;;2021-03-22 16:15:11.854;;;Status:OK  Packet:416  AirTime:2 ms
332;COM8;Rx Ack-Msg;2450000122 Hz;LoRa SF5;LoRa BW 1600;-67 dBm;9 dB;2021-03-22 16:15:11;10:1111;10:2222;
333;COM8;Tx C-Msg;2450000122 Hz;LoRa SF5;LoRa BW 1600;;;2021-03-22 16:15:12.322;;;Status:OK  Packet:417  AirTime:2 ms
334;COM8;Rx Ack-Msg;2450000122 Hz;LoRa SF5;LoRa BW 1600;-67 dBm;9 dB;2021-03-22 16:15:12;10:1111;10:2222;
335;COM8;Tx C-Msg;2450000122 Hz;LoRa SF5;LoRa BW 1600;;;2021-03-22 16:15:12.933;;;Status:OK  Packet:418  AirTime:2 ms
336;COM8;Rx Ack-Msg;2450000122 Hz;LoRa SF5;LoRa BW 1600;-67 dBm;9 dB;2021-03-22 16:15:12;10:1111;10:2222;
337;COM8;Tx C-Msg;2450000122 Hz;LoRa SF5;LoRa BW 1600;;;2021-03-22 16:15:13.619;;;Status:OK  Packet:419  AirTime:2 ms
338;COM8;Rx Ack-Msg;2450000122 Hz;LoRa SF5;LoRa BW 1600;-67 dBm;9 dB;2021-03-22 16:15:13;10:1111;10:2222;
339;COM8;Tx C-Msg;2450000122 Hz;LoRa SF5;LoRa BW 1600;;;2021-03-22 16:15:14.461;;;Status:OK  Packet:420  AirTime:2 ms
340;COM8;Rx Ack-Msg;2450000122 Hz;LoRa SF5;LoRa BW 1600;-67 dBm;9 dB;2021-03-22 16:15:14;10:1111;10:2222;
341;COM8;Tx C-Msg;2450000122 Hz;LoRa SF5;LoRa BW 1600;;;2021-03-22 16:15:15.234;;;Status:OK  Packet:421  AirTime:2 ms
342;COM8;Rx Ack-Msg;2450000122 Hz;LoRa SF5;LoRa BW 1600;-67 dBm;10 dB;2021-03-22 16:15:14;10:1111;10:2222;
343;COM8;Tx C-Msg;2450000122 Hz;LoRa SF5;LoRa BW 1600;;;2021-03-22 16:15:15.967;;;Status:OK  Packet:422  AirTime:2 ms
344;COM8;Rx Ack-Msg;2450000122 Hz;LoRa SF5;LoRa BW 1600;-71 dBm;9 dB;2021-03-22 16:15:15;10:1111;10:2222;
345;COM8;Tx C-Msg;2450000122 Hz;LoRa SF5;LoRa BW 1600;;;2021-03-22 16:15:16.833;;;Status:OK  Packet:423  AirTime:2 ms
346;COM8;Rx Ack-Msg;2450000122 Hz;LoRa SF5;LoRa BW 1600;-71 dBm;9 dB;2021-03-22 16:15:16;10:1111;10:2222;
347;COM8;Tx C-Msg;2450000122 Hz;LoRa SF5;LoRa BW 1600;;;2021-03-22 16:15:17.407;;;Status:OK  Packet:424  AirTime:2 ms
348;COM8;Rx Ack-Msg;2450000122 Hz;LoRa SF5;LoRa BW 1600;-70 dBm;9 dB;2021-03-22 16:15:17;10:1111;10:2222;
349;COM8;Tx C-Msg;2450000122 Hz;LoRa SF5;LoRa BW 1600;;;2021-03-22 16:15:17.871;;;Status:OK  Packet:425  AirTime:2 ms
350;COM8;Rx Ack-Msg;2450000122 Hz;LoRa SF5;LoRa BW 1600;-71 dBm;10 dB;2021-03-22 16:15:17;10:1111;10:2222;
351;COM8;Tx C-Msg;2450000122 Hz;LoRa SF5;LoRa BW 1600;;;2021-03-22 16:15:18.287;;;Status:OK  Packet:426  AirTime:2 ms
352;COM8;Rx Ack-Msg;2450000122 Hz;LoRa SF5;LoRa BW 1600;-71 dBm;10 dB;2021-03-22 16:15:17;10:1111;10:2222;
353;COM8;Tx C-Msg;2450000122 Hz;LoRa SF5;LoRa BW 1600;;;2021-03-22 16:15:18.713;;;Status:OK  Packet:427  AirTime:2 ms
354;COM8;Rx Ack-Msg;2450000122 Hz;LoRa SF5;LoRa BW 1600;-70 dBm;9 dB;2021-03-22 16:15:18;10:1111;10:2222;
355;COM8;Tx C-Msg;2450000122 Hz;LoRa SF5;LoRa BW 1600;;;2021-03-22 16:15:19.088;;;Status:OK  Packet:428  AirTime:2 ms
356;COM8;Rx Ack-Msg;2450000122 Hz;LoRa SF5;LoRa BW 1600;-70 dBm;9 dB;2021-03-22 16:15:18;10:1111;10:2222;
357;COM8;Tx C-Msg;2450000122 Hz;LoRa SF5;LoRa BW 1600;;;2021-03-22 16:15:19.422;;;Status:OK  Packet:429  AirTime:2 ms
358;COM8;Rx Ack-Msg;2450000122 Hz;LoRa SF5;LoRa BW 1600;-70 dBm;9 dB;2021-03-22 16:15:19;10:1111;10:2222;
359;COM8;Tx C-Msg;2450000122 Hz;LoRa SF5;LoRa BW 1600;;;2021-03-22 16:15:19.852;;;Status:OK  Packet:430  AirTime:2 ms
360;COM8;Rx Ack-Msg;2450000122 Hz;LoRa SF5;LoRa BW 1600;-70 dBm;9 dB;2021-03-22 16:15:19;10:1111;10:2222;
361;COM8;Tx C-Msg;2450000122 Hz;LoRa SF5;LoRa BW 1600;;;2021-03-22 16:15:20.222;;;Status:OK  Packet:431  AirTime:2 ms
362;COM8;Rx Ack-Msg;2450000122 Hz;LoRa SF5;LoRa BW 1600;-66 dBm;9 dB;2021-03-22 16:15:19;10:1111;10:2222;
363;COM8;Tx C-Msg;2450000122 Hz;LoRa SF5;LoRa BW 1600;;;2021-03-22 16:15:20.652;;;Status:OK  Packet:432  AirTime:2 ms
364;COM8;Rx Ack-Msg;2450000122 Hz;LoRa SF5;LoRa BW 1600;-66 dBm;9 dB;2021-03-22 16:15:20;10:1111;10:2222;
365;COM8;Tx C-Msg;2450000122 Hz;LoRa SF5;LoRa BW 1600;;;2021-03-22 16:15:21.039;;;Status:OK  Packet:433  AirTime:2 ms
366;COM8;Rx Ack-Msg;2450000122 Hz;LoRa SF5;LoRa BW 1600;-66 dBm;9 dB;2021-03-22 16:15:20;10:1111;10:2222;
367;COM8;Tx C-Msg;2450000122 Hz;LoRa SF5;LoRa BW 1600;;;2021-03-22 16:15:21.419;;;Status:OK  Packet:434  AirTime:2 ms
368;COM8;Rx Ack-Msg;2450000122 Hz;LoRa SF5;LoRa BW 1600;-67 dBm;10 dB;2021-03-22 16:15:21;10:1111;10:2222;
369;COM8;Tx C-Msg;2450000122 Hz;LoRa SF5;LoRa BW 1600;;;2021-03-22 16:15:21.787;;;Status:OK  Packet:435  AirTime:2 ms
370;COM8;Rx Ack-Msg;2450000122 Hz;LoRa SF5;LoRa BW 1600;-67 dBm;9 dB;2021-03-22 16:15:21;10:1111;10:2222;
371;COM8;Tx C-Msg;2450000122 Hz;LoRa SF5;LoRa BW 1600;;;2021-03-22 16:15:22.205;;;Status:OK  Packet:436  AirTime:2 ms
372;COM8;Rx Ack-Msg;2450000122 Hz;LoRa SF5;LoRa BW 1600;-67 dBm;9 dB;2021-03-22 16:15:21;10:1111;10:2222;
373;COM8;Tx C-Msg;2450000122 Hz;LoRa SF5;LoRa BW 1600;;;2021-03-22 16:15:22.619;;;Status:OK  Packet:437  AirTime:2 ms
374;COM8;Rx Ack-Msg;2450000122 Hz;LoRa SF5;LoRa BW 1600;-67 dBm;10 dB;2021-03-22 16:15:22;10:1111;10:2222;
375;COM8;Tx C-Msg;2450000122 Hz;LoRa SF5;LoRa BW 1600;;;2021-03-22 16:15:23.134;;;Status:OK  Packet:438  AirTime:2 ms
376;COM8;Rx Ack-Msg;2450000122 Hz;LoRa SF5;LoRa BW 1600;-67 dBm;9 dB;2021-03-22 16:15:22;10:1111;10:2222;
377;COM8;Tx C-Msg;2450000122 Hz;LoRa SF5;LoRa BW 1600;;;2021-03-22 16:15:23.612;;;Status:OK  Packet:439  AirTime:2 ms
378;COM8;Rx Ack-Msg;2450000122 Hz;LoRa SF5;LoRa BW 1600;-67 dBm;10 dB;2021-03-22 16:15:23;10:1111;10:2222;
379;COM8;Tx C-Msg;2450000122 Hz;LoRa SF5;LoRa BW 1600;;;2021-03-22 16:15:24.091;;;Status:OK  Packet:440  AirTime:2 ms
380;COM8;Rx Ack-Msg;2450000122 Hz;LoRa SF5;LoRa BW 1600;-67 dBm;10 dB;2021-03-22 16:15:23;10:1111;10:2222;
381;COM8;Tx C-Msg;2450000122 Hz;LoRa SF5;LoRa BW 1600;;;2021-03-22 16:15:24.683;;;Status:OK  Packet:441  AirTime:2 ms
382;COM8;Rx Ack-Msg;2450000122 Hz;LoRa SF5;LoRa BW 1600;-67 dBm;10 dB;2021-03-22 16:15:24;10:1111;10:2222;
383;COM8;Tx C-Msg;2450000122 Hz;LoRa SF5;LoRa BW 1600;;;2021-03-22 16:15:25.290;;;Status:OK  Packet:442  AirTime:2 ms
384;COM8;Rx Ack-Msg;2450000122 Hz;LoRa SF5;LoRa BW 1600;-67 dBm;10 dB;2021-03-22 16:15:24;10:1111;10:2222;
385;COM8;Tx C-Msg;2450000122 Hz;LoRa SF5;LoRa BW 1600;;;2021-03-22 16:15:25.850;;;Status:OK  Packet:443  AirTime:2 ms
386;COM8;Rx Ack-Msg;2450000122 Hz;LoRa SF5;LoRa BW 1600;-67 dBm;10 dB;2021-03-22 16:15:25;10:1111;10:2222;
387;COM8;Tx C-Msg;2450000122 Hz;LoRa SF5;LoRa BW 1600;;;2021-03-22 16:15:26.472;;;Status:OK  Packet:444  AirTime:2 ms
388;COM8;Rx Ack-Msg;2450000122 Hz;LoRa SF5;LoRa BW 1600;-67 dBm;10 dB;2021-03-22 16:15:26;10:1111;10:2222;
389;COM8;Tx C-Msg;2450000122 Hz;LoRa SF5;LoRa BW 1600;;;2021-03-22 16:15:27.352;;;Status:OK  Packet:445  AirTime:2 ms
390;COM8;Rx Ack-Msg;2450000122 Hz;LoRa SF5;LoRa BW 1600;-67 dBm;9 dB;2021-03-22 16:15:27;10:1111;10:2222;
391;COM8;Tx C-Msg;2450000122 Hz;LoRa SF5;LoRa BW 1600;;;2021-03-22 16:15:27.945;;;Status:OK  Packet:446  AirTime:2 ms
392;COM8;Rx Ack-Msg;2450000122 Hz;LoRa SF5;LoRa BW 1600;-72 dBm;9 dB;2021-03-22 16:15:27;10:1111;10:2222;
393;COM8;Tx C-Msg;2450000122 Hz;LoRa SF5;LoRa BW 1600;;;2021-03-22 16:15:28.456;;;Status:OK  Packet:447  AirTime:2 ms
394;COM8;Rx Ack-Msg;2450000122 Hz;LoRa SF5;LoRa BW 1600;-71 dBm;9 dB;2021-03-22 16:15:28;10:1111;10:2222;
395;COM8;Tx C-Msg;2450000122 Hz;LoRa SF5;LoRa BW 1600;;;2021-03-22 16:15:28.969;;;Status:OK  Packet:448  AirTime:2 ms
396;COM8;Rx Ack-Msg;2450000122 Hz;LoRa SF5;LoRa BW 1600;-71 dBm;10 dB;2021-03-22 16:15:28;10:1111;10:2222;
397;COM8;Tx C-Msg;2450000122 Hz;LoRa SF5;LoRa BW 1600;;;2021-03-22 16:15:29.609;;;Status:OK  Packet:449  AirTime:2 ms
398;COM8;Rx Ack-Msg;2450000122 Hz;LoRa SF5;LoRa BW 1600;-71 dBm;10 dB;2021-03-22 16:15:29;10:1111;10:2222;
399;COM8;Tx C-Msg;2450000122 Hz;LoRa SF5;LoRa BW 1600;;;2021-03-22 16:15:30.416;;;Status:OK  Packet:450  AirTime:2 ms
400;COM8;Rx Ack-Msg;2450000122 Hz;LoRa SF5;LoRa BW 1600;-71 dBm;9 dB;2021-03-22 16:15:30;10:1111;10:2222;
401;COM8;Tx C-Msg;2450000122 Hz;LoRa SF5;LoRa BW 1600;;;2021-03-22 16:16:36.109;;;Status:OK  Packet:451  AirTime:2 ms
402;COM8;Rx Ack-Msg;2450000122 Hz;LoRa SF5;LoRa BW 1600;-83 dBm;9 dB;2021-03-22 16:16:35;10:1111;10:2222;
403;COM8;Tx C-Msg;2450000122 Hz;LoRa SF5;LoRa BW 1600;;;2021-03-22 16:16:36.181;;;Status:OK  Packet:452  AirTime:2 ms
404;COM8;Rx Ack-Msg;2450000122 Hz;LoRa SF5;LoRa BW 1600;-82 dBm;10 dB;2021-03-22 16:16:35;10:1111;10:2222;
405;COM8;Tx C-Msg;2450000122 Hz;LoRa SF5;LoRa BW 1600;;;2021-03-22 16:16:36.667;;;Status:OK  Packet:453  AirTime:2 ms
406;COM8;Rx Ack-Msg;2450000122 Hz;LoRa SF5;LoRa BW 1600;-82 dBm;6 dB;2021-03-22 16:16:36;10:1111;10:2222;
407;COM8;Tx C-Msg;2450000122 Hz;LoRa SF5;LoRa BW 1600;;;2021-03-22 16:16:36.740;;;Status:OK  Packet:454  AirTime:2 ms
408;COM8;Rx Ack-Msg;2450000122 Hz;LoRa SF5;LoRa BW 1600;-83 dBm;9 dB;2021-03-22 16:16:36;10:1111;10:2222;
409;COM8;Tx C-Msg;2450000122 Hz;LoRa SF5;LoRa BW 1600;;;2021-03-22 16:16:37.197;;;Status:OK  Packet:455  AirTime:2 ms
410;COM8;Rx Ack-Msg;2450000122 Hz;LoRa SF5;LoRa BW 1600;-83 dBm;10 dB;2021-03-22 16:16:36;10:1111;10:2222;
411;COM8;Tx C-Msg;2450000122 Hz;LoRa SF5;LoRa BW 1600;;;2021-03-22 16:16:37.500;;;Status:OK  Packet:456  AirTime:2 ms
412;COM8;Rx Ack-Msg;2450000122 Hz;LoRa SF5;LoRa BW 1600;-83 dBm;9 dB;2021-03-22 16:16:37;10:1111;10:2222;
413;COM8;Tx C-Msg;2450000122 Hz;LoRa SF5;LoRa BW 1600;;;2021-03-22 16:16:37.821;;;Status:OK  Packet:457  AirTime:2 ms
414;COM8;Rx Ack-Msg;2450000122 Hz;LoRa SF5;LoRa BW 1600;-82 dBm;9 dB;2021-03-22 16:16:37;10:1111;10:2222;
415;COM8;Tx C-Msg;2450000122 Hz;LoRa SF5;LoRa BW 1600;;;2021-03-22 16:16:38.154;;;Status:OK  Packet:458  AirTime:2 ms
416;COM8;Rx Ack-Msg;2450000122 Hz;LoRa SF5;LoRa BW 1600;-82 dBm;9 dB;2021-03-22 16:16:37;10:1111;10:2222;
417;COM8;Tx C-Msg;2450000122 Hz;LoRa SF5;LoRa BW 1600;;;2021-03-22 16:16:38.459;;;Status:OK  Packet:459  AirTime:2 ms
418;COM8;Rx Ack-Msg;2450000122 Hz;LoRa SF5;LoRa BW 1600;-82 dBm;10 dB;2021-03-22 16:16:38;10:1111;10:2222;
419;COM8;Tx C-Msg;2450000122 Hz;LoRa SF5;LoRa BW 1600;;;2021-03-22 16:16:38.748;;;Status:OK  Packet:460  AirTime:2 ms
420;COM8;Rx Ack-Msg;2450000122 Hz;LoRa SF5;LoRa BW 1600;-82 dBm;7 dB;2021-03-22 16:16:38;10:1111;10:2222;
421;COM8;Tx C-Msg;2450000122 Hz;LoRa SF5;LoRa BW 1600;;;2021-03-22 16:16:39.084;;;Status:OK  Packet:461  AirTime:2 ms
422;COM8;Rx Ack-Msg;2450000122 Hz;LoRa SF5;LoRa BW 1600;-82 dBm;10 dB;2021-03-22 16:16:38;10:1111;10:2222;
423;COM8;Tx C-Msg;2450000122 Hz;LoRa SF5;LoRa BW 1600;;;2021-03-22 16:16:39.386;;;Status:OK  Packet:462  AirTime:2 ms
424;COM8;Rx Ack-Msg;2450000122 Hz;LoRa SF5;LoRa BW 1600;-82 dBm;9 dB;2021-03-22 16:16:39;10:1111;10:2222;
425;COM8;Tx C-Msg;2450000122 Hz;LoRa SF5;LoRa BW 1600;;;2021-03-22 16:16:39.723;;;Status:OK  Packet:463  AirTime:2 ms
426;COM8;Rx Ack-Msg;2450000122 Hz;LoRa SF5;LoRa BW 1600;-83 dBm;9 dB;2021-03-22 16:16:39;10:1111;10:2222;
427;COM8;Tx C-Msg;2450000122 Hz;LoRa SF5;LoRa BW 1600;;;2021-03-22 16:16:40.138;;;Status:OK  Packet:464  AirTime:2 ms
428;COM8;Rx Ack-Msg;2450000122 Hz;LoRa SF5;LoRa BW 1600;-83 dBm;9 dB;2021-03-22 16:16:39;10:1111;10:2222;
429;COM8;Tx C-Msg;2450000122 Hz;LoRa SF5;LoRa BW 1600;;;2021-03-22 16:16:40.208;;;Status:OK  Packet:465  AirTime:2 ms
430;COM8;Rx Ack-Msg;2450000122 Hz;LoRa SF5;LoRa BW 1600;-83 dBm;9 dB;2021-03-22 16:16:39;10:1111;10:2222;
431;COM8;Tx C-Msg;2450000122 Hz;LoRa SF5;LoRa BW 1600;;;2021-03-22 16:16:40.633;;;Status:OK  Packet:466  AirTime:2 ms
432;COM8;Rx Ack-Msg;2450000122 Hz;LoRa SF5;LoRa BW 1600;-82 dBm;10 dB;2021-03-22 16:16:40;10:1111;10:2222;
433;COM8;Tx C-Msg;2450000122 Hz;LoRa SF5;LoRa BW 1600;;;2021-03-22 16:16:40.970;;;Status:OK  Packet:467  AirTime:2 ms
434;COM8;Rx Ack-Msg;2450000122 Hz;LoRa SF5;LoRa BW 1600;-82 dBm;7 dB;2021-03-22 16:16:40;10:1111;10:2222;
435;COM8;Tx C-Msg;2450000122 Hz;LoRa SF5;LoRa BW 1600;;;2021-03-22 16:16:41.272;;;Status:OK  Packet:468  AirTime:2 ms
436;COM8;Rx Ack-Msg;2450000122 Hz;LoRa SF5;LoRa BW 1600;-74 dBm;7 dB;2021-03-22 16:16:46;10:1111;10:2222;
437;COM8;Tx C-Msg;2450000122 Hz;LoRa SF5;LoRa BW 1600;;;2021-03-22 16:16:46.283;;;Status:OK  Packet:469  AirTime:2 ms
438;COM8;Rx Ack-Msg;2450000122 Hz;LoRa SF5;LoRa BW 1600;-83 dBm;9 dB;2021-03-22 16:16:45;10:1111;10:2222;
439;COM8;Tx C-Msg;2450000122 Hz;LoRa SF5;LoRa BW 1600;;;2021-03-22 16:16:46.353;;;Status:OK  Packet:470  AirTime:2 ms
440;COM8;Rx Ack-Msg;2450000122 Hz;LoRa SF5;LoRa BW 1600;-83 dBm;9 dB;2021-03-22 16:16:45;10:1111;10:2222;
441;COM8;Tx C-Msg;2450000122 Hz;LoRa SF5;LoRa BW 1600;;;2021-03-22 16:16:46.375;;;Status:OK  Packet:471  AirTime:2 ms
442;COM8;Rx Ack-Msg;2450000122 Hz;LoRa SF5;LoRa BW 1600;-83 dBm;9 dB;2021-03-22 16:16:45;10:1111;10:2222;
443;COM8;Tx C-Msg;2450000122 Hz;LoRa SF5;LoRa BW 1600;;;2021-03-22 16:16:46.401;;;Status:OK  Packet:472  AirTime:2 ms
444;COM8;Rx Ack-Msg;2450000122 Hz;LoRa SF5;LoRa BW 1600;-83 dBm;9 dB;2021-03-22 16:16:45;10:1111;10:2222;
445;COM8;Tx C-Msg;2450000122 Hz;LoRa SF5;LoRa BW 1600;;;2021-03-22 16:16:47.873;;;Status:OK  Packet:473  AirTime:2 ms
446;COM8;Rx Ack-Msg;2450000122 Hz;LoRa SF5;LoRa BW 1600;-84 dBm;9 dB;2021-03-22 16:16:47;10:1111;10:2222;
447;COM8;Tx C-Msg;2450000122 Hz;LoRa SF5;LoRa BW 1600;;;2021-03-22 16:16:48.294;;;Status:OK  Packet:474  AirTime:2 ms
448;COM8;Rx Ack-Msg;2450000122 Hz;LoRa SF5;LoRa BW 1600;-84 dBm;9 dB;2021-03-22 16:16:47;10:1111;10:2222;
449;COM8;Tx C-Msg;2450000122 Hz;LoRa SF5;LoRa BW 1600;;;2021-03-22 16:16:48.738;;;Status:OK  Packet:475  AirTime:2 ms
450;COM8;Rx Ack-Msg;2450000122 Hz;LoRa SF5;LoRa BW 1600;-84 dBm;9 dB;2021-03-22 16:16:48;10:1111;10:2222;
451;COM8;Tx C-Msg;2450000122 Hz;LoRa SF5;LoRa BW 1600;;;2021-03-22 16:16:49.168;;;Status:OK  Packet:476  AirTime:2 ms
452;COM8;Rx Ack-Msg;2450000122 Hz;LoRa SF5;LoRa BW 1600;-83 dBm;8 dB;2021-03-22 16:16:48;10:1111;10:2222;
453;COM8;Tx C-Msg;2450000122 Hz;LoRa SF5;LoRa BW 1600;;;2021-03-22 16:16:49.553;;;Status:OK  Packet:477  AirTime:2 ms
454;COM8;Rx Ack-Msg;2450000122 Hz;LoRa SF5;LoRa BW 1600;-83 dBm;9 dB;2021-03-22 16:16:49;10:1111;10:2222;
455;COM8;Tx C-Msg;2450000122 Hz;LoRa SF5;LoRa BW 1600;;;2021-03-22 16:16:49.984;;;Status:OK  Packet:478  AirTime:2 ms
456;COM8;Rx Ack-Msg;2450000122 Hz;LoRa SF5;LoRa BW 1600;-83 dBm;9 dB;2021-03-22 16:16:49;10:1111;10:2222;
457;COM8;Tx C-Msg;2450000122 Hz;LoRa SF5;LoRa BW 1600;;;2021-03-22 16:16:50.385;;;Status:OK  Packet:479  AirTime:2 ms
458;COM8;Rx Ack-Msg;2450000122 Hz;LoRa SF5;LoRa BW 1600;-84 dBm;9 dB;2021-03-22 16:16:50;10:1111;10:2222;
459;COM8;Tx C-Msg;2450000122 Hz;LoRa SF5;LoRa BW 1600;;;2021-03-22 16:16:50.768;;;Status:OK  Packet:480  AirTime:2 ms
460;COM8;Rx Ack-Msg;2450000122 Hz;LoRa SF5;LoRa BW 1600;-84 dBm;9 dB;2021-03-22 16:16:50;10:1111;10:2222;
461;COM8;Tx C-Msg;2450000122 Hz;LoRa SF5;LoRa BW 1600;;;2021-03-22 16:16:51.298;;;Status:OK  Packet:481  AirTime:2 ms
462;COM8;Rx Ack-Msg;2450000122 Hz;LoRa SF5;LoRa BW 1600;-84 dBm;9 dB;2021-03-22 16:16:50;10:1111;10:2222;
463;COM8;Tx C-Msg;2450000122 Hz;LoRa SF5;LoRa BW 1600;;;2021-03-22 16:16:51.872;;;Status:OK  Packet:482  AirTime:2 ms
464;COM8;Rx Ack-Msg;2450000122 Hz;LoRa SF5;LoRa BW 1600;-84 dBm;9 dB;2021-03-22 16:16:51;10:1111;10:2222;
465;COM8;Tx C-Msg;2450000122 Hz;LoRa SF5;LoRa BW 1600;;;2021-03-22 16:16:52.362;;;Status:OK  Packet:483  AirTime:2 ms
466;COM8;Rx Ack-Msg;2450000122 Hz;LoRa SF5;LoRa BW 1600;-83 dBm;7 dB;2021-03-22 16:16:52;10:1111;10:2222;
467;COM8;Tx C-Msg;2450000122 Hz;LoRa SF5;LoRa BW 1600;;;2021-03-22 16:16:52.849;;;Status:OK  Packet:484  AirTime:2 ms
468;COM8;Rx Ack-Msg;2450000122 Hz;LoRa SF5;LoRa BW 1600;-84 dBm;8 dB;2021-03-22 16:16:52;10:1111;10:2222;
469;COM8;Tx C-Msg;2450000122 Hz;LoRa SF5;LoRa BW 1600;;;2021-03-22 16:16:53.263;;;Status:OK  Packet:485  AirTime:2 ms
470;COM8;Rx Ack-Msg;2450000122 Hz;LoRa SF5;LoRa BW 1600;-84 dBm;9 dB;2021-03-22 16:16:52;10:1111;10:2222;
471;COM8;Tx C-Msg;2450000122 Hz;LoRa SF5;LoRa BW 1600;;;2021-03-22 16:16:53.726;;;Status:OK  Packet:486  AirTime:2 ms
472;COM8;Rx Ack-Msg;2450000122 Hz;LoRa SF5;LoRa BW 1600;-84 dBm;9 dB;2021-03-22 16:16:53;10:1111;10:2222;
473;COM8;Tx C-Msg;2450000122 Hz;LoRa SF5;LoRa BW 1600;;;2021-03-22 16:16:54.158;;;Status:OK  Packet:487  AirTime:2 ms
474;COM8;Rx Ack-Msg;2450000122 Hz;LoRa SF5;LoRa BW 1600;-83 dBm;5 dB;2021-03-22 16:16:53;10:1111;10:2222;
475;COM8;Tx C-Msg;2450000122 Hz;LoRa SF5;LoRa BW 1600;;;2021-03-22 16:16:54.573;;;Status:OK  Packet:488  AirTime:2 ms
476;COM8;Rx Ack-Msg;2450000122 Hz;LoRa SF5;LoRa BW 1600;-84 dBm;9 dB;2021-03-22 16:16:54;10:1111;10:2222;
477;COM8;Tx C-Msg;2450000122 Hz;LoRa SF5;LoRa BW 1600;;;2021-03-22 16:16:55.038;;;Status:OK  Packet:489  AirTime:2 ms
478;COM8;Rx Ack-Msg;2450000122 Hz;LoRa SF5;LoRa BW 1600;-84 dBm;7 dB;2021-03-22 16:16:54;10:1111;10:2222;
479;COM8;Tx C-Msg;2450000122 Hz;LoRa SF5;LoRa BW 1600;;;2021-03-22 16:16:55.432;;;Status:OK  Packet:490  AirTime:2 ms
480;COM8;Rx Ack-Msg;2450000122 Hz;LoRa SF5;LoRa BW 1600;-85 dBm;9 dB;2021-03-22 16:16:55;10:1111;10:2222;
481;COM8;Tx C-Msg;2450000122 Hz;LoRa SF5;LoRa BW 1600;;;2021-03-22 16:16:55.854;;;Status:OK  Packet:491  AirTime:2 ms
482;COM8;Rx Ack-Msg;2450000122 Hz;LoRa SF5;LoRa BW 1600;-84 dBm;9 dB;2021-03-22 16:16:55;10:1111;10:2222;
483;COM8;Tx C-Msg;2450000122 Hz;LoRa SF5;LoRa BW 1600;;;2021-03-22 16:16:56.284;;;Status:OK  Packet:492  AirTime:2 ms
484;COM8;Rx Ack-Msg;2450000122 Hz;LoRa SF5;LoRa BW 1600;-84 dBm;9 dB;2021-03-22 16:16:55;10:1111;10:2222;
485;COM8;Tx C-Msg;2450000122 Hz;LoRa SF5;LoRa BW 1600;;;2021-03-22 16:16:56.876;;;Status:OK  Packet:493  AirTime:2 ms
486;COM8;Rx Ack-Msg;2450000122 Hz;LoRa SF5;LoRa BW 1600;-84 dBm;9 dB;2021-03-22 16:16:56;10:1111;10:2222;
487;COM8;Tx C-Msg;2450000122 Hz;LoRa SF5;LoRa BW 1600;;;2021-03-22 16:16:57.383;;;Status:OK  Packet:494  AirTime:2 ms
488;COM8;Rx Ack-Msg;2450000122 Hz;LoRa SF5;LoRa BW 1600;-84 dBm;9 dB;2021-03-22 16:16:57;10:1111;10:2222;
489;COM8;Tx C-Msg;2450000122 Hz;LoRa SF5;LoRa BW 1600;;;2021-03-22 16:16:57.927;;;Status:OK  Packet:495  AirTime:2 ms
490;COM8;Rx Ack-Msg;2450000122 Hz;LoRa SF5;LoRa BW 1600;-84 dBm;9 dB;2021-03-22 16:16:57;10:1111;10:2222;
491;COM8;Tx C-Msg;2450000122 Hz;LoRa SF5;LoRa BW 1600;;;2021-03-22 16:16:58.529;;;Status:OK  Packet:496  AirTime:2 ms
492;COM8;Rx Ack-Msg;2450000122 Hz;LoRa SF5;LoRa BW 1600;-84 dBm;9 dB;2021-03-22 16:16:58;10:1111;10:2222;
493;COM8;Tx C-Msg;2450000122 Hz;LoRa SF5;LoRa BW 1600;;;2021-03-22 16:16:59.051;;;Status:OK  Packet:497  AirTime:2 ms
494;COM8;Rx Ack-Msg;2450000122 Hz;LoRa SF5;LoRa BW 1600;-84 dBm;9 dB;2021-03-22 16:16:58;10:1111;10:2222;
495;COM8;Tx C-Msg;2450000122 Hz;LoRa SF5;LoRa BW 1600;;;2021-03-22 16:16:59.755;;;Status:OK  Packet:498  AirTime:2 ms
496;COM8;Rx Ack-Msg;2450000122 Hz;LoRa SF5;LoRa BW 1600;-83 dBm;8 dB;2021-03-22 16:16:59;10:1111;10:2222;
497;COM8;Tx C-Msg;2450000122 Hz;LoRa SF5;LoRa BW 1600;;;2021-03-22 16:17:00.459;;;Status:OK  Packet:499  AirTime:2 ms
498;COM8;Rx Ack-Msg;2450000122 Hz;LoRa SF5;LoRa BW 1600;-84 dBm;6 dB;2021-03-22 16:17:00;10:1111;10:2222;
499;COM8;Tx C-Msg;2450000122 Hz;LoRa SF5;LoRa BW 1600;;;2021-03-22 16:17:01.172;;;Status:OK  Packet:500  AirTime:2 ms
500;COM8;Rx Ack-Msg;2450000122 Hz;LoRa SF5;LoRa BW 1600;-83 dBm;9 dB;2021-03-22 16:17:00;10:1111;10:2222;
