No.;Port;Event;Frequency;SF / Datarate;Bandwidth;RSSI;SNR;Time;Dst Address;Src Address;Message Payload 
1;COM8;Tx C-Msg;2450000122 Hz;LoRa SF12;LoRa BW 1600;;;2021-04-12 17:10:28.419;;;Status:OK  Packet:1  AirTime:99 ms
2;COM8;Rx Ack-Msg;2450000122 Hz;LoRa SF12;LoRa BW 1600;-98 dBm;-1 dB;2021-04-12 17:10:28;10:1111;10:2222;
3;COM8;Tx C-Msg;2450000122 Hz;LoRa SF12;LoRa BW 1600;;;2021-04-12 17:10:28.627;;;Status:OK  Packet:2  AirTime:99 ms
4;COM8;Rx Ack-Msg;2450000122 Hz;LoRa SF12;LoRa BW 1600;-99 dBm;0 dB;2021-04-12 17:10:28;10:1111;10:2222;
5;COM8;Tx C-Msg;2450000122 Hz;LoRa SF12;LoRa BW 1600;;;2021-04-12 17:10:28.821;;;Status:OK  Packet:3  AirTime:99 ms
6;COM8;Rx Ack-Msg;2450000122 Hz;LoRa SF12;LoRa BW 1600;-98 dBm;0 dB;2021-04-12 17:10:28;10:1111;10:2222;
7;COM8;Tx C-Msg;2450000122 Hz;LoRa SF12;LoRa BW 1600;;;2021-04-12 17:10:29.045;;;Status:OK  Packet:4  AirTime:99 ms
8;COM8;Rx Ack-Msg;2450000122 Hz;LoRa SF12;LoRa BW 1600;-97 dBm;1 dB;2021-04-12 17:10:28;10:1111;10:2222;
9;COM8;Tx C-Msg;2450000122 Hz;LoRa SF12;LoRa BW 1600;;;2021-04-12 17:10:29.218;;;Status:OK  Packet:5  AirTime:99 ms
10;COM8;Rx Ack-Msg;2450000122 Hz;LoRa SF12;LoRa BW 1600;-97 dBm;1 dB;2021-04-12 17:10:28;10:1111;10:2222;
11;COM8;Tx C-Msg;2450000122 Hz;LoRa SF12;LoRa BW 1600;;;2021-04-12 17:10:29.413;;;Status:OK  Packet:6  AirTime:99 ms
12;COM8;Rx Ack-Msg;2450000122 Hz;LoRa SF12;LoRa BW 1600;-98 dBm;1 dB;2021-04-12 17:10:29;10:1111;10:2222;
13;COM8;Tx C-Msg;2450000122 Hz;LoRa SF12;LoRa BW 1600;;;2021-04-12 17:10:29.618;;;Status:OK  Packet:7  AirTime:99 ms
14;COM8;Rx Ack-Msg;2450000122 Hz;LoRa SF12;LoRa BW 1600;-97 dBm;1 dB;2021-04-12 17:10:29;10:1111;10:2222;
15;COM8;Tx C-Msg;2450000122 Hz;LoRa SF12;LoRa BW 1600;;;2021-04-12 17:10:29.821;;;Status:OK  Packet:8  AirTime:99 ms
16;COM8;Rx Ack-Msg;2450000122 Hz;LoRa SF12;LoRa BW 1600;-97 dBm;1 dB;2021-04-12 17:10:29;10:1111;10:2222;
17;COM8;Tx C-Msg;2450000122 Hz;LoRa SF12;LoRa BW 1600;;;2021-04-12 17:10:30.017;;;Status:OK  Packet:9  AirTime:99 ms
18;COM8;Rx Ack-Msg;2450000122 Hz;LoRa SF12;LoRa BW 1600;-97 dBm;1 dB;2021-04-12 17:10:29;10:1111;10:2222;
19;COM8;Tx C-Msg;2450000122 Hz;LoRa SF12;LoRa BW 1600;;;2021-04-12 17:10:30.221;;;Status:OK  Packet:10  AirTime:99 ms
20;COM8;Rx Ack-Msg;2450000122 Hz;LoRa SF12;LoRa BW 1600;-97 dBm;1 dB;2021-04-12 17:10:29;10:1111;10:2222;
21;COM8;Tx C-Msg;2450000122 Hz;LoRa SF12;LoRa BW 1600;;;2021-04-12 17:10:30.418;;;Status:OK  Packet:11  AirTime:99 ms
22;COM8;Rx Ack-Msg;2450000122 Hz;LoRa SF12;LoRa BW 1600;-97 dBm;2 dB;2021-04-12 17:10:30;10:1111;10:2222;
23;COM8;Tx C-Msg;2450000122 Hz;LoRa SF12;LoRa BW 1600;;;2021-04-12 17:10:30.610;;;Status:OK  Packet:12  AirTime:99 ms
24;COM8;Rx Ack-Msg;2450000122 Hz;LoRa SF12;LoRa BW 1600;-97 dBm;1 dB;2021-04-12 17:10:30;10:1111;10:2222;
25;COM8;Tx C-Msg;2450000122 Hz;LoRa SF12;LoRa BW 1600;;;2021-04-12 17:10:30.817;;;Status:OK  Packet:13  AirTime:99 ms
26;COM8;Rx Ack-Msg;2450000122 Hz;LoRa SF12;LoRa BW 1600;-97 dBm;1 dB;2021-04-12 17:10:30;10:1111;10:2222;
27;COM8;Tx C-Msg;2450000122 Hz;LoRa SF12;LoRa BW 1600;;;2021-04-12 17:10:31.012;;;Status:OK  Packet:14  AirTime:99 ms
28;COM8;Rx Ack-Msg;2450000122 Hz;LoRa SF12;LoRa BW 1600;-97 dBm;1 dB;2021-04-12 17:10:30;10:1111;10:2222;
29;COM8;Tx C-Msg;2450000122 Hz;LoRa SF12;LoRa BW 1600;;;2021-04-12 17:10:31.197;;;Status:OK  Packet:15  AirTime:99 ms
30;COM8;Rx Ack-Msg;2450000122 Hz;LoRa SF12;LoRa BW 1600;-97 dBm;1 dB;2021-04-12 17:10:30;10:1111;10:2222;
31;COM8;Tx C-Msg;2450000122 Hz;LoRa SF12;LoRa BW 1600;;;2021-04-12 17:10:31.409;;;Status:OK  Packet:16  AirTime:99 ms
32;COM8;Rx Ack-Msg;2450000122 Hz;LoRa SF12;LoRa BW 1600;-97 dBm;1 dB;2021-04-12 17:10:31;10:1111;10:2222;
33;COM8;Tx C-Msg;2450000122 Hz;LoRa SF12;LoRa BW 1600;;;2021-04-12 17:10:31.611;;;Status:OK  Packet:17  AirTime:99 ms
34;COM8;Rx Ack-Msg;2450000122 Hz;LoRa SF12;LoRa BW 1600;-97 dBm;1 dB;2021-04-12 17:10:31;10:1111;10:2222;
35;COM8;Tx C-Msg;2450000122 Hz;LoRa SF12;LoRa BW 1600;;;2021-04-12 17:10:31.808;;;Status:OK  Packet:18  AirTime:99 ms
36;COM8;Rx Ack-Msg;2450000122 Hz;LoRa SF12;LoRa BW 1600;-97 dBm;0 dB;2021-04-12 17:10:31;10:1111;10:2222;
37;COM8;Tx C-Msg;2450000122 Hz;LoRa SF12;LoRa BW 1600;;;2021-04-12 17:10:31.997;;;Status:OK  Packet:19  AirTime:99 ms
38;COM8;Rx Ack-Msg;2450000122 Hz;LoRa SF12;LoRa BW 1600;-97 dBm;2 dB;2021-04-12 17:10:31;10:1111;10:2222;
39;COM8;Tx C-Msg;2450000122 Hz;LoRa SF12;LoRa BW 1600;;;2021-04-12 17:10:32.193;;;Status:OK  Packet:20  AirTime:99 ms
40;COM8;Rx Ack-Msg;2450000122 Hz;LoRa SF12;LoRa BW 1600;-97 dBm;1 dB;2021-04-12 17:10:31;10:1111;10:2222;
41;COM8;Tx C-Msg;2450000122 Hz;LoRa SF12;LoRa BW 1600;;;2021-04-12 17:10:32.396;;;Status:OK  Packet:21  AirTime:99 ms
42;COM8;Rx Ack-Msg;2450000122 Hz;LoRa SF12;LoRa BW 1600;-97 dBm;1 dB;2021-04-12 17:10:32;10:1111;10:2222;
43;COM8;Tx C-Msg;2450000122 Hz;LoRa SF12;LoRa BW 1600;;;2021-04-12 17:10:32.592;;;Status:OK  Packet:22  AirTime:99 ms
44;COM8;Rx Ack-Msg;2450000122 Hz;LoRa SF12;LoRa BW 1600;-97 dBm;1 dB;2021-04-12 17:10:32;10:1111;10:2222;
45;COM8;Tx C-Msg;2450000122 Hz;LoRa SF12;LoRa BW 1600;;;2021-04-12 17:10:32.800;;;Status:OK  Packet:23  AirTime:99 ms
46;COM8;Rx Ack-Msg;2450000122 Hz;LoRa SF12;LoRa BW 1600;-97 dBm;2 dB;2021-04-12 17:10:32;10:1111;10:2222;
47;COM8;Tx C-Msg;2450000122 Hz;LoRa SF12;LoRa BW 1600;;;2021-04-12 17:10:32.992;;;Status:OK  Packet:24  AirTime:99 ms
48;COM8;Rx Ack-Msg;2450000122 Hz;LoRa SF12;LoRa BW 1600;-97 dBm;1 dB;2021-04-12 17:10:32;10:1111;10:2222;
49;COM8;Tx C-Msg;2450000122 Hz;LoRa SF12;LoRa BW 1600;;;2021-04-12 17:10:33.183;;;Status:OK  Packet:25  AirTime:99 ms
50;COM8;Rx Ack-Msg;2450000122 Hz;LoRa SF12;LoRa BW 1600;-97 dBm;1 dB;2021-04-12 17:10:32;10:1111;10:2222;
51;COM8;Tx C-Msg;2450000122 Hz;LoRa SF12;LoRa BW 1600;;;2021-04-12 17:10:33.397;;;Status:OK  Packet:26  AirTime:99 ms
52;COM8;Rx Ack-Msg;2450000122 Hz;LoRa SF12;LoRa BW 1600;-97 dBm;2 dB;2021-04-12 17:10:33;10:1111;10:2222;
53;COM8;Tx C-Msg;2450000122 Hz;LoRa SF12;LoRa BW 1600;;;2021-04-12 17:10:33.583;;;Status:OK  Packet:27  AirTime:99 ms
54;COM8;Rx Ack-Msg;2450000122 Hz;LoRa SF12;LoRa BW 1600;-97 dBm;2 dB;2021-04-12 17:10:33;10:1111;10:2222;
55;COM8;Tx C-Msg;2450000122 Hz;LoRa SF12;LoRa BW 1600;;;2021-04-12 17:10:33.792;;;Status:OK  Packet:28  AirTime:99 ms
56;COM8;Rx Ack-Msg;2450000122 Hz;LoRa SF12;LoRa BW 1600;-97 dBm;2 dB;2021-04-12 17:10:33;10:1111;10:2222;
57;COM8;Tx C-Msg;2450000122 Hz;LoRa SF12;LoRa BW 1600;;;2021-04-12 17:10:33.983;;;Status:OK  Packet:29  AirTime:99 ms
58;COM8;Rx Ack-Msg;2450000122 Hz;LoRa SF12;LoRa BW 1600;-97 dBm;1 dB;2021-04-12 17:10:33;10:1111;10:2222;
59;COM8;Tx C-Msg;2450000122 Hz;LoRa SF12;LoRa BW 1600;;;2021-04-12 17:10:34.178;;;Status:OK  Packet:30  AirTime:99 ms
60;COM8;Rx Ack-Msg;2450000122 Hz;LoRa SF12;LoRa BW 1600;-97 dBm;2 dB;2021-04-12 17:10:33;10:1111;10:2222;
61;COM8;Tx C-Msg;2450000122 Hz;LoRa SF12;LoRa BW 1600;;;2021-04-12 17:10:34.383;;;Status:OK  Packet:31  AirTime:99 ms
62;COM8;Rx Ack-Msg;2450000122 Hz;LoRa SF12;LoRa BW 1600;-97 dBm;1 dB;2021-04-12 17:10:34;10:1111;10:2222;
63;COM8;Tx C-Msg;2450000122 Hz;LoRa SF12;LoRa BW 1600;;;2021-04-12 17:10:34.577;;;Status:OK  Packet:32  AirTime:99 ms
64;COM8;Rx Ack-Msg;2450000122 Hz;LoRa SF12;LoRa BW 1600;-97 dBm;1 dB;2021-04-12 17:10:34;10:1111;10:2222;
65;COM8;Tx C-Msg;2450000122 Hz;LoRa SF12;LoRa BW 1600;;;2021-04-12 17:10:34.762;;;Status:OK  Packet:33  AirTime:99 ms
66;COM8;Rx Ack-Msg;2450000122 Hz;LoRa SF12;LoRa BW 1600;-96 dBm;1 dB;2021-04-12 17:10:34;10:1111;10:2222;
67;COM8;Tx C-Msg;2450000122 Hz;LoRa SF12;LoRa BW 1600;;;2021-04-12 17:10:34.971;;;Status:OK  Packet:34  AirTime:99 ms
68;COM8;Rx Ack-Msg;2450000122 Hz;LoRa SF12;LoRa BW 1600;-97 dBm;1 dB;2021-04-12 17:10:34;10:1111;10:2222;
69;COM8;Tx C-Msg;2450000122 Hz;LoRa SF12;LoRa BW 1600;;;2021-04-12 17:10:35.161;;;Status:OK  Packet:35  AirTime:99 ms
70;COM8;Rx Ack-Msg;2450000122 Hz;LoRa SF12;LoRa BW 1600;-97 dBm;2 dB;2021-04-12 17:10:34;10:1111;10:2222;
71;COM8;Tx C-Msg;2450000122 Hz;LoRa SF12;LoRa BW 1600;;;2021-04-12 17:10:35.358;;;Status:OK  Packet:36  AirTime:99 ms
72;COM8;Rx Ack-Msg;2450000122 Hz;LoRa SF12;LoRa BW 1600;-97 dBm;1 dB;2021-04-12 17:10:35;10:1111;10:2222;
73;COM8;Tx C-Msg;2450000122 Hz;LoRa SF12;LoRa BW 1600;;;2021-04-12 17:10:35.562;;;Status:OK  Packet:37  AirTime:99 ms
74;COM8;Rx Ack-Msg;2450000122 Hz;LoRa SF12;LoRa BW 1600;-97 dBm;2 dB;2021-04-12 17:10:35;10:1111;10:2222;
75;COM8;Tx C-Msg;2450000122 Hz;LoRa SF12;LoRa BW 1600;;;2021-04-12 17:10:35.758;;;Status:OK  Packet:38  AirTime:99 ms
76;COM8;Rx Ack-Msg;2450000122 Hz;LoRa SF12;LoRa BW 1600;-97 dBm;2 dB;2021-04-12 17:10:35;10:1111;10:2222;
77;COM8;Tx C-Msg;2450000122 Hz;LoRa SF12;LoRa BW 1600;;;2021-04-12 17:10:35.961;;;Status:OK  Packet:39  AirTime:99 ms
78;COM8;Rx Ack-Msg;2450000122 Hz;LoRa SF12;LoRa BW 1600;-97 dBm;2 dB;2021-04-12 17:10:35;10:1111;10:2222;
79;COM8;Tx C-Msg;2450000122 Hz;LoRa SF12;LoRa BW 1600;;;2021-04-12 17:10:36.158;;;Status:OK  Packet:40  AirTime:99 ms
80;COM8;Rx Ack-Msg;2450000122 Hz;LoRa SF12;LoRa BW 1600;-97 dBm;1 dB;2021-04-12 17:10:35;10:1111;10:2222;
81;COM8;Tx C-Msg;2450000122 Hz;LoRa SF12;LoRa BW 1600;;;2021-04-12 17:10:36.346;;;Status:OK  Packet:41  AirTime:99 ms
82;COM8;Rx Ack-Msg;2450000122 Hz;LoRa SF12;LoRa BW 1600;-97 dBm;2 dB;2021-04-12 17:10:36;10:1111;10:2222;
83;COM8;Tx C-Msg;2450000122 Hz;LoRa SF12;LoRa BW 1600;;;2021-04-12 17:10:36.541;;;Status:OK  Packet:42  AirTime:99 ms
84;COM8;Rx Ack-Msg;2450000122 Hz;LoRa SF12;LoRa BW 1600;-97 dBm;2 dB;2021-04-12 17:10:36;10:1111;10:2222;
85;COM8;Tx C-Msg;2450000122 Hz;LoRa SF12;LoRa BW 1600;;;2021-04-12 17:10:36.745;;;Status:OK  Packet:43  AirTime:99 ms
86;COM8;Rx Ack-Msg;2450000122 Hz;LoRa SF12;LoRa BW 1600;-97 dBm;1 dB;2021-04-12 17:10:36;10:1111;10:2222;
87;COM8;Tx C-Msg;2450000122 Hz;LoRa SF12;LoRa BW 1600;;;2021-04-12 17:10:36.937;;;Status:OK  Packet:44  AirTime:99 ms
88;COM8;Rx Ack-Msg;2450000122 Hz;LoRa SF12;LoRa BW 1600;-97 dBm;1 dB;2021-04-12 17:10:36;10:1111;10:2222;
89;COM8;Tx C-Msg;2450000122 Hz;LoRa SF12;LoRa BW 1600;;;2021-04-12 17:10:37.148;;;Status:OK  Packet:45  AirTime:99 ms
90;COM8;Rx Ack-Msg;2450000122 Hz;LoRa SF12;LoRa BW 1600;-97 dBm;1 dB;2021-04-12 17:10:36;10:1111;10:2222;
91;COM8;Tx C-Msg;2450000122 Hz;LoRa SF12;LoRa BW 1600;;;2021-04-12 17:10:37.336;;;Status:OK  Packet:46  AirTime:99 ms
92;COM8;Rx Ack-Msg;2450000122 Hz;LoRa SF12;LoRa BW 1600;-97 dBm;1 dB;2021-04-12 17:10:37;10:1111;10:2222;
93;COM8;Tx C-Msg;2450000122 Hz;LoRa SF12;LoRa BW 1600;;;2021-04-12 17:10:37.529;;;Status:OK  Packet:47  AirTime:99 ms
94;COM8;Rx Ack-Msg;2450000122 Hz;LoRa SF12;LoRa BW 1600;-97 dBm;0 dB;2021-04-12 17:10:37;10:1111;10:2222;
95;COM8;Tx C-Msg;2450000122 Hz;LoRa SF12;LoRa BW 1600;;;2021-04-12 17:10:37.737;;;Status:OK  Packet:48  AirTime:99 ms
96;COM8;Rx Ack-Msg;2450000122 Hz;LoRa SF12;LoRa BW 1600;-97 dBm;2 dB;2021-04-12 17:10:37;10:1111;10:2222;
97;COM8;Tx C-Msg;2450000122 Hz;LoRa SF12;LoRa BW 1600;;;2021-04-12 17:10:37.933;;;Status:OK  Packet:49  AirTime:99 ms
98;COM8;Rx Ack-Msg;2450000122 Hz;LoRa SF12;LoRa BW 1600;-97 dBm;2 dB;2021-04-12 17:10:37;10:1111;10:2222;
99;COM8;Tx C-Msg;2450000122 Hz;LoRa SF12;LoRa BW 1600;;;2021-04-12 17:10:38.125;;;Status:OK  Packet:50  AirTime:99 ms
100;COM8;Rx Ack-Msg;2450000122 Hz;LoRa SF12;LoRa BW 1600;-97 dBm;1 dB;2021-04-12 17:10:37;10:1111;10:2222;
1;COM8;Tx C-Msg;2450000122 Hz;LoRa SF12;LoRa BW 1600;;;2021-04-12 17:12:18.022;;;Status:OK  Packet:51  AirTime:99 ms
2;COM8;Rx Ack-Msg;2450000122 Hz;LoRa SF12;LoRa BW 1600;-87 dBm;5 dB;2021-04-12 17:12:17;10:1111;10:2222;
3;COM8;Tx C-Msg;2450000122 Hz;LoRa SF12;LoRa BW 1600;;;2021-04-12 17:12:18.215;;;Status:OK  Packet:52  AirTime:99 ms
4;COM8;Rx Ack-Msg;2450000122 Hz;LoRa SF12;LoRa BW 1600;-87 dBm;5 dB;2021-04-12 17:12:17;10:1111;10:2222;
5;COM8;Tx C-Msg;2450000122 Hz;LoRa SF12;LoRa BW 1600;;;2021-04-12 17:12:18.422;;;Status:OK  Packet:53  AirTime:99 ms
6;COM8;Rx Ack-Msg;2450000122 Hz;LoRa SF12;LoRa BW 1600;-87 dBm;5 dB;2021-04-12 17:12:18;10:1111;10:2222;
7;COM8;Tx C-Msg;2450000122 Hz;LoRa SF12;LoRa BW 1600;;;2021-04-12 17:12:18.613;;;Status:OK  Packet:54  AirTime:99 ms
8;COM8;Rx Ack-Msg;2450000122 Hz;LoRa SF12;LoRa BW 1600;-87 dBm;4 dB;2021-04-12 17:12:18;10:1111;10:2222;
9;COM8;Tx C-Msg;2450000122 Hz;LoRa SF12;LoRa BW 1600;;;2021-04-12 17:12:18.806;;;Status:OK  Packet:55  AirTime:99 ms
10;COM8;Rx Ack-Msg;2450000122 Hz;LoRa SF12;LoRa BW 1600;-87 dBm;5 dB;2021-04-12 17:12:18;10:1111;10:2222;
11;COM8;Tx C-Msg;2450000122 Hz;LoRa SF12;LoRa BW 1600;;;2021-04-12 17:12:19.011;;;Status:OK  Packet:56  AirTime:99 ms
12;COM8;Rx Ack-Msg;2450000122 Hz;LoRa SF12;LoRa BW 1600;-88 dBm;5 dB;2021-04-12 17:12:18;10:1111;10:2222;
13;COM8;Tx C-Msg;2450000122 Hz;LoRa SF12;LoRa BW 1600;;;2021-04-12 17:12:19.202;;;Status:OK  Packet:57  AirTime:99 ms
14;COM8;Rx Ack-Msg;2450000122 Hz;LoRa SF12;LoRa BW 1600;-89 dBm;4 dB;2021-04-12 17:12:18;10:1111;10:2222;
15;COM8;Tx C-Msg;2450000122 Hz;LoRa SF12;LoRa BW 1600;;;2021-04-12 17:12:19.413;;;Status:OK  Packet:58  AirTime:99 ms
16;COM8;Rx Ack-Msg;2450000122 Hz;LoRa SF12;LoRa BW 1600;-90 dBm;4 dB;2021-04-12 17:12:19;10:1111;10:2222;
17;COM8;Tx C-Msg;2450000122 Hz;LoRa SF12;LoRa BW 1600;;;2021-04-12 17:12:19.602;;;Status:OK  Packet:59  AirTime:99 ms
18;COM8;Rx Ack-Msg;2450000122 Hz;LoRa SF12;LoRa BW 1600;-90 dBm;4 dB;2021-04-12 17:12:19;10:1111;10:2222;
19;COM8;Tx C-Msg;2450000122 Hz;LoRa SF12;LoRa BW 1600;;;2021-04-12 17:12:19.797;;;Status:OK  Packet:60  AirTime:99 ms
20;COM8;Rx Ack-Msg;2450000122 Hz;LoRa SF12;LoRa BW 1600;-90 dBm;4 dB;2021-04-12 17:12:19;10:1111;10:2222;
21;COM8;Tx C-Msg;2450000122 Hz;LoRa SF12;LoRa BW 1600;;;2021-04-12 17:12:20.007;;;Status:OK  Packet:61  AirTime:99 ms
22;COM8;Rx Ack-Msg;2450000122 Hz;LoRa SF12;LoRa BW 1600;-90 dBm;5 dB;2021-04-12 17:12:19;10:1111;10:2222;
23;COM8;Tx C-Msg;2450000122 Hz;LoRa SF12;LoRa BW 1600;;;2021-04-12 17:12:20.197;;;Status:OK  Packet:62  AirTime:99 ms
24;COM8;Rx Ack-Msg;2450000122 Hz;LoRa SF12;LoRa BW 1600;-91 dBm;4 dB;2021-04-12 17:12:19;10:1111;10:2222;
25;COM8;Tx C-Msg;2450000122 Hz;LoRa SF12;LoRa BW 1600;;;2021-04-12 17:12:20.389;;;Status:OK  Packet:63  AirTime:99 ms
26;COM8;Rx Ack-Msg;2450000122 Hz;LoRa SF12;LoRa BW 1600;-91 dBm;3 dB;2021-04-12 17:12:20;10:1111;10:2222;
27;COM8;Tx C-Msg;2450000122 Hz;LoRa SF12;LoRa BW 1600;;;2021-04-12 17:12:20.597;;;Status:OK  Packet:64  AirTime:99 ms
28;COM8;Rx Ack-Msg;2450000122 Hz;LoRa SF12;LoRa BW 1600;-91 dBm;4 dB;2021-04-12 17:12:20;10:1111;10:2222;
29;COM8;Tx C-Msg;2450000122 Hz;LoRa SF12;LoRa BW 1600;;;2021-04-12 17:12:20.803;;;Status:OK  Packet:65  AirTime:99 ms
30;COM8;Rx Ack-Msg;2450000122 Hz;LoRa SF12;LoRa BW 1600;-92 dBm;3 dB;2021-04-12 17:12:20;10:1111;10:2222;
31;COM8;Tx C-Msg;2450000122 Hz;LoRa SF12;LoRa BW 1600;;;2021-04-12 17:12:20.997;;;Status:OK  Packet:66  AirTime:99 ms
32;COM8;Rx Ack-Msg;2450000122 Hz;LoRa SF12;LoRa BW 1600;-91 dBm;3 dB;2021-04-12 17:12:20;10:1111;10:2222;
33;COM8;Tx C-Msg;2450000122 Hz;LoRa SF12;LoRa BW 1600;;;2021-04-12 17:12:21.186;;;Status:OK  Packet:67  AirTime:99 ms
34;COM8;Rx Ack-Msg;2450000122 Hz;LoRa SF12;LoRa BW 1600;-91 dBm;4 dB;2021-04-12 17:12:20;10:1111;10:2222;
35;COM8;Tx C-Msg;2450000122 Hz;LoRa SF12;LoRa BW 1600;;;2021-04-12 17:12:21.376;;;Status:OK  Packet:68  AirTime:99 ms
36;COM8;Rx Ack-Msg;2450000122 Hz;LoRa SF12;LoRa BW 1600;-90 dBm;4 dB;2021-04-12 17:12:21;10:1111;10:2222;
37;COM8;Tx C-Msg;2450000122 Hz;LoRa SF12;LoRa BW 1600;;;2021-04-12 17:12:21.590;;;Status:OK  Packet:69  AirTime:99 ms
38;COM8;Rx Ack-Msg;2450000122 Hz;LoRa SF12;LoRa BW 1600;-88 dBm;3 dB;2021-04-12 17:12:21;10:1111;10:2222;
39;COM8;Tx C-Msg;2450000122 Hz;LoRa SF12;LoRa BW 1600;;;2021-04-12 17:12:21.780;;;Status:OK  Packet:70  AirTime:99 ms
40;COM8;Rx Ack-Msg;2450000122 Hz;LoRa SF12;LoRa BW 1600;-88 dBm;2 dB;2021-04-12 17:12:21;10:1111;10:2222;
41;COM8;Tx C-Msg;2450000122 Hz;LoRa SF12;LoRa BW 1600;;;2021-04-12 17:12:21.990;;;Status:OK  Packet:71  AirTime:99 ms
42;COM8;Rx Ack-Msg;2450000122 Hz;LoRa SF12;LoRa BW 1600;-87 dBm;4 dB;2021-04-12 17:12:21;10:1111;10:2222;
43;COM8;Tx C-Msg;2450000122 Hz;LoRa SF12;LoRa BW 1600;;;2021-04-12 17:12:22.176;;;Status:OK  Packet:72  AirTime:99 ms
44;COM8;Rx Ack-Msg;2450000122 Hz;LoRa SF12;LoRa BW 1600;-88 dBm;5 dB;2021-04-12 17:12:21;10:1111;10:2222;
45;COM8;Tx C-Msg;2450000122 Hz;LoRa SF12;LoRa BW 1600;;;2021-04-12 17:12:22.373;;;Status:OK  Packet:73  AirTime:99 ms
46;COM8;Rx Ack-Msg;2450000122 Hz;LoRa SF12;LoRa BW 1600;-88 dBm;5 dB;2021-04-12 17:12:22;10:1111;10:2222;
47;COM8;Tx C-Msg;2450000122 Hz;LoRa SF12;LoRa BW 1600;;;2021-04-12 17:12:22.580;;;Status:OK  Packet:74  AirTime:99 ms
48;COM8;Rx Ack-Msg;2450000122 Hz;LoRa SF12;LoRa BW 1600;-88 dBm;5 dB;2021-04-12 17:12:22;10:1111;10:2222;
49;COM8;Tx C-Msg;2450000122 Hz;LoRa SF12;LoRa BW 1600;;;2021-04-12 17:12:22.773;;;Status:OK  Packet:75  AirTime:99 ms
50;COM8;Rx Ack-Msg;2450000122 Hz;LoRa SF12;LoRa BW 1600;-87 dBm;4 dB;2021-04-12 17:12:22;10:1111;10:2222;
51;COM8;Tx C-Msg;2450000122 Hz;LoRa SF12;LoRa BW 1600;;;2021-04-12 17:12:22.964;;;Status:OK  Packet:76  AirTime:99 ms
52;COM8;Rx Ack-Msg;2450000122 Hz;LoRa SF12;LoRa BW 1600;-88 dBm;5 dB;2021-04-12 17:12:22;10:1111;10:2222;
53;COM8;Tx C-Msg;2450000122 Hz;LoRa SF12;LoRa BW 1600;;;2021-04-12 17:12:23.171;;;Status:OK  Packet:77  AirTime:99 ms
54;COM8;Rx Ack-Msg;2450000122 Hz;LoRa SF12;LoRa BW 1600;-88 dBm;5 dB;2021-04-12 17:12:22;10:1111;10:2222;
55;COM8;Tx C-Msg;2450000122 Hz;LoRa SF12;LoRa BW 1600;;;2021-04-12 17:12:23.363;;;Status:OK  Packet:78  AirTime:99 ms
56;COM8;Rx Ack-Msg;2450000122 Hz;LoRa SF12;LoRa BW 1600;-87 dBm;5 dB;2021-04-12 17:12:23;10:1111;10:2222;
57;COM8;Tx C-Msg;2450000122 Hz;LoRa SF12;LoRa BW 1600;;;2021-04-12 17:12:23.567;;;Status:OK  Packet:79  AirTime:99 ms
58;COM8;Rx Ack-Msg;2450000122 Hz;LoRa SF12;LoRa BW 1600;-87 dBm;5 dB;2021-04-12 17:12:23;10:1111;10:2222;
59;COM8;Tx C-Msg;2450000122 Hz;LoRa SF12;LoRa BW 1600;;;2021-04-12 17:12:23.762;;;Status:OK  Packet:80  AirTime:99 ms
60;COM8;Rx Ack-Msg;2450000122 Hz;LoRa SF12;LoRa BW 1600;-87 dBm;4 dB;2021-04-12 17:12:23;10:1111;10:2222;
61;COM8;Tx C-Msg;2450000122 Hz;LoRa SF12;LoRa BW 1600;;;2021-04-12 17:12:23.955;;;Status:OK  Packet:81  AirTime:99 ms
62;COM8;Rx Ack-Msg;2450000122 Hz;LoRa SF12;LoRa BW 1600;-86 dBm;4 dB;2021-04-12 17:12:23;10:1111;10:2222;
63;COM8;Tx C-Msg;2450000122 Hz;LoRa SF12;LoRa BW 1600;;;2021-04-12 17:12:24.162;;;Status:OK  Packet:82  AirTime:99 ms
64;COM8;Rx Ack-Msg;2450000122 Hz;LoRa SF12;LoRa BW 1600;-86 dBm;4 dB;2021-04-12 17:12:23;10:1111;10:2222;
65;COM8;Tx C-Msg;2450000122 Hz;LoRa SF12;LoRa BW 1600;;;2021-04-12 17:12:24.358;;;Status:OK  Packet:83  AirTime:99 ms
66;COM8;Rx Ack-Msg;2450000122 Hz;LoRa SF12;LoRa BW 1600;-86 dBm;4 dB;2021-04-12 17:12:24;10:1111;10:2222;
67;COM8;Tx C-Msg;2450000122 Hz;LoRa SF12;LoRa BW 1600;;;2021-04-12 17:12:24.562;;;Status:OK  Packet:84  AirTime:99 ms
68;COM8;Rx Ack-Msg;2450000122 Hz;LoRa SF12;LoRa BW 1600;-86 dBm;4 dB;2021-04-12 17:12:24;10:1111;10:2222;
69;COM8;Tx C-Msg;2450000122 Hz;LoRa SF12;LoRa BW 1600;;;2021-04-12 17:12:24.754;;;Status:OK  Packet:85  AirTime:99 ms
70;COM8;Rx Ack-Msg;2450000122 Hz;LoRa SF12;LoRa BW 1600;-86 dBm;4 dB;2021-04-12 17:12:24;10:1111;10:2222;
71;COM8;Tx C-Msg;2450000122 Hz;LoRa SF12;LoRa BW 1600;;;2021-04-12 17:12:24.950;;;Status:OK  Packet:86  AirTime:99 ms
72;COM8;Rx Ack-Msg;2450000122 Hz;LoRa SF12;LoRa BW 1600;-86 dBm;4 dB;2021-04-12 17:12:24;10:1111;10:2222;
73;COM8;Tx C-Msg;2450000122 Hz;LoRa SF12;LoRa BW 1600;;;2021-04-12 17:12:25.154;;;Status:OK  Packet:87  AirTime:99 ms
74;COM8;Rx Ack-Msg;2450000122 Hz;LoRa SF12;LoRa BW 1600;-86 dBm;4 dB;2021-04-12 17:12:24;10:1111;10:2222;
75;COM8;Tx C-Msg;2450000122 Hz;LoRa SF12;LoRa BW 1600;;;2021-04-12 17:12:25.445;;;Status:OK  Packet:88  AirTime:99 ms
76;COM8;Rx Ack-Msg;2450000122 Hz;LoRa SF12;LoRa BW 1600;-87 dBm;4 dB;2021-04-12 17:12:25;10:1111;10:2222;
77;COM8;Tx C-Msg;2450000122 Hz;LoRa SF12;LoRa BW 1600;;;2021-04-12 17:12:25.633;;;Status:OK  Packet:89  AirTime:99 ms
78;COM8;Rx Ack-Msg;2450000122 Hz;LoRa SF12;LoRa BW 1600;-87 dBm;5 dB;2021-04-12 17:12:25;10:1111;10:2222;
79;COM8;Tx C-Msg;2450000122 Hz;LoRa SF12;LoRa BW 1600;;;2021-04-12 17:12:25.843;;;Status:OK  Packet:90  AirTime:99 ms
80;COM8;Rx Ack-Msg;2450000122 Hz;LoRa SF12;LoRa BW 1600;-87 dBm;5 dB;2021-04-12 17:12:25;10:1111;10:2222;
81;COM8;Tx C-Msg;2450000122 Hz;LoRa SF12;LoRa BW 1600;;;2021-04-12 17:12:26.034;;;Status:OK  Packet:91  AirTime:99 ms
82;COM8;Rx Ack-Msg;2450000122 Hz;LoRa SF12;LoRa BW 1600;-87 dBm;5 dB;2021-04-12 17:12:25;10:1111;10:2222;
83;COM8;Tx C-Msg;2450000122 Hz;LoRa SF12;LoRa BW 1600;;;2021-04-12 17:12:26.337;;;Status:OK  Packet:92  AirTime:99 ms
84;COM8;Rx Ack-Msg;2450000122 Hz;LoRa SF12;LoRa BW 1600;-86 dBm;4 dB;2021-04-12 17:12:26;10:1111;10:2222;
85;COM8;Tx C-Msg;2450000122 Hz;LoRa SF12;LoRa BW 1600;;;2021-04-12 17:12:26.530;;;Status:OK  Packet:93  AirTime:99 ms
86;COM8;Rx Ack-Msg;2450000122 Hz;LoRa SF12;LoRa BW 1600;-86 dBm;5 dB;2021-04-12 17:12:26;10:1111;10:2222;
87;COM8;Tx C-Msg;2450000122 Hz;LoRa SF12;LoRa BW 1600;;;2021-04-12 17:12:26.736;;;Status:OK  Packet:94  AirTime:99 ms
88;COM8;Rx Ack-Msg;2450000122 Hz;LoRa SF12;LoRa BW 1600;-87 dBm;5 dB;2021-04-12 17:12:26;10:1111;10:2222;
89;COM8;Tx C-Msg;2450000122 Hz;LoRa SF12;LoRa BW 1600;;;2021-04-12 17:12:26.928;;;Status:OK  Packet:95  AirTime:99 ms
90;COM8;Rx Ack-Msg;2450000122 Hz;LoRa SF12;LoRa BW 1600;-88 dBm;5 dB;2021-04-12 17:12:26;10:1111;10:2222;
91;COM8;Tx C-Msg;2450000122 Hz;LoRa SF12;LoRa BW 1600;;;2021-04-12 17:12:27.232;;;Status:OK  Packet:96  AirTime:99 ms
92;COM8;Rx Ack-Msg;2450000122 Hz;LoRa SF12;LoRa BW 1600;-88 dBm;5 dB;2021-04-12 17:12:26;10:1111;10:2222;
93;COM8;Tx C-Msg;2450000122 Hz;LoRa SF12;LoRa BW 1600;;;2021-04-12 17:12:28.225;;;Status:OK  Packet:97  AirTime:99 ms
94;COM8;Rx Ack-Msg;2450000122 Hz;LoRa SF12;LoRa BW 1600;-89 dBm;4 dB;2021-04-12 17:12:27;10:1111;10:2222;
95;COM8;Tx C-Msg;2450000122 Hz;LoRa SF12;LoRa BW 1600;;;2021-04-12 17:12:28.411;;;Status:OK  Packet:98  AirTime:99 ms
96;COM8;Rx Ack-Msg;2450000122 Hz;LoRa SF12;LoRa BW 1600;-90 dBm;4 dB;2021-04-12 17:12:28;10:1111;10:2222;
97;COM8;Tx C-Msg;2450000122 Hz;LoRa SF12;LoRa BW 1600;;;2021-04-12 17:12:28.811;;;Status:OK  Packet:99  AirTime:99 ms
98;COM8;Rx Ack-Msg;2450000122 Hz;LoRa SF12;LoRa BW 1600;-92 dBm;3 dB;2021-04-12 17:12:28;10:1111;10:2222;
99;COM8;Tx C-Msg;2450000122 Hz;LoRa SF12;LoRa BW 1600;;;2021-04-12 17:12:29.918;;;Status:OK  Packet:100  AirTime:99 ms
100;COM8;Rx Ack-Msg;2450000122 Hz;LoRa SF12;LoRa BW 1600;-90 dBm;5 dB;2021-04-12 17:12:29;10:1111;10:2222;
1;COM8;Tx C-Msg;2450000122 Hz;LoRa SF12;LoRa BW 1600;;;2021-04-12 17:19:51.277;;;Status:OK  Packet:1  AirTime:99 ms
2;COM8;Rx Ack-Msg;2450000122 Hz;LoRa SF12;LoRa BW 1600;-83 dBm;5 dB;2021-04-12 17:19:50;10:1111;10:2222;
3;COM8;Tx C-Msg;2450000122 Hz;LoRa SF12;LoRa BW 1600;;;2021-04-12 17:19:51.470;;;Status:OK  Packet:2  AirTime:99 ms
4;COM8;Rx Ack-Msg;2450000122 Hz;LoRa SF12;LoRa BW 1600;-84 dBm;5 dB;2021-04-12 17:19:50;10:1111;10:2222;
5;COM8;Tx C-Msg;2450000122 Hz;LoRa SF12;LoRa BW 1600;;;2021-04-12 17:19:51.660;;;Status:OK  Packet:3  AirTime:99 ms
6;COM8;Rx Ack-Msg;2450000122 Hz;LoRa SF12;LoRa BW 1600;-84 dBm;6 dB;2021-04-12 17:19:51;10:1111;10:2222;
7;COM8;Tx C-Msg;2450000122 Hz;LoRa SF12;LoRa BW 1600;;;2021-04-12 17:19:51.885;;;Status:OK  Packet:4  AirTime:99 ms
8;COM8;Rx Ack-Msg;2450000122 Hz;LoRa SF12;LoRa BW 1600;-85 dBm;5 dB;2021-04-12 17:19:51;10:1111;10:2222;
9;COM8;Tx C-Msg;2450000122 Hz;LoRa SF12;LoRa BW 1600;;;2021-04-12 17:19:52.061;;;Status:OK  Packet:5  AirTime:99 ms
10;COM8;Rx Ack-Msg;2450000122 Hz;LoRa SF12;LoRa BW 1600;-85 dBm;5 dB;2021-04-12 17:19:51;10:1111;10:2222;
11;COM8;Tx C-Msg;2450000122 Hz;LoRa SF12;LoRa BW 1600;;;2021-04-12 17:19:52.272;;;Status:OK  Packet:6  AirTime:99 ms
12;COM8;Rx Ack-Msg;2450000122 Hz;LoRa SF12;LoRa BW 1600;-85 dBm;3 dB;2021-04-12 17:19:51;10:1111;10:2222;
13;COM8;Tx C-Msg;2450000122 Hz;LoRa SF12;LoRa BW 1600;;;2021-04-12 17:19:52.460;;;Status:OK  Packet:7  AirTime:99 ms
14;COM8;Rx Ack-Msg;2450000122 Hz;LoRa SF12;LoRa BW 1600;-86 dBm;3 dB;2021-04-12 17:19:51;10:1111;10:2222;
15;COM8;Tx C-Msg;2450000122 Hz;LoRa SF12;LoRa BW 1600;;;2021-04-12 17:19:52.648;;;Status:OK  Packet:8  AirTime:99 ms
16;COM8;Rx Ack-Msg;2450000122 Hz;LoRa SF12;LoRa BW 1600;-86 dBm;4 dB;2021-04-12 17:19:52;10:1111;10:2222;
17;COM8;Tx C-Msg;2450000122 Hz;LoRa SF12;LoRa BW 1600;;;2021-04-12 17:19:52.861;;;Status:OK  Packet:9  AirTime:99 ms
18;COM8;Rx Ack-Msg;2450000122 Hz;LoRa SF12;LoRa BW 1600;-84 dBm;5 dB;2021-04-12 17:19:52;10:1111;10:2222;
19;COM8;Tx C-Msg;2450000122 Hz;LoRa SF12;LoRa BW 1600;;;2021-04-12 17:19:53.049;;;Status:OK  Packet:10  AirTime:99 ms
20;COM8;Rx Ack-Msg;2450000122 Hz;LoRa SF12;LoRa BW 1600;-82 dBm;3 dB;2021-04-12 17:19:52;10:1111;10:2222;
21;COM8;Tx C-Msg;2450000122 Hz;LoRa SF12;LoRa BW 1600;;;2021-04-12 17:19:53.244;;;Status:OK  Packet:11  AirTime:99 ms
22;COM8;Rx Ack-Msg;2450000122 Hz;LoRa SF12;LoRa BW 1600;-82 dBm;6 dB;2021-04-12 17:19:52;10:1111;10:2222;
23;COM8;Tx C-Msg;2450000122 Hz;LoRa SF12;LoRa BW 1600;;;2021-04-12 17:19:53.447;;;Status:OK  Packet:12  AirTime:99 ms
24;COM8;Rx Ack-Msg;2450000122 Hz;LoRa SF12;LoRa BW 1600;-82 dBm;6 dB;2021-04-12 17:19:52;10:1111;10:2222;
25;COM8;Tx C-Msg;2450000122 Hz;LoRa SF12;LoRa BW 1600;;;2021-04-12 17:19:53.644;;;Status:OK  Packet:13  AirTime:99 ms
26;COM8;Rx Ack-Msg;2450000122 Hz;LoRa SF12;LoRa BW 1600;-83 dBm;5 dB;2021-04-12 17:19:53;10:1111;10:2222;
27;COM8;Tx C-Msg;2450000122 Hz;LoRa SF12;LoRa BW 1600;;;2021-04-12 17:19:53.847;;;Status:OK  Packet:14  AirTime:99 ms
28;COM8;Rx Ack-Msg;2450000122 Hz;LoRa SF12;LoRa BW 1600;-84 dBm;5 dB;2021-04-12 17:19:53;10:1111;10:2222;
29;COM8;Tx C-Msg;2450000122 Hz;LoRa SF12;LoRa BW 1600;;;2021-04-12 17:19:54.045;;;Status:OK  Packet:15  AirTime:99 ms
30;COM8;Rx Ack-Msg;2450000122 Hz;LoRa SF12;LoRa BW 1600;-86 dBm;4 dB;2021-04-12 17:19:53;10:1111;10:2222;
31;COM8;Tx C-Msg;2450000122 Hz;LoRa SF12;LoRa BW 1600;;;2021-04-12 17:19:54.237;;;Status:OK  Packet:16  AirTime:99 ms
32;COM8;Rx Ack-Msg;2450000122 Hz;LoRa SF12;LoRa BW 1600;-84 dBm;6 dB;2021-04-12 17:19:53;10:1111;10:2222;
33;COM8;Tx C-Msg;2450000122 Hz;LoRa SF12;LoRa BW 1600;;;2021-04-12 17:19:54.443;;;Status:OK  Packet:17  AirTime:99 ms
34;COM8;Rx Ack-Msg;2450000122 Hz;LoRa SF12;LoRa BW 1600;-83 dBm;4 dB;2021-04-12 17:19:53;10:1111;10:2222;
35;COM8;Tx C-Msg;2450000122 Hz;LoRa SF12;LoRa BW 1600;;;2021-04-12 17:19:54.635;;;Status:OK  Packet:18  AirTime:99 ms
36;COM8;Rx Ack-Msg;2450000122 Hz;LoRa SF12;LoRa BW 1600;-82 dBm;4 dB;2021-04-12 17:19:54;10:1111;10:2222;
37;COM8;Tx C-Msg;2450000122 Hz;LoRa SF12;LoRa BW 1600;;;2021-04-12 17:19:54.843;;;Status:OK  Packet:19  AirTime:99 ms
38;COM8;Rx Ack-Msg;2450000122 Hz;LoRa SF12;LoRa BW 1600;-82 dBm;4 dB;2021-04-12 17:19:54;10:1111;10:2222;
39;COM8;Tx C-Msg;2450000122 Hz;LoRa SF12;LoRa BW 1600;;;2021-04-12 17:19:55.034;;;Status:OK  Packet:20  AirTime:99 ms
40;COM8;Rx Ack-Msg;2450000122 Hz;LoRa SF12;LoRa BW 1600;-82 dBm;4 dB;2021-04-12 17:19:54;10:1111;10:2222;
41;COM8;Tx C-Msg;2450000122 Hz;LoRa SF12;LoRa BW 1600;;;2021-04-12 17:19:55.222;;;Status:OK  Packet:21  AirTime:99 ms
42;COM8;Rx Ack-Msg;2450000122 Hz;LoRa SF12;LoRa BW 1600;-82 dBm;4 dB;2021-04-12 17:19:54;10:1111;10:2222;
43;COM8;Tx C-Msg;2450000122 Hz;LoRa SF12;LoRa BW 1600;;;2021-04-12 17:19:55.435;;;Status:OK  Packet:22  AirTime:99 ms
44;COM8;Rx Ack-Msg;2450000122 Hz;LoRa SF12;LoRa BW 1600;-83 dBm;4 dB;2021-04-12 17:19:54;10:1111;10:2222;
45;COM8;Tx C-Msg;2450000122 Hz;LoRa SF12;LoRa BW 1600;;;2021-04-12 17:19:55.622;;;Status:OK  Packet:23  AirTime:99 ms
46;COM8;Rx Ack-Msg;2450000122 Hz;LoRa SF12;LoRa BW 1600;-83 dBm;4 dB;2021-04-12 17:19:55;10:1111;10:2222;
47;COM8;Tx C-Msg;2450000122 Hz;LoRa SF12;LoRa BW 1600;;;2021-04-12 17:19:55.821;;;Status:OK  Packet:24  AirTime:99 ms
48;COM8;Rx Ack-Msg;2450000122 Hz;LoRa SF12;LoRa BW 1600;-84 dBm;5 dB;2021-04-12 17:19:55;10:1111;10:2222;
49;COM8;Tx C-Msg;2450000122 Hz;LoRa SF12;LoRa BW 1600;;;2021-04-12 17:19:56.026;;;Status:OK  Packet:25  AirTime:99 ms
50;COM8;Rx Ack-Msg;2450000122 Hz;LoRa SF12;LoRa BW 1600;-85 dBm;6 dB;2021-04-12 17:19:55;10:1111;10:2222;
51;COM8;Tx C-Msg;2450000122 Hz;LoRa SF12;LoRa BW 1600;;;2021-04-12 17:19:56.233;;;Status:OK  Packet:26  AirTime:99 ms
52;COM8;Rx Ack-Msg;2450000122 Hz;LoRa SF12;LoRa BW 1600;-85 dBm;6 dB;2021-04-12 17:19:55;10:1111;10:2222;
53;COM8;Tx C-Msg;2450000122 Hz;LoRa SF12;LoRa BW 1600;;;2021-04-12 17:19:56.426;;;Status:OK  Packet:27  AirTime:99 ms
54;COM8;Rx Ack-Msg;2450000122 Hz;LoRa SF12;LoRa BW 1600;-85 dBm;5 dB;2021-04-12 17:19:55;10:1111;10:2222;
55;COM8;Tx C-Msg;2450000122 Hz;LoRa SF12;LoRa BW 1600;;;2021-04-12 17:19:56.617;;;Status:OK  Packet:28  AirTime:99 ms
56;COM8;Rx Ack-Msg;2450000122 Hz;LoRa SF12;LoRa BW 1600;-84 dBm;5 dB;2021-04-12 17:19:55;10:1111;10:2222;
57;COM8;Tx C-Msg;2450000122 Hz;LoRa SF12;LoRa BW 1600;;;2021-04-12 17:19:56.810;;;Status:OK  Packet:29  AirTime:99 ms
58;COM8;Rx Ack-Msg;2450000122 Hz;LoRa SF12;LoRa BW 1600;-84 dBm;5 dB;2021-04-12 17:19:56;10:1111;10:2222;
59;COM8;Tx C-Msg;2450000122 Hz;LoRa SF12;LoRa BW 1600;;;2021-04-12 17:19:57.029;;;Status:OK  Packet:30  AirTime:99 ms
60;COM8;Rx Ack-Msg;2450000122 Hz;LoRa SF12;LoRa BW 1600;-84 dBm;5 dB;2021-04-12 17:19:56;10:1111;10:2222;
61;COM8;Tx C-Msg;2450000122 Hz;LoRa SF12;LoRa BW 1600;;;2021-04-12 17:19:57.211;;;Status:OK  Packet:31  AirTime:99 ms
62;COM8;Rx Ack-Msg;2450000122 Hz;LoRa SF12;LoRa BW 1600;-84 dBm;6 dB;2021-04-12 17:19:56;10:1111;10:2222;
63;COM8;Tx C-Msg;2450000122 Hz;LoRa SF12;LoRa BW 1600;;;2021-04-12 17:19:57.439;;;Status:OK  Packet:32  AirTime:99 ms
64;COM8;Rx Ack-Msg;2450000122 Hz;LoRa SF12;LoRa BW 1600;-84 dBm;6 dB;2021-04-12 17:19:56;10:1111;10:2222;
65;COM8;Tx C-Msg;2450000122 Hz;LoRa SF12;LoRa BW 1600;;;2021-04-12 17:19:57.611;;;Status:OK  Packet:33  AirTime:99 ms
66;COM8;Rx Ack-Msg;2450000122 Hz;LoRa SF12;LoRa BW 1600;-84 dBm;5 dB;2021-04-12 17:19:56;10:1111;10:2222;
67;COM8;Tx C-Msg;2450000122 Hz;LoRa SF12;LoRa BW 1600;;;2021-04-12 17:19:57.800;;;Status:OK  Packet:34  AirTime:99 ms
68;COM8;Rx Ack-Msg;2450000122 Hz;LoRa SF12;LoRa BW 1600;-84 dBm;5 dB;2021-04-12 17:19:57;10:1111;10:2222;
69;COM8;Tx C-Msg;2450000122 Hz;LoRa SF12;LoRa BW 1600;;;2021-04-12 17:19:58.008;;;Status:OK  Packet:35  AirTime:99 ms
70;COM8;Rx Ack-Msg;2450000122 Hz;LoRa SF12;LoRa BW 1600;-85 dBm;5 dB;2021-04-12 17:19:57;10:1111;10:2222;
71;COM8;Tx C-Msg;2450000122 Hz;LoRa SF12;LoRa BW 1600;;;2021-04-12 17:19:58.200;;;Status:OK  Packet:36  AirTime:99 ms
72;COM8;Rx Ack-Msg;2450000122 Hz;LoRa SF12;LoRa BW 1600;-85 dBm;5 dB;2021-04-12 17:19:57;10:1111;10:2222;
73;COM8;Tx C-Msg;2450000122 Hz;LoRa SF12;LoRa BW 1600;;;2021-04-12 17:19:58.393;;;Status:OK  Packet:37  AirTime:99 ms
74;COM8;Rx Ack-Msg;2450000122 Hz;LoRa SF12;LoRa BW 1600;-85 dBm;5 dB;2021-04-12 17:19:57;10:1111;10:2222;
75;COM8;Tx C-Msg;2450000122 Hz;LoRa SF12;LoRa BW 1600;;;2021-04-12 17:19:58.600;;;Status:OK  Packet:38  AirTime:99 ms
76;COM8;Rx Ack-Msg;2450000122 Hz;LoRa SF12;LoRa BW 1600;-85 dBm;2 dB;2021-04-12 17:19:57;10:1111;10:2222;
77;COM8;Tx C-Msg;2450000122 Hz;LoRa SF12;LoRa BW 1600;;;2021-04-12 17:19:58.792;;;Status:OK  Packet:39  AirTime:99 ms
78;COM8;Rx Ack-Msg;2450000122 Hz;LoRa SF12;LoRa BW 1600;-85 dBm;3 dB;2021-04-12 17:19:58;10:1111;10:2222;
79;COM8;Tx C-Msg;2450000122 Hz;LoRa SF12;LoRa BW 1600;;;2021-04-12 17:19:59.000;;;Status:OK  Packet:40  AirTime:99 ms
80;COM8;Rx Ack-Msg;2450000122 Hz;LoRa SF12;LoRa BW 1600;-85 dBm;4 dB;2021-04-12 17:19:58;10:1111;10:2222;
81;COM8;Tx C-Msg;2450000122 Hz;LoRa SF12;LoRa BW 1600;;;2021-04-12 17:19:59.208;;;Status:OK  Packet:41  AirTime:99 ms
82;COM8;Rx Ack-Msg;2450000122 Hz;LoRa SF12;LoRa BW 1600;-86 dBm;5 dB;2021-04-12 17:19:58;10:1111;10:2222;
83;COM8;Tx C-Msg;2450000122 Hz;LoRa SF12;LoRa BW 1600;;;2021-04-12 17:19:59.401;;;Status:OK  Packet:42  AirTime:99 ms
84;COM8;Rx Ack-Msg;2450000122 Hz;LoRa SF12;LoRa BW 1600;-86 dBm;4 dB;2021-04-12 17:19:58;10:1111;10:2222;
85;COM8;Tx C-Msg;2450000122 Hz;LoRa SF12;LoRa BW 1600;;;2021-04-12 17:19:59.608;;;Status:OK  Packet:43  AirTime:99 ms
86;COM8;Rx Ack-Msg;2450000122 Hz;LoRa SF12;LoRa BW 1600;-86 dBm;4 dB;2021-04-12 17:19:58;10:1111;10:2222;
87;COM8;Tx C-Msg;2450000122 Hz;LoRa SF12;LoRa BW 1600;;;2021-04-12 17:19:59.800;;;Status:OK  Packet:44  AirTime:99 ms
88;COM8;Rx Ack-Msg;2450000122 Hz;LoRa SF12;LoRa BW 1600;-86 dBm;4 dB;2021-04-12 17:19:59;10:1111;10:2222;
89;COM8;Tx C-Msg;2450000122 Hz;LoRa SF12;LoRa BW 1600;;;2021-04-12 17:20:00.008;;;Status:OK  Packet:45  AirTime:99 ms
90;COM8;Rx Ack-Msg;2450000122 Hz;LoRa SF12;LoRa BW 1600;-86 dBm;4 dB;2021-04-12 17:19:59;10:1111;10:2222;
91;COM8;Tx C-Msg;2450000122 Hz;LoRa SF12;LoRa BW 1600;;;2021-04-12 17:20:00.215;;;Status:OK  Packet:46  AirTime:99 ms
92;COM8;Rx Ack-Msg;2450000122 Hz;LoRa SF12;LoRa BW 1600;-86 dBm;5 dB;2021-04-12 17:19:59;10:1111;10:2222;
93;COM8;Tx C-Msg;2450000122 Hz;LoRa SF12;LoRa BW 1600;;;2021-04-12 17:20:01.175;;;Status:OK  Packet:47  AirTime:99 ms
94;COM8;Rx Ack-Msg;2450000122 Hz;LoRa SF12;LoRa BW 1600;-86 dBm;5 dB;2021-04-12 17:20:00;10:1111;10:2222;
95;COM8;Tx C-Msg;2450000122 Hz;LoRa SF12;LoRa BW 1600;;;2021-04-12 17:20:01.362;;;Status:OK  Packet:48  AirTime:99 ms
96;COM8;Rx Ack-Msg;2450000122 Hz;LoRa SF12;LoRa BW 1600;-86 dBm;4 dB;2021-04-12 17:20:00;10:1111;10:2222;
97;COM8;Tx C-Msg;2450000122 Hz;LoRa SF12;LoRa BW 1600;;;2021-04-12 17:20:02.469;;;Status:OK  Packet:49  AirTime:99 ms
98;COM8;Rx Ack-Msg;2450000122 Hz;LoRa SF12;LoRa BW 1600;-87 dBm;5 dB;2021-04-12 17:20:01;10:1111;10:2222;
99;COM8;Tx C-Msg;2450000122 Hz;LoRa SF12;LoRa BW 1600;;;2021-04-12 17:20:03.589;;;Status:OK  Packet:50  AirTime:99 ms
100;COM8;Rx Ack-Msg;2450000122 Hz;LoRa SF12;LoRa BW 1600;-85 dBm;5 dB;2021-04-12 17:20:02;10:1111;10:2222;
1;COM8;Tx C-Msg;2450000122 Hz;LoRa SF12;LoRa BW 1600;;;2021-04-12 17:21:19.555;;;Status:OK  Packet:51  AirTime:99 ms
2;COM8;Rx Ack-Msg;2450000122 Hz;LoRa SF12;LoRa BW 1600;-94 dBm;2 dB;2021-04-12 17:21:18;10:1111;10:2222;
3;COM8;Tx C-Msg;2450000122 Hz;LoRa SF12;LoRa BW 1600;;;2021-04-12 17:21:19.843;;;Status:OK  Packet:52  AirTime:99 ms
4;COM8;Rx Ack-Msg;2450000122 Hz;LoRa SF12;LoRa BW 1600;-96 dBm;3 dB;2021-04-12 17:21:19;10:1111;10:2222;
5;COM8;Tx C-Msg;2450000122 Hz;LoRa SF12;LoRa BW 1600;;;2021-04-12 17:21:20.035;;;Status:OK  Packet:53  AirTime:99 ms
6;COM8;Rx Ack-Msg;2450000122 Hz;LoRa SF12;LoRa BW 1600;-97 dBm;2 dB;2021-04-12 17:21:19;10:1111;10:2222;
7;COM8;Tx C-Msg;2450000122 Hz;LoRa SF12;LoRa BW 1600;;;2021-04-12 17:21:20.247;;;Status:OK  Packet:54  AirTime:99 ms
8;COM8;Rx Ack-Msg;2450000122 Hz;LoRa SF12;LoRa BW 1600;-97 dBm;2 dB;2021-04-12 17:21:19;10:1111;10:2222;
9;COM8;Tx C-Msg;2450000122 Hz;LoRa SF12;LoRa BW 1600;;;2021-04-12 17:21:20.436;;;Status:OK  Packet:55  AirTime:99 ms
10;COM8;Rx Ack-Msg;2450000122 Hz;LoRa SF12;LoRa BW 1600;-97 dBm;2 dB;2021-04-12 17:21:19;10:1111;10:2222;
11;COM8;Tx C-Msg;2450000122 Hz;LoRa SF12;LoRa BW 1600;;;2021-04-12 17:21:20.622;;;Status:OK  Packet:56  AirTime:99 ms
12;COM8;Rx Ack-Msg;2450000122 Hz;LoRa SF12;LoRa BW 1600;-96 dBm;2 dB;2021-04-12 17:21:20;10:1111;10:2222;
13;COM8;Tx C-Msg;2450000122 Hz;LoRa SF12;LoRa BW 1600;;;2021-04-12 17:21:20.834;;;Status:OK  Packet:57  AirTime:99 ms
14;COM8;Rx Ack-Msg;2450000122 Hz;LoRa SF12;LoRa BW 1600;-92 dBm;3 dB;2021-04-12 17:21:20;10:1111;10:2222;
15;COM8;Tx C-Msg;2450000122 Hz;LoRa SF12;LoRa BW 1600;;;2021-04-12 17:21:21.022;;;Status:OK  Packet:58  AirTime:99 ms
16;COM8;Rx Ack-Msg;2450000122 Hz;LoRa SF12;LoRa BW 1600;-91 dBm;3 dB;2021-04-12 17:21:20;10:1111;10:2222;
17;COM8;Tx C-Msg;2450000122 Hz;LoRa SF12;LoRa BW 1600;;;2021-04-12 17:21:21.234;;;Status:OK  Packet:59  AirTime:99 ms
18;COM8;Rx Ack-Msg;2450000122 Hz;LoRa SF12;LoRa BW 1600;-91 dBm;3 dB;2021-04-12 17:21:20;10:1111;10:2222;
19;COM8;Tx C-Msg;2450000122 Hz;LoRa SF12;LoRa BW 1600;;;2021-04-12 17:21:21.422;;;Status:OK  Packet:60  AirTime:99 ms
20;COM8;Rx Ack-Msg;2450000122 Hz;LoRa SF12;LoRa BW 1600;-91 dBm;4 dB;2021-04-12 17:21:20;10:1111;10:2222;
21;COM8;Tx C-Msg;2450000122 Hz;LoRa SF12;LoRa BW 1600;;;2021-04-12 17:21:21.617;;;Status:OK  Packet:61  AirTime:99 ms
22;COM8;Rx Ack-Msg;2450000122 Hz;LoRa SF12;LoRa BW 1600;-91 dBm;2 dB;2021-04-12 17:21:21;10:1111;10:2222;
23;COM8;Tx C-Msg;2450000122 Hz;LoRa SF12;LoRa BW 1600;;;2021-04-12 17:21:21.829;;;Status:OK  Packet:62  AirTime:99 ms
24;COM8;Rx Ack-Msg;2450000122 Hz;LoRa SF12;LoRa BW 1600;-92 dBm;4 dB;2021-04-12 17:21:21;10:1111;10:2222;
25;COM8;Tx C-Msg;2450000122 Hz;LoRa SF12;LoRa BW 1600;;;2021-04-12 17:21:22.019;;;Status:OK  Packet:63  AirTime:99 ms
26;COM8;Rx Ack-Msg;2450000122 Hz;LoRa SF12;LoRa BW 1600;-92 dBm;3 dB;2021-04-12 17:21:21;10:1111;10:2222;
27;COM8;Tx C-Msg;2450000122 Hz;LoRa SF12;LoRa BW 1600;;;2021-04-12 17:21:22.227;;;Status:OK  Packet:64  AirTime:99 ms
28;COM8;Rx Ack-Msg;2450000122 Hz;LoRa SF12;LoRa BW 1600;-93 dBm;3 dB;2021-04-12 17:21:21;10:1111;10:2222;
29;COM8;Tx C-Msg;2450000122 Hz;LoRa SF12;LoRa BW 1600;;;2021-04-12 17:21:22.413;;;Status:OK  Packet:65  AirTime:99 ms
30;COM8;Rx Ack-Msg;2450000122 Hz;LoRa SF12;LoRa BW 1600;-93 dBm;3 dB;2021-04-12 17:21:21;10:1111;10:2222;
31;COM8;Tx C-Msg;2450000122 Hz;LoRa SF12;LoRa BW 1600;;;2021-04-12 17:21:22.605;;;Status:OK  Packet:66  AirTime:99 ms
32;COM8;Rx Ack-Msg;2450000122 Hz;LoRa SF12;LoRa BW 1600;-96 dBm;3 dB;2021-04-12 17:21:21;10:1111;10:2222;
33;COM8;Tx C-Msg;2450000122 Hz;LoRa SF12;LoRa BW 1600;;;2021-04-12 17:21:22.812;;;Status:OK  Packet:67  AirTime:99 ms
34;COM8;Rx Ack-Msg;2450000122 Hz;LoRa SF12;LoRa BW 1600;-97 dBm;3 dB;2021-04-12 17:21:22;10:1111;10:2222;
35;COM8;Tx C-Msg;2450000122 Hz;LoRa SF12;LoRa BW 1600;;;2021-04-12 17:21:23.011;;;Status:OK  Packet:68  AirTime:99 ms
36;COM8;Rx Ack-Msg;2450000122 Hz;LoRa SF12;LoRa BW 1600;-96 dBm;3 dB;2021-04-12 17:21:22;10:1111;10:2222;
37;COM8;Tx C-Msg;2450000122 Hz;LoRa SF12;LoRa BW 1600;;;2021-04-12 17:21:23.201;;;Status:OK  Packet:69  AirTime:99 ms
38;COM8;Rx Ack-Msg;2450000122 Hz;LoRa SF12;LoRa BW 1600;-96 dBm;3 dB;2021-04-12 17:21:22;10:1111;10:2222;
39;COM8;Tx C-Msg;2450000122 Hz;LoRa SF12;LoRa BW 1600;;;2021-04-12 17:21:23.408;;;Status:OK  Packet:70  AirTime:99 ms
40;COM8;Rx Ack-Msg;2450000122 Hz;LoRa SF12;LoRa BW 1600;-91 dBm;4 dB;2021-04-12 17:21:22;10:1111;10:2222;
41;COM8;Tx C-Msg;2450000122 Hz;LoRa SF12;LoRa BW 1600;;;2021-04-12 17:21:23.600;;;Status:OK  Packet:71  AirTime:99 ms
42;COM8;Rx Ack-Msg;2450000122 Hz;LoRa SF12;LoRa BW 1600;-93 dBm;3 dB;2021-04-12 17:21:22;10:1111;10:2222;
43;COM8;Tx C-Msg;2450000122 Hz;LoRa SF12;LoRa BW 1600;;;2021-04-12 17:21:23.808;;;Status:OK  Packet:72  AirTime:99 ms
44;COM8;Rx Ack-Msg;2450000122 Hz;LoRa SF12;LoRa BW 1600;-90 dBm;4 dB;2021-04-12 17:21:23;10:1111;10:2222;
45;COM8;Tx C-Msg;2450000122 Hz;LoRa SF12;LoRa BW 1600;;;2021-04-12 17:21:24.000;;;Status:OK  Packet:73  AirTime:99 ms
46;COM8;Rx Ack-Msg;2450000122 Hz;LoRa SF12;LoRa BW 1600;-90 dBm;4 dB;2021-04-12 17:21:23;10:1111;10:2222;
47;COM8;Tx C-Msg;2450000122 Hz;LoRa SF12;LoRa BW 1600;;;2021-04-12 17:21:24.189;;;Status:OK  Packet:74  AirTime:99 ms
48;COM8;Rx Ack-Msg;2450000122 Hz;LoRa SF12;LoRa BW 1600;-90 dBm;4 dB;2021-04-12 17:21:23;10:1111;10:2222;
49;COM8;Tx C-Msg;2450000122 Hz;LoRa SF12;LoRa BW 1600;;;2021-04-12 17:21:24.400;;;Status:OK  Packet:75  AirTime:99 ms
50;COM8;Rx Ack-Msg;2450000122 Hz;LoRa SF12;LoRa BW 1600;-90 dBm;4 dB;2021-04-12 17:21:23;10:1111;10:2222;
51;COM8;Tx C-Msg;2450000122 Hz;LoRa SF12;LoRa BW 1600;;;2021-04-12 17:21:24.588;;;Status:OK  Packet:76  AirTime:99 ms
52;COM8;Rx Ack-Msg;2450000122 Hz;LoRa SF12;LoRa BW 1600;-90 dBm;4 dB;2021-04-12 17:21:23;10:1111;10:2222;
53;COM8;Tx C-Msg;2450000122 Hz;LoRa SF12;LoRa BW 1600;;;2021-04-12 17:21:24.799;;;Status:OK  Packet:77  AirTime:99 ms
54;COM8;Rx Ack-Msg;2450000122 Hz;LoRa SF12;LoRa BW 1600;-90 dBm;4 dB;2021-04-12 17:21:24;10:1111;10:2222;
55;COM8;Tx C-Msg;2450000122 Hz;LoRa SF12;LoRa BW 1600;;;2021-04-12 17:21:24.987;;;Status:OK  Packet:78  AirTime:99 ms
56;COM8;Rx Ack-Msg;2450000122 Hz;LoRa SF12;LoRa BW 1600;-90 dBm;4 dB;2021-04-12 17:21:24;10:1111;10:2222;
57;COM8;Tx C-Msg;2450000122 Hz;LoRa SF12;LoRa BW 1600;;;2021-04-12 17:21:25.183;;;Status:OK  Packet:79  AirTime:99 ms
58;COM8;Rx Ack-Msg;2450000122 Hz;LoRa SF12;LoRa BW 1600;-90 dBm;4 dB;2021-04-12 17:21:24;10:1111;10:2222;
59;COM8;Tx C-Msg;2450000122 Hz;LoRa SF12;LoRa BW 1600;;;2021-04-12 17:21:25.387;;;Status:OK  Packet:80  AirTime:99 ms
60;COM8;Rx Ack-Msg;2450000122 Hz;LoRa SF12;LoRa BW 1600;-90 dBm;5 dB;2021-04-12 17:21:24;10:1111;10:2222;
61;COM8;Tx C-Msg;2450000122 Hz;LoRa SF12;LoRa BW 1600;;;2021-04-12 17:21:25.583;;;Status:OK  Packet:81  AirTime:99 ms
62;COM8;Rx Ack-Msg;2450000122 Hz;LoRa SF12;LoRa BW 1600;-90 dBm;4 dB;2021-04-12 17:21:24;10:1111;10:2222;
63;COM8;Tx C-Msg;2450000122 Hz;LoRa SF12;LoRa BW 1600;;;2021-04-12 17:21:25.775;;;Status:OK  Packet:82  AirTime:99 ms
64;COM8;Rx Ack-Msg;2450000122 Hz;LoRa SF12;LoRa BW 1600;-90 dBm;5 dB;2021-04-12 17:21:25;10:1111;10:2222;
65;COM8;Tx C-Msg;2450000122 Hz;LoRa SF12;LoRa BW 1600;;;2021-04-12 17:21:25.983;;;Status:OK  Packet:83  AirTime:99 ms
66;COM8;Rx Ack-Msg;2450000122 Hz;LoRa SF12;LoRa BW 1600;-90 dBm;5 dB;2021-04-12 17:21:25;10:1111;10:2222;
67;COM8;Tx C-Msg;2450000122 Hz;LoRa SF12;LoRa BW 1600;;;2021-04-12 17:21:26.175;;;Status:OK  Packet:84  AirTime:99 ms
68;COM8;Rx Ack-Msg;2450000122 Hz;LoRa SF12;LoRa BW 1600;-90 dBm;5 dB;2021-04-12 17:21:25;10:1111;10:2222;
69;COM8;Tx C-Msg;2450000122 Hz;LoRa SF12;LoRa BW 1600;;;2021-04-12 17:21:26.382;;;Status:OK  Packet:85  AirTime:99 ms
70;COM8;Rx Ack-Msg;2450000122 Hz;LoRa SF12;LoRa BW 1600;-90 dBm;5 dB;2021-04-12 17:21:25;10:1111;10:2222;
71;COM8;Tx C-Msg;2450000122 Hz;LoRa SF12;LoRa BW 1600;;;2021-04-12 17:21:26.574;;;Status:OK  Packet:86  AirTime:99 ms
72;COM8;Rx Ack-Msg;2450000122 Hz;LoRa SF12;LoRa BW 1600;-90 dBm;5 dB;2021-04-12 17:21:25;10:1111;10:2222;
73;COM8;Tx C-Msg;2450000122 Hz;LoRa SF12;LoRa BW 1600;;;2021-04-12 17:21:27.005;;;Status:OK  Packet:87  AirTime:99 ms
74;COM8;Rx Ack-Msg;2450000122 Hz;LoRa SF12;LoRa BW 1600;-95 dBm;1 dB;2021-04-12 17:21:26;10:1111;10:2222;
75;COM8;Tx C-Msg;2450000122 Hz;LoRa SF12;LoRa BW 1600;;;2021-04-12 17:21:27.198;;;Status:OK  Packet:88  AirTime:99 ms
76;COM8;Rx Ack-Msg;2450000122 Hz;LoRa SF12;LoRa BW 1600;-94 dBm;2 dB;2021-04-12 17:21:26;10:1111;10:2222;
77;COM8;Tx C-Msg;2450000122 Hz;LoRa SF12;LoRa BW 1600;;;2021-04-12 17:21:27.482;;;Status:OK  Packet:89  AirTime:99 ms
78;COM8;Rx Ack-Msg;2450000122 Hz;LoRa SF12;LoRa BW 1600;-94 dBm;2 dB;2021-04-12 17:21:26;10:1111;10:2222;
79;COM8;Tx C-Msg;2450000122 Hz;LoRa SF12;LoRa BW 1600;;;2021-04-12 17:21:28.205;;;Status:OK  Packet:90  AirTime:99 ms
80;COM8;Rx Ack-Msg;2450000122 Hz;LoRa SF12;LoRa BW 1600;-93 dBm;3 dB;2021-04-12 17:21:27;10:1111;10:2222;
81;COM8;Tx C-Msg;2450000122 Hz;LoRa SF12;LoRa BW 1600;;;2021-04-12 17:21:28.413;;;Status:OK  Packet:91  AirTime:99 ms
82;COM8;Rx Ack-Msg;2450000122 Hz;LoRa SF12;LoRa BW 1600;-93 dBm;2 dB;2021-04-12 17:21:27;10:1111;10:2222;
83;COM8;Tx C-Msg;2450000122 Hz;LoRa SF12;LoRa BW 1600;;;2021-04-12 17:21:28.605;;;Status:OK  Packet:92  AirTime:99 ms
84;COM8;Rx Ack-Msg;2450000122 Hz;LoRa SF12;LoRa BW 1600;-94 dBm;2 dB;2021-04-12 17:21:27;10:1111;10:2222;
85;COM8;Tx C-Msg;2450000122 Hz;LoRa SF12;LoRa BW 1600;;;2021-04-12 17:21:28.813;;;Status:OK  Packet:93  AirTime:99 ms
86;COM8;Rx Ack-Msg;2450000122 Hz;LoRa SF12;LoRa BW 1600;-94 dBm;2 dB;2021-04-12 17:21:28;10:1111;10:2222;
87;COM8;Tx C-Msg;2450000122 Hz;LoRa SF12;LoRa BW 1600;;;2021-04-12 17:21:29.005;;;Status:OK  Packet:94  AirTime:99 ms
88;COM8;Rx Ack-Msg;2450000122 Hz;LoRa SF12;LoRa BW 1600;-95 dBm;3 dB;2021-04-12 17:21:28;10:1111;10:2222;
89;COM8;Tx C-Msg;2450000122 Hz;LoRa SF12;LoRa BW 1600;;;2021-04-12 17:21:29.193;;;Status:OK  Packet:95  AirTime:99 ms
90;COM8;Rx Ack-Msg;2450000122 Hz;LoRa SF12;LoRa BW 1600;-92 dBm;3 dB;2021-04-12 17:21:28;10:1111;10:2222;
91;COM8;Tx C-Msg;2450000122 Hz;LoRa SF12;LoRa BW 1600;;;2021-04-12 17:21:29.406;;;Status:OK  Packet:96  AirTime:99 ms
92;COM8;Rx Ack-Msg;2450000122 Hz;LoRa SF12;LoRa BW 1600;-91 dBm;3 dB;2021-04-12 17:21:28;10:1111;10:2222;
93;COM8;Tx C-Msg;2450000122 Hz;LoRa SF12;LoRa BW 1600;;;2021-04-12 17:21:29.619;;;Status:OK  Packet:97  AirTime:99 ms
94;COM8;Rx Ack-Msg;2450000122 Hz;LoRa SF12;LoRa BW 1600;-91 dBm;4 dB;2021-04-12 17:21:28;10:1111;10:2222;
95;COM8;Tx C-Msg;2450000122 Hz;LoRa SF12;LoRa BW 1600;;;2021-04-12 17:21:29.788;;;Status:OK  Packet:98  AirTime:99 ms
96;COM8;Rx Ack-Msg;2450000122 Hz;LoRa SF12;LoRa BW 1600;-92 dBm;4 dB;2021-04-12 17:21:29;10:1111;10:2222;
97;COM8;Tx C-Msg;2450000122 Hz;LoRa SF12;LoRa BW 1600;;;2021-04-12 17:21:30.011;;;Status:OK  Packet:99  AirTime:99 ms
98;COM8;Rx Ack-Msg;2450000122 Hz;LoRa SF12;LoRa BW 1600;-92 dBm;3 dB;2021-04-12 17:21:29;10:1111;10:2222;
99;COM8;Tx C-Msg;2450000122 Hz;LoRa SF12;LoRa BW 1600;;;2021-04-12 17:21:30.188;;;Status:OK  Packet:100  AirTime:99 ms
100;COM8;Rx Ack-Msg;2450000122 Hz;LoRa SF12;LoRa BW 1600;-93 dBm;3 dB;2021-04-12 17:21:29;10:1111;10:2222;
1;COM8;Tx C-Msg;2450000122 Hz;LoRa SF12;LoRa BW 1600;;;2021-04-12 17:29:07.715;;;Status:OK  Packet:1  AirTime:99 ms
2;COM8;Rx Ack-Msg;2450000122 Hz;LoRa SF12;LoRa BW 1600;-81 dBm;6 dB;2021-04-12 17:29:07;10:1111;10:2222;
3;COM8;Tx C-Msg;2450000122 Hz;LoRa SF12;LoRa BW 1600;;;2021-04-12 17:29:07.921;;;Status:OK  Packet:2  AirTime:99 ms
4;COM8;Rx Ack-Msg;2450000122 Hz;LoRa SF12;LoRa BW 1600;-81 dBm;5 dB;2021-04-12 17:29:07;10:1111;10:2222;
5;COM8;Tx C-Msg;2450000122 Hz;LoRa SF12;LoRa BW 1600;;;2021-04-12 17:29:08.096;;;Status:OK  Packet:3  AirTime:99 ms
6;COM8;Rx Ack-Msg;2450000122 Hz;LoRa SF12;LoRa BW 1600;-81 dBm;6 dB;2021-04-12 17:29:07;10:1111;10:2222;
7;COM8;Tx C-Msg;2450000122 Hz;LoRa SF12;LoRa BW 1600;;;2021-04-12 17:29:08.304;;;Status:OK  Packet:4  AirTime:99 ms
8;COM8;Rx Ack-Msg;2450000122 Hz;LoRa SF12;LoRa BW 1600;-82 dBm;6 dB;2021-04-12 17:29:07;10:1111;10:2222;
9;COM8;Tx C-Msg;2450000122 Hz;LoRa SF12;LoRa BW 1600;;;2021-04-12 17:29:08.496;;;Status:OK  Packet:5  AirTime:99 ms
10;COM8;Rx Ack-Msg;2450000122 Hz;LoRa SF12;LoRa BW 1600;-82 dBm;6 dB;2021-04-12 17:29:08;10:1111;10:2222;
11;COM8;Tx C-Msg;2450000122 Hz;LoRa SF12;LoRa BW 1600;;;2021-04-12 17:29:08.682;;;Status:OK  Packet:6  AirTime:99 ms
12;COM8;Rx Ack-Msg;2450000122 Hz;LoRa SF12;LoRa BW 1600;-83 dBm;5 dB;2021-04-12 17:29:08;10:1111;10:2222;
13;COM8;Tx C-Msg;2450000122 Hz;LoRa SF12;LoRa BW 1600;;;2021-04-12 17:29:08.897;;;Status:OK  Packet:7  AirTime:99 ms
14;COM8;Rx Ack-Msg;2450000122 Hz;LoRa SF12;LoRa BW 1600;-83 dBm;5 dB;2021-04-12 17:29:08;10:1111;10:2222;
15;COM8;Tx C-Msg;2450000122 Hz;LoRa SF12;LoRa BW 1600;;;2021-04-12 17:29:09.082;;;Status:OK  Packet:8  AirTime:99 ms
16;COM8;Rx Ack-Msg;2450000122 Hz;LoRa SF12;LoRa BW 1600;-83 dBm;5 dB;2021-04-12 17:29:08;10:1111;10:2222;
17;COM8;Tx C-Msg;2450000122 Hz;LoRa SF12;LoRa BW 1600;;;2021-04-12 17:29:09.296;;;Status:OK  Packet:9  AirTime:99 ms
18;COM8;Rx Ack-Msg;2450000122 Hz;LoRa SF12;LoRa BW 1600;-83 dBm;5 dB;2021-04-12 17:29:08;10:1111;10:2222;
19;COM8;Tx C-Msg;2450000122 Hz;LoRa SF12;LoRa BW 1600;;;2021-04-12 17:29:09.482;;;Status:OK  Packet:10  AirTime:99 ms
20;COM8;Rx Ack-Msg;2450000122 Hz;LoRa SF12;LoRa BW 1600;-83 dBm;5 dB;2021-04-12 17:29:09;10:1111;10:2222;
21;COM8;Tx C-Msg;2450000122 Hz;LoRa SF12;LoRa BW 1600;;;2021-04-12 17:29:09.680;;;Status:OK  Packet:11  AirTime:99 ms
22;COM8;Rx Ack-Msg;2450000122 Hz;LoRa SF12;LoRa BW 1600;-83 dBm;5 dB;2021-04-12 17:29:09;10:1111;10:2222;
23;COM8;Tx C-Msg;2450000122 Hz;LoRa SF12;LoRa BW 1600;;;2021-04-12 17:29:09.886;;;Status:OK  Packet:12  AirTime:99 ms
24;COM8;Rx Ack-Msg;2450000122 Hz;LoRa SF12;LoRa BW 1600;-83 dBm;5 dB;2021-04-12 17:29:09;10:1111;10:2222;
25;COM8;Tx C-Msg;2450000122 Hz;LoRa SF12;LoRa BW 1600;;;2021-04-12 17:29:10.079;;;Status:OK  Packet:13  AirTime:99 ms
26;COM8;Rx Ack-Msg;2450000122 Hz;LoRa SF12;LoRa BW 1600;-83 dBm;5 dB;2021-04-12 17:29:09;10:1111;10:2222;
27;COM8;Tx C-Msg;2450000122 Hz;LoRa SF12;LoRa BW 1600;;;2021-04-12 17:29:10.283;;;Status:OK  Packet:14  AirTime:99 ms
28;COM8;Rx Ack-Msg;2450000122 Hz;LoRa SF12;LoRa BW 1600;-83 dBm;5 dB;2021-04-12 17:29:09;10:1111;10:2222;
29;COM8;Tx C-Msg;2450000122 Hz;LoRa SF12;LoRa BW 1600;;;2021-04-12 17:29:10.479;;;Status:OK  Packet:15  AirTime:99 ms
30;COM8;Rx Ack-Msg;2450000122 Hz;LoRa SF12;LoRa BW 1600;-82 dBm;5 dB;2021-04-12 17:29:10;10:1111;10:2222;
31;COM8;Tx C-Msg;2450000122 Hz;LoRa SF12;LoRa BW 1600;;;2021-04-12 17:29:10.671;;;Status:OK  Packet:16  AirTime:99 ms
32;COM8;Rx Ack-Msg;2450000122 Hz;LoRa SF12;LoRa BW 1600;-82 dBm;5 dB;2021-04-12 17:29:10;10:1111;10:2222;
33;COM8;Tx C-Msg;2450000122 Hz;LoRa SF12;LoRa BW 1600;;;2021-04-12 17:29:10.877;;;Status:OK  Packet:17  AirTime:99 ms
34;COM8;Rx Ack-Msg;2450000122 Hz;LoRa SF12;LoRa BW 1600;-82 dBm;6 dB;2021-04-12 17:29:10;10:1111;10:2222;
35;COM8;Tx C-Msg;2450000122 Hz;LoRa SF12;LoRa BW 1600;;;2021-04-12 17:29:11.069;;;Status:OK  Packet:18  AirTime:99 ms
36;COM8;Rx Ack-Msg;2450000122 Hz;LoRa SF12;LoRa BW 1600;-82 dBm;5 dB;2021-04-12 17:29:10;10:1111;10:2222;
37;COM8;Tx C-Msg;2450000122 Hz;LoRa SF12;LoRa BW 1600;;;2021-04-12 17:29:11.262;;;Status:OK  Packet:19  AirTime:99 ms
38;COM8;Rx Ack-Msg;2450000122 Hz;LoRa SF12;LoRa BW 1600;-83 dBm;5 dB;2021-04-12 17:29:10;10:1111;10:2222;
39;COM8;Tx C-Msg;2450000122 Hz;LoRa SF12;LoRa BW 1600;;;2021-04-12 17:29:11.469;;;Status:OK  Packet:20  AirTime:99 ms
40;COM8;Rx Ack-Msg;2450000122 Hz;LoRa SF12;LoRa BW 1600;-85 dBm;5 dB;2021-04-12 17:29:11;10:1111;10:2222;
41;COM8;Tx C-Msg;2450000122 Hz;LoRa SF12;LoRa BW 1600;;;2021-04-12 17:29:11.662;;;Status:OK  Packet:21  AirTime:99 ms
42;COM8;Rx Ack-Msg;2450000122 Hz;LoRa SF12;LoRa BW 1600;-85 dBm;6 dB;2021-04-12 17:29:11;10:1111;10:2222;
43;COM8;Tx C-Msg;2450000122 Hz;LoRa SF12;LoRa BW 1600;;;2021-04-12 17:29:11.852;;;Status:OK  Packet:22  AirTime:99 ms
44;COM8;Rx Ack-Msg;2450000122 Hz;LoRa SF12;LoRa BW 1600;-84 dBm;5 dB;2021-04-12 17:29:11;10:1111;10:2222;
45;COM8;Tx C-Msg;2450000122 Hz;LoRa SF12;LoRa BW 1600;;;2021-04-12 17:29:12.061;;;Status:OK  Packet:23  AirTime:99 ms
46;COM8;Rx Ack-Msg;2450000122 Hz;LoRa SF12;LoRa BW 1600;-83 dBm;4 dB;2021-04-12 17:29:11;10:1111;10:2222;
47;COM8;Tx C-Msg;2450000122 Hz;LoRa SF12;LoRa BW 1600;;;2021-04-12 17:29:13.739;;;Status:OK  Packet:24  AirTime:99 ms
48;COM8;Rx Ack-Msg;2450000122 Hz;LoRa SF12;LoRa BW 1600;-88 dBm;5 dB;2021-04-12 17:29:13;10:1111;10:2222;
49;COM8;Tx C-Msg;2450000122 Hz;LoRa SF12;LoRa BW 1600;;;2021-04-12 17:29:13.927;;;Status:OK  Packet:25  AirTime:99 ms
50;COM8;Rx Ack-Msg;2450000122 Hz;LoRa SF12;LoRa BW 1600;-86 dBm;5 dB;2021-04-12 17:29:13;10:1111;10:2222;
51;COM8;Tx C-Msg;2450000122 Hz;LoRa SF12;LoRa BW 1600;;;2021-04-12 17:29:14.139;;;Status:OK  Packet:26  AirTime:99 ms
52;COM8;Rx Ack-Msg;2450000122 Hz;LoRa SF12;LoRa BW 1600;-85 dBm;5 dB;2021-04-12 17:29:13;10:1111;10:2222;
53;COM8;Tx C-Msg;2450000122 Hz;LoRa SF12;LoRa BW 1600;;;2021-04-12 17:29:14.331;;;Status:OK  Packet:27  AirTime:99 ms
54;COM8;Rx Ack-Msg;2450000122 Hz;LoRa SF12;LoRa BW 1600;-85 dBm;5 dB;2021-04-12 17:29:13;10:1111;10:2222;
55;COM8;Tx C-Msg;2450000122 Hz;LoRa SF12;LoRa BW 1600;;;2021-04-12 17:29:14.538;;;Status:OK  Packet:28  AirTime:99 ms
56;COM8;Rx Ack-Msg;2450000122 Hz;LoRa SF12;LoRa BW 1600;-86 dBm;5 dB;2021-04-12 17:29:14;10:1111;10:2222;
57;COM8;Tx C-Msg;2450000122 Hz;LoRa SF12;LoRa BW 1600;;;2021-04-12 17:29:14.728;;;Status:OK  Packet:29  AirTime:99 ms
58;COM8;Rx Ack-Msg;2450000122 Hz;LoRa SF12;LoRa BW 1600;-85 dBm;5 dB;2021-04-12 17:29:14;10:1111;10:2222;
59;COM8;Tx C-Msg;2450000122 Hz;LoRa SF12;LoRa BW 1600;;;2021-04-12 17:29:14.922;;;Status:OK  Packet:30  AirTime:99 ms
60;COM8;Rx Ack-Msg;2450000122 Hz;LoRa SF12;LoRa BW 1600;-85 dBm;6 dB;2021-04-12 17:29:14;10:1111;10:2222;
61;COM8;Tx C-Msg;2450000122 Hz;LoRa SF12;LoRa BW 1600;;;2021-04-12 17:29:15.127;;;Status:OK  Packet:31  AirTime:99 ms
62;COM8;Rx Ack-Msg;2450000122 Hz;LoRa SF12;LoRa BW 1600;-83 dBm;5 dB;2021-04-12 17:29:14;10:1111;10:2222;
63;COM8;Tx C-Msg;2450000122 Hz;LoRa SF12;LoRa BW 1600;;;2021-04-12 17:29:15.317;;;Status:OK  Packet:32  AirTime:99 ms
64;COM8;Rx Ack-Msg;2450000122 Hz;LoRa SF12;LoRa BW 1600;-83 dBm;5 dB;2021-04-12 17:29:14;10:1111;10:2222;
65;COM8;Tx C-Msg;2450000122 Hz;LoRa SF12;LoRa BW 1600;;;2021-04-12 17:29:15.515;;;Status:OK  Packet:33  AirTime:99 ms
66;COM8;Rx Ack-Msg;2450000122 Hz;LoRa SF12;LoRa BW 1600;-84 dBm;6 dB;2021-04-12 17:29:15;10:1111;10:2222;
67;COM8;Tx C-Msg;2450000122 Hz;LoRa SF12;LoRa BW 1600;;;2021-04-12 17:29:15.723;;;Status:OK  Packet:34  AirTime:99 ms
68;COM8;Rx Ack-Msg;2450000122 Hz;LoRa SF12;LoRa BW 1600;-87 dBm;4 dB;2021-04-12 17:29:15;10:1111;10:2222;
69;COM8;Tx C-Msg;2450000122 Hz;LoRa SF12;LoRa BW 1600;;;2021-04-12 17:29:15.914;;;Status:OK  Packet:35  AirTime:99 ms
70;COM8;Rx Ack-Msg;2450000122 Hz;LoRa SF12;LoRa BW 1600;-88 dBm;5 dB;2021-04-12 17:29:15;10:1111;10:2222;
71;COM8;Tx C-Msg;2450000122 Hz;LoRa SF12;LoRa BW 1600;;;2021-04-12 17:29:16.121;;;Status:OK  Packet:36  AirTime:99 ms
72;COM8;Rx Ack-Msg;2450000122 Hz;LoRa SF12;LoRa BW 1600;-88 dBm;5 dB;2021-04-12 17:29:15;10:1111;10:2222;
73;COM8;Tx C-Msg;2450000122 Hz;LoRa SF12;LoRa BW 1600;;;2021-04-12 17:29:16.314;;;Status:OK  Packet:37  AirTime:99 ms
74;COM8;Rx Ack-Msg;2450000122 Hz;LoRa SF12;LoRa BW 1600;-88 dBm;5 dB;2021-04-12 17:29:15;10:1111;10:2222;
75;COM8;Tx C-Msg;2450000122 Hz;LoRa SF12;LoRa BW 1600;;;2021-04-12 17:29:16.532;;;Status:OK  Packet:38  AirTime:99 ms
76;COM8;Rx Ack-Msg;2450000122 Hz;LoRa SF12;LoRa BW 1600;-88 dBm;4 dB;2021-04-12 17:29:16;10:1111;10:2222;
77;COM8;Tx C-Msg;2450000122 Hz;LoRa SF12;LoRa BW 1600;;;2021-04-12 17:29:16.729;;;Status:OK  Packet:39  AirTime:99 ms
78;COM8;Rx Ack-Msg;2450000122 Hz;LoRa SF12;LoRa BW 1600;-89 dBm;5 dB;2021-04-12 17:29:16;10:1111;10:2222;
79;COM8;Tx C-Msg;2450000122 Hz;LoRa SF12;LoRa BW 1600;;;2021-04-12 17:29:17.001;;;Status:OK  Packet:40  AirTime:99 ms
80;COM8;Rx Ack-Msg;2450000122 Hz;LoRa SF12;LoRa BW 1600;-88 dBm;5 dB;2021-04-12 17:29:16;10:1111;10:2222;
81;COM8;Tx C-Msg;2450000122 Hz;LoRa SF12;LoRa BW 1600;;;2021-04-12 17:29:17.210;;;Status:OK  Packet:41  AirTime:99 ms
82;COM8;Rx Ack-Msg;2450000122 Hz;LoRa SF12;LoRa BW 1600;-88 dBm;5 dB;2021-04-12 17:29:16;10:1111;10:2222;
83;COM8;Tx C-Msg;2450000122 Hz;LoRa SF12;LoRa BW 1600;;;2021-04-12 17:29:18.489;;;Status:OK  Packet:42  AirTime:99 ms
84;COM8;Rx Ack-Msg;2450000122 Hz;LoRa SF12;LoRa BW 1600;-85 dBm;4 dB;2021-04-12 17:29:18;10:1111;10:2222;
85;COM8;Tx C-Msg;2450000122 Hz;LoRa SF12;LoRa BW 1600;;;2021-04-12 17:29:18.695;;;Status:OK  Packet:43  AirTime:99 ms
86;COM8;Rx Ack-Msg;2450000122 Hz;LoRa SF12;LoRa BW 1600;-82 dBm;4 dB;2021-04-12 17:29:18;10:1111;10:2222;
87;COM8;Tx C-Msg;2450000122 Hz;LoRa SF12;LoRa BW 1600;;;2021-04-12 17:29:18.887;;;Status:OK  Packet:44  AirTime:99 ms
88;COM8;Rx Ack-Msg;2450000122 Hz;LoRa SF12;LoRa BW 1600;-81 dBm;6 dB;2021-04-12 17:29:18;10:1111;10:2222;
89;COM8;Tx C-Msg;2450000122 Hz;LoRa SF12;LoRa BW 1600;;;2021-04-12 17:29:19.080;;;Status:OK  Packet:45  AirTime:99 ms
90;COM8;Rx Ack-Msg;2450000122 Hz;LoRa SF12;LoRa BW 1600;-81 dBm;6 dB;2021-04-12 17:29:18;10:1111;10:2222;
91;COM8;Tx C-Msg;2450000122 Hz;LoRa SF12;LoRa BW 1600;;;2021-04-12 17:29:20.242;;;Status:OK  Packet:46  AirTime:99 ms
92;COM8;Rx Ack-Msg;2450000122 Hz;LoRa SF12;LoRa BW 1600;-81 dBm;5 dB;2021-04-12 17:29:19;10:1111;10:2222;
93;COM8;Tx C-Msg;2450000122 Hz;LoRa SF12;LoRa BW 1600;;;2021-04-12 17:29:20.562;;;Status:OK  Packet:47  AirTime:99 ms
94;COM8;Rx Ack-Msg;2450000122 Hz;LoRa SF12;LoRa BW 1600;-81 dBm;6 dB;2021-04-12 17:29:20;10:1111;10:2222;
95;COM8;Tx C-Msg;2450000122 Hz;LoRa SF12;LoRa BW 1600;;;2021-04-12 17:29:20.776;;;Status:OK  Packet:48  AirTime:99 ms
96;COM8;Rx Ack-Msg;2450000122 Hz;LoRa SF12;LoRa BW 1600;-81 dBm;5 dB;2021-04-12 17:29:20;10:1111;10:2222;
97;COM8;Tx C-Msg;2450000122 Hz;LoRa SF12;LoRa BW 1600;;;2021-04-12 17:29:21.937;;;Status:OK  Packet:49  AirTime:99 ms
98;COM8;Rx Ack-Msg;2450000122 Hz;LoRa SF12;LoRa BW 1600;-80 dBm;6 dB;2021-04-12 17:29:21;10:1111;10:2222;
99;COM8;Tx C-Msg;2450000122 Hz;LoRa SF12;LoRa BW 1600;;;2021-04-12 17:29:22.149;;;Status:OK  Packet:50  AirTime:99 ms
100;COM8;Rx Ack-Msg;2450000122 Hz;LoRa SF12;LoRa BW 1600;-80 dBm;5 dB;2021-04-12 17:29:21;10:1111;10:2222;
