No.;Port;Event;Frequency;SF / Datarate;Bandwidth;RSSI;SNR;Time;Dst Address;Src Address;Message Payload 
1;COM8;Tx C-Msg;2450000122 Hz;LoRa SF12;LoRa BW 1600;;;2021-04-12 17:38:53.894;;;Status:OK  Packet:52  AirTime:99 ms
2;COM8;Rx Ack-Msg;2450000122 Hz;LoRa SF12;LoRa BW 1600;-97 dBm;2 dB;2021-04-12 17:38:53;10:1111;10:2222;
3;COM8;Tx C-Msg;2450000122 Hz;LoRa SF12;LoRa BW 1600;;;2021-04-12 17:38:54.098;;;Status:OK  Packet:53  AirTime:99 ms
4;COM8;Rx Ack-Msg;2450000122 Hz;LoRa SF12;LoRa BW 1600;-97 dBm;2 dB;2021-04-12 17:38:53;10:1111;10:2222;
5;COM8;Tx C-Msg;2450000122 Hz;LoRa SF12;LoRa BW 1600;;;2021-04-12 17:38:54.294;;;Status:OK  Packet:54  AirTime:99 ms
6;COM8;Rx Ack-Msg;2450000122 Hz;LoRa SF12;LoRa BW 1600;-97 dBm;2 dB;2021-04-12 17:38:53;10:1111;10:2222;
7;COM8;Tx C-Msg;2450000122 Hz;LoRa SF12;LoRa BW 1600;;;2021-04-12 17:38:54.497;;;Status:OK  Packet:55  AirTime:99 ms
8;COM8;Rx Ack-Msg;2450000122 Hz;LoRa SF12;LoRa BW 1600;-97 dBm;2 dB;2021-04-12 17:38:54;10:1111;10:2222;
9;COM8;Tx C-Msg;2450000122 Hz;LoRa SF12;LoRa BW 1600;;;2021-04-12 17:38:54.693;;;Status:OK  Packet:56  AirTime:99 ms
10;COM8;Rx Ack-Msg;2450000122 Hz;LoRa SF12;LoRa BW 1600;-97 dBm;2 dB;2021-04-12 17:38:54;10:1111;10:2222;
11;COM8;Tx C-Msg;2450000122 Hz;LoRa SF12;LoRa BW 1600;;;2021-04-12 17:38:54.886;;;Status:OK  Packet:57  AirTime:99 ms
12;COM8;Rx Ack-Msg;2450000122 Hz;LoRa SF12;LoRa BW 1600;-97 dBm;2 dB;2021-04-12 17:38:54;10:1111;10:2222;
13;COM8;Tx C-Msg;2450000122 Hz;LoRa SF12;LoRa BW 1600;;;2021-04-12 17:38:55.094;;;Status:OK  Packet:58  AirTime:99 ms
14;COM8;Rx Ack-Msg;2450000122 Hz;LoRa SF12;LoRa BW 1600;-97 dBm;2 dB;2021-04-12 17:38:54;10:1111;10:2222;
15;COM8;Tx C-Msg;2450000122 Hz;LoRa SF12;LoRa BW 1600;;;2021-04-12 17:38:55.290;;;Status:OK  Packet:59  AirTime:99 ms
16;COM8;Rx Ack-Msg;2450000122 Hz;LoRa SF12;LoRa BW 1600;-97 dBm;1 dB;2021-04-12 17:38:54;10:1111;10:2222;
17;COM8;Tx C-Msg;2450000122 Hz;LoRa SF12;LoRa BW 1600;;;2021-04-12 17:38:55.495;;;Status:OK  Packet:60  AirTime:99 ms
18;COM8;Rx Ack-Msg;2450000122 Hz;LoRa SF12;LoRa BW 1600;-97 dBm;2 dB;2021-04-12 17:38:55;10:1111;10:2222;
19;COM8;Tx C-Msg;2450000122 Hz;LoRa SF12;LoRa BW 1600;;;2021-04-12 17:38:55.683;;;Status:OK  Packet:61  AirTime:99 ms
20;COM8;Rx Ack-Msg;2450000122 Hz;LoRa SF12;LoRa BW 1600;-97 dBm;2 dB;2021-04-12 17:38:55;10:1111;10:2222;
21;COM8;Tx C-Msg;2450000122 Hz;LoRa SF12;LoRa BW 1600;;;2021-04-12 17:38:55.873;;;Status:OK  Packet:62  AirTime:99 ms
22;COM8;Rx Ack-Msg;2450000122 Hz;LoRa SF12;LoRa BW 1600;-97 dBm;1 dB;2021-04-12 17:38:55;10:1111;10:2222;
23;COM8;Tx C-Msg;2450000122 Hz;LoRa SF12;LoRa BW 1600;;;2021-04-12 17:38:56.082;;;Status:OK  Packet:63  AirTime:99 ms
24;COM8;Rx Ack-Msg;2450000122 Hz;LoRa SF12;LoRa BW 1600;-97 dBm;1 dB;2021-04-12 17:38:55;10:1111;10:2222;
25;COM8;Tx C-Msg;2450000122 Hz;LoRa SF12;LoRa BW 1600;;;2021-04-12 17:38:56.272;;;Status:OK  Packet:64  AirTime:99 ms
26;COM8;Rx Ack-Msg;2450000122 Hz;LoRa SF12;LoRa BW 1600;-97 dBm;0 dB;2021-04-12 17:38:55;10:1111;10:2222;
27;COM8;Tx C-Msg;2450000122 Hz;LoRa SF12;LoRa BW 1600;;;2021-04-12 17:38:56.466;;;Status:OK  Packet:65  AirTime:99 ms
28;COM8;Rx Ack-Msg;2450000122 Hz;LoRa SF12;LoRa BW 1600;-97 dBm;-1 dB;2021-04-12 17:38:56;10:1111;10:2222;
29;COM8;Tx C-Msg;2450000122 Hz;LoRa SF12;LoRa BW 1600;;;2021-04-12 17:38:56.676;;;Status:OK  Packet:66  AirTime:99 ms
30;COM8;Rx Ack-Msg;2450000122 Hz;LoRa SF12;LoRa BW 1600;-99 dBm;0 dB;2021-04-12 17:38:56;10:1111;10:2222;
31;COM8;Tx C-Msg;2450000122 Hz;LoRa SF12;LoRa BW 1600;;;2021-04-12 17:38:56.868;;;Status:OK  Packet:67  AirTime:99 ms
32;COM8;Rx Ack-Msg;2450000122 Hz;LoRa SF12;LoRa BW 1600;-99 dBm;0 dB;2021-04-12 17:38:56;10:1111;10:2222;
33;COM8;Tx C-Msg;2450000122 Hz;LoRa SF12;LoRa BW 1600;;;2021-04-12 17:38:57.061;;;Status:OK  Packet:68  AirTime:99 ms
34;COM8;Rx Ack-Msg;2450000122 Hz;LoRa SF12;LoRa BW 1600;-98 dBm;0 dB;2021-04-12 17:38:56;10:1111;10:2222;
35;COM8;Tx C-Msg;2450000122 Hz;LoRa SF12;LoRa BW 1600;;;2021-04-12 17:38:57.268;;;Status:OK  Packet:69  AirTime:99 ms
36;COM8;Rx Ack-Msg;2450000122 Hz;LoRa SF12;LoRa BW 1600;-98 dBm;0 dB;2021-04-12 17:38:56;10:1111;10:2222;
37;COM8;Tx C-Msg;2450000122 Hz;LoRa SF12;LoRa BW 1600;;;2021-04-12 17:38:57.476;;;Status:OK  Packet:70  AirTime:99 ms
38;COM8;Rx Ack-Msg;2450000122 Hz;LoRa SF12;LoRa BW 1600;-98 dBm;0 dB;2021-04-12 17:38:57;10:1111;10:2222;
39;COM8;Tx C-Msg;2450000122 Hz;LoRa SF12;LoRa BW 1600;;;2021-04-12 17:38:57.647;;;Status:OK  Packet:71  AirTime:99 ms
40;COM8;Rx Ack-Msg;2450000122 Hz;LoRa SF12;LoRa BW 1600;-98 dBm;0 dB;2021-04-12 17:38:57;10:1111;10:2222;
41;COM8;Tx C-Msg;2450000122 Hz;LoRa SF12;LoRa BW 1600;;;2021-04-12 17:38:57.862;;;Status:OK  Packet:72  AirTime:99 ms
42;COM8;Rx Ack-Msg;2450000122 Hz;LoRa SF12;LoRa BW 1600;-98 dBm;0 dB;2021-04-12 17:38:57;10:1111;10:2222;
43;COM8;Tx C-Msg;2450000122 Hz;LoRa SF12;LoRa BW 1600;;;2021-04-12 17:38:58.053;;;Status:OK  Packet:73  AirTime:99 ms
44;COM8;Rx Ack-Msg;2450000122 Hz;LoRa SF12;LoRa BW 1600;-99 dBm;0 dB;2021-04-12 17:38:57;10:1111;10:2222;
45;COM8;Tx C-Msg;2450000122 Hz;LoRa SF12;LoRa BW 1600;;;2021-04-12 17:38:58.260;;;Status:OK  Packet:74  AirTime:99 ms
46;COM8;Rx Ack-Msg;2450000122 Hz;LoRa SF12;LoRa BW 1600;-99 dBm;0 dB;2021-04-12 17:38:57;10:1111;10:2222;
47;COM8;Tx C-Msg;2450000122 Hz;LoRa SF12;LoRa BW 1600;;;2021-04-12 17:38:58.452;;;Status:OK  Packet:75  AirTime:99 ms
48;COM8;Rx Ack-Msg;2450000122 Hz;LoRa SF12;LoRa BW 1600;-99 dBm;0 dB;2021-04-12 17:38:58;10:1111;10:2222;
49;COM8;Tx C-Msg;2450000122 Hz;LoRa SF12;LoRa BW 1600;;;2021-04-12 17:38:58.643;;;Status:OK  Packet:76  AirTime:99 ms
50;COM8;Rx Ack-Msg;2450000122 Hz;LoRa SF12;LoRa BW 1600;-99 dBm;0 dB;2021-04-12 17:38:58;10:1111;10:2222;
51;COM8;Tx C-Msg;2450000122 Hz;LoRa SF12;LoRa BW 1600;;;2021-04-12 17:38:58.860;;;Status:OK  Packet:77  AirTime:99 ms
52;COM8;Rx Ack-Msg;2450000122 Hz;LoRa SF12;LoRa BW 1600;-98 dBm;0 dB;2021-04-12 17:38:58;10:1111;10:2222;
53;COM8;Tx C-Msg;2450000122 Hz;LoRa SF12;LoRa BW 1600;;;2021-04-12 17:38:59.043;;;Status:OK  Packet:78  AirTime:99 ms
54;COM8;Rx Ack-Msg;2450000122 Hz;LoRa SF12;LoRa BW 1600;-98 dBm;-1 dB;2021-04-12 17:38:58;10:1111;10:2222;
55;COM8;Tx C-Msg;2450000122 Hz;LoRa SF12;LoRa BW 1600;;;2021-04-12 17:38:59.238;;;Status:OK  Packet:79  AirTime:99 ms
56;COM8;Rx Ack-Msg;2450000122 Hz;LoRa SF12;LoRa BW 1600;-98 dBm;0 dB;2021-04-12 17:38:58;10:1111;10:2222;
57;COM8;Tx C-Msg;2450000122 Hz;LoRa SF12;LoRa BW 1600;;;2021-04-12 17:38:59.442;;;Status:OK  Packet:80  AirTime:99 ms
58;COM8;Rx Ack-Msg;2450000122 Hz;LoRa SF12;LoRa BW 1600;-98 dBm;0 dB;2021-04-12 17:38:59;10:1111;10:2222;
59;COM8;Tx C-Msg;2450000122 Hz;LoRa SF12;LoRa BW 1600;;;2021-04-12 17:38:59.634;;;Status:OK  Packet:81  AirTime:99 ms
60;COM8;Rx Ack-Msg;2450000122 Hz;LoRa SF12;LoRa BW 1600;-98 dBm;0 dB;2021-04-12 17:38:59;10:1111;10:2222;
61;COM8;Tx C-Msg;2450000122 Hz;LoRa SF12;LoRa BW 1600;;;2021-04-12 17:38:59.838;;;Status:OK  Packet:82  AirTime:99 ms
62;COM8;Rx Ack-Msg;2450000122 Hz;LoRa SF12;LoRa BW 1600;-98 dBm;0 dB;2021-04-12 17:38:59;10:1111;10:2222;
63;COM8;Tx C-Msg;2450000122 Hz;LoRa SF12;LoRa BW 1600;;;2021-04-12 17:39:00.033;;;Status:OK  Packet:83  AirTime:99 ms
64;COM8;Rx Ack-Msg;2450000122 Hz;LoRa SF12;LoRa BW 1600;-98 dBm;0 dB;2021-04-12 17:38:59;10:1111;10:2222;
65;COM8;Tx C-Msg;2450000122 Hz;LoRa SF12;LoRa BW 1600;;;2021-04-12 17:39:00.226;;;Status:OK  Packet:84  AirTime:99 ms
66;COM8;Rx Ack-Msg;2450000122 Hz;LoRa SF12;LoRa BW 1600;-98 dBm;0 dB;2021-04-12 17:38:59;10:1111;10:2222;
67;COM8;Tx C-Msg;2450000122 Hz;LoRa SF12;LoRa BW 1600;;;2021-04-12 17:39:00.433;;;Status:OK  Packet:85  AirTime:99 ms
68;COM8;Rx Ack-Msg;2450000122 Hz;LoRa SF12;LoRa BW 1600;-98 dBm;0 dB;2021-04-12 17:39:00;10:1111;10:2222;
69;COM8;Tx C-Msg;2450000122 Hz;LoRa SF12;LoRa BW 1600;;;2021-04-12 17:39:00.644;;;Status:OK  Packet:86  AirTime:99 ms
70;COM8;Rx Ack-Msg;2450000122 Hz;LoRa SF12;LoRa BW 1600;-98 dBm;0 dB;2021-04-12 17:39:00;10:1111;10:2222;
71;COM8;Tx C-Msg;2450000122 Hz;LoRa SF12;LoRa BW 1600;;;2021-04-12 17:39:00.817;;;Status:OK  Packet:87  AirTime:99 ms
72;COM8;Rx Ack-Msg;2450000122 Hz;LoRa SF12;LoRa BW 1600;-98 dBm;0 dB;2021-04-12 17:39:00;10:1111;10:2222;
73;COM8;Tx C-Msg;2450000122 Hz;LoRa SF12;LoRa BW 1600;;;2021-04-12 17:39:01.028;;;Status:OK  Packet:88  AirTime:99 ms
74;COM8;Rx Ack-Msg;2450000122 Hz;LoRa SF12;LoRa BW 1600;-98 dBm;0 dB;2021-04-12 17:39:00;10:1111;10:2222;
75;COM8;Tx C-Msg;2450000122 Hz;LoRa SF12;LoRa BW 1600;;;2021-04-12 17:39:01.213;;;Status:OK  Packet:89  AirTime:99 ms
76;COM8;Rx Ack-Msg;2450000122 Hz;LoRa SF12;LoRa BW 1600;-98 dBm;0 dB;2021-04-12 17:39:00;10:1111;10:2222;
77;COM8;Tx C-Msg;2450000122 Hz;LoRa SF12;LoRa BW 1600;;;2021-04-12 17:39:01.409;;;Status:OK  Packet:90  AirTime:99 ms
78;COM8;Rx Ack-Msg;2450000122 Hz;LoRa SF12;LoRa BW 1600;-98 dBm;0 dB;2021-04-12 17:39:01;10:1111;10:2222;
79;COM8;Tx C-Msg;2450000122 Hz;LoRa SF12;LoRa BW 1600;;;2021-04-12 17:39:01.613;;;Status:OK  Packet:91  AirTime:99 ms
80;COM8;Rx Ack-Msg;2450000122 Hz;LoRa SF12;LoRa BW 1600;-98 dBm;0 dB;2021-04-12 17:39:01;10:1111;10:2222;
81;COM8;Tx C-Msg;2450000122 Hz;LoRa SF12;LoRa BW 1600;;;2021-04-12 17:39:01.809;;;Status:OK  Packet:92  AirTime:99 ms
82;COM8;Rx Ack-Msg;2450000122 Hz;LoRa SF12;LoRa BW 1600;-98 dBm;0 dB;2021-04-12 17:39:01;10:1111;10:2222;
83;COM8;Tx C-Msg;2450000122 Hz;LoRa SF12;LoRa BW 1600;;;2021-04-12 17:39:02.225;;;Status:OK  Packet:93  AirTime:99 ms
84;COM8;Rx Ack-Msg;2450000122 Hz;LoRa SF12;LoRa BW 1600;-98 dBm;0 dB;2021-04-12 17:39:01;10:1111;10:2222;
85;COM8;Tx C-Msg;2450000122 Hz;LoRa SF12;LoRa BW 1600;;;2021-04-12 17:39:02.412;;;Status:OK  Packet:94  AirTime:99 ms
86;COM8;Rx Ack-Msg;2450000122 Hz;LoRa SF12;LoRa BW 1600;-98 dBm;0 dB;2021-04-12 17:39:02;10:1111;10:2222;
87;COM8;Tx C-Msg;2450000122 Hz;LoRa SF12;LoRa BW 1600;;;2021-04-12 17:39:02.610;;;Status:OK  Packet:95  AirTime:99 ms
88;COM8;Rx Ack-Msg;2450000122 Hz;LoRa SF12;LoRa BW 1600;-98 dBm;0 dB;2021-04-12 17:39:02;10:1111;10:2222;
89;COM8;Tx C-Msg;2450000122 Hz;LoRa SF12;LoRa BW 1600;;;2021-04-12 17:39:02.812;;;Status:OK  Packet:96  AirTime:99 ms
90;COM8;Rx Ack-Msg;2450000122 Hz;LoRa SF12;LoRa BW 1600;-98 dBm;0 dB;2021-04-12 17:39:02;10:1111;10:2222;
91;COM8;Tx C-Msg;2450000122 Hz;LoRa SF12;LoRa BW 1600;;;2021-04-12 17:39:03.839;;;Status:OK  Packet:97  AirTime:99 ms
92;COM8;Rx Ack-Msg;2450000122 Hz;LoRa SF12;LoRa BW 1600;-97 dBm;-1 dB;2021-04-12 17:39:03;10:1111;10:2222;
93;COM8;Tx C-Msg;2450000122 Hz;LoRa SF12;LoRa BW 1600;;;2021-04-12 17:39:04.044;;;Status:OK  Packet:98  AirTime:99 ms
94;COM8;Rx Ack-Msg;2450000122 Hz;LoRa SF12;LoRa BW 1600;-98 dBm;0 dB;2021-04-12 17:39:03;10:1111;10:2222;
95;COM8;Tx C-Msg;2450000122 Hz;LoRa SF12;LoRa BW 1600;;;2021-04-12 17:39:04.240;;;Status:OK  Packet:99  AirTime:99 ms
96;COM8;Rx Ack-Msg;2450000122 Hz;LoRa SF12;LoRa BW 1600;-99 dBm;0 dB;2021-04-12 17:39:03;10:1111;10:2222;
97;COM8;Tx C-Msg;2450000122 Hz;LoRa SF12;LoRa BW 1600;;;2021-04-12 17:39:05.262;;;Status:OK  Packet:100  AirTime:99 ms
98;COM8;Rx Ack-Msg;2450000122 Hz;LoRa SF12;LoRa BW 1600;-98 dBm;0 dB;2021-04-12 17:39:04;10:1111;10:2222;
99;COM8;Tx C-Msg;2450000122 Hz;LoRa SF12;LoRa BW 1600;;;2021-04-12 17:39:05.455;;;Status:OK  Packet:101  AirTime:99 ms
100;COM8;Rx Ack-Msg;2450000122 Hz;LoRa SF12;LoRa BW 1600;-98 dBm;0 dB;2021-04-12 17:39:05;10:1111;10:2222;
1;COM8;Tx C-Msg;2450000122 Hz;LoRa SF12;LoRa BW 1600;;;2021-04-12 17:46:09.255;;;Status:OK  Packet:1  AirTime:99 ms
2;COM8;Rx Ack-Msg;2450000122 Hz;LoRa SF12;LoRa BW 1600;-81 dBm;5 dB;2021-04-12 17:46:09;10:1111;10:2222;
3;COM8;Tx C-Msg;2450000122 Hz;LoRa SF12;LoRa BW 1600;;;2021-04-12 17:46:11.172;;;Status:OK  Packet:2  AirTime:99 ms
4;COM8;Rx Ack-Msg;2450000122 Hz;LoRa SF12;LoRa BW 1600;-80 dBm;5 dB;2021-04-12 17:46:11;10:1111;10:2222;
5;COM8;Tx C-Msg;2450000122 Hz;LoRa SF12;LoRa BW 1600;;;2021-04-12 17:46:11.374;;;Status:OK  Packet:3  AirTime:99 ms
6;COM8;Rx Ack-Msg;2450000122 Hz;LoRa SF12;LoRa BW 1600;-80 dBm;5 dB;2021-04-12 17:46:11;10:1111;10:2222;
7;COM8;Tx C-Msg;2450000122 Hz;LoRa SF12;LoRa BW 1600;;;2021-04-12 17:46:11.552;;;Status:OK  Packet:4  AirTime:99 ms
8;COM8;Rx Ack-Msg;2450000122 Hz;LoRa SF12;LoRa BW 1600;-80 dBm;5 dB;2021-04-12 17:46:11;10:1111;10:2222;
9;COM8;Tx C-Msg;2450000122 Hz;LoRa SF12;LoRa BW 1600;;;2021-04-12 17:46:11.765;;;Status:OK  Packet:5  AirTime:99 ms
10;COM8;Rx Ack-Msg;2450000122 Hz;LoRa SF12;LoRa BW 1600;-81 dBm;5 dB;2021-04-12 17:46:11;10:1111;10:2222;
11;COM8;Tx C-Msg;2450000122 Hz;LoRa SF12;LoRa BW 1600;;;2021-04-12 17:46:11.952;;;Status:OK  Packet:6  AirTime:99 ms
12;COM8;Rx Ack-Msg;2450000122 Hz;LoRa SF12;LoRa BW 1600;-81 dBm;6 dB;2021-04-12 17:46:11;10:1111;10:2222;
13;COM8;Tx C-Msg;2450000122 Hz;LoRa SF12;LoRa BW 1600;;;2021-04-12 17:46:12.152;;;Status:OK  Packet:7  AirTime:99 ms
14;COM8;Rx Ack-Msg;2450000122 Hz;LoRa SF12;LoRa BW 1600;-81 dBm;5 dB;2021-04-12 17:46:12;10:1111;10:2222;
15;COM8;Tx C-Msg;2450000122 Hz;LoRa SF12;LoRa BW 1600;;;2021-04-12 17:46:12.354;;;Status:OK  Packet:8  AirTime:99 ms
16;COM8;Rx Ack-Msg;2450000122 Hz;LoRa SF12;LoRa BW 1600;-82 dBm;5 dB;2021-04-12 17:46:12;10:1111;10:2222;
17;COM8;Tx C-Msg;2450000122 Hz;LoRa SF12;LoRa BW 1600;;;2021-04-12 17:46:12.547;;;Status:OK  Packet:9  AirTime:99 ms
18;COM8;Rx Ack-Msg;2450000122 Hz;LoRa SF12;LoRa BW 1600;-82 dBm;6 dB;2021-04-12 17:46:12;10:1111;10:2222;
19;COM8;Tx C-Msg;2450000122 Hz;LoRa SF12;LoRa BW 1600;;;2021-04-12 17:46:12.755;;;Status:OK  Packet:10  AirTime:99 ms
20;COM8;Rx Ack-Msg;2450000122 Hz;LoRa SF12;LoRa BW 1600;-81 dBm;5 dB;2021-04-12 17:46:12;10:1111;10:2222;
21;COM8;Tx C-Msg;2450000122 Hz;LoRa SF12;LoRa BW 1600;;;2021-04-12 17:46:12.941;;;Status:OK  Packet:11  AirTime:99 ms
22;COM8;Rx Ack-Msg;2450000122 Hz;LoRa SF12;LoRa BW 1600;-81 dBm;6 dB;2021-04-12 17:46:12;10:1111;10:2222;
23;COM8;Tx C-Msg;2450000122 Hz;LoRa SF12;LoRa BW 1600;;;2021-04-12 17:46:13.138;;;Status:OK  Packet:12  AirTime:99 ms
24;COM8;Rx Ack-Msg;2450000122 Hz;LoRa SF12;LoRa BW 1600;-81 dBm;5 dB;2021-04-12 17:46:13;10:1111;10:2222;
25;COM8;Tx C-Msg;2450000122 Hz;LoRa SF12;LoRa BW 1600;;;2021-04-12 17:46:13.341;;;Status:OK  Packet:13  AirTime:99 ms
26;COM8;Rx Ack-Msg;2450000122 Hz;LoRa SF12;LoRa BW 1600;-81 dBm;5 dB;2021-04-12 17:46:13;10:1111;10:2222;
27;COM8;Tx C-Msg;2450000122 Hz;LoRa SF12;LoRa BW 1600;;;2021-04-12 17:46:13.539;;;Status:OK  Packet:14  AirTime:99 ms
28;COM8;Rx Ack-Msg;2450000122 Hz;LoRa SF12;LoRa BW 1600;-81 dBm;5 dB;2021-04-12 17:46:13;10:1111;10:2222;
29;COM8;Tx C-Msg;2450000122 Hz;LoRa SF12;LoRa BW 1600;;;2021-04-12 17:46:13.745;;;Status:OK  Packet:15  AirTime:99 ms
30;COM8;Rx Ack-Msg;2450000122 Hz;LoRa SF12;LoRa BW 1600;-81 dBm;5 dB;2021-04-12 17:46:13;10:1111;10:2222;
31;COM8;Tx C-Msg;2450000122 Hz;LoRa SF12;LoRa BW 1600;;;2021-04-12 17:46:13.939;;;Status:OK  Packet:16  AirTime:99 ms
32;COM8;Rx Ack-Msg;2450000122 Hz;LoRa SF12;LoRa BW 1600;-81 dBm;5 dB;2021-04-12 17:46:13;10:1111;10:2222;
33;COM8;Tx C-Msg;2450000122 Hz;LoRa SF12;LoRa BW 1600;;;2021-04-12 17:46:14.131;;;Status:OK  Packet:17  AirTime:99 ms
34;COM8;Rx Ack-Msg;2450000122 Hz;LoRa SF12;LoRa BW 1600;-81 dBm;5 dB;2021-04-12 17:46:14;10:1111;10:2222;
35;COM8;Tx C-Msg;2450000122 Hz;LoRa SF12;LoRa BW 1600;;;2021-04-12 17:46:14.334;;;Status:OK  Packet:18  AirTime:99 ms
36;COM8;Rx Ack-Msg;2450000122 Hz;LoRa SF12;LoRa BW 1600;-81 dBm;6 dB;2021-04-12 17:46:14;10:1111;10:2222;
37;COM8;Tx C-Msg;2450000122 Hz;LoRa SF12;LoRa BW 1600;;;2021-04-12 17:46:14.529;;;Status:OK  Packet:19  AirTime:99 ms
38;COM8;Rx Ack-Msg;2450000122 Hz;LoRa SF12;LoRa BW 1600;-81 dBm;6 dB;2021-04-12 17:46:14;10:1111;10:2222;
39;COM8;Tx C-Msg;2450000122 Hz;LoRa SF12;LoRa BW 1600;;;2021-04-12 17:46:14.722;;;Status:OK  Packet:20  AirTime:99 ms
40;COM8;Rx Ack-Msg;2450000122 Hz;LoRa SF12;LoRa BW 1600;-81 dBm;6 dB;2021-04-12 17:46:14;10:1111;10:2222;
41;COM8;Tx C-Msg;2450000122 Hz;LoRa SF12;LoRa BW 1600;;;2021-04-12 17:46:14.930;;;Status:OK  Packet:21  AirTime:99 ms
42;COM8;Rx Ack-Msg;2450000122 Hz;LoRa SF12;LoRa BW 1600;-81 dBm;6 dB;2021-04-12 17:46:14;10:1111;10:2222;
43;COM8;Tx C-Msg;2450000122 Hz;LoRa SF12;LoRa BW 1600;;;2021-04-12 17:46:15.121;;;Status:OK  Packet:22  AirTime:99 ms
44;COM8;Rx Ack-Msg;2450000122 Hz;LoRa SF12;LoRa BW 1600;-81 dBm;5 dB;2021-04-12 17:46:15;10:1111;10:2222;
45;COM8;Tx C-Msg;2450000122 Hz;LoRa SF12;LoRa BW 1600;;;2021-04-12 17:46:15.329;;;Status:OK  Packet:23  AirTime:99 ms
46;COM8;Rx Ack-Msg;2450000122 Hz;LoRa SF12;LoRa BW 1600;-81 dBm;6 dB;2021-04-12 17:46:15;10:1111;10:2222;
47;COM8;Tx C-Msg;2450000122 Hz;LoRa SF12;LoRa BW 1600;;;2021-04-12 17:46:15.516;;;Status:OK  Packet:24  AirTime:99 ms
48;COM8;Rx Ack-Msg;2450000122 Hz;LoRa SF12;LoRa BW 1600;-81 dBm;6 dB;2021-04-12 17:46:15;10:1111;10:2222;
49;COM8;Tx C-Msg;2450000122 Hz;LoRa SF12;LoRa BW 1600;;;2021-04-12 17:46:15.712;;;Status:OK  Packet:25  AirTime:99 ms
50;COM8;Rx Ack-Msg;2450000122 Hz;LoRa SF12;LoRa BW 1600;-81 dBm;5 dB;2021-04-12 17:46:15;10:1111;10:2222;
51;COM8;Tx C-Msg;2450000122 Hz;LoRa SF12;LoRa BW 1600;;;2021-04-12 17:46:15.917;;;Status:OK  Packet:26  AirTime:99 ms
52;COM8;Rx Ack-Msg;2450000122 Hz;LoRa SF12;LoRa BW 1600;-81 dBm;5 dB;2021-04-12 17:46:15;10:1111;10:2222;
53;COM8;Tx C-Msg;2450000122 Hz;LoRa SF12;LoRa BW 1600;;;2021-04-12 17:46:16.107;;;Status:OK  Packet:27  AirTime:99 ms
54;COM8;Rx Ack-Msg;2450000122 Hz;LoRa SF12;LoRa BW 1600;-81 dBm;5 dB;2021-04-12 17:46:16;10:1111;10:2222;
55;COM8;Tx C-Msg;2450000122 Hz;LoRa SF12;LoRa BW 1600;;;2021-04-12 17:46:16.320;;;Status:OK  Packet:28  AirTime:99 ms
56;COM8;Rx Ack-Msg;2450000122 Hz;LoRa SF12;LoRa BW 1600;-81 dBm;5 dB;2021-04-12 17:46:16;10:1111;10:2222;
57;COM8;Tx C-Msg;2450000122 Hz;LoRa SF12;LoRa BW 1600;;;2021-04-12 17:46:16.506;;;Status:OK  Packet:29  AirTime:99 ms
58;COM8;Rx Ack-Msg;2450000122 Hz;LoRa SF12;LoRa BW 1600;-81 dBm;5 dB;2021-04-12 17:46:16;10:1111;10:2222;
59;COM8;Tx C-Msg;2450000122 Hz;LoRa SF12;LoRa BW 1600;;;2021-04-12 17:46:16.702;;;Status:OK  Packet:30  AirTime:99 ms
60;COM8;Rx Ack-Msg;2450000122 Hz;LoRa SF12;LoRa BW 1600;-81 dBm;5 dB;2021-04-12 17:46:16;10:1111;10:2222;
61;COM8;Tx C-Msg;2450000122 Hz;LoRa SF12;LoRa BW 1600;;;2021-04-12 17:46:16.910;;;Status:OK  Packet:31  AirTime:99 ms
62;COM8;Rx Ack-Msg;2450000122 Hz;LoRa SF12;LoRa BW 1600;-81 dBm;5 dB;2021-04-12 17:46:16;10:1111;10:2222;
63;COM8;Tx C-Msg;2450000122 Hz;LoRa SF12;LoRa BW 1600;;;2021-04-12 17:46:17.102;;;Status:OK  Packet:32  AirTime:99 ms
64;COM8;Rx Ack-Msg;2450000122 Hz;LoRa SF12;LoRa BW 1600;-81 dBm;5 dB;2021-04-12 17:46:17;10:1111;10:2222;
65;COM8;Tx C-Msg;2450000122 Hz;LoRa SF12;LoRa BW 1600;;;2021-04-12 17:46:17.310;;;Status:OK  Packet:33  AirTime:99 ms
66;COM8;Rx Ack-Msg;2450000122 Hz;LoRa SF12;LoRa BW 1600;-81 dBm;5 dB;2021-04-12 17:46:17;10:1111;10:2222;
67;COM8;Tx C-Msg;2450000122 Hz;LoRa SF12;LoRa BW 1600;;;2021-04-12 17:46:17.497;;;Status:OK  Packet:34  AirTime:99 ms
68;COM8;Rx Ack-Msg;2450000122 Hz;LoRa SF12;LoRa BW 1600;-81 dBm;6 dB;2021-04-12 17:46:17;10:1111;10:2222;
69;COM8;Tx C-Msg;2450000122 Hz;LoRa SF12;LoRa BW 1600;;;2021-04-12 17:46:17.693;;;Status:OK  Packet:35  AirTime:99 ms
70;COM8;Rx Ack-Msg;2450000122 Hz;LoRa SF12;LoRa BW 1600;-81 dBm;6 dB;2021-04-12 17:46:17;10:1111;10:2222;
71;COM8;Tx C-Msg;2450000122 Hz;LoRa SF12;LoRa BW 1600;;;2021-04-12 17:46:17.896;;;Status:OK  Packet:36  AirTime:99 ms
72;COM8;Rx Ack-Msg;2450000122 Hz;LoRa SF12;LoRa BW 1600;-81 dBm;5 dB;2021-04-12 17:46:17;10:1111;10:2222;
73;COM8;Tx C-Msg;2450000122 Hz;LoRa SF12;LoRa BW 1600;;;2021-04-12 17:46:18.095;;;Status:OK  Packet:37  AirTime:99 ms
74;COM8;Rx Ack-Msg;2450000122 Hz;LoRa SF12;LoRa BW 1600;-81 dBm;5 dB;2021-04-12 17:46:18;10:1111;10:2222;
75;COM8;Tx C-Msg;2450000122 Hz;LoRa SF12;LoRa BW 1600;;;2021-04-12 17:46:18.284;;;Status:OK  Packet:38  AirTime:99 ms
76;COM8;Rx Ack-Msg;2450000122 Hz;LoRa SF12;LoRa BW 1600;-81 dBm;6 dB;2021-04-12 17:46:18;10:1111;10:2222;
77;COM8;Tx C-Msg;2450000122 Hz;LoRa SF12;LoRa BW 1600;;;2021-04-12 17:46:18.494;;;Status:OK  Packet:39  AirTime:99 ms
78;COM8;Rx Ack-Msg;2450000122 Hz;LoRa SF12;LoRa BW 1600;-81 dBm;5 dB;2021-04-12 17:46:18;10:1111;10:2222;
79;COM8;Tx C-Msg;2450000122 Hz;LoRa SF12;LoRa BW 1600;;;2021-04-12 17:46:18.684;;;Status:OK  Packet:40  AirTime:99 ms
80;COM8;Rx Ack-Msg;2450000122 Hz;LoRa SF12;LoRa BW 1600;-81 dBm;5 dB;2021-04-12 17:46:18;10:1111;10:2222;
81;COM8;Tx C-Msg;2450000122 Hz;LoRa SF12;LoRa BW 1600;;;2021-04-12 17:46:18.892;;;Status:OK  Packet:41  AirTime:99 ms
82;COM8;Rx Ack-Msg;2450000122 Hz;LoRa SF12;LoRa BW 1600;-81 dBm;5 dB;2021-04-12 17:46:18;10:1111;10:2222;
83;COM8;Tx C-Msg;2450000122 Hz;LoRa SF12;LoRa BW 1600;;;2021-04-12 17:46:19.085;;;Status:OK  Packet:42  AirTime:99 ms
84;COM8;Rx Ack-Msg;2450000122 Hz;LoRa SF12;LoRa BW 1600;-81 dBm;6 dB;2021-04-12 17:46:19;10:1111;10:2222;
85;COM8;Tx C-Msg;2450000122 Hz;LoRa SF12;LoRa BW 1600;;;2021-04-12 17:46:19.296;;;Status:OK  Packet:43  AirTime:99 ms
86;COM8;Rx Ack-Msg;2450000122 Hz;LoRa SF12;LoRa BW 1600;-81 dBm;6 dB;2021-04-12 17:46:19;10:1111;10:2222;
87;COM8;Tx C-Msg;2450000122 Hz;LoRa SF12;LoRa BW 1600;;;2021-04-12 17:46:19.484;;;Status:OK  Packet:44  AirTime:99 ms
88;COM8;Rx Ack-Msg;2450000122 Hz;LoRa SF12;LoRa BW 1600;-81 dBm;5 dB;2021-04-12 17:46:19;10:1111;10:2222;
89;COM8;Tx C-Msg;2450000122 Hz;LoRa SF12;LoRa BW 1600;;;2021-04-12 17:46:19.677;;;Status:OK  Packet:45  AirTime:99 ms
90;COM8;Rx Ack-Msg;2450000122 Hz;LoRa SF12;LoRa BW 1600;-81 dBm;5 dB;2021-04-12 17:46:19;10:1111;10:2222;
91;COM8;Tx C-Msg;2450000122 Hz;LoRa SF12;LoRa BW 1600;;;2021-04-12 17:46:19.867;;;Status:OK  Packet:46  AirTime:99 ms
92;COM8;Rx Ack-Msg;2450000122 Hz;LoRa SF12;LoRa BW 1600;-81 dBm;5 dB;2021-04-12 17:46:19;10:1111;10:2222;
93;COM8;Tx C-Msg;2450000122 Hz;LoRa SF12;LoRa BW 1600;;;2021-04-12 17:46:20.077;;;Status:OK  Packet:47  AirTime:99 ms
94;COM8;Rx Ack-Msg;2450000122 Hz;LoRa SF12;LoRa BW 1600;-81 dBm;6 dB;2021-04-12 17:46:20;10:1111;10:2222;
95;COM8;Tx C-Msg;2450000122 Hz;LoRa SF12;LoRa BW 1600;;;2021-04-12 17:46:20.263;;;Status:OK  Packet:48  AirTime:99 ms
96;COM8;Rx Ack-Msg;2450000122 Hz;LoRa SF12;LoRa BW 1600;-81 dBm;5 dB;2021-04-12 17:46:20;10:1111;10:2222;
97;COM8;Tx C-Msg;2450000122 Hz;LoRa SF12;LoRa BW 1600;;;2021-04-12 17:46:20.458;;;Status:OK  Packet:49  AirTime:99 ms
98;COM8;Rx Ack-Msg;2450000122 Hz;LoRa SF12;LoRa BW 1600;-81 dBm;6 dB;2021-04-12 17:46:20;10:1111;10:2222;
99;COM8;Tx C-Msg;2450000122 Hz;LoRa SF12;LoRa BW 1600;;;2021-04-12 17:46:20.668;;;Status:OK  Packet:50  AirTime:99 ms
100;COM8;Rx Ack-Msg;2450000122 Hz;LoRa SF12;LoRa BW 1600;-81 dBm;6 dB;2021-04-12 17:46:20;10:1111;10:2222;
1;COM8;Tx C-Msg;2450000122 Hz;LoRa SF12;LoRa BW 1600;;;2021-04-12 17:49:15.754;;;Status:OK  Packet:54  AirTime:99 ms
2;COM8;Rx Ack-Msg;2450000122 Hz;LoRa SF12;LoRa BW 1600;-95 dBm;2 dB;2021-04-12 17:49:15;10:1111;10:2222;
3;COM8;Tx C-Msg;2450000122 Hz;LoRa SF12;LoRa BW 1600;;;2021-04-12 17:49:17.848;;;Status:OK  Packet:55  AirTime:99 ms
4;COM8;Rx Ack-Msg;2450000122 Hz;LoRa SF12;LoRa BW 1600;-95 dBm;3 dB;2021-04-12 17:49:17;10:1111;10:2222;
5;COM8;Tx C-Msg;2450000122 Hz;LoRa SF12;LoRa BW 1600;;;2021-04-12 17:49:18.041;;;Status:OK  Packet:56  AirTime:99 ms
6;COM8;Rx Ack-Msg;2450000122 Hz;LoRa SF12;LoRa BW 1600;-95 dBm;3 dB;2021-04-12 17:49:17;10:1111;10:2222;
7;COM8;Tx C-Msg;2450000122 Hz;LoRa SF12;LoRa BW 1600;;;2021-04-12 17:49:18.226;;;Status:OK  Packet:57  AirTime:99 ms
8;COM8;Rx Ack-Msg;2450000122 Hz;LoRa SF12;LoRa BW 1600;-96 dBm;3 dB;2021-04-12 17:49:18;10:1111;10:2222;
9;COM8;Tx C-Msg;2450000122 Hz;LoRa SF12;LoRa BW 1600;;;2021-04-12 17:49:18.438;;;Status:OK  Packet:58  AirTime:99 ms
10;COM8;Rx Ack-Msg;2450000122 Hz;LoRa SF12;LoRa BW 1600;-96 dBm;3 dB;2021-04-12 17:49:18;10:1111;10:2222;
11;COM8;Tx C-Msg;2450000122 Hz;LoRa SF12;LoRa BW 1600;;;2021-04-12 17:49:18.627;;;Status:OK  Packet:59  AirTime:99 ms
12;COM8;Rx Ack-Msg;2450000122 Hz;LoRa SF12;LoRa BW 1600;-96 dBm;3 dB;2021-04-12 17:49:18;10:1111;10:2222;
13;COM8;Tx C-Msg;2450000122 Hz;LoRa SF12;LoRa BW 1600;;;2021-04-12 17:49:18.839;;;Status:OK  Packet:60  AirTime:99 ms
14;COM8;Rx Ack-Msg;2450000122 Hz;LoRa SF12;LoRa BW 1600;-95 dBm;3 dB;2021-04-12 17:49:18;10:1111;10:2222;
15;COM8;Tx C-Msg;2450000122 Hz;LoRa SF12;LoRa BW 1600;;;2021-04-12 17:49:19.031;;;Status:OK  Packet:61  AirTime:99 ms
16;COM8;Rx Ack-Msg;2450000122 Hz;LoRa SF12;LoRa BW 1600;-95 dBm;3 dB;2021-04-12 17:49:18;10:1111;10:2222;
17;COM8;Tx C-Msg;2450000122 Hz;LoRa SF12;LoRa BW 1600;;;2021-04-12 17:49:19.222;;;Status:OK  Packet:62  AirTime:99 ms
18;COM8;Rx Ack-Msg;2450000122 Hz;LoRa SF12;LoRa BW 1600;-95 dBm;2 dB;2021-04-12 17:49:19;10:1111;10:2222;
19;COM8;Tx C-Msg;2450000122 Hz;LoRa SF12;LoRa BW 1600;;;2021-04-12 17:49:19.431;;;Status:OK  Packet:63  AirTime:99 ms
20;COM8;Rx Ack-Msg;2450000122 Hz;LoRa SF12;LoRa BW 1600;-95 dBm;2 dB;2021-04-12 17:49:19;10:1111;10:2222;
21;COM8;Tx C-Msg;2450000122 Hz;LoRa SF12;LoRa BW 1600;;;2021-04-12 17:49:19.621;;;Status:OK  Packet:64  AirTime:99 ms
22;COM8;Rx Ack-Msg;2450000122 Hz;LoRa SF12;LoRa BW 1600;-95 dBm;2 dB;2021-04-12 17:49:19;10:1111;10:2222;
23;COM8;Tx C-Msg;2450000122 Hz;LoRa SF12;LoRa BW 1600;;;2021-04-12 17:49:19.830;;;Status:OK  Packet:65  AirTime:99 ms
24;COM8;Rx Ack-Msg;2450000122 Hz;LoRa SF12;LoRa BW 1600;-96 dBm;3 dB;2021-04-12 17:49:19;10:1111;10:2222;
25;COM8;Tx C-Msg;2450000122 Hz;LoRa SF12;LoRa BW 1600;;;2021-04-12 17:49:20.017;;;Status:OK  Packet:66  AirTime:99 ms
26;COM8;Rx Ack-Msg;2450000122 Hz;LoRa SF12;LoRa BW 1600;-96 dBm;3 dB;2021-04-12 17:49:19;10:1111;10:2222;
27;COM8;Tx C-Msg;2450000122 Hz;LoRa SF12;LoRa BW 1600;;;2021-04-12 17:49:20.214;;;Status:OK  Packet:67  AirTime:99 ms
28;COM8;Rx Ack-Msg;2450000122 Hz;LoRa SF12;LoRa BW 1600;-96 dBm;2 dB;2021-04-12 17:49:20;10:1111;10:2222;
29;COM8;Tx C-Msg;2450000122 Hz;LoRa SF12;LoRa BW 1600;;;2021-04-12 17:49:20.417;;;Status:OK  Packet:68  AirTime:99 ms
30;COM8;Rx Ack-Msg;2450000122 Hz;LoRa SF12;LoRa BW 1600;-96 dBm;2 dB;2021-04-12 17:49:20;10:1111;10:2222;
31;COM8;Tx C-Msg;2450000122 Hz;LoRa SF12;LoRa BW 1600;;;2021-04-12 17:49:20.615;;;Status:OK  Packet:69  AirTime:99 ms
32;COM8;Rx Ack-Msg;2450000122 Hz;LoRa SF12;LoRa BW 1600;-96 dBm;2 dB;2021-04-12 17:49:20;10:1111;10:2222;
33;COM8;Tx C-Msg;2450000122 Hz;LoRa SF12;LoRa BW 1600;;;2021-04-12 17:49:20.804;;;Status:OK  Packet:70  AirTime:99 ms
34;COM8;Rx Ack-Msg;2450000122 Hz;LoRa SF12;LoRa BW 1600;-96 dBm;3 dB;2021-04-12 17:49:20;10:1111;10:2222;
35;COM8;Tx C-Msg;2450000122 Hz;LoRa SF12;LoRa BW 1600;;;2021-04-12 17:49:21.014;;;Status:OK  Packet:71  AirTime:99 ms
36;COM8;Rx Ack-Msg;2450000122 Hz;LoRa SF12;LoRa BW 1600;-97 dBm;2 dB;2021-04-12 17:49:20;10:1111;10:2222;
37;COM8;Tx C-Msg;2450000122 Hz;LoRa SF12;LoRa BW 1600;;;2021-04-12 17:49:21.204;;;Status:OK  Packet:72  AirTime:99 ms
38;COM8;Rx Ack-Msg;2450000122 Hz;LoRa SF12;LoRa BW 1600;-97 dBm;3 dB;2021-04-12 17:49:21;10:1111;10:2222;
39;COM8;Tx C-Msg;2450000122 Hz;LoRa SF12;LoRa BW 1600;;;2021-04-12 17:49:21.413;;;Status:OK  Packet:73  AirTime:99 ms
40;COM8;Rx Ack-Msg;2450000122 Hz;LoRa SF12;LoRa BW 1600;-97 dBm;2 dB;2021-04-12 17:49:21;10:1111;10:2222;
41;COM8;Tx C-Msg;2450000122 Hz;LoRa SF12;LoRa BW 1600;;;2021-04-12 17:49:21.604;;;Status:OK  Packet:74  AirTime:99 ms
42;COM8;Rx Ack-Msg;2450000122 Hz;LoRa SF12;LoRa BW 1600;-96 dBm;2 dB;2021-04-12 17:49:21;10:1111;10:2222;
43;COM8;Tx C-Msg;2450000122 Hz;LoRa SF12;LoRa BW 1600;;;2021-04-12 17:49:21.793;;;Status:OK  Packet:75  AirTime:99 ms
44;COM8;Rx Ack-Msg;2450000122 Hz;LoRa SF12;LoRa BW 1600;-96 dBm;2 dB;2021-04-12 17:49:21;10:1111;10:2222;
45;COM8;Tx C-Msg;2450000122 Hz;LoRa SF12;LoRa BW 1600;;;2021-04-12 17:49:22.004;;;Status:OK  Packet:76  AirTime:99 ms
46;COM8;Rx Ack-Msg;2450000122 Hz;LoRa SF12;LoRa BW 1600;-96 dBm;2 dB;2021-04-12 17:49:21;10:1111;10:2222;
47;COM8;Tx C-Msg;2450000122 Hz;LoRa SF12;LoRa BW 1600;;;2021-04-12 17:49:22.197;;;Status:OK  Packet:77  AirTime:99 ms
48;COM8;Rx Ack-Msg;2450000122 Hz;LoRa SF12;LoRa BW 1600;-96 dBm;2 dB;2021-04-12 17:49:22;10:1111;10:2222;
49;COM8;Tx C-Msg;2450000122 Hz;LoRa SF12;LoRa BW 1600;;;2021-04-12 17:49:22.404;;;Status:OK  Packet:78  AirTime:99 ms
50;COM8;Rx Ack-Msg;2450000122 Hz;LoRa SF12;LoRa BW 1600;-96 dBm;2 dB;2021-04-12 17:49:22;10:1111;10:2222;
51;COM8;Tx C-Msg;2450000122 Hz;LoRa SF12;LoRa BW 1600;;;2021-04-12 17:49:22.597;;;Status:OK  Packet:79  AirTime:99 ms
52;COM8;Rx Ack-Msg;2450000122 Hz;LoRa SF12;LoRa BW 1600;-96 dBm;1 dB;2021-04-12 17:49:22;10:1111;10:2222;
53;COM8;Tx C-Msg;2450000122 Hz;LoRa SF12;LoRa BW 1600;;;2021-04-12 17:49:22.786;;;Status:OK  Packet:80  AirTime:99 ms
54;COM8;Rx Ack-Msg;2450000122 Hz;LoRa SF12;LoRa BW 1600;-97 dBm;2 dB;2021-04-12 17:49:22;10:1111;10:2222;
55;COM8;Tx C-Msg;2450000122 Hz;LoRa SF12;LoRa BW 1600;;;2021-04-12 17:49:22.995;;;Status:OK  Packet:81  AirTime:99 ms
56;COM8;Rx Ack-Msg;2450000122 Hz;LoRa SF12;LoRa BW 1600;-96 dBm;3 dB;2021-04-12 17:49:22;10:1111;10:2222;
57;COM8;Tx C-Msg;2450000122 Hz;LoRa SF12;LoRa BW 1600;;;2021-04-12 17:49:23.182;;;Status:OK  Packet:82  AirTime:99 ms
58;COM8;Rx Ack-Msg;2450000122 Hz;LoRa SF12;LoRa BW 1600;-96 dBm;2 dB;2021-04-12 17:49:23;10:1111;10:2222;
59;COM8;Tx C-Msg;2450000122 Hz;LoRa SF12;LoRa BW 1600;;;2021-04-12 17:49:23.394;;;Status:OK  Packet:83  AirTime:99 ms
60;COM8;Rx Ack-Msg;2450000122 Hz;LoRa SF12;LoRa BW 1600;-96 dBm;2 dB;2021-04-12 17:49:23;10:1111;10:2222;
61;COM8;Tx C-Msg;2450000122 Hz;LoRa SF12;LoRa BW 1600;;;2021-04-12 17:49:23.581;;;Status:OK  Packet:84  AirTime:99 ms
62;COM8;Rx Ack-Msg;2450000122 Hz;LoRa SF12;LoRa BW 1600;-96 dBm;2 dB;2021-04-12 17:49:23;10:1111;10:2222;
63;COM8;Tx C-Msg;2450000122 Hz;LoRa SF12;LoRa BW 1600;;;2021-04-12 17:49:23.778;;;Status:OK  Packet:85  AirTime:99 ms
64;COM8;Rx Ack-Msg;2450000122 Hz;LoRa SF12;LoRa BW 1600;-97 dBm;3 dB;2021-04-12 17:49:23;10:1111;10:2222;
65;COM8;Tx C-Msg;2450000122 Hz;LoRa SF12;LoRa BW 1600;;;2021-04-12 17:49:23.982;;;Status:OK  Packet:86  AirTime:99 ms
66;COM8;Rx Ack-Msg;2450000122 Hz;LoRa SF12;LoRa BW 1600;-96 dBm;3 dB;2021-04-12 17:49:23;10:1111;10:2222;
67;COM8;Tx C-Msg;2450000122 Hz;LoRa SF12;LoRa BW 1600;;;2021-04-12 17:49:24.179;;;Status:OK  Packet:87  AirTime:99 ms
68;COM8;Rx Ack-Msg;2450000122 Hz;LoRa SF12;LoRa BW 1600;-97 dBm;3 dB;2021-04-12 17:49:24;10:1111;10:2222;
69;COM8;Tx C-Msg;2450000122 Hz;LoRa SF12;LoRa BW 1600;;;2021-04-12 17:49:24.369;;;Status:OK  Packet:88  AirTime:99 ms
70;COM8;Rx Ack-Msg;2450000122 Hz;LoRa SF12;LoRa BW 1600;-97 dBm;2 dB;2021-04-12 17:49:24;10:1111;10:2222;
71;COM8;Tx C-Msg;2450000122 Hz;LoRa SF12;LoRa BW 1600;;;2021-04-12 17:49:24.579;;;Status:OK  Packet:89  AirTime:99 ms
72;COM8;Rx Ack-Msg;2450000122 Hz;LoRa SF12;LoRa BW 1600;-97 dBm;2 dB;2021-04-12 17:49:24;10:1111;10:2222;
73;COM8;Tx C-Msg;2450000122 Hz;LoRa SF12;LoRa BW 1600;;;2021-04-12 17:49:24.769;;;Status:OK  Packet:90  AirTime:99 ms
74;COM8;Rx Ack-Msg;2450000122 Hz;LoRa SF12;LoRa BW 1600;-96 dBm;2 dB;2021-04-12 17:49:24;10:1111;10:2222;
75;COM8;Tx C-Msg;2450000122 Hz;LoRa SF12;LoRa BW 1600;;;2021-04-12 17:49:24.973;;;Status:OK  Packet:91  AirTime:99 ms
76;COM8;Rx Ack-Msg;2450000122 Hz;LoRa SF12;LoRa BW 1600;-96 dBm;2 dB;2021-04-12 17:49:24;10:1111;10:2222;
77;COM8;Tx C-Msg;2450000122 Hz;LoRa SF12;LoRa BW 1600;;;2021-04-12 17:49:25.169;;;Status:OK  Packet:92  AirTime:99 ms
78;COM8;Rx Ack-Msg;2450000122 Hz;LoRa SF12;LoRa BW 1600;-96 dBm;2 dB;2021-04-12 17:49:25;10:1111;10:2222;
79;COM8;Tx C-Msg;2450000122 Hz;LoRa SF12;LoRa BW 1600;;;2021-04-12 17:49:25.357;;;Status:OK  Packet:93  AirTime:99 ms
80;COM8;Rx Ack-Msg;2450000122 Hz;LoRa SF12;LoRa BW 1600;-96 dBm;2 dB;2021-04-12 17:49:25;10:1111;10:2222;
81;COM8;Tx C-Msg;2450000122 Hz;LoRa SF12;LoRa BW 1600;;;2021-04-12 17:49:25.568;;;Status:OK  Packet:94  AirTime:99 ms
82;COM8;Rx Ack-Msg;2450000122 Hz;LoRa SF12;LoRa BW 1600;-96 dBm;2 dB;2021-04-12 17:49:25;10:1111;10:2222;
83;COM8;Tx C-Msg;2450000122 Hz;LoRa SF12;LoRa BW 1600;;;2021-04-12 17:49:25.757;;;Status:OK  Packet:95  AirTime:99 ms
84;COM8;Rx Ack-Msg;2450000122 Hz;LoRa SF12;LoRa BW 1600;-97 dBm;2 dB;2021-04-12 17:49:25;10:1111;10:2222;
85;COM8;Tx C-Msg;2450000122 Hz;LoRa SF12;LoRa BW 1600;;;2021-04-12 17:49:25.968;;;Status:OK  Packet:96  AirTime:99 ms
86;COM8;Rx Ack-Msg;2450000122 Hz;LoRa SF12;LoRa BW 1600;-97 dBm;2 dB;2021-04-12 17:49:25;10:1111;10:2222;
87;COM8;Tx C-Msg;2450000122 Hz;LoRa SF12;LoRa BW 1600;;;2021-04-12 17:49:26.161;;;Status:OK  Packet:97  AirTime:99 ms
88;COM8;Rx Ack-Msg;2450000122 Hz;LoRa SF12;LoRa BW 1600;-96 dBm;2 dB;2021-04-12 17:49:26;10:1111;10:2222;
89;COM8;Tx C-Msg;2450000122 Hz;LoRa SF12;LoRa BW 1600;;;2021-04-12 17:49:26.347;;;Status:OK  Packet:98  AirTime:99 ms
90;COM8;Rx Ack-Msg;2450000122 Hz;LoRa SF12;LoRa BW 1600;-96 dBm;2 dB;2021-04-12 17:49:26;10:1111;10:2222;
91;COM8;Tx C-Msg;2450000122 Hz;LoRa SF12;LoRa BW 1600;;;2021-04-12 17:49:26.558;;;Status:OK  Packet:99  AirTime:99 ms
92;COM8;Rx Ack-Msg;2450000122 Hz;LoRa SF12;LoRa BW 1600;-96 dBm;1 dB;2021-04-12 17:49:26;10:1111;10:2222;
93;COM8;Tx C-Msg;2450000122 Hz;LoRa SF12;LoRa BW 1600;;;2021-04-12 17:49:26.746;;;Status:OK  Packet:100  AirTime:99 ms
94;COM8;Rx Ack-Msg;2450000122 Hz;LoRa SF12;LoRa BW 1600;-96 dBm;1 dB;2021-04-12 17:49:26;10:1111;10:2222;
95;COM8;Tx C-Msg;2450000122 Hz;LoRa SF12;LoRa BW 1600;;;2021-04-12 17:49:26.946;;;Status:OK  Packet:101  AirTime:99 ms
96;COM8;Rx Ack-Msg;2450000122 Hz;LoRa SF12;LoRa BW 1600;-97 dBm;3 dB;2021-04-12 17:49:26;10:1111;10:2222;
97;COM8;Tx C-Msg;2450000122 Hz;LoRa SF12;LoRa BW 1600;;;2021-04-12 17:49:27.150;;;Status:OK  Packet:102  AirTime:99 ms
98;COM8;Rx Ack-Msg;2450000122 Hz;LoRa SF12;LoRa BW 1600;-97 dBm;2 dB;2021-04-12 17:49:27;10:1111;10:2222;
99;COM8;Tx C-Msg;2450000122 Hz;LoRa SF12;LoRa BW 1600;;;2021-04-12 17:49:27.342;;;Status:OK  Packet:103  AirTime:99 ms
100;COM8;Rx Ack-Msg;2450000122 Hz;LoRa SF12;LoRa BW 1600;-97 dBm;2 dB;2021-04-12 17:49:27;10:1111;10:2222;
1;COM8;Tx C-Msg;2450000122 Hz;LoRa SF12;LoRa BW 1600;;;2021-04-12 17:56:41.031;;;Status:OK  Packet:1  AirTime:99 ms
2;COM8;Rx Ack-Msg;2450000122 Hz;LoRa SF12;LoRa BW 1600;-81 dBm;5 dB;2021-04-12 17:56:41;10:1111;10:2222;
3;COM8;Tx C-Msg;2450000122 Hz;LoRa SF12;LoRa BW 1600;;;2021-04-12 17:56:42.802;;;Status:OK  Packet:2  AirTime:99 ms
4;COM8;Rx Ack-Msg;2450000122 Hz;LoRa SF12;LoRa BW 1600;-82 dBm;6 dB;2021-04-12 17:56:42;10:1111;10:2222;
5;COM8;Tx C-Msg;2450000122 Hz;LoRa SF12;LoRa BW 1600;;;2021-04-12 17:56:43.015;;;Status:OK  Packet:3  AirTime:99 ms
6;COM8;Rx Ack-Msg;2450000122 Hz;LoRa SF12;LoRa BW 1600;-82 dBm;6 dB;2021-04-12 17:56:43;10:1111;10:2222;
7;COM8;Tx C-Msg;2450000122 Hz;LoRa SF12;LoRa BW 1600;;;2021-04-12 17:56:43.201;;;Status:OK  Packet:4  AirTime:99 ms
8;COM8;Rx Ack-Msg;2450000122 Hz;LoRa SF12;LoRa BW 1600;-82 dBm;6 dB;2021-04-12 17:56:43;10:1111;10:2222;
9;COM8;Tx C-Msg;2450000122 Hz;LoRa SF12;LoRa BW 1600;;;2021-04-12 17:56:43.416;;;Status:OK  Packet:5  AirTime:99 ms
10;COM8;Rx Ack-Msg;2450000122 Hz;LoRa SF12;LoRa BW 1600;-82 dBm;6 dB;2021-04-12 17:56:43;10:1111;10:2222;
11;COM8;Tx C-Msg;2450000122 Hz;LoRa SF12;LoRa BW 1600;;;2021-04-12 17:56:43.601;;;Status:OK  Packet:6  AirTime:99 ms
12;COM8;Rx Ack-Msg;2450000122 Hz;LoRa SF12;LoRa BW 1600;-81 dBm;5 dB;2021-04-12 17:56:43;10:1111;10:2222;
13;COM8;Tx C-Msg;2450000122 Hz;LoRa SF12;LoRa BW 1600;;;2021-04-12 17:56:43.802;;;Status:OK  Packet:7  AirTime:99 ms
14;COM8;Rx Ack-Msg;2450000122 Hz;LoRa SF12;LoRa BW 1600;-81 dBm;5 dB;2021-04-12 17:56:43;10:1111;10:2222;
15;COM8;Tx C-Msg;2450000122 Hz;LoRa SF12;LoRa BW 1600;;;2021-04-12 17:56:44.004;;;Status:OK  Packet:8  AirTime:99 ms
16;COM8;Rx Ack-Msg;2450000122 Hz;LoRa SF12;LoRa BW 1600;-81 dBm;6 dB;2021-04-12 17:56:44;10:1111;10:2222;
17;COM8;Tx C-Msg;2450000122 Hz;LoRa SF12;LoRa BW 1600;;;2021-04-12 17:56:44.192;;;Status:OK  Packet:9  AirTime:99 ms
18;COM8;Rx Ack-Msg;2450000122 Hz;LoRa SF12;LoRa BW 1600;-81 dBm;5 dB;2021-04-12 17:56:44;10:1111;10:2222;
19;COM8;Tx C-Msg;2450000122 Hz;LoRa SF12;LoRa BW 1600;;;2021-04-12 17:56:44.389;;;Status:OK  Packet:10  AirTime:99 ms
20;COM8;Rx Ack-Msg;2450000122 Hz;LoRa SF12;LoRa BW 1600;-81 dBm;6 dB;2021-04-12 17:56:44;10:1111;10:2222;
21;COM8;Tx C-Msg;2450000122 Hz;LoRa SF12;LoRa BW 1600;;;2021-04-12 17:56:44.596;;;Status:OK  Packet:11  AirTime:99 ms
22;COM8;Rx Ack-Msg;2450000122 Hz;LoRa SF12;LoRa BW 1600;-81 dBm;5 dB;2021-04-12 17:56:44;10:1111;10:2222;
23;COM8;Tx C-Msg;2450000122 Hz;LoRa SF12;LoRa BW 1600;;;2021-04-12 17:56:44.788;;;Status:OK  Packet:12  AirTime:99 ms
24;COM8;Rx Ack-Msg;2450000122 Hz;LoRa SF12;LoRa BW 1600;-81 dBm;6 dB;2021-04-12 17:56:44;10:1111;10:2222;
25;COM8;Tx C-Msg;2450000122 Hz;LoRa SF12;LoRa BW 1600;;;2021-04-12 17:56:44.991;;;Status:OK  Packet:13  AirTime:99 ms
26;COM8;Rx Ack-Msg;2450000122 Hz;LoRa SF12;LoRa BW 1600;-81 dBm;5 dB;2021-04-12 17:56:45;10:1111;10:2222;
27;COM8;Tx C-Msg;2450000122 Hz;LoRa SF12;LoRa BW 1600;;;2021-04-12 17:56:45.202;;;Status:OK  Packet:14  AirTime:99 ms
28;COM8;Rx Ack-Msg;2450000122 Hz;LoRa SF12;LoRa BW 1600;-81 dBm;6 dB;2021-04-12 17:56:45;10:1111;10:2222;
29;COM8;Tx C-Msg;2450000122 Hz;LoRa SF12;LoRa BW 1600;;;2021-04-12 17:56:45.379;;;Status:OK  Packet:15  AirTime:99 ms
30;COM8;Rx Ack-Msg;2450000122 Hz;LoRa SF12;LoRa BW 1600;-81 dBm;5 dB;2021-04-12 17:56:45;10:1111;10:2222;
31;COM8;Tx C-Msg;2450000122 Hz;LoRa SF12;LoRa BW 1600;;;2021-04-12 17:56:45.591;;;Status:OK  Packet:16  AirTime:99 ms
32;COM8;Rx Ack-Msg;2450000122 Hz;LoRa SF12;LoRa BW 1600;-81 dBm;6 dB;2021-04-12 17:56:45;10:1111;10:2222;
33;COM8;Tx C-Msg;2450000122 Hz;LoRa SF12;LoRa BW 1600;;;2021-04-12 17:56:45.779;;;Status:OK  Packet:17  AirTime:99 ms
34;COM8;Rx Ack-Msg;2450000122 Hz;LoRa SF12;LoRa BW 1600;-82 dBm;6 dB;2021-04-12 17:56:45;10:1111;10:2222;
35;COM8;Tx C-Msg;2450000122 Hz;LoRa SF12;LoRa BW 1600;;;2021-04-12 17:56:45.989;;;Status:OK  Packet:18  AirTime:99 ms
36;COM8;Rx Ack-Msg;2450000122 Hz;LoRa SF12;LoRa BW 1600;-82 dBm;6 dB;2021-04-12 17:56:46;10:1111;10:2222;
37;COM8;Tx C-Msg;2450000122 Hz;LoRa SF12;LoRa BW 1600;;;2021-04-12 17:56:46.178;;;Status:OK  Packet:19  AirTime:99 ms
38;COM8;Rx Ack-Msg;2450000122 Hz;LoRa SF12;LoRa BW 1600;-82 dBm;5 dB;2021-04-12 17:56:46;10:1111;10:2222;
39;COM8;Tx C-Msg;2450000122 Hz;LoRa SF12;LoRa BW 1600;;;2021-04-12 17:56:46.366;;;Status:OK  Packet:20  AirTime:99 ms
40;COM8;Rx Ack-Msg;2450000122 Hz;LoRa SF12;LoRa BW 1600;-82 dBm;5 dB;2021-04-12 17:56:46;10:1111;10:2222;
41;COM8;Tx C-Msg;2450000122 Hz;LoRa SF12;LoRa BW 1600;;;2021-04-12 17:56:46.578;;;Status:OK  Packet:21  AirTime:99 ms
42;COM8;Rx Ack-Msg;2450000122 Hz;LoRa SF12;LoRa BW 1600;-82 dBm;5 dB;2021-04-12 17:56:46;10:1111;10:2222;
43;COM8;Tx C-Msg;2450000122 Hz;LoRa SF12;LoRa BW 1600;;;2021-04-12 17:56:46.771;;;Status:OK  Packet:22  AirTime:99 ms
44;COM8;Rx Ack-Msg;2450000122 Hz;LoRa SF12;LoRa BW 1600;-82 dBm;4 dB;2021-04-12 17:56:46;10:1111;10:2222;
45;COM8;Tx C-Msg;2450000122 Hz;LoRa SF12;LoRa BW 1600;;;2021-04-12 17:56:46.979;;;Status:OK  Packet:23  AirTime:99 ms
46;COM8;Rx Ack-Msg;2450000122 Hz;LoRa SF12;LoRa BW 1600;-83 dBm;4 dB;2021-04-12 17:56:47;10:1111;10:2222;
47;COM8;Tx C-Msg;2450000122 Hz;LoRa SF12;LoRa BW 1600;;;2021-04-12 17:56:47.171;;;Status:OK  Packet:24  AirTime:99 ms
48;COM8;Rx Ack-Msg;2450000122 Hz;LoRa SF12;LoRa BW 1600;-83 dBm;5 dB;2021-04-12 17:56:47;10:1111;10:2222;
49;COM8;Tx C-Msg;2450000122 Hz;LoRa SF12;LoRa BW 1600;;;2021-04-12 17:56:47.361;;;Status:OK  Packet:25  AirTime:99 ms
50;COM8;Rx Ack-Msg;2450000122 Hz;LoRa SF12;LoRa BW 1600;-83 dBm;5 dB;2021-04-12 17:56:47;10:1111;10:2222;
51;COM8;Tx C-Msg;2450000122 Hz;LoRa SF12;LoRa BW 1600;;;2021-04-12 17:56:47.566;;;Status:OK  Packet:26  AirTime:99 ms
52;COM8;Rx Ack-Msg;2450000122 Hz;LoRa SF12;LoRa BW 1600;-83 dBm;4 dB;2021-04-12 17:56:47;10:1111;10:2222;
53;COM8;Tx C-Msg;2450000122 Hz;LoRa SF12;LoRa BW 1600;;;2021-04-12 17:56:47.757;;;Status:OK  Packet:27  AirTime:99 ms
54;COM8;Rx Ack-Msg;2450000122 Hz;LoRa SF12;LoRa BW 1600;-83 dBm;4 dB;2021-04-12 17:56:47;10:1111;10:2222;
55;COM8;Tx C-Msg;2450000122 Hz;LoRa SF12;LoRa BW 1600;;;2021-04-12 17:56:47.953;;;Status:OK  Packet:28  AirTime:99 ms
56;COM8;Rx Ack-Msg;2450000122 Hz;LoRa SF12;LoRa BW 1600;-82 dBm;4 dB;2021-04-12 17:56:48;10:1111;10:2222;
57;COM8;Tx C-Msg;2450000122 Hz;LoRa SF12;LoRa BW 1600;;;2021-04-12 17:56:48.156;;;Status:OK  Packet:29  AirTime:99 ms
58;COM8;Rx Ack-Msg;2450000122 Hz;LoRa SF12;LoRa BW 1600;-82 dBm;5 dB;2021-04-12 17:56:48;10:1111;10:2222;
59;COM8;Tx C-Msg;2450000122 Hz;LoRa SF12;LoRa BW 1600;;;2021-04-12 17:56:48.353;;;Status:OK  Packet:30  AirTime:99 ms
60;COM8;Rx Ack-Msg;2450000122 Hz;LoRa SF12;LoRa BW 1600;-82 dBm;6 dB;2021-04-12 17:56:48;10:1111;10:2222;
61;COM8;Tx C-Msg;2450000122 Hz;LoRa SF12;LoRa BW 1600;;;2021-04-12 17:56:48.560;;;Status:OK  Packet:31  AirTime:99 ms
62;COM8;Rx Ack-Msg;2450000122 Hz;LoRa SF12;LoRa BW 1600;-82 dBm;6 dB;2021-04-12 17:56:48;10:1111;10:2222;
63;COM8;Tx C-Msg;2450000122 Hz;LoRa SF12;LoRa BW 1600;;;2021-04-12 17:56:48.752;;;Status:OK  Packet:32  AirTime:99 ms
64;COM8;Rx Ack-Msg;2450000122 Hz;LoRa SF12;LoRa BW 1600;-81 dBm;6 dB;2021-04-12 17:56:48;10:1111;10:2222;
65;COM8;Tx C-Msg;2450000122 Hz;LoRa SF12;LoRa BW 1600;;;2021-04-12 17:56:48.943;;;Status:OK  Packet:33  AirTime:99 ms
66;COM8;Rx Ack-Msg;2450000122 Hz;LoRa SF12;LoRa BW 1600;-81 dBm;6 dB;2021-04-12 17:56:49;10:1111;10:2222;
67;COM8;Tx C-Msg;2450000122 Hz;LoRa SF12;LoRa BW 1600;;;2021-04-12 17:56:49.151;;;Status:OK  Packet:34  AirTime:99 ms
68;COM8;Rx Ack-Msg;2450000122 Hz;LoRa SF12;LoRa BW 1600;-81 dBm;6 dB;2021-04-12 17:56:49;10:1111;10:2222;
69;COM8;Tx C-Msg;2450000122 Hz;LoRa SF12;LoRa BW 1600;;;2021-04-12 17:56:49.368;;;Status:OK  Packet:35  AirTime:99 ms
70;COM8;Rx Ack-Msg;2450000122 Hz;LoRa SF12;LoRa BW 1600;-81 dBm;5 dB;2021-04-12 17:56:49;10:1111;10:2222;
71;COM8;Tx C-Msg;2450000122 Hz;LoRa SF12;LoRa BW 1600;;;2021-04-12 17:56:49.542;;;Status:OK  Packet:36  AirTime:99 ms
72;COM8;Rx Ack-Msg;2450000122 Hz;LoRa SF12;LoRa BW 1600;-81 dBm;6 dB;2021-04-12 17:56:49;10:1111;10:2222;
73;COM8;Tx C-Msg;2450000122 Hz;LoRa SF12;LoRa BW 1600;;;2021-04-12 17:56:49.759;;;Status:OK  Packet:37  AirTime:99 ms
74;COM8;Rx Ack-Msg;2450000122 Hz;LoRa SF12;LoRa BW 1600;-81 dBm;5 dB;2021-04-12 17:56:49;10:1111;10:2222;
75;COM8;Tx C-Msg;2450000122 Hz;LoRa SF12;LoRa BW 1600;;;2021-04-12 17:56:49.936;;;Status:OK  Packet:38  AirTime:99 ms
76;COM8;Rx Ack-Msg;2450000122 Hz;LoRa SF12;LoRa BW 1600;-81 dBm;5 dB;2021-04-12 17:56:50;10:1111;10:2222;
77;COM8;Tx C-Msg;2450000122 Hz;LoRa SF12;LoRa BW 1600;;;2021-04-12 17:56:50.143;;;Status:OK  Packet:39  AirTime:99 ms
78;COM8;Rx Ack-Msg;2450000122 Hz;LoRa SF12;LoRa BW 1600;-81 dBm;6 dB;2021-04-12 17:56:50;10:1111;10:2222;
79;COM8;Tx C-Msg;2450000122 Hz;LoRa SF12;LoRa BW 1600;;;2021-04-12 17:56:50.335;;;Status:OK  Packet:40  AirTime:99 ms
80;COM8;Rx Ack-Msg;2450000122 Hz;LoRa SF12;LoRa BW 1600;-81 dBm;6 dB;2021-04-12 17:56:50;10:1111;10:2222;
81;COM8;Tx C-Msg;2450000122 Hz;LoRa SF12;LoRa BW 1600;;;2021-04-12 17:56:50.532;;;Status:OK  Packet:41  AirTime:99 ms
82;COM8;Rx Ack-Msg;2450000122 Hz;LoRa SF12;LoRa BW 1600;-81 dBm;5 dB;2021-04-12 17:56:50;10:1111;10:2222;
83;COM8;Tx C-Msg;2450000122 Hz;LoRa SF12;LoRa BW 1600;;;2021-04-12 17:56:50.735;;;Status:OK  Packet:42  AirTime:99 ms
84;COM8;Rx Ack-Msg;2450000122 Hz;LoRa SF12;LoRa BW 1600;-81 dBm;5 dB;2021-04-12 17:56:50;10:1111;10:2222;
85;COM8;Tx C-Msg;2450000122 Hz;LoRa SF12;LoRa BW 1600;;;2021-04-12 17:56:50.922;;;Status:OK  Packet:43  AirTime:99 ms
86;COM8;Rx Ack-Msg;2450000122 Hz;LoRa SF12;LoRa BW 1600;-82 dBm;6 dB;2021-04-12 17:56:51;10:1111;10:2222;
87;COM8;Tx C-Msg;2450000122 Hz;LoRa SF12;LoRa BW 1600;;;2021-04-12 17:56:51.134;;;Status:OK  Packet:44  AirTime:99 ms
88;COM8;Rx Ack-Msg;2450000122 Hz;LoRa SF12;LoRa BW 1600;-82 dBm;6 dB;2021-04-12 17:56:51;10:1111;10:2222;
89;COM8;Tx C-Msg;2450000122 Hz;LoRa SF12;LoRa BW 1600;;;2021-04-12 17:56:51.321;;;Status:OK  Packet:45  AirTime:99 ms
90;COM8;Rx Ack-Msg;2450000122 Hz;LoRa SF12;LoRa BW 1600;-82 dBm;6 dB;2021-04-12 17:56:51;10:1111;10:2222;
91;COM8;Tx C-Msg;2450000122 Hz;LoRa SF12;LoRa BW 1600;;;2021-04-12 17:56:51.517;;;Status:OK  Packet:46  AirTime:99 ms
92;COM8;Rx Ack-Msg;2450000122 Hz;LoRa SF12;LoRa BW 1600;-82 dBm;5 dB;2021-04-12 17:56:51;10:1111;10:2222;
93;COM8;Tx C-Msg;2450000122 Hz;LoRa SF12;LoRa BW 1600;;;2021-04-12 17:56:51.725;;;Status:OK  Packet:47  AirTime:99 ms
94;COM8;Rx Ack-Msg;2450000122 Hz;LoRa SF12;LoRa BW 1600;-82 dBm;5 dB;2021-04-12 17:56:51;10:1111;10:2222;
95;COM8;Tx C-Msg;2450000122 Hz;LoRa SF12;LoRa BW 1600;;;2021-04-12 17:56:51.918;;;Status:OK  Packet:48  AirTime:99 ms
96;COM8;Rx Ack-Msg;2450000122 Hz;LoRa SF12;LoRa BW 1600;-83 dBm;5 dB;2021-04-12 17:56:51;10:1111;10:2222;
97;COM8;Tx C-Msg;2450000122 Hz;LoRa SF12;LoRa BW 1600;;;2021-04-12 17:56:52.296;;;Status:OK  Packet:49  AirTime:99 ms
98;COM8;Rx Ack-Msg;2450000122 Hz;LoRa SF12;LoRa BW 1600;-84 dBm;5 dB;2021-04-12 17:56:52;10:1111;10:2222;
99;COM8;Tx C-Msg;2450000122 Hz;LoRa SF12;LoRa BW 1600;;;2021-04-12 17:56:52.493;;;Status:OK  Packet:50  AirTime:99 ms
100;COM8;Rx Ack-Msg;2450000122 Hz;LoRa SF12;LoRa BW 1600;-82 dBm;5 dB;2021-04-12 17:56:52;10:1111;10:2222;
1;COM8;Tx C-Msg;2450000122 Hz;LoRa SF12;LoRa BW 1600;;;2021-04-12 17:58:28.318;;;Status:OK  Packet:52  AirTime:99 ms
2;COM8;Rx Ack-Msg;2450000122 Hz;LoRa SF12;LoRa BW 1600;-99 dBm;0 dB;2021-04-12 17:58:28;10:1111;10:2222;
3;COM8;Tx C-Msg;2450000122 Hz;LoRa SF12;LoRa BW 1600;;;2021-04-12 17:58:30.124;;;Status:OK  Packet:53  AirTime:99 ms
4;COM8;Rx Ack-Msg;2450000122 Hz;LoRa SF12;LoRa BW 1600;-101 dBm;-1 dB;2021-04-12 17:58:30;10:1111;10:2222;
5;COM8;Tx C-Msg;2450000122 Hz;LoRa SF12;LoRa BW 1600;;;2021-04-12 17:58:30.327;;;Status:OK  Packet:54  AirTime:99 ms
6;COM8;Rx Ack-Msg;2450000122 Hz;LoRa SF12;LoRa BW 1600;-101 dBm;-1 dB;2021-04-12 17:58:30;10:1111;10:2222;
7;COM8;Tx C-Msg;2450000122 Hz;LoRa SF12;LoRa BW 1600;;;2021-04-12 17:58:30.524;;;Status:OK  Packet:55  AirTime:99 ms
8;COM8;Rx Ack-Msg;2450000122 Hz;LoRa SF12;LoRa BW 1600;-101 dBm;-2 dB;2021-04-12 17:58:30;10:1111;10:2222;
9;COM8;Tx C-Msg;2450000122 Hz;LoRa SF12;LoRa BW 1600;;;2021-04-12 17:58:30.715;;;Status:OK  Packet:56  AirTime:99 ms
10;COM8;Rx Ack-Msg;2450000122 Hz;LoRa SF12;LoRa BW 1600;-102 dBm;-3 dB;2021-04-12 17:58:30;10:1111;10:2222;
11;COM8;Tx C-Msg;2450000122 Hz;LoRa SF12;LoRa BW 1600;;;2021-04-12 17:58:30.922;;;Status:OK  Packet:57  AirTime:99 ms
12;COM8;Rx Ack-Msg;2450000122 Hz;LoRa SF12;LoRa BW 1600;-102 dBm;-3 dB;2021-04-12 17:58:30;10:1111;10:2222;
13;COM8;Tx C-Msg;2450000122 Hz;LoRa SF12;LoRa BW 1600;;;2021-04-12 17:58:31.114;;;Status:OK  Packet:58  AirTime:99 ms
14;COM8;Rx Ack-Msg;2450000122 Hz;LoRa SF12;LoRa BW 1600;-102 dBm;-4 dB;2021-04-12 17:58:31;10:1111;10:2222;
15;COM8;Tx C-Msg;2450000122 Hz;LoRa SF12;LoRa BW 1600;;;2021-04-12 17:58:31.322;;;Status:OK  Packet:59  AirTime:99 ms
16;COM8;Rx Ack-Msg;2450000122 Hz;LoRa SF12;LoRa BW 1600;-103 dBm;-5 dB;2021-04-12 17:58:31;10:1111;10:2222;
17;COM8;Tx C-Msg;2450000122 Hz;LoRa SF12;LoRa BW 1600;;;2021-04-12 17:58:31.513;;;Status:OK  Packet:60  AirTime:99 ms
18;COM8;Rx Ack-Msg;2450000122 Hz;LoRa SF12;LoRa BW 1600;-103 dBm;-6 dB;2021-04-12 17:58:31;10:1111;10:2222;
19;COM8;Tx C-Msg;2450000122 Hz;LoRa SF12;LoRa BW 1600;;;2021-04-12 17:58:31.705;;;Status:OK  Packet:61  AirTime:99 ms
20;COM8;Rx Ack-Msg;2450000122 Hz;LoRa SF12;LoRa BW 1600;-103 dBm;-7 dB;2021-04-12 17:58:31;10:1111;10:2222;
21;COM8;Tx C-Msg;2450000122 Hz;LoRa SF12;LoRa BW 1600;;;2021-04-12 17:58:31.917;;;Status:OK  Packet:62  AirTime:99 ms
22;COM8;Rx Ack-Msg;2450000122 Hz;LoRa SF12;LoRa BW 1600;-103 dBm;-7 dB;2021-04-12 17:58:31;10:1111;10:2222;
23;COM8;Tx C-Msg;2450000122 Hz;LoRa SF12;LoRa BW 1600;;;2021-04-12 17:58:32.106;;;Status:OK  Packet:63  AirTime:99 ms
24;COM8;Rx Ack-Msg;2450000122 Hz;LoRa SF12;LoRa BW 1600;-103 dBm;-7 dB;2021-04-12 17:58:32;10:1111;10:2222;
25;COM8;Tx C-Msg;2450000122 Hz;LoRa SF12;LoRa BW 1600;;;2021-04-12 17:58:32.298;;;Status:OK  Packet:64  AirTime:99 ms
26;COM8;Rx Ack-Msg;2450000122 Hz;LoRa SF12;LoRa BW 1600;-102 dBm;-4 dB;2021-04-12 17:58:32;10:1111;10:2222;
27;COM8;Tx C-Msg;2450000122 Hz;LoRa SF12;LoRa BW 1600;;;2021-04-12 17:58:32.504;;;Status:OK  Packet:65  AirTime:99 ms
28;COM8;Rx Ack-Msg;2450000122 Hz;LoRa SF12;LoRa BW 1600;-102 dBm;-2 dB;2021-04-12 17:58:32;10:1111;10:2222;
29;COM8;Tx C-Msg;2450000122 Hz;LoRa SF12;LoRa BW 1600;;;2021-04-12 17:58:32.693;;;Status:OK  Packet:66  AirTime:99 ms
30;COM8;Rx Ack-Msg;2450000122 Hz;LoRa SF12;LoRa BW 1600;-101 dBm;-2 dB;2021-04-12 17:58:32;10:1111;10:2222;
31;COM8;Tx C-Msg;2450000122 Hz;LoRa SF12;LoRa BW 1600;;;2021-04-12 17:58:32.904;;;Status:OK  Packet:67  AirTime:99 ms
32;COM8;Rx Ack-Msg;2450000122 Hz;LoRa SF12;LoRa BW 1600;-102 dBm;-3 dB;2021-04-12 17:58:32;10:1111;10:2222;
33;COM8;Tx C-Msg;2450000122 Hz;LoRa SF12;LoRa BW 1600;;;2021-04-12 17:58:33.093;;;Status:OK  Packet:68  AirTime:99 ms
34;COM8;Rx Ack-Msg;2450000122 Hz;LoRa SF12;LoRa BW 1600;-102 dBm;-2 dB;2021-04-12 17:58:33;10:1111;10:2222;
35;COM8;Tx C-Msg;2450000122 Hz;LoRa SF12;LoRa BW 1600;;;2021-04-12 17:58:33.288;;;Status:OK  Packet:69  AirTime:99 ms
36;COM8;Rx Ack-Msg;2450000122 Hz;LoRa SF12;LoRa BW 1600;-102 dBm;-2 dB;2021-04-12 17:58:33;10:1111;10:2222;
37;COM8;Tx C-Msg;2450000122 Hz;LoRa SF12;LoRa BW 1600;;;2021-04-12 17:58:33.493;;;Status:OK  Packet:70  AirTime:99 ms
38;COM8;Rx Ack-Msg;2450000122 Hz;LoRa SF12;LoRa BW 1600;-102 dBm;-2 dB;2021-04-12 17:58:33;10:1111;10:2222;
39;COM8;Tx C-Msg;2450000122 Hz;LoRa SF12;LoRa BW 1600;;;2021-04-12 17:58:33.687;;;Status:OK  Packet:71  AirTime:99 ms
40;COM8;Rx Ack-Msg;2450000122 Hz;LoRa SF12;LoRa BW 1600;-101 dBm;-3 dB;2021-04-12 17:58:33;10:1111;10:2222;
41;COM8;Tx C-Msg;2450000122 Hz;LoRa SF12;LoRa BW 1600;;;2021-04-12 17:58:33.881;;;Status:OK  Packet:72  AirTime:99 ms
42;COM8;Rx Ack-Msg;2450000122 Hz;LoRa SF12;LoRa BW 1600;-101 dBm;-3 dB;2021-04-12 17:58:33;10:1111;10:2222;
43;COM8;Tx C-Msg;2450000122 Hz;LoRa SF12;LoRa BW 1600;;;2021-04-12 17:58:34.087;;;Status:OK  Packet:73  AirTime:99 ms
44;COM8;Rx Ack-Msg;2450000122 Hz;LoRa SF12;LoRa BW 1600;-101 dBm;-1 dB;2021-04-12 17:58:34;10:1111;10:2222;
45;COM8;Tx C-Msg;2450000122 Hz;LoRa SF12;LoRa BW 1600;;;2021-04-12 17:58:34.279;;;Status:OK  Packet:74  AirTime:99 ms
46;COM8;Rx Ack-Msg;2450000122 Hz;LoRa SF12;LoRa BW 1600;-102 dBm;-1 dB;2021-04-12 17:58:34;10:1111;10:2222;
47;COM8;Tx C-Msg;2450000122 Hz;LoRa SF12;LoRa BW 1600;;;2021-04-12 17:58:34.466;;;Status:OK  Packet:75  AirTime:99 ms
48;COM8;Rx Ack-Msg;2450000122 Hz;LoRa SF12;LoRa BW 1600;-103 dBm;-4 dB;2021-04-12 17:58:34;10:1111;10:2222;
49;COM8;Tx C-Msg;2450000122 Hz;LoRa SF12;LoRa BW 1600;;;2021-04-12 17:58:34.693;;;Status:OK  Packet:76  AirTime:99 ms
50;COM8;Rx Ack-Msg;2450000122 Hz;LoRa SF12;LoRa BW 1600;-103 dBm;-4 dB;2021-04-12 17:58:34;10:1111;10:2222;
51;COM8;Tx C-Msg;2450000122 Hz;LoRa SF12;LoRa BW 1600;;;2021-04-12 17:58:34.870;;;Status:OK  Packet:77  AirTime:99 ms
52;COM8;Rx Ack-Msg;2450000122 Hz;LoRa SF12;LoRa BW 1600;-102 dBm;-4 dB;2021-04-12 17:58:34;10:1111;10:2222;
53;COM8;Tx C-Msg;2450000122 Hz;LoRa SF12;LoRa BW 1600;;;2021-04-12 17:58:35.062;;;Status:OK  Packet:78  AirTime:99 ms
54;COM8;Rx Ack-Msg;2450000122 Hz;LoRa SF12;LoRa BW 1600;-102 dBm;-4 dB;2021-04-12 17:58:35;10:1111;10:2222;
55;COM8;Tx C-Msg;2450000122 Hz;LoRa SF12;LoRa BW 1600;;;2021-04-12 17:58:35.270;;;Status:OK  Packet:79  AirTime:99 ms
56;COM8;Rx Ack-Msg;2450000122 Hz;LoRa SF12;LoRa BW 1600;-102 dBm;-3 dB;2021-04-12 17:58:35;10:1111;10:2222;
57;COM8;Tx C-Msg;2450000122 Hz;LoRa SF12;LoRa BW 1600;;;2021-04-12 17:58:35.461;;;Status:OK  Packet:80  AirTime:99 ms
58;COM8;Rx Ack-Msg;2450000122 Hz;LoRa SF12;LoRa BW 1600;-102 dBm;-3 dB;2021-04-12 17:58:35;10:1111;10:2222;
59;COM8;Tx C-Msg;2450000122 Hz;LoRa SF12;LoRa BW 1600;;;2021-04-12 17:58:35.671;;;Status:OK  Packet:81  AirTime:99 ms
60;COM8;Rx Ack-Msg;2450000122 Hz;LoRa SF12;LoRa BW 1600;-102 dBm;-3 dB;2021-04-12 17:58:35;10:1111;10:2222;
61;COM8;Tx C-Msg;2450000122 Hz;LoRa SF12;LoRa BW 1600;;;2021-04-12 17:58:35.857;;;Status:OK  Packet:82  AirTime:99 ms
62;COM8;Rx Ack-Msg;2450000122 Hz;LoRa SF12;LoRa BW 1600;-102 dBm;-2 dB;2021-04-12 17:58:35;10:1111;10:2222;
63;COM8;Tx C-Msg;2450000122 Hz;LoRa SF12;LoRa BW 1600;;;2021-04-12 17:58:36.053;;;Status:OK  Packet:83  AirTime:99 ms
64;COM8;Rx Ack-Msg;2450000122 Hz;LoRa SF12;LoRa BW 1600;-101 dBm;-2 dB;2021-04-12 17:58:36;10:1111;10:2222;
65;COM8;Tx C-Msg;2450000122 Hz;LoRa SF12;LoRa BW 1600;;;2021-04-12 17:58:36.274;;;Status:OK  Packet:84  AirTime:99 ms
66;COM8;Rx Ack-Msg;2450000122 Hz;LoRa SF12;LoRa BW 1600;-101 dBm;-1 dB;2021-04-12 17:58:36;10:1111;10:2222;
67;COM8;Tx C-Msg;2450000122 Hz;LoRa SF12;LoRa BW 1600;;;2021-04-12 17:58:36.453;;;Status:OK  Packet:85  AirTime:99 ms
68;COM8;Rx Ack-Msg;2450000122 Hz;LoRa SF12;LoRa BW 1600;-101 dBm;-1 dB;2021-04-12 17:58:36;10:1111;10:2222;
69;COM8;Tx C-Msg;2450000122 Hz;LoRa SF12;LoRa BW 1600;;;2021-04-12 17:58:36.646;;;Status:OK  Packet:86  AirTime:99 ms
70;COM8;Rx Ack-Msg;2450000122 Hz;LoRa SF12;LoRa BW 1600;-101 dBm;-1 dB;2021-04-12 17:58:36;10:1111;10:2222;
71;COM8;Tx C-Msg;2450000122 Hz;LoRa SF12;LoRa BW 1600;;;2021-04-12 17:58:36.852;;;Status:OK  Packet:87  AirTime:99 ms
72;COM8;Rx Ack-Msg;2450000122 Hz;LoRa SF12;LoRa BW 1600;-100 dBm;-1 dB;2021-04-12 17:58:36;10:1111;10:2222;
73;COM8;Tx C-Msg;2450000122 Hz;LoRa SF12;LoRa BW 1600;;;2021-04-12 17:58:37.043;;;Status:OK  Packet:88  AirTime:99 ms
74;COM8;Rx Ack-Msg;2450000122 Hz;LoRa SF12;LoRa BW 1600;-100 dBm;0 dB;2021-04-12 17:58:37;10:1111;10:2222;
75;COM8;Tx C-Msg;2450000122 Hz;LoRa SF12;LoRa BW 1600;;;2021-04-12 17:58:37.253;;;Status:OK  Packet:89  AirTime:99 ms
76;COM8;Rx Ack-Msg;2450000122 Hz;LoRa SF12;LoRa BW 1600;-101 dBm;0 dB;2021-04-12 17:58:37;10:1111;10:2222;
77;COM8;Tx C-Msg;2450000122 Hz;LoRa SF12;LoRa BW 1600;;;2021-04-12 17:58:37.451;;;Status:OK  Packet:90  AirTime:99 ms
78;COM8;Rx Ack-Msg;2450000122 Hz;LoRa SF12;LoRa BW 1600;-100 dBm;0 dB;2021-04-12 17:58:37;10:1111;10:2222;
79;COM8;Tx C-Msg;2450000122 Hz;LoRa SF12;LoRa BW 1600;;;2021-04-12 17:58:37.631;;;Status:OK  Packet:91  AirTime:99 ms
80;COM8;Rx Ack-Msg;2450000122 Hz;LoRa SF12;LoRa BW 1600;-101 dBm;0 dB;2021-04-12 17:58:37;10:1111;10:2222;
81;COM8;Tx C-Msg;2450000122 Hz;LoRa SF12;LoRa BW 1600;;;2021-04-12 17:58:37.842;;;Status:OK  Packet:92  AirTime:99 ms
82;COM8;Rx Ack-Msg;2450000122 Hz;LoRa SF12;LoRa BW 1600;-101 dBm;-1 dB;2021-04-12 17:58:37;10:1111;10:2222;
83;COM8;Tx C-Msg;2450000122 Hz;LoRa SF12;LoRa BW 1600;;;2021-04-12 17:58:38.035;;;Status:OK  Packet:93  AirTime:99 ms
84;COM8;Rx Ack-Msg;2450000122 Hz;LoRa SF12;LoRa BW 1600;-101 dBm;-1 dB;2021-04-12 17:58:38;10:1111;10:2222;
85;COM8;Tx C-Msg;2450000122 Hz;LoRa SF12;LoRa BW 1600;;;2021-04-12 17:58:38.227;;;Status:OK  Packet:94  AirTime:99 ms
86;COM8;Rx Ack-Msg;2450000122 Hz;LoRa SF12;LoRa BW 1600;-101 dBm;-1 dB;2021-04-12 17:58:38;10:1111;10:2222;
87;COM8;Tx C-Msg;2450000122 Hz;LoRa SF12;LoRa BW 1600;;;2021-04-12 17:58:38.435;;;Status:OK  Packet:95  AirTime:99 ms
88;COM8;Rx Ack-Msg;2450000122 Hz;LoRa SF12;LoRa BW 1600;-101 dBm;-1 dB;2021-04-12 17:58:38;10:1111;10:2222;
89;COM8;Tx C-Msg;2450000122 Hz;LoRa SF12;LoRa BW 1600;;;2021-04-12 17:58:38.627;;;Status:OK  Packet:96  AirTime:99 ms
90;COM8;Rx Ack-Msg;2450000122 Hz;LoRa SF12;LoRa BW 1600;-101 dBm;-1 dB;2021-04-12 17:58:38;10:1111;10:2222;
91;COM8;Tx C-Msg;2450000122 Hz;LoRa SF12;LoRa BW 1600;;;2021-04-12 17:58:38.831;;;Status:OK  Packet:97  AirTime:99 ms
92;COM8;Rx Ack-Msg;2450000122 Hz;LoRa SF12;LoRa BW 1600;-101 dBm;-1 dB;2021-04-12 17:58:38;10:1111;10:2222;
93;COM8;Tx C-Msg;2450000122 Hz;LoRa SF12;LoRa BW 1600;;;2021-04-12 17:58:39.026;;;Status:OK  Packet:98  AirTime:99 ms
94;COM8;Rx Ack-Msg;2450000122 Hz;LoRa SF12;LoRa BW 1600;-101 dBm;-1 dB;2021-04-12 17:58:39;10:1111;10:2222;
95;COM8;Tx C-Msg;2450000122 Hz;LoRa SF12;LoRa BW 1600;;;2021-04-12 17:58:39.219;;;Status:OK  Packet:99  AirTime:99 ms
96;COM8;Rx Ack-Msg;2450000122 Hz;LoRa SF12;LoRa BW 1600;-101 dBm;-1 dB;2021-04-12 17:58:39;10:1111;10:2222;
97;COM8;Tx C-Msg;2450000122 Hz;LoRa SF12;LoRa BW 1600;;;2021-04-12 17:58:39.422;;;Status:OK  Packet:100  AirTime:99 ms
98;COM8;Rx Ack-Msg;2450000122 Hz;LoRa SF12;LoRa BW 1600;-100 dBm;-1 dB;2021-04-12 17:58:39;10:1111;10:2222;
99;COM8;Tx C-Msg;2450000122 Hz;LoRa SF12;LoRa BW 1600;;;2021-04-12 17:58:40.736;;;Status:OK  Packet:101  AirTime:99 ms
100;COM8;Rx Ack-Msg;2450000122 Hz;LoRa SF12;LoRa BW 1600;-101 dBm;0 dB;2021-04-12 17:58:40;10:1111;10:2222;
