No.;Port;Event;Frequency;SF / Datarate;Bandwidth;RSSI;SNR;Time;Dst Address;Src Address;Message Payload
1;COM8;Tx C-Msg;2450000122 Hz;LoRa SF12;LoRa BW 1600;;;2021-03-26 18:19:46.628;;;Status:OK  Packet:1426  AirTime:99 ms
2;COM8;Rx Ack-Msg;2450000122 Hz;LoRa SF12;LoRa BW 1600;-89 dBm;4 dB;2021-03-26 18:19:46;10:1111;10:2222;
3;COM8;Tx C-Msg;2450000122 Hz;LoRa SF12;LoRa BW 1600;;;2021-03-26 18:19:47.824;;;Status:OK  Packet:1427  AirTime:99 ms
4;COM8;Rx Ack-Msg;2450000122 Hz;LoRa SF12;LoRa BW 1600;-89 dBm;3 dB;2021-03-26 18:19:47;10:1111;10:2222;
5;COM8;Tx C-Msg;2450000122 Hz;LoRa SF12;LoRa BW 1600;;;2021-03-26 18:19:48.036;;;Status:OK  Packet:1428  AirTime:99 ms
6;COM8;Rx Ack-Msg;2450000122 Hz;LoRa SF12;LoRa BW 1600;-89 dBm;4 dB;2021-03-26 18:19:47;10:1111;10:2222;
7;COM8;Tx C-Msg;2450000122 Hz;LoRa SF12;LoRa BW 1600;;;2021-03-26 18:19:48.228;;;Status:OK  Packet:1429  AirTime:99 ms
8;COM8;Rx Ack-Msg;2450000122 Hz;LoRa SF12;LoRa BW 1600;-89 dBm;4 dB;2021-03-26 18:19:48;10:1111;10:2222;
9;COM8;Tx C-Msg;2450000122 Hz;LoRa SF12;LoRa BW 1600;;;2021-03-26 18:19:48.422;;;Status:OK  Packet:1430  AirTime:99 ms
10;COM8;Rx Ack-Msg;2450000122 Hz;LoRa SF12;LoRa BW 1600;-89 dBm;3 dB;2021-03-26 18:19:48;10:1111;10:2222;
11;COM8;Tx C-Msg;2450000122 Hz;LoRa SF12;LoRa BW 1600;;;2021-03-26 18:19:48.624;;;Status:OK  Packet:1431  AirTime:99 ms
12;COM8;Rx Ack-Msg;2450000122 Hz;LoRa SF12;LoRa BW 1600;-90 dBm;3 dB;2021-03-26 18:19:48;10:1111;10:2222;
13;COM8;Tx C-Msg;2450000122 Hz;LoRa SF12;LoRa BW 1600;;;2021-03-26 18:19:48.817;;;Status:OK  Packet:1432  AirTime:99 ms
14;COM8;Rx Ack-Msg;2450000122 Hz;LoRa SF12;LoRa BW 1600;-90 dBm;3 dB;2021-03-26 18:19:48;10:1111;10:2222;
15;COM8;Tx C-Msg;2450000122 Hz;LoRa SF12;LoRa BW 1600;;;2021-03-26 18:19:49.028;;;Status:OK  Packet:1433  AirTime:99 ms
16;COM8;Rx Ack-Msg;2450000122 Hz;LoRa SF12;LoRa BW 1600;-90 dBm;3 dB;2021-03-26 18:19:48;10:1111;10:2222;
17;COM8;Tx C-Msg;2450000122 Hz;LoRa SF12;LoRa BW 1600;;;2021-03-26 18:19:49.219;;;Status:OK  Packet:1434  AirTime:99 ms
18;COM8;Rx Ack-Msg;2450000122 Hz;LoRa SF12;LoRa BW 1600;-90 dBm;3 dB;2021-03-26 18:19:49;10:1111;10:2222;
19;COM8;Tx C-Msg;2450000122 Hz;LoRa SF12;LoRa BW 1600;;;2021-03-26 18:19:49.413;;;Status:OK  Packet:1435  AirTime:99 ms
20;COM8;Rx Ack-Msg;2450000122 Hz;LoRa SF12;LoRa BW 1600;-90 dBm;3 dB;2021-03-26 18:19:49;10:1111;10:2222;
21;COM8;Tx C-Msg;2450000122 Hz;LoRa SF12;LoRa BW 1600;;;2021-03-26 18:19:49.618;;;Status:OK  Packet:1436  AirTime:99 ms
22;COM8;Rx Ack-Msg;2450000122 Hz;LoRa SF12;LoRa BW 1600;-90 dBm;3 dB;2021-03-26 18:19:49;10:1111;10:2222;
23;COM8;Tx C-Msg;2450000122 Hz;LoRa SF12;LoRa BW 1600;;;2021-03-26 18:19:49.811;;;Status:OK  Packet:1437  AirTime:99 ms
24;COM8;Rx Ack-Msg;2450000122 Hz;LoRa SF12;LoRa BW 1600;-90 dBm;3 dB;2021-03-26 18:19:49;10:1111;10:2222;
25;COM8;Tx C-Msg;2450000122 Hz;LoRa SF12;LoRa BW 1600;;;2021-03-26 18:19:49.998;;;Status:OK  Packet:1438  AirTime:99 ms
26;COM8;Rx Ack-Msg;2450000122 Hz;LoRa SF12;LoRa BW 1600;-90 dBm;3 dB;2021-03-26 18:19:49;10:1111;10:2222;
27;COM8;Tx C-Msg;2450000122 Hz;LoRa SF12;LoRa BW 1600;;;2021-03-26 18:19:50.217;;;Status:OK  Packet:1439  AirTime:99 ms
28;COM8;Rx Ack-Msg;2450000122 Hz;LoRa SF12;LoRa BW 1600;-90 dBm;3 dB;2021-03-26 18:19:50;10:1111;10:2222;
29;COM8;Tx C-Msg;2450000122 Hz;LoRa SF12;LoRa BW 1600;;;2021-03-26 18:19:50.402;;;Status:OK  Packet:1440  AirTime:99 ms
30;COM8;Rx Ack-Msg;2450000122 Hz;LoRa SF12;LoRa BW 1600;-90 dBm;3 dB;2021-03-26 18:19:50;10:1111;10:2222;
31;COM8;Tx C-Msg;2450000122 Hz;LoRa SF12;LoRa BW 1600;;;2021-03-26 18:19:50.612;;;Status:OK  Packet:1441  AirTime:99 ms
32;COM8;Rx Ack-Msg;2450000122 Hz;LoRa SF12;LoRa BW 1600;-90 dBm;3 dB;2021-03-26 18:19:50;10:1111;10:2222;
33;COM8;Tx C-Msg;2450000122 Hz;LoRa SF12;LoRa BW 1600;;;2021-03-26 18:19:50.801;;;Status:OK  Packet:1442  AirTime:99 ms
34;COM8;Rx Ack-Msg;2450000122 Hz;LoRa SF12;LoRa BW 1600;-89 dBm;3 dB;2021-03-26 18:19:50;10:1111;10:2222;
35;COM8;Tx C-Msg;2450000122 Hz;LoRa SF12;LoRa BW 1600;;;2021-03-26 18:19:50.992;;;Status:OK  Packet:1443  AirTime:99 ms
36;COM8;Rx Ack-Msg;2450000122 Hz;LoRa SF12;LoRa BW 1600;-89 dBm;3 dB;2021-03-26 18:19:50;10:1111;10:2222;
37;COM8;Tx C-Msg;2450000122 Hz;LoRa SF12;LoRa BW 1600;;;2021-03-26 18:19:51.204;;;Status:OK  Packet:1444  AirTime:99 ms
38;COM8;Rx Ack-Msg;2450000122 Hz;LoRa SF12;LoRa BW 1600;-89 dBm;3 dB;2021-03-26 18:19:51;10:1111;10:2222;
39;COM8;Tx C-Msg;2450000122 Hz;LoRa SF12;LoRa BW 1600;;;2021-03-26 18:19:51.389;;;Status:OK  Packet:1445  AirTime:99 ms
40;COM8;Rx Ack-Msg;2450000122 Hz;LoRa SF12;LoRa BW 1600;-92 dBm;3 dB;2021-03-26 18:19:51;10:1111;10:2222;
41;COM8;Tx C-Msg;2450000122 Hz;LoRa SF12;LoRa BW 1600;;;2021-03-26 18:19:51.585;;;Status:OK  Packet:1446  AirTime:99 ms
42;COM8;Rx Ack-Msg;2450000122 Hz;LoRa SF12;LoRa BW 1600;-92 dBm;2 dB;2021-03-26 18:19:51;10:1111;10:2222;
43;COM8;Tx C-Msg;2450000122 Hz;LoRa SF12;LoRa BW 1600;;;2021-03-26 18:19:51.789;;;Status:OK  Packet:1447  AirTime:99 ms
44;COM8;Rx Ack-Msg;2450000122 Hz;LoRa SF12;LoRa BW 1600;-92 dBm;2 dB;2021-03-26 18:19:51;10:1111;10:2222;
45;COM8;Tx C-Msg;2450000122 Hz;LoRa SF12;LoRa BW 1600;;;2021-03-26 18:19:51.985;;;Status:OK  Packet:1448  AirTime:99 ms
46;COM8;Rx Ack-Msg;2450000122 Hz;LoRa SF12;LoRa BW 1600;-92 dBm;2 dB;2021-03-26 18:19:51;10:1111;10:2222;
47;COM8;Tx C-Msg;2450000122 Hz;LoRa SF12;LoRa BW 1600;;;2021-03-26 18:19:52.290;;;Status:OK  Packet:1449  AirTime:99 ms
48;COM8;Rx Ack-Msg;2450000122 Hz;LoRa SF12;LoRa BW 1600;-91 dBm;2 dB;2021-03-26 18:19:52;10:1111;10:2222;
49;COM8;Tx C-Msg;2450000122 Hz;LoRa SF12;LoRa BW 1600;;;2021-03-26 18:19:52.668;;;Status:OK  Packet:1450  AirTime:99 ms
50;COM8;Rx Ack-Msg;2450000122 Hz;LoRa SF12;LoRa BW 1600;-91 dBm;3 dB;2021-03-26 18:19:52;10:1111;10:2222;
51;COM8;Tx C-Msg;2450000122 Hz;LoRa SF12;LoRa BW 1600;;;2021-03-26 18:19:53.619;;;Status:OK  Packet:1451  AirTime:99 ms
52;COM8;Rx Ack-Msg;2450000122 Hz;LoRa SF12;LoRa BW 1600;-91 dBm;2 dB;2021-03-26 18:19:53;10:1111;10:2222;
53;COM8;Tx C-Msg;2450000122 Hz;LoRa SF12;LoRa BW 1600;;;2021-03-26 18:19:54.204;;;Status:OK  Packet:1452  AirTime:99 ms
54;COM8;Rx Ack-Msg;2450000122 Hz;LoRa SF12;LoRa BW 1600;-90 dBm;3 dB;2021-03-26 18:19:54;10:1111;10:2222;
55;COM8;Tx C-Msg;2450000122 Hz;LoRa SF12;LoRa BW 1600;;;2021-03-26 18:19:54.416;;;Status:OK  Packet:1453  AirTime:99 ms
56;COM8;Rx Ack-Msg;2450000122 Hz;LoRa SF12;LoRa BW 1600;-90 dBm;3 dB;2021-03-26 18:19:54;10:1111;10:2222;
57;COM8;Tx C-Msg;2450000122 Hz;LoRa SF12;LoRa BW 1600;;;2021-03-26 18:19:54.608;;;Status:OK  Packet:1454  AirTime:99 ms
58;COM8;Rx Ack-Msg;2450000122 Hz;LoRa SF12;LoRa BW 1600;-90 dBm;3 dB;2021-03-26 18:19:54;10:1111;10:2222;
59;COM8;Tx C-Msg;2450000122 Hz;LoRa SF12;LoRa BW 1600;;;2021-03-26 18:19:54.800;;;Status:OK  Packet:1455  AirTime:99 ms
60;COM8;Rx Ack-Msg;2450000122 Hz;LoRa SF12;LoRa BW 1600;-91 dBm;2 dB;2021-03-26 18:19:54;10:1111;10:2222;
61;COM8;Tx C-Msg;2450000122 Hz;LoRa SF12;LoRa BW 1600;;;2021-03-26 18:19:55.007;;;Status:OK  Packet:1456  AirTime:99 ms
62;COM8;Rx Ack-Msg;2450000122 Hz;LoRa SF12;LoRa BW 1600;-91 dBm;3 dB;2021-03-26 18:19:54;10:1111;10:2222;
63;COM8;Tx C-Msg;2450000122 Hz;LoRa SF12;LoRa BW 1600;;;2021-03-26 18:19:55.199;;;Status:OK  Packet:1457  AirTime:99 ms
64;COM8;Rx Ack-Msg;2450000122 Hz;LoRa SF12;LoRa BW 1600;-91 dBm;3 dB;2021-03-26 18:19:55;10:1111;10:2222;
65;COM8;Tx C-Msg;2450000122 Hz;LoRa SF12;LoRa BW 1600;;;2021-03-26 18:19:55.407;;;Status:OK  Packet:1458  AirTime:99 ms
66;COM8;Rx Ack-Msg;2450000122 Hz;LoRa SF12;LoRa BW 1600;-91 dBm;3 dB;2021-03-26 18:19:55;10:1111;10:2222;
67;COM8;Tx C-Msg;2450000122 Hz;LoRa SF12;LoRa BW 1600;;;2021-03-26 18:19:55.604;;;Status:OK  Packet:1459  AirTime:99 ms
68;COM8;Rx Ack-Msg;2450000122 Hz;LoRa SF12;LoRa BW 1600;-91 dBm;3 dB;2021-03-26 18:19:55;10:1111;10:2222;
69;COM8;Tx C-Msg;2450000122 Hz;LoRa SF12;LoRa BW 1600;;;2021-03-26 18:19:55.791;;;Status:OK  Packet:1460  AirTime:99 ms
70;COM8;Rx Ack-Msg;2450000122 Hz;LoRa SF12;LoRa BW 1600;-91 dBm;3 dB;2021-03-26 18:19:55;10:1111;10:2222;
71;COM8;Tx C-Msg;2450000122 Hz;LoRa SF12;LoRa BW 1600;;;2021-03-26 18:19:55.998;;;Status:OK  Packet:1461  AirTime:99 ms
72;COM8;Rx Ack-Msg;2450000122 Hz;LoRa SF12;LoRa BW 1600;-90 dBm;3 dB;2021-03-26 18:19:55;10:1111;10:2222;
73;COM8;Tx C-Msg;2450000122 Hz;LoRa SF12;LoRa BW 1600;;;2021-03-26 18:19:56.191;;;Status:OK  Packet:1462  AirTime:99 ms
74;COM8;Rx Ack-Msg;2450000122 Hz;LoRa SF12;LoRa BW 1600;-90 dBm;3 dB;2021-03-26 18:19:56;10:1111;10:2222;
75;COM8;Tx C-Msg;2450000122 Hz;LoRa SF12;LoRa BW 1600;;;2021-03-26 18:19:57.535;;;Status:OK  Packet:1463  AirTime:99 ms
76;COM8;Rx Ack-Msg;2450000122 Hz;LoRa SF12;LoRa BW 1600;-90 dBm;5 dB;2021-03-26 18:19:57;10:1111;10:2222;
77;COM8;Tx C-Msg;2450000122 Hz;LoRa SF12;LoRa BW 1600;;;2021-03-26 18:19:57.727;;;Status:OK  Packet:1464  AirTime:99 ms
78;COM8;Rx Ack-Msg;2450000122 Hz;LoRa SF12;LoRa BW 1600;-90 dBm;5 dB;2021-03-26 18:19:57;10:1111;10:2222;
79;COM8;Tx C-Msg;2450000122 Hz;LoRa SF12;LoRa BW 1600;;;2021-03-26 18:19:57.928;;;Status:OK  Packet:1465  AirTime:99 ms
80;COM8;Rx Ack-Msg;2450000122 Hz;LoRa SF12;LoRa BW 1600;-90 dBm;4 dB;2021-03-26 18:19:57;10:1111;10:2222;
81;COM8;Tx C-Msg;2450000122 Hz;LoRa SF12;LoRa BW 1600;;;2021-03-26 18:19:58.125;;;Status:OK  Packet:1466  AirTime:99 ms
82;COM8;Rx Ack-Msg;2450000122 Hz;LoRa SF12;LoRa BW 1600;-90 dBm;4 dB;2021-03-26 18:19:57;10:1111;10:2222;
83;COM8;Tx C-Msg;2450000122 Hz;LoRa SF12;LoRa BW 1600;;;2021-03-26 18:19:58.329;;;Status:OK  Packet:1467  AirTime:99 ms
84;COM8;Rx Ack-Msg;2450000122 Hz;LoRa SF12;LoRa BW 1600;-90 dBm;4 dB;2021-03-26 18:19:58;10:1111;10:2222;
85;COM8;Tx C-Msg;2450000122 Hz;LoRa SF12;LoRa BW 1600;;;2021-03-26 18:19:59.692;;;Status:OK  Packet:1468  AirTime:99 ms
86;COM8;Rx Ack-Msg;2450000122 Hz;LoRa SF12;LoRa BW 1600;-89 dBm;5 dB;2021-03-26 18:19:59;10:1111;10:2222;
87;COM8;Tx C-Msg;2450000122 Hz;LoRa SF12;LoRa BW 1600;;;2021-03-26 18:19:59.900;;;Status:OK  Packet:1469  AirTime:99 ms
88;COM8;Rx Ack-Msg;2450000122 Hz;LoRa SF12;LoRa BW 1600;-89 dBm;5 dB;2021-03-26 18:19:59;10:1111;10:2222;
89;COM8;Tx C-Msg;2450000122 Hz;LoRa SF12;LoRa BW 1600;;;2021-03-26 18:20:00.093;;;Status:OK  Packet:1470  AirTime:99 ms
90;COM8;Rx Ack-Msg;2450000122 Hz;LoRa SF12;LoRa BW 1600;-90 dBm;5 dB;2021-03-26 18:19:59;10:1111;10:2222;
91;COM8;Tx C-Msg;2450000122 Hz;LoRa SF12;LoRa BW 1600;;;2021-03-26 18:20:00.283;;;Status:OK  Packet:1471  AirTime:99 ms
92;COM8;Rx Ack-Msg;2450000122 Hz;LoRa SF12;LoRa BW 1600;-90 dBm;5 dB;2021-03-26 18:20:00;10:1111;10:2222;
93;COM8;Tx C-Msg;2450000122 Hz;LoRa SF12;LoRa BW 1600;;;2021-03-26 18:20:00.493;;;Status:OK  Packet:1472  AirTime:99 ms
94;COM8;Rx Ack-Msg;2450000122 Hz;LoRa SF12;LoRa BW 1600;-90 dBm;4 dB;2021-03-26 18:20:00;10:1111;10:2222;
95;COM8;Tx C-Msg;2450000122 Hz;LoRa SF12;LoRa BW 1600;;;2021-03-26 18:20:01.195;;;Status:OK  Packet:1473  AirTime:99 ms
96;COM8;Rx Ack-Msg;2450000122 Hz;LoRa SF12;LoRa BW 1600;-90 dBm;4 dB;2021-03-26 18:20:01;10:1111;10:2222;
97;COM8;Tx C-Msg;2450000122 Hz;LoRa SF12;LoRa BW 1600;;;2021-03-26 18:20:01.578;;;Status:OK  Packet:1474  AirTime:99 ms
98;COM8;Rx Ack-Msg;2450000122 Hz;LoRa SF12;LoRa BW 1600;-90 dBm;4 dB;2021-03-26 18:20:01;10:1111;10:2222;
99;COM8;Tx C-Msg;2450000122 Hz;LoRa SF12;LoRa BW 1600;;;2021-03-26 18:20:01.787;;;Status:OK  Packet:1475  AirTime:99 ms
100;COM8;Rx Ack-Msg;2450000122 Hz;LoRa SF12;LoRa BW 1600;-90 dBm;4 dB;2021-03-26 18:20:01;10:1111;10:2222;
101;COM8;Tx C-Msg;2450000122 Hz;LoRa SF12;LoRa BW 1600;;;2021-03-26 18:21:06.398;;;Status:OK  Packet:1476  AirTime:99 ms
102;COM8;Rx Ack-Msg;2450000122 Hz;LoRa SF12;LoRa BW 1600;-99 dBm;0 dB;2021-03-26 18:21:06;10:1111;10:2222;
103;COM8;Tx C-Msg;2450000122 Hz;LoRa SF12;LoRa BW 1600;;;2021-03-26 18:21:07.454;;;Status:OK  Packet:1477  AirTime:99 ms
104;COM8;Rx Ack-Msg;2450000122 Hz;LoRa SF12;LoRa BW 1600;-99 dBm;0 dB;2021-03-26 18:21:07;10:1111;10:2222;
105;COM8;Tx C-Msg;2450000122 Hz;LoRa SF12;LoRa BW 1600;;;2021-03-26 18:21:07.661;;;Status:OK  Packet:1478  AirTime:99 ms
106;COM8;Rx Ack-Msg;2450000122 Hz;LoRa SF12;LoRa BW 1600;-99 dBm;0 dB;2021-03-26 18:21:07;10:1111;10:2222;
107;COM8;Tx C-Msg;2450000122 Hz;LoRa SF12;LoRa BW 1600;;;2021-03-26 18:21:07.869;;;Status:OK  Packet:1479  AirTime:99 ms
108;COM8;Rx Ack-Msg;2450000122 Hz;LoRa SF12;LoRa BW 1600;-99 dBm;0 dB;2021-03-26 18:21:07;10:1111;10:2222;
109;COM8;Tx C-Msg;2450000122 Hz;LoRa SF12;LoRa BW 1600;;;2021-03-26 18:21:08.078;;;Status:OK  Packet:1480  AirTime:99 ms
110;COM8;Rx Ack-Msg;2450000122 Hz;LoRa SF12;LoRa BW 1600;-99 dBm;0 dB;2021-03-26 18:21:07;10:1111;10:2222;
111;COM8;Tx C-Msg;2450000122 Hz;LoRa SF12;LoRa BW 1600;;;2021-03-26 18:21:08.285;;;Status:OK  Packet:1481  AirTime:99 ms
112;COM8;Rx Ack-Msg;2450000122 Hz;LoRa SF12;LoRa BW 1600;-99 dBm;0 dB;2021-03-26 18:21:08;10:1111;10:2222;
113;COM8;Tx C-Msg;2450000122 Hz;LoRa SF12;LoRa BW 1600;;;2021-03-26 18:21:08.495;;;Status:OK  Packet:1482  AirTime:99 ms
114;COM8;Rx Ack-Msg;2450000122 Hz;LoRa SF12;LoRa BW 1600;-99 dBm;0 dB;2021-03-26 18:21:08;10:1111;10:2222;
115;COM8;Tx C-Msg;2450000122 Hz;LoRa SF12;LoRa BW 1600;;;2021-03-26 18:21:08.669;;;Status:OK  Packet:1483  AirTime:99 ms
116;COM8;Rx Ack-Msg;2450000122 Hz;LoRa SF12;LoRa BW 1600;-99 dBm;0 dB;2021-03-26 18:21:08;10:1111;10:2222;
117;COM8;Tx C-Msg;2450000122 Hz;LoRa SF12;LoRa BW 1600;;;2021-03-26 18:21:08.876;;;Status:OK  Packet:1484  AirTime:99 ms
118;COM8;Rx Ack-Msg;2450000122 Hz;LoRa SF12;LoRa BW 1600;-99 dBm;0 dB;2021-03-26 18:21:08;10:1111;10:2222;
119;COM8;Tx C-Msg;2450000122 Hz;LoRa SF12;LoRa BW 1600;;;2021-03-26 18:21:09.068;;;Status:OK  Packet:1485  AirTime:99 ms
120;COM8;Rx Ack-Msg;2450000122 Hz;LoRa SF12;LoRa BW 1600;-100 dBm;0 dB;2021-03-26 18:21:08;10:1111;10:2222;
121;COM8;Tx C-Msg;2450000122 Hz;LoRa SF12;LoRa BW 1600;;;2021-03-26 18:21:09.277;;;Status:OK  Packet:1486  AirTime:99 ms
122;COM8;Rx Ack-Msg;2450000122 Hz;LoRa SF12;LoRa BW 1600;-100 dBm;0 dB;2021-03-26 18:21:09;10:1111;10:2222;
123;COM8;Tx C-Msg;2450000122 Hz;LoRa SF12;LoRa BW 1600;;;2021-03-26 18:21:09.464;;;Status:OK  Packet:1487  AirTime:99 ms
124;COM8;Rx Ack-Msg;2450000122 Hz;LoRa SF12;LoRa BW 1600;-100 dBm;0 dB;2021-03-26 18:21:09;10:1111;10:2222;
125;COM8;Tx C-Msg;2450000122 Hz;LoRa SF12;LoRa BW 1600;;;2021-03-26 18:21:09.661;;;Status:OK  Packet:1488  AirTime:99 ms
126;COM8;Rx Ack-Msg;2450000122 Hz;LoRa SF12;LoRa BW 1600;-100 dBm;0 dB;2021-03-26 18:21:09;10:1111;10:2222;
127;COM8;Tx C-Msg;2450000122 Hz;LoRa SF12;LoRa BW 1600;;;2021-03-26 18:21:09.864;;;Status:OK  Packet:1489  AirTime:99 ms
128;COM8;Rx Ack-Msg;2450000122 Hz;LoRa SF12;LoRa BW 1600;-100 dBm;0 dB;2021-03-26 18:21:09;10:1111;10:2222;
129;COM8;Tx C-Msg;2450000122 Hz;LoRa SF12;LoRa BW 1600;;;2021-03-26 18:21:10.060;;;Status:OK  Packet:1490  AirTime:99 ms
130;COM8;Rx Ack-Msg;2450000122 Hz;LoRa SF12;LoRa BW 1600;-100 dBm;0 dB;2021-03-26 18:21:09;10:1111;10:2222;
131;COM8;Tx C-Msg;2450000122 Hz;LoRa SF12;LoRa BW 1600;;;2021-03-26 18:21:10.252;;;Status:OK  Packet:1491  AirTime:99 ms
132;COM8;Rx Ack-Msg;2450000122 Hz;LoRa SF12;LoRa BW 1600;-99 dBm;0 dB;2021-03-26 18:21:10;10:1111;10:2222;
133;COM8;Tx C-Msg;2450000122 Hz;LoRa SF12;LoRa BW 1600;;;2021-03-26 18:21:10.460;;;Status:OK  Packet:1492  AirTime:99 ms
134;COM8;Rx Ack-Msg;2450000122 Hz;LoRa SF12;LoRa BW 1600;-99 dBm;0 dB;2021-03-26 18:21:10;10:1111;10:2222;
135;COM8;Tx C-Msg;2450000122 Hz;LoRa SF12;LoRa BW 1600;;;2021-03-26 18:21:10.652;;;Status:OK  Packet:1493  AirTime:99 ms
136;COM8;Rx Ack-Msg;2450000122 Hz;LoRa SF12;LoRa BW 1600;-99 dBm;0 dB;2021-03-26 18:21:10;10:1111;10:2222;
137;COM8;Tx C-Msg;2450000122 Hz;LoRa SF12;LoRa BW 1600;;;2021-03-26 18:21:10.859;;;Status:OK  Packet:1494  AirTime:99 ms
138;COM8;Rx Ack-Msg;2450000122 Hz;LoRa SF12;LoRa BW 1600;-99 dBm;0 dB;2021-03-26 18:21:10;10:1111;10:2222;
139;COM8;Tx C-Msg;2450000122 Hz;LoRa SF12;LoRa BW 1600;;;2021-03-26 18:21:11.052;;;Status:OK  Packet:1495  AirTime:99 ms
140;COM8;Rx Ack-Msg;2450000122 Hz;LoRa SF12;LoRa BW 1600;-99 dBm;0 dB;2021-03-26 18:21:10;10:1111;10:2222;
141;COM8;Tx C-Msg;2450000122 Hz;LoRa SF12;LoRa BW 1600;;;2021-03-26 18:21:11.239;;;Status:OK  Packet:1496  AirTime:99 ms
142;COM8;Rx Ack-Msg;2450000122 Hz;LoRa SF12;LoRa BW 1600;-99 dBm;0 dB;2021-03-26 18:21:11;10:1111;10:2222;
143;COM8;Tx C-Msg;2450000122 Hz;LoRa SF12;LoRa BW 1600;;;2021-03-26 18:21:11.455;;;Status:OK  Packet:1497  AirTime:99 ms
144;COM8;Rx Ack-Msg;2450000122 Hz;LoRa SF12;LoRa BW 1600;-99 dBm;0 dB;2021-03-26 18:21:11;10:1111;10:2222;
145;COM8;Tx C-Msg;2450000122 Hz;LoRa SF12;LoRa BW 1600;;;2021-03-26 18:21:11.638;;;Status:OK  Packet:1498  AirTime:99 ms
146;COM8;Rx Ack-Msg;2450000122 Hz;LoRa SF12;LoRa BW 1600;-100 dBm;0 dB;2021-03-26 18:21:11;10:1111;10:2222;
147;COM8;Tx C-Msg;2450000122 Hz;LoRa SF12;LoRa BW 1600;;;2021-03-26 18:21:11.851;;;Status:OK  Packet:1499  AirTime:99 ms
148;COM8;Rx Ack-Msg;2450000122 Hz;LoRa SF12;LoRa BW 1600;-100 dBm;0 dB;2021-03-26 18:21:11;10:1111;10:2222;
149;COM8;Tx C-Msg;2450000122 Hz;LoRa SF12;LoRa BW 1600;;;2021-03-26 18:21:12.038;;;Status:OK  Packet:1500  AirTime:99 ms
150;COM8;Rx Ack-Msg;2450000122 Hz;LoRa SF12;LoRa BW 1600;-100 dBm;0 dB;2021-03-26 18:21:11;10:1111;10:2222;
151;COM8;Tx C-Msg;2450000122 Hz;LoRa SF12;LoRa BW 1600;;;2021-03-26 18:21:12.236;;;Status:OK  Packet:1501  AirTime:99 ms
152;COM8;Rx Ack-Msg;2450000122 Hz;LoRa SF12;LoRa BW 1600;-100 dBm;0 dB;2021-03-26 18:21:12;10:1111;10:2222;
153;COM8;Tx C-Msg;2450000122 Hz;LoRa SF12;LoRa BW 1600;;;2021-03-26 18:21:12.443;;;Status:OK  Packet:1502  AirTime:99 ms
154;COM8;Rx Ack-Msg;2450000122 Hz;LoRa SF12;LoRa BW 1600;-100 dBm;0 dB;2021-03-26 18:21:12;10:1111;10:2222;
155;COM8;Tx C-Msg;2450000122 Hz;LoRa SF12;LoRa BW 1600;;;2021-03-26 18:21:12.634;;;Status:OK  Packet:1503  AirTime:99 ms
156;COM8;Rx Ack-Msg;2450000122 Hz;LoRa SF12;LoRa BW 1600;-100 dBm;0 dB;2021-03-26 18:21:12;10:1111;10:2222;
157;COM8;Tx C-Msg;2450000122 Hz;LoRa SF12;LoRa BW 1600;;;2021-03-26 18:21:12.827;;;Status:OK  Packet:1504  AirTime:99 ms
158;COM8;Rx Ack-Msg;2450000122 Hz;LoRa SF12;LoRa BW 1600;-99 dBm;0 dB;2021-03-26 18:21:12;10:1111;10:2222;
159;COM8;Tx C-Msg;2450000122 Hz;LoRa SF12;LoRa BW 1600;;;2021-03-26 18:21:13.034;;;Status:OK  Packet:1505  AirTime:99 ms
160;COM8;Rx Ack-Msg;2450000122 Hz;LoRa SF12;LoRa BW 1600;-99 dBm;0 dB;2021-03-26 18:21:12;10:1111;10:2222;
161;COM8;Tx C-Msg;2450000122 Hz;LoRa SF12;LoRa BW 1600;;;2021-03-26 18:21:13.226;;;Status:OK  Packet:1506  AirTime:99 ms
162;COM8;Rx Ack-Msg;2450000122 Hz;LoRa SF12;LoRa BW 1600;-100 dBm;0 dB;2021-03-26 18:21:13;10:1111;10:2222;
163;COM8;Tx C-Msg;2450000122 Hz;LoRa SF12;LoRa BW 1600;;;2021-03-26 18:21:13.433;;;Status:OK  Packet:1507  AirTime:99 ms
164;COM8;Rx Ack-Msg;2450000122 Hz;LoRa SF12;LoRa BW 1600;-99 dBm;0 dB;2021-03-26 18:21:13;10:1111;10:2222;
165;COM8;Tx C-Msg;2450000122 Hz;LoRa SF12;LoRa BW 1600;;;2021-03-26 18:21:13.644;;;Status:OK  Packet:1508  AirTime:99 ms
166;COM8;Rx Ack-Msg;2450000122 Hz;LoRa SF12;LoRa BW 1600;-100 dBm;0 dB;2021-03-26 18:21:13;10:1111;10:2222;
167;COM8;Tx C-Msg;2450000122 Hz;LoRa SF12;LoRa BW 1600;;;2021-03-26 18:21:13.813;;;Status:OK  Packet:1509  AirTime:99 ms
168;COM8;Rx Ack-Msg;2450000122 Hz;LoRa SF12;LoRa BW 1600;-100 dBm;0 dB;2021-03-26 18:21:13;10:1111;10:2222;
169;COM8;Tx C-Msg;2450000122 Hz;LoRa SF12;LoRa BW 1600;;;2021-03-26 18:21:14.027;;;Status:OK  Packet:1510  AirTime:99 ms
170;COM8;Rx Ack-Msg;2450000122 Hz;LoRa SF12;LoRa BW 1600;-100 dBm;0 dB;2021-03-26 18:21:13;10:1111;10:2222;
171;COM8;Tx C-Msg;2450000122 Hz;LoRa SF12;LoRa BW 1600;;;2021-03-26 18:21:14.217;;;Status:OK  Packet:1511  AirTime:99 ms
172;COM8;Rx Ack-Msg;2450000122 Hz;LoRa SF12;LoRa BW 1600;-100 dBm;0 dB;2021-03-26 18:21:14;10:1111;10:2222;
173;COM8;Tx C-Msg;2450000122 Hz;LoRa SF12;LoRa BW 1600;;;2021-03-26 18:21:14.406;;;Status:OK  Packet:1512  AirTime:99 ms
174;COM8;Rx Ack-Msg;2450000122 Hz;LoRa SF12;LoRa BW 1600;-100 dBm;0 dB;2021-03-26 18:21:14;10:1111;10:2222;
175;COM8;Tx C-Msg;2450000122 Hz;LoRa SF12;LoRa BW 1600;;;2021-03-26 18:21:14.617;;;Status:OK  Packet:1513  AirTime:99 ms
176;COM8;Rx Ack-Msg;2450000122 Hz;LoRa SF12;LoRa BW 1600;-100 dBm;0 dB;2021-03-26 18:21:14;10:1111;10:2222;
177;COM8;Tx C-Msg;2450000122 Hz;LoRa SF12;LoRa BW 1600;;;2021-03-26 18:21:14.810;;;Status:OK  Packet:1514  AirTime:99 ms
178;COM8;Rx Ack-Msg;2450000122 Hz;LoRa SF12;LoRa BW 1600;-100 dBm;0 dB;2021-03-26 18:21:14;10:1111;10:2222;
179;COM8;Tx C-Msg;2450000122 Hz;LoRa SF12;LoRa BW 1600;;;2021-03-26 18:21:15.001;;;Status:OK  Packet:1515  AirTime:99 ms
180;COM8;Rx Ack-Msg;2450000122 Hz;LoRa SF12;LoRa BW 1600;-101 dBm;0 dB;2021-03-26 18:21:14;10:1111;10:2222;
181;COM8;Tx C-Msg;2450000122 Hz;LoRa SF12;LoRa BW 1600;;;2021-03-26 18:21:15.211;;;Status:OK  Packet:1516  AirTime:99 ms
182;COM8;Rx Ack-Msg;2450000122 Hz;LoRa SF12;LoRa BW 1600;-101 dBm;0 dB;2021-03-26 18:21:15;10:1111;10:2222;
183;COM8;Tx C-Msg;2450000122 Hz;LoRa SF12;LoRa BW 1600;;;2021-03-26 18:21:15.400;;;Status:OK  Packet:1517  AirTime:99 ms
184;COM8;Rx Ack-Msg;2450000122 Hz;LoRa SF12;LoRa BW 1600;-100 dBm;0 dB;2021-03-26 18:21:15;10:1111;10:2222;
185;COM8;Tx C-Msg;2450000122 Hz;LoRa SF12;LoRa BW 1600;;;2021-03-26 18:21:15.591;;;Status:OK  Packet:1518  AirTime:99 ms
186;COM8;Rx Ack-Msg;2450000122 Hz;LoRa SF12;LoRa BW 1600;-100 dBm;-1 dB;2021-03-26 18:21:15;10:1111;10:2222;
187;COM8;Tx C-Msg;2450000122 Hz;LoRa SF12;LoRa BW 1600;;;2021-03-26 18:21:15.800;;;Status:OK  Packet:1519  AirTime:99 ms
188;COM8;Rx Ack-Msg;2450000122 Hz;LoRa SF12;LoRa BW 1600;-100 dBm;0 dB;2021-03-26 18:21:15;10:1111;10:2222;
189;COM8;Tx C-Msg;2450000122 Hz;LoRa SF12;LoRa BW 1600;;;2021-03-26 18:21:15.989;;;Status:OK  Packet:1520  AirTime:99 ms
190;COM8;Rx Ack-Msg;2450000122 Hz;LoRa SF12;LoRa BW 1600;-101 dBm;0 dB;2021-03-26 18:21:15;10:1111;10:2222;
191;COM8;Tx C-Msg;2450000122 Hz;LoRa SF12;LoRa BW 1600;;;2021-03-26 18:21:16.200;;;Status:OK  Packet:1521  AirTime:99 ms
192;COM8;Rx Ack-Msg;2450000122 Hz;LoRa SF12;LoRa BW 1600;-100 dBm;0 dB;2021-03-26 18:21:16;10:1111;10:2222;
193;COM8;Tx C-Msg;2450000122 Hz;LoRa SF12;LoRa BW 1600;;;2021-03-26 18:21:16.390;;;Status:OK  Packet:1522  AirTime:99 ms
194;COM8;Rx Ack-Msg;2450000122 Hz;LoRa SF12;LoRa BW 1600;-101 dBm;-1 dB;2021-03-26 18:21:16;10:1111;10:2222;
195;COM8;Tx C-Msg;2450000122 Hz;LoRa SF12;LoRa BW 1600;;;2021-03-26 18:21:16.584;;;Status:OK  Packet:1523  AirTime:99 ms
196;COM8;Rx Ack-Msg;2450000122 Hz;LoRa SF12;LoRa BW 1600;-101 dBm;-1 dB;2021-03-26 18:21:16;10:1111;10:2222;
197;COM8;Tx C-Msg;2450000122 Hz;LoRa SF12;LoRa BW 1600;;;2021-03-26 18:21:16.792;;;Status:OK  Packet:1524  AirTime:99 ms
198;COM8;Rx Ack-Msg;2450000122 Hz;LoRa SF12;LoRa BW 1600;-101 dBm;-1 dB;2021-03-26 18:21:16;10:1111;10:2222;
199;COM8;Tx C-Msg;2450000122 Hz;LoRa SF12;LoRa BW 1600;;;2021-03-26 18:21:16.983;;;Status:OK  Packet:1525  AirTime:99 ms
200;COM8;Rx Ack-Msg;2450000122 Hz;LoRa SF12;LoRa BW 1600;-100 dBm;-1 dB;2021-03-26 18:21:16;10:1111;10:2222;
201;COM8;Tx C-Msg;2450000122 Hz;LoRa SF12;LoRa BW 1600;;;2021-03-26 18:21:17.191;;;Status:OK  Packet:1526  AirTime:99 ms
202;COM8;Rx Ack-Msg;2450000122 Hz;LoRa SF12;LoRa BW 1600;-100 dBm;-1 dB;2021-03-26 18:21:17;10:1111;10:2222;
203;COM8;Tx C-Msg;2450000122 Hz;LoRa SF12;LoRa BW 1600;;;2021-03-26 18:22:54.709;;;Status:OK  Packet:1527  AirTime:99 ms
204;COM8;Rx Ack-Msg;2450000122 Hz;LoRa SF12;LoRa BW 1600;-103 dBm;-15 dB;2021-03-26 18:22:54;10:1111;10:2222;
205;COM8;Tx C-Msg;2450000122 Hz;LoRa SF12;LoRa BW 1600;;;2021-03-26 18:22:54.900;;;Status:OK  Packet:1528  AirTime:99 ms
206;COM8;Rx Ack-Msg;2450000122 Hz;LoRa SF12;LoRa BW 1600;-103 dBm;-13 dB;2021-03-26 18:22:54;10:1111;10:2222;
207;COM8;Tx C-Msg;2450000122 Hz;LoRa SF12;LoRa BW 1600;;;2021-03-26 18:22:55.109;;;Status:OK  Packet:1529  AirTime:99 ms
208;COM8;Rx Ack-Msg;2450000122 Hz;LoRa SF12;LoRa BW 1600;-103 dBm;-10 dB;2021-03-26 18:22:54;10:1111;10:2222;
209;COM8;Tx C-Msg;2450000122 Hz;LoRa SF12;LoRa BW 1600;;;2021-03-26 18:22:55.300;;;Status:OK  Packet:1530  AirTime:99 ms
210;COM8;Rx Ack-Msg;2450000122 Hz;LoRa SF12;LoRa BW 1600;-104 dBm;-8 dB;2021-03-26 18:22:55;10:1111;10:2222;
211;COM8;Tx C-Msg;2450000122 Hz;LoRa SF12;LoRa BW 1600;;;2021-03-26 18:22:55.504;;;Status:OK  Packet:1531  AirTime:99 ms
212;COM8;Rx Ack-Msg;2450000122 Hz;LoRa SF12;LoRa BW 1600;-103 dBm;-7 dB;2021-03-26 18:22:55;10:1111;10:2222;
213;COM8;Tx C-Msg;2450000122 Hz;LoRa SF12;LoRa BW 1600;;;2021-03-26 18:22:55.706;;;Status:OK  Packet:1532  AirTime:99 ms
214;COM8;Rx Ack-Msg;2450000122 Hz;LoRa SF12;LoRa BW 1600;-103 dBm;-7 dB;2021-03-26 18:22:55;10:1111;10:2222;
215;COM8;Tx C-Msg;2450000122 Hz;LoRa SF12;LoRa BW 1600;;;2021-03-26 18:22:55.893;;;Status:OK  Packet:1533  AirTime:99 ms
216;COM8;Rx Ack-Msg;2450000122 Hz;LoRa SF12;LoRa BW 1600;-103 dBm;-6 dB;2021-03-26 18:22:55;10:1111;10:2222;
217;COM8;Tx C-Msg;2450000122 Hz;LoRa SF12;LoRa BW 1600;;;2021-03-26 18:22:56.099;;;Status:OK  Packet:1534  AirTime:99 ms
218;COM8;Rx Ack-Msg;2450000122 Hz;LoRa SF12;LoRa BW 1600;-103 dBm;-6 dB;2021-03-26 18:22:55;10:1111;10:2222;
219;COM8;Tx C-Msg;2450000122 Hz;LoRa SF12;LoRa BW 1600;;;2021-03-26 18:22:56.293;;;Status:OK  Packet:1535  AirTime:99 ms
220;COM8;Rx Ack-Msg;2450000122 Hz;LoRa SF12;LoRa BW 1600;-103 dBm;-5 dB;2021-03-26 18:22:56;10:1111;10:2222;
221;COM8;Tx C-Msg;2450000122 Hz;LoRa SF12;LoRa BW 1600;;;2021-03-26 18:22:56.484;;;Status:OK  Packet:1536  AirTime:99 ms
222;COM8;Rx Ack-Msg;2450000122 Hz;LoRa SF12;LoRa BW 1600;-103 dBm;-5 dB;2021-03-26 18:22:56;10:1111;10:2222;
223;COM8;Tx C-Msg;2450000122 Hz;LoRa SF12;LoRa BW 1600;;;2021-03-26 18:22:56.692;;;Status:OK  Packet:1537  AirTime:99 ms
224;COM8;Rx Ack-Msg;2450000122 Hz;LoRa SF12;LoRa BW 1600;-103 dBm;-5 dB;2021-03-26 18:22:56;10:1111;10:2222;
225;COM8;Tx C-Msg;2450000122 Hz;LoRa SF12;LoRa BW 1600;;;2021-03-26 18:22:56.879;;;Status:OK  Packet:1538  AirTime:99 ms
226;COM8;Rx Ack-Msg;2450000122 Hz;LoRa SF12;LoRa BW 1600;-103 dBm;-5 dB;2021-03-26 18:22:56;10:1111;10:2222;
227;COM8;Tx C-Msg;2450000122 Hz;LoRa SF12;LoRa BW 1600;;;2021-03-26 18:22:57.092;;;Status:OK  Packet:1539  AirTime:99 ms
228;COM8;Rx Ack-Msg;2450000122 Hz;LoRa SF12;LoRa BW 1600;-103 dBm;-4 dB;2021-03-26 18:22:56;10:1111;10:2222;
229;COM8;Tx C-Msg;2450000122 Hz;LoRa SF12;LoRa BW 1600;;;2021-03-26 18:22:57.279;;;Status:OK  Packet:1540  AirTime:99 ms
230;COM8;Rx Ack-Msg;2450000122 Hz;LoRa SF12;LoRa BW 1600;-103 dBm;-5 dB;2021-03-26 18:22:57;10:1111;10:2222;
231;COM8;Tx C-Msg;2450000122 Hz;LoRa SF12;LoRa BW 1600;;;2021-03-26 18:22:57.476;;;Status:OK  Packet:1541  AirTime:99 ms
232;COM8;Rx Ack-Msg;2450000122 Hz;LoRa SF12;LoRa BW 1600;-102 dBm;-4 dB;2021-03-26 18:22:57;10:1111;10:2222;
233;COM8;Tx C-Msg;2450000122 Hz;LoRa SF12;LoRa BW 1600;;;2021-03-26 18:22:57.699;;;Status:OK  Packet:1542  AirTime:99 ms
234;COM8;Rx Ack-Msg;2450000122 Hz;LoRa SF12;LoRa BW 1600;-103 dBm;-4 dB;2021-03-26 18:22:57;10:1111;10:2222;
235;COM8;Tx C-Msg;2450000122 Hz;LoRa SF12;LoRa BW 1600;;;2021-03-26 18:22:57.876;;;Status:OK  Packet:1543  AirTime:99 ms
236;COM8;Rx Ack-Msg;2450000122 Hz;LoRa SF12;LoRa BW 1600;-103 dBm;-4 dB;2021-03-26 18:22:57;10:1111;10:2222;
237;COM8;Tx C-Msg;2450000122 Hz;LoRa SF12;LoRa BW 1600;;;2021-03-26 18:22:58.078;;;Status:OK  Packet:1544  AirTime:99 ms
238;COM8;Rx Ack-Msg;2450000122 Hz;LoRa SF12;LoRa BW 1600;-103 dBm;-4 dB;2021-03-26 18:22:57;10:1111;10:2222;
239;COM8;Tx C-Msg;2450000122 Hz;LoRa SF12;LoRa BW 1600;;;2021-03-26 18:22:58.275;;;Status:OK  Packet:1545  AirTime:99 ms
240;COM8;Rx Ack-Msg;2450000122 Hz;LoRa SF12;LoRa BW 1600;-103 dBm;-4 dB;2021-03-26 18:22:58;10:1111;10:2222;
241;COM8;Tx C-Msg;2450000122 Hz;LoRa SF12;LoRa BW 1600;;;2021-03-26 18:22:58.469;;;Status:OK  Packet:1546  AirTime:99 ms
242;COM8;Rx Ack-Msg;2450000122 Hz;LoRa SF12;LoRa BW 1600;-103 dBm;-5 dB;2021-03-26 18:22:58;10:1111;10:2222;
243;COM8;Tx C-Msg;2450000122 Hz;LoRa SF12;LoRa BW 1600;;;2021-03-26 18:22:58.674;;;Status:OK  Packet:1547  AirTime:99 ms
244;COM8;Rx Ack-Msg;2450000122 Hz;LoRa SF12;LoRa BW 1600;-103 dBm;-4 dB;2021-03-26 18:22:58;10:1111;10:2222;
245;COM8;Tx C-Msg;2450000122 Hz;LoRa SF12;LoRa BW 1600;;;2021-03-26 18:22:58.862;;;Status:OK  Packet:1548  AirTime:99 ms
246;COM8;Rx Ack-Msg;2450000122 Hz;LoRa SF12;LoRa BW 1600;-103 dBm;-4 dB;2021-03-26 18:22:58;10:1111;10:2222;
247;COM8;Tx C-Msg;2450000122 Hz;LoRa SF12;LoRa BW 1600;;;2021-03-26 18:22:59.053;;;Status:OK  Packet:1549  AirTime:99 ms
248;COM8;Rx Ack-Msg;2450000122 Hz;LoRa SF12;LoRa BW 1600;-103 dBm;-3 dB;2021-03-26 18:22:58;10:1111;10:2222;
249;COM8;Tx C-Msg;2450000122 Hz;LoRa SF12;LoRa BW 1600;;;2021-03-26 18:22:59.274;;;Status:OK  Packet:1550  AirTime:99 ms
250;COM8;Rx Ack-Msg;2450000122 Hz;LoRa SF12;LoRa BW 1600;-103 dBm;-4 dB;2021-03-26 18:22:59;10:1111;10:2222;
251;COM8;Tx C-Msg;2450000122 Hz;LoRa SF12;LoRa BW 1600;;;2021-03-26 18:22:59.462;;;Status:OK  Packet:1551  AirTime:99 ms
252;COM8;Rx Ack-Msg;2450000122 Hz;LoRa SF12;LoRa BW 1600;-103 dBm;-4 dB;2021-03-26 18:22:59;10:1111;10:2222;
253;COM8;Tx C-Msg;2450000122 Hz;LoRa SF12;LoRa BW 1600;;;2021-03-26 18:22:59.678;;;Status:OK  Packet:1552  AirTime:99 ms
254;COM8;Rx Ack-Msg;2450000122 Hz;LoRa SF12;LoRa BW 1600;-103 dBm;-4 dB;2021-03-26 18:22:59;10:1111;10:2222;
255;COM8;Tx C-Msg;2450000122 Hz;LoRa SF12;LoRa BW 1600;;;2021-03-26 18:22:59.853;;;Status:OK  Packet:1553  AirTime:99 ms
256;COM8;Rx Ack-Msg;2450000122 Hz;LoRa SF12;LoRa BW 1600;-102 dBm;-4 dB;2021-03-26 18:22:59;10:1111;10:2222;
257;COM8;Tx C-Msg;2450000122 Hz;LoRa SF12;LoRa BW 1600;;;2021-03-26 18:23:00.054;;;Status:OK  Packet:1554  AirTime:99 ms
258;COM8;Rx Ack-Msg;2450000122 Hz;LoRa SF12;LoRa BW 1600;-102 dBm;-5 dB;2021-03-26 18:22:59;10:1111;10:2222;
259;COM8;Tx C-Msg;2450000122 Hz;LoRa SF12;LoRa BW 1600;;;2021-03-26 18:23:00.258;;;Status:OK  Packet:1555  AirTime:99 ms
260;COM8;Rx Ack-Msg;2450000122 Hz;LoRa SF12;LoRa BW 1600;-102 dBm;-4 dB;2021-03-26 18:23:00;10:1111;10:2222;
261;COM8;Tx C-Msg;2450000122 Hz;LoRa SF12;LoRa BW 1600;;;2021-03-26 18:23:00.462;;;Status:OK  Packet:1556  AirTime:99 ms
262;COM8;Rx Ack-Msg;2450000122 Hz;LoRa SF12;LoRa BW 1600;-103 dBm;-4 dB;2021-03-26 18:23:00;10:1111;10:2222;
263;COM8;Tx C-Msg;2450000122 Hz;LoRa SF12;LoRa BW 1600;;;2021-03-26 18:23:00.657;;;Status:OK  Packet:1557  AirTime:99 ms
264;COM8;Rx Ack-Msg;2450000122 Hz;LoRa SF12;LoRa BW 1600;-103 dBm;-4 dB;2021-03-26 18:23:00;10:1111;10:2222;
265;COM8;Tx C-Msg;2450000122 Hz;LoRa SF12;LoRa BW 1600;;;2021-03-26 18:23:00.859;;;Status:OK  Packet:1558  AirTime:99 ms
266;COM8;Rx Ack-Msg;2450000122 Hz;LoRa SF12;LoRa BW 1600;-103 dBm;-4 dB;2021-03-26 18:23:00;10:1111;10:2222;
267;COM8;Tx C-Msg;2450000122 Hz;LoRa SF12;LoRa BW 1600;;;2021-03-26 18:23:01.041;;;Status:OK  Packet:1559  AirTime:99 ms
268;COM8;Rx Ack-Msg;2450000122 Hz;LoRa SF12;LoRa BW 1600;-102 dBm;-3 dB;2021-03-26 18:23:00;10:1111;10:2222;
269;COM8;Tx C-Msg;2450000122 Hz;LoRa SF12;LoRa BW 1600;;;2021-03-26 18:23:01.250;;;Status:OK  Packet:1560  AirTime:99 ms
270;COM8;Rx Ack-Msg;2450000122 Hz;LoRa SF12;LoRa BW 1600;-102 dBm;-4 dB;2021-03-26 18:23:01;10:1111;10:2222;
271;COM8;Tx C-Msg;2450000122 Hz;LoRa SF12;LoRa BW 1600;;;2021-03-26 18:23:01.440;;;Status:OK  Packet:1561  AirTime:99 ms
272;COM8;Rx Ack-Msg;2450000122 Hz;LoRa SF12;LoRa BW 1600;-102 dBm;-3 dB;2021-03-26 18:23:01;10:1111;10:2222;
273;COM8;Tx C-Msg;2450000122 Hz;LoRa SF12;LoRa BW 1600;;;2021-03-26 18:23:01.631;;;Status:OK  Packet:1562  AirTime:99 ms
274;COM8;Rx Ack-Msg;2450000122 Hz;LoRa SF12;LoRa BW 1600;-102 dBm;-3 dB;2021-03-26 18:23:01;10:1111;10:2222;
275;COM8;Tx C-Msg;2450000122 Hz;LoRa SF12;LoRa BW 1600;;;2021-03-26 18:23:01.840;;;Status:OK  Packet:1563  AirTime:99 ms
276;COM8;Rx Ack-Msg;2450000122 Hz;LoRa SF12;LoRa BW 1600;-102 dBm;-3 dB;2021-03-26 18:23:01;10:1111;10:2222;
277;COM8;Tx C-Msg;2450000122 Hz;LoRa SF12;LoRa BW 1600;;;2021-03-26 18:23:02.036;;;Status:OK  Packet:1564  AirTime:99 ms
278;COM8;Rx Ack-Msg;2450000122 Hz;LoRa SF12;LoRa BW 1600;-102 dBm;-3 dB;2021-03-26 18:23:01;10:1111;10:2222;
279;COM8;Tx C-Msg;2450000122 Hz;LoRa SF12;LoRa BW 1600;;;2021-03-26 18:23:02.239;;;Status:OK  Packet:1565  AirTime:99 ms
280;COM8;Rx Ack-Msg;2450000122 Hz;LoRa SF12;LoRa BW 1600;-102 dBm;-3 dB;2021-03-26 18:23:02;10:1111;10:2222;
281;COM8;Tx C-Msg;2450000122 Hz;LoRa SF12;LoRa BW 1600;;;2021-03-26 18:23:02.430;;;Status:OK  Packet:1566  AirTime:99 ms
282;COM8;Rx Ack-Msg;2450000122 Hz;LoRa SF12;LoRa BW 1600;-102 dBm;-3 dB;2021-03-26 18:23:02;10:1111;10:2222;
283;COM8;Tx C-Msg;2450000122 Hz;LoRa SF12;LoRa BW 1600;;;2021-03-26 18:23:02.619;;;Status:OK  Packet:1567  AirTime:99 ms
284;COM8;Rx Ack-Msg;2450000122 Hz;LoRa SF12;LoRa BW 1600;-102 dBm;-3 dB;2021-03-26 18:23:02;10:1111;10:2222;
285;COM8;Tx C-Msg;2450000122 Hz;LoRa SF12;LoRa BW 1600;;;2021-03-26 18:23:02.831;;;Status:OK  Packet:1568  AirTime:99 ms
286;COM8;Rx Ack-Msg;2450000122 Hz;LoRa SF12;LoRa BW 1600;-102 dBm;-4 dB;2021-03-26 18:23:02;10:1111;10:2222;
287;COM8;Tx C-Msg;2450000122 Hz;LoRa SF12;LoRa BW 1600;;;2021-03-26 18:23:03.663;;;Status:OK  Packet:1569  AirTime:99 ms
288;COM8;Rx Ack-Msg;2450000122 Hz;LoRa SF12;LoRa BW 1600;-103 dBm;-5 dB;2021-03-26 18:23:03;10:1111;10:2222;
289;COM8;Tx C-Msg;2450000122 Hz;LoRa SF12;LoRa BW 1600;;;2021-03-26 18:23:03.855;;;Status:OK  Packet:1570  AirTime:99 ms
290;COM8;Rx Ack-Msg;2450000122 Hz;LoRa SF12;LoRa BW 1600;-103 dBm;-5 dB;2021-03-26 18:23:03;10:1111;10:2222;
291;COM8;Tx C-Msg;2450000122 Hz;LoRa SF12;LoRa BW 1600;;;2021-03-26 18:23:04.062;;;Status:OK  Packet:1571  AirTime:99 ms
292;COM8;Rx Ack-Msg;2450000122 Hz;LoRa SF12;LoRa BW 1600;-103 dBm;-5 dB;2021-03-26 18:23:03;10:1111;10:2222;
293;COM8;Tx C-Msg;2450000122 Hz;LoRa SF12;LoRa BW 1600;;;2021-03-26 18:23:05.033;;;Status:OK  Packet:1572  AirTime:99 ms
294;COM8;Rx Ack-Msg;2450000122 Hz;LoRa SF12;LoRa BW 1600;-103 dBm;-4 dB;2021-03-26 18:23:04;10:1111;10:2222;
295;COM8;Tx C-Msg;2450000122 Hz;LoRa SF12;LoRa BW 1600;;;2021-03-26 18:23:05.230;;;Status:OK  Packet:1573  AirTime:99 ms
296;COM8;Rx Ack-Msg;2450000122 Hz;LoRa SF12;LoRa BW 1600;-103 dBm;-5 dB;2021-03-26 18:23:05;10:1111;10:2222;
297;COM8;Tx C-Msg;2450000122 Hz;LoRa SF12;LoRa BW 1600;;;2021-03-26 18:23:06.237;;;Status:OK  Packet:1574  AirTime:99 ms
298;COM8;Rx Ack-Msg;2450000122 Hz;LoRa SF12;LoRa BW 1600;-103 dBm;-6 dB;2021-03-26 18:23:06;10:1111;10:2222;
299;COM8;Tx C-Msg;2450000122 Hz;LoRa SF12;LoRa BW 1600;;;2021-03-26 18:23:06.431;;;Status:OK  Packet:1575  AirTime:99 ms
300;COM8;Rx Ack-Msg;2450000122 Hz;LoRa SF12;LoRa BW 1600;-103 dBm;-6 dB;2021-03-26 18:23:06;10:1111;10:2222;
1;COM8;Tx C-Msg;2450000122 Hz;LoRa SF12;LoRa BW 1600;;;2021-03-26 18:45:19.700;;;Status:OK  Packet:1053  AirTime:99 ms
2;COM8;Rx Ack-Msg;2450000122 Hz;LoRa SF12;LoRa BW 1600;-94 dBm;3 dB;2021-03-26 18:45:19;10:1111;10:2222;
3;COM8;Tx C-Msg;2450000122 Hz;LoRa SF12;LoRa BW 1600;;;2021-03-26 18:45:20.659;;;Status:OK  Packet:1054  AirTime:99 ms
4;COM8;Rx Ack-Msg;2450000122 Hz;LoRa SF12;LoRa BW 1600;-93 dBm;3 dB;2021-03-26 18:45:20;10:1111;10:2222;
5;COM8;Tx C-Msg;2450000122 Hz;LoRa SF12;LoRa BW 1600;;;2021-03-26 18:45:21.006;;;Status:OK  Packet:1055  AirTime:99 ms
6;COM8;Rx Ack-Msg;2450000122 Hz;LoRa SF12;LoRa BW 1600;-93 dBm;3 dB;2021-03-26 18:45:20;10:1111;10:2222;
7;COM8;Tx C-Msg;2450000122 Hz;LoRa SF12;LoRa BW 1600;;;2021-03-26 18:45:21.315;;;Status:OK  Packet:1056  AirTime:99 ms
8;COM8;Rx Ack-Msg;2450000122 Hz;LoRa SF12;LoRa BW 1600;-93 dBm;3 dB;2021-03-26 18:45:21;10:1111;10:2222;
9;COM8;Tx C-Msg;2450000122 Hz;LoRa SF12;LoRa BW 1600;;;2021-03-26 18:45:21.729;;;Status:OK  Packet:1057  AirTime:99 ms
10;COM8;Rx Ack-Msg;2450000122 Hz;LoRa SF12;LoRa BW 1600;-91 dBm;5 dB;2021-03-26 18:45:21;10:1111;10:2222;
11;COM8;Tx C-Msg;2450000122 Hz;LoRa SF12;LoRa BW 1600;;;2021-03-26 18:45:23.279;;;Status:OK  Packet:1058  AirTime:99 ms
12;COM8;Rx Ack-Msg;2450000122 Hz;LoRa SF12;LoRa BW 1600;-97 dBm;2 dB;2021-03-26 18:45:23;10:1111;10:2222;
13;COM8;Tx C-Msg;2450000122 Hz;LoRa SF12;LoRa BW 1600;;;2021-03-26 18:45:24.347;;;Status:OK  Packet:1059  AirTime:99 ms
14;COM8;Rx Ack-Msg;2450000122 Hz;LoRa SF12;LoRa BW 1600;-98 dBm;1 dB;2021-03-26 18:45:24;10:1111;10:2222;
15;COM8;Tx C-Msg;2450000122 Hz;LoRa SF12;LoRa BW 1600;;;2021-03-26 18:45:24.639;;;Status:OK  Packet:1060  AirTime:99 ms
16;COM8;Rx Ack-Msg;2450000122 Hz;LoRa SF12;LoRa BW 1600;-98 dBm;1 dB;2021-03-26 18:45:24;10:1111;10:2222;
17;COM8;Tx C-Msg;2450000122 Hz;LoRa SF12;LoRa BW 1600;;;2021-03-26 18:45:25.470;;;Status:OK  Packet:1061  AirTime:99 ms
18;COM8;Rx Ack-Msg;2450000122 Hz;LoRa SF12;LoRa BW 1600;-98 dBm;1 dB;2021-03-26 18:45:25;10:1111;10:2222;
19;COM8;Tx C-Msg;2450000122 Hz;LoRa SF12;LoRa BW 1600;;;2021-03-26 18:45:25.775;;;Status:OK  Packet:1062  AirTime:99 ms
20;COM8;Rx Ack-Msg;2450000122 Hz;LoRa SF12;LoRa BW 1600;-98 dBm;1 dB;2021-03-26 18:45:25;10:1111;10:2222;
21;COM8;Tx C-Msg;2450000122 Hz;LoRa SF12;LoRa BW 1600;;;2021-03-26 18:45:26.173;;;Status:OK  Packet:1063  AirTime:99 ms
22;COM8;Rx Ack-Msg;2450000122 Hz;LoRa SF12;LoRa BW 1600;-98 dBm;1 dB;2021-03-26 18:45:26;10:1111;10:2222;
23;COM8;Tx C-Msg;2450000122 Hz;LoRa SF12;LoRa BW 1600;;;2021-03-26 18:45:26.492;;;Status:OK  Packet:1064  AirTime:99 ms
24;COM8;Rx Ack-Msg;2450000122 Hz;LoRa SF12;LoRa BW 1600;-98 dBm;1 dB;2021-03-26 18:45:26;10:1111;10:2222;
25;COM8;Tx C-Msg;2450000122 Hz;LoRa SF12;LoRa BW 1600;;;2021-03-26 18:45:26.812;;;Status:OK  Packet:1065  AirTime:99 ms
26;COM8;Rx Ack-Msg;2450000122 Hz;LoRa SF12;LoRa BW 1600;-98 dBm;1 dB;2021-03-26 18:45:26;10:1111;10:2222;
27;COM8;Tx C-Msg;2450000122 Hz;LoRa SF12;LoRa BW 1600;;;2021-03-26 18:45:27.132;;;Status:OK  Packet:1066  AirTime:99 ms
28;COM8;Rx Ack-Msg;2450000122 Hz;LoRa SF12;LoRa BW 1600;-98 dBm;1 dB;2021-03-26 18:45:26;10:1111;10:2222;
29;COM8;Tx C-Msg;2450000122 Hz;LoRa SF12;LoRa BW 1600;;;2021-03-26 18:45:27.325;;;Status:OK  Packet:1067  AirTime:99 ms
30;COM8;Rx Ack-Msg;2450000122 Hz;LoRa SF12;LoRa BW 1600;-98 dBm;1 dB;2021-03-26 18:45:27;10:1111;10:2222;
31;COM8;Tx C-Msg;2450000122 Hz;LoRa SF12;LoRa BW 1600;;;2021-03-26 18:45:27.628;;;Status:OK  Packet:1068  AirTime:99 ms
32;COM8;Rx Ack-Msg;2450000122 Hz;LoRa SF12;LoRa BW 1600;-98 dBm;1 dB;2021-03-26 18:45:27;10:1111;10:2222;
33;COM8;Tx C-Msg;2450000122 Hz;LoRa SF12;LoRa BW 1600;;;2021-03-26 18:45:27.819;;;Status:OK  Packet:1069  AirTime:99 ms
34;COM8;Rx Ack-Msg;2450000122 Hz;LoRa SF12;LoRa BW 1600;-98 dBm;1 dB;2021-03-26 18:45:27;10:1111;10:2222;
35;COM8;Tx C-Msg;2450000122 Hz;LoRa SF12;LoRa BW 1600;;;2021-03-26 18:45:28.006;;;Status:OK  Packet:1070  AirTime:99 ms
36;COM8;Rx Ack-Msg;2450000122 Hz;LoRa SF12;LoRa BW 1600;-98 dBm;1 dB;2021-03-26 18:45:27;10:1111;10:2222;
37;COM8;Tx C-Msg;2450000122 Hz;LoRa SF12;LoRa BW 1600;;;2021-03-26 18:45:28.219;;;Status:OK  Packet:1071  AirTime:99 ms
38;COM8;Rx Ack-Msg;2450000122 Hz;LoRa SF12;LoRa BW 1600;-98 dBm;1 dB;2021-03-26 18:45:28;10:1111;10:2222;
39;COM8;Tx C-Msg;2450000122 Hz;LoRa SF12;LoRa BW 1600;;;2021-03-26 18:45:28.523;;;Status:OK  Packet:1072  AirTime:99 ms
40;COM8;Rx Ack-Msg;2450000122 Hz;LoRa SF12;LoRa BW 1600;-98 dBm;1 dB;2021-03-26 18:45:28;10:1111;10:2222;
41;COM8;Tx C-Msg;2450000122 Hz;LoRa SF12;LoRa BW 1600;;;2021-03-26 18:45:29.098;;;Status:OK  Packet:1073  AirTime:99 ms
42;COM8;Rx Ack-Msg;2450000122 Hz;LoRa SF12;LoRa BW 1600;-98 dBm;2 dB;2021-03-26 18:45:28;10:1111;10:2222;
43;COM8;Tx C-Msg;2450000122 Hz;LoRa SF12;LoRa BW 1600;;;2021-03-26 18:45:29.450;;;Status:OK  Packet:1074  AirTime:99 ms
44;COM8;Rx Ack-Msg;2450000122 Hz;LoRa SF12;LoRa BW 1600;-98 dBm;1 dB;2021-03-26 18:45:29;10:1111;10:2222;
45;COM8;Tx C-Msg;2450000122 Hz;LoRa SF12;LoRa BW 1600;;;2021-03-26 18:45:29.754;;;Status:OK  Packet:1075  AirTime:99 ms
46;COM8;Rx Ack-Msg;2450000122 Hz;LoRa SF12;LoRa BW 1600;-98 dBm;1 dB;2021-03-26 18:45:29;10:1111;10:2222;
47;COM8;Tx C-Msg;2450000122 Hz;LoRa SF12;LoRa BW 1600;;;2021-03-26 18:45:29.963;;;Status:OK  Packet:1076  AirTime:99 ms
48;COM8;Rx Ack-Msg;2450000122 Hz;LoRa SF12;LoRa BW 1600;-98 dBm;1 dB;2021-03-26 18:45:29;10:1111;10:2222;
49;COM8;Tx C-Msg;2450000122 Hz;LoRa SF12;LoRa BW 1600;;;2021-03-26 18:45:30.278;;;Status:OK  Packet:1077  AirTime:99 ms
50;COM8;Rx Ack-Msg;2450000122 Hz;LoRa SF12;LoRa BW 1600;-98 dBm;1 dB;2021-03-26 18:45:30;10:1111;10:2222;
51;COM8;Tx C-Msg;2450000122 Hz;LoRa SF12;LoRa BW 1600;;;2021-03-26 18:45:30.585;;;Status:OK  Packet:1078  AirTime:99 ms
52;COM8;Rx Ack-Msg;2450000122 Hz;LoRa SF12;LoRa BW 1600;-99 dBm;1 dB;2021-03-26 18:45:30;10:1111;10:2222;
53;COM8;Tx C-Msg;2450000122 Hz;LoRa SF12;LoRa BW 1600;;;2021-03-26 18:45:30.889;;;Status:OK  Packet:1079  AirTime:99 ms
54;COM8;Rx Ack-Msg;2450000122 Hz;LoRa SF12;LoRa BW 1600;-99 dBm;1 dB;2021-03-26 18:45:30;10:1111;10:2222;
55;COM8;Tx C-Msg;2450000122 Hz;LoRa SF12;LoRa BW 1600;;;2021-03-26 18:45:31.224;;;Status:OK  Packet:1080  AirTime:99 ms
56;COM8;Rx Ack-Msg;2450000122 Hz;LoRa SF12;LoRa BW 1600;-99 dBm;1 dB;2021-03-26 18:45:31;10:1111;10:2222;
57;COM8;Tx C-Msg;2450000122 Hz;LoRa SF12;LoRa BW 1600;;;2021-03-26 18:45:31.560;;;Status:OK  Packet:1081  AirTime:99 ms
58;COM8;Rx Ack-Msg;2450000122 Hz;LoRa SF12;LoRa BW 1600;-99 dBm;1 dB;2021-03-26 18:45:31;10:1111;10:2222;
59;COM8;Tx C-Msg;2450000122 Hz;LoRa SF12;LoRa BW 1600;;;2021-03-26 18:45:31.928;;;Status:OK  Packet:1082  AirTime:99 ms
60;COM8;Rx Ack-Msg;2450000122 Hz;LoRa SF12;LoRa BW 1600;-98 dBm;1 dB;2021-03-26 18:45:31;10:1111;10:2222;
61;COM8;Tx C-Msg;2450000122 Hz;LoRa SF12;LoRa BW 1600;;;2021-03-26 18:45:32.132;;;Status:OK  Packet:1083  AirTime:99 ms
62;COM8;Rx Ack-Msg;2450000122 Hz;LoRa SF12;LoRa BW 1600;-98 dBm;1 dB;2021-03-26 18:45:31;10:1111;10:2222;
63;COM8;Tx C-Msg;2450000122 Hz;LoRa SF12;LoRa BW 1600;;;2021-03-26 18:45:32.467;;;Status:OK  Packet:1084  AirTime:99 ms
64;COM8;Rx Ack-Msg;2450000122 Hz;LoRa SF12;LoRa BW 1600;-98 dBm;1 dB;2021-03-26 18:45:32;10:1111;10:2222;
65;COM8;Tx C-Msg;2450000122 Hz;LoRa SF12;LoRa BW 1600;;;2021-03-26 18:45:32.867;;;Status:OK  Packet:1085  AirTime:99 ms
66;COM8;Rx Ack-Msg;2450000122 Hz;LoRa SF12;LoRa BW 1600;-98 dBm;1 dB;2021-03-26 18:45:32;10:1111;10:2222;
67;COM8;Tx C-Msg;2450000122 Hz;LoRa SF12;LoRa BW 1600;;;2021-03-26 18:45:33.063;;;Status:OK  Packet:1086  AirTime:99 ms
68;COM8;Rx Ack-Msg;2450000122 Hz;LoRa SF12;LoRa BW 1600;-98 dBm;1 dB;2021-03-26 18:45:32;10:1111;10:2222;
69;COM8;Tx C-Msg;2450000122 Hz;LoRa SF12;LoRa BW 1600;;;2021-03-26 18:45:33.442;;;Status:OK  Packet:1087  AirTime:99 ms
70;COM8;Rx Ack-Msg;2450000122 Hz;LoRa SF12;LoRa BW 1600;-98 dBm;1 dB;2021-03-26 18:45:33;10:1111;10:2222;
71;COM8;Tx C-Msg;2450000122 Hz;LoRa SF12;LoRa BW 1600;;;2021-03-26 18:45:33.654;;;Status:OK  Packet:1088  AirTime:99 ms
72;COM8;Rx Ack-Msg;2450000122 Hz;LoRa SF12;LoRa BW 1600;-98 dBm;1 dB;2021-03-26 18:45:33;10:1111;10:2222;
73;COM8;Tx C-Msg;2450000122 Hz;LoRa SF12;LoRa BW 1600;;;2021-03-26 18:45:34.038;;;Status:OK  Packet:1089  AirTime:99 ms
74;COM8;Rx Ack-Msg;2450000122 Hz;LoRa SF12;LoRa BW 1600;-98 dBm;1 dB;2021-03-26 18:45:33;10:1111;10:2222;
75;COM8;Tx C-Msg;2450000122 Hz;LoRa SF12;LoRa BW 1600;;;2021-03-26 18:45:34.231;;;Status:OK  Packet:1090  AirTime:99 ms
76;COM8;Rx Ack-Msg;2450000122 Hz;LoRa SF12;LoRa BW 1600;-98 dBm;1 dB;2021-03-26 18:45:34;10:1111;10:2222;
77;COM8;Tx C-Msg;2450000122 Hz;LoRa SF12;LoRa BW 1600;;;2021-03-26 18:45:34.597;;;Status:OK  Packet:1091  AirTime:99 ms
78;COM8;Rx Ack-Msg;2450000122 Hz;LoRa SF12;LoRa BW 1600;-99 dBm;1 dB;2021-03-26 18:45:34;10:1111;10:2222;
79;COM8;Tx C-Msg;2450000122 Hz;LoRa SF12;LoRa BW 1600;;;2021-03-26 18:45:35.252;;;Status:OK  Packet:1092  AirTime:99 ms
80;COM8;Rx Ack-Msg;2450000122 Hz;LoRa SF12;LoRa BW 1600;-98 dBm;1 dB;2021-03-26 18:45:35;10:1111;10:2222;
81;COM8;Tx C-Msg;2450000122 Hz;LoRa SF12;LoRa BW 1600;;;2021-03-26 18:45:35.633;;;Status:OK  Packet:1093  AirTime:99 ms
82;COM8;Rx Ack-Msg;2450000122 Hz;LoRa SF12;LoRa BW 1600;-98 dBm;1 dB;2021-03-26 18:45:35;10:1111;10:2222;
83;COM8;Tx C-Msg;2450000122 Hz;LoRa SF12;LoRa BW 1600;;;2021-03-26 18:45:35.844;;;Status:OK  Packet:1094  AirTime:99 ms
84;COM8;Rx Ack-Msg;2450000122 Hz;LoRa SF12;LoRa BW 1600;-98 dBm;1 dB;2021-03-26 18:45:35;10:1111;10:2222;
85;COM8;Tx C-Msg;2450000122 Hz;LoRa SF12;LoRa BW 1600;;;2021-03-26 18:45:36.579;;;Status:OK  Packet:1095  AirTime:99 ms
86;COM8;Rx Ack-Msg;2450000122 Hz;LoRa SF12;LoRa BW 1600;-98 dBm;1 dB;2021-03-26 18:45:36;10:1111;10:2222;
87;COM8;Tx C-Msg;2450000122 Hz;LoRa SF12;LoRa BW 1600;;;2021-03-26 18:45:37.202;;;Status:OK  Packet:1096  AirTime:99 ms
88;COM8;Rx Ack-Msg;2450000122 Hz;LoRa SF12;LoRa BW 1600;-98 dBm;1 dB;2021-03-26 18:45:37;10:1111;10:2222;
89;COM8;Tx C-Msg;2450000122 Hz;LoRa SF12;LoRa BW 1600;;;2021-03-26 18:45:37.490;;;Status:OK  Packet:1097  AirTime:99 ms
90;COM8;Rx Ack-Msg;2450000122 Hz;LoRa SF12;LoRa BW 1600;-98 dBm;1 dB;2021-03-26 18:45:37;10:1111;10:2222;
91;COM8;Tx C-Msg;2450000122 Hz;LoRa SF12;LoRa BW 1600;;;2021-03-26 18:45:38.317;;;Status:OK  Packet:1098  AirTime:99 ms
92;COM8;Rx Ack-Msg;2450000122 Hz;LoRa SF12;LoRa BW 1600;-99 dBm;1 dB;2021-03-26 18:45:38;10:1111;10:2222;
93;COM8;Tx C-Msg;2450000122 Hz;LoRa SF12;LoRa BW 1600;;;2021-03-26 18:45:38.992;;;Status:OK  Packet:1099  AirTime:99 ms
94;COM8;Rx Ack-Msg;2450000122 Hz;LoRa SF12;LoRa BW 1600;-98 dBm;0 dB;2021-03-26 18:45:38;10:1111;10:2222;
95;COM8;Tx C-Msg;2450000122 Hz;LoRa SF12;LoRa BW 1600;;;2021-03-26 18:45:39.185;;;Status:OK  Packet:1100  AirTime:99 ms
96;COM8;Rx Ack-Msg;2450000122 Hz;LoRa SF12;LoRa BW 1600;-98 dBm;1 dB;2021-03-26 18:45:39;10:1111;10:2222;
97;COM8;Tx C-Msg;2450000122 Hz;LoRa SF12;LoRa BW 1600;;;2021-03-26 18:45:40.159;;;Status:OK  Packet:1101  AirTime:99 ms
98;COM8;Rx Ack-Msg;2450000122 Hz;LoRa SF12;LoRa BW 1600;-99 dBm;1 dB;2021-03-26 18:45:40;10:1111;10:2222;
99;COM8;Tx C-Msg;2450000122 Hz;LoRa SF12;LoRa BW 1600;;;2021-03-26 18:45:41.102;;;Status:OK  Packet:1102  AirTime:99 ms
100;COM8;Rx Ack-Msg;2450000122 Hz;LoRa SF12;LoRa BW 1600;-98 dBm;1 dB;2021-03-26 18:45:40;10:1111;10:2222;
