No.;Port;Event;Frequency;SF / Datarate;Bandwidth;RSSI;SNR;Time;Dst Address;Src Address;Message Payload
1;COM8;Tx C-Msg;2450000122 Hz;LoRa SF12;LoRa BW 1600;;;2021-03-26 18:26:25.462;;;Status:OK  Packet:1576  AirTime:99 ms
2;COM8;Rx Ack-Msg;2450000122 Hz;LoRa SF12;LoRa BW 1600;-91 dBm;5 dB;2021-03-26 18:26:25;10:1111;10:2222;
3;COM8;Tx C-Msg;2450000122 Hz;LoRa SF12;LoRa BW 1600;;;2021-03-26 18:26:25.669;;;Status:OK  Packet:1577  AirTime:99 ms
4;COM8;Rx Ack-Msg;2450000122 Hz;LoRa SF12;LoRa BW 1600;-91 dBm;4 dB;2021-03-26 18:26:25;10:1111;10:2222;
5;COM8;Tx C-Msg;2450000122 Hz;LoRa SF12;LoRa BW 1600;;;2021-03-26 18:26:25.860;;;Status:OK  Packet:1578  AirTime:99 ms
6;COM8;Rx Ack-Msg;2450000122 Hz;LoRa SF12;LoRa BW 1600;-91 dBm;4 dB;2021-03-26 18:26:25;10:1111;10:2222;
7;COM8;Tx C-Msg;2450000122 Hz;LoRa SF12;LoRa BW 1600;;;2021-03-26 18:26:26.070;;;Status:OK  Packet:1579  AirTime:99 ms
8;COM8;Rx Ack-Msg;2450000122 Hz;LoRa SF12;LoRa BW 1600;-91 dBm;5 dB;2021-03-26 18:26:25;10:1111;10:2222;
9;COM8;Tx C-Msg;2450000122 Hz;LoRa SF12;LoRa BW 1600;;;2021-03-26 18:26:26.260;;;Status:OK  Packet:1580  AirTime:99 ms
10;COM8;Rx Ack-Msg;2450000122 Hz;LoRa SF12;LoRa BW 1600;-91 dBm;5 dB;2021-03-26 18:26:26;10:1111;10:2222;
11;COM8;Tx C-Msg;2450000122 Hz;LoRa SF12;LoRa BW 1600;;;2021-03-26 18:26:26.455;;;Status:OK  Packet:1581  AirTime:99 ms
12;COM8;Rx Ack-Msg;2450000122 Hz;LoRa SF12;LoRa BW 1600;-91 dBm;5 dB;2021-03-26 18:26:26;10:1111;10:2222;
13;COM8;Tx C-Msg;2450000122 Hz;LoRa SF12;LoRa BW 1600;;;2021-03-26 18:26:26.661;;;Status:OK  Packet:1582  AirTime:99 ms
14;COM8;Rx Ack-Msg;2450000122 Hz;LoRa SF12;LoRa BW 1600;-91 dBm;5 dB;2021-03-26 18:26:26;10:1111;10:2222;
15;COM8;Tx C-Msg;2450000122 Hz;LoRa SF12;LoRa BW 1600;;;2021-03-26 18:26:31.681;;;Status:OK  Packet:1583  AirTime:99 ms
16;COM8;Rx Ack-Msg;2450000122 Hz;LoRa SF12;LoRa BW 1600;-73 dBm;-16 dB;2021-03-26 18:26:31;10:1111;10:2222;
17;COM8;Tx C-Msg;2450000122 Hz;LoRa SF12;LoRa BW 1600;;;2021-03-26 18:26:31.873;;;Status:OK  Packet:1584  AirTime:99 ms
18;COM8;Rx Ack-Msg;2450000122 Hz;LoRa SF12;LoRa BW 1600;-90 dBm;5 dB;2021-03-26 18:26:31;10:1111;10:2222;
19;COM8;Tx C-Msg;2450000122 Hz;LoRa SF12;LoRa BW 1600;;;2021-03-26 18:26:32.064;;;Status:OK  Packet:1585  AirTime:99 ms
20;COM8;Rx Ack-Msg;2450000122 Hz;LoRa SF12;LoRa BW 1600;-90 dBm;5 dB;2021-03-26 18:26:31;10:1111;10:2222;
21;COM8;Tx C-Msg;2450000122 Hz;LoRa SF12;LoRa BW 1600;;;2021-03-26 18:26:32.269;;;Status:OK  Packet:1586  AirTime:99 ms
22;COM8;Rx Ack-Msg;2450000122 Hz;LoRa SF12;LoRa BW 1600;-90 dBm;4 dB;2021-03-26 18:26:32;10:1111;10:2222;
23;COM8;Tx C-Msg;2450000122 Hz;LoRa SF12;LoRa BW 1600;;;2021-03-26 18:26:32.459;;;Status:OK  Packet:1587  AirTime:99 ms
24;COM8;Rx Ack-Msg;2450000122 Hz;LoRa SF12;LoRa BW 1600;-90 dBm;5 dB;2021-03-26 18:26:32;10:1111;10:2222;
25;COM8;Tx C-Msg;2450000122 Hz;LoRa SF12;LoRa BW 1600;;;2021-03-26 18:26:32.676;;;Status:OK  Packet:1588  AirTime:99 ms
26;COM8;Rx Ack-Msg;2450000122 Hz;LoRa SF12;LoRa BW 1600;-90 dBm;5 dB;2021-03-26 18:26:32;10:1111;10:2222;
27;COM8;Tx C-Msg;2450000122 Hz;LoRa SF12;LoRa BW 1600;;;2021-03-26 18:26:32.863;;;Status:OK  Packet:1589  AirTime:99 ms
28;COM8;Rx Ack-Msg;2450000122 Hz;LoRa SF12;LoRa BW 1600;-90 dBm;5 dB;2021-03-26 18:26:32;10:1111;10:2222;
29;COM8;Tx C-Msg;2450000122 Hz;LoRa SF12;LoRa BW 1600;;;2021-03-26 18:26:33.056;;;Status:OK  Packet:1590  AirTime:99 ms
30;COM8;Rx Ack-Msg;2450000122 Hz;LoRa SF12;LoRa BW 1600;-90 dBm;5 dB;2021-03-26 18:26:32;10:1111;10:2222;
31;COM8;Tx C-Msg;2450000122 Hz;LoRa SF12;LoRa BW 1600;;;2021-03-26 18:26:33.273;;;Status:OK  Packet:1591  AirTime:99 ms
32;COM8;Rx Ack-Msg;2450000122 Hz;LoRa SF12;LoRa BW 1600;-90 dBm;5 dB;2021-03-26 18:26:33;10:1111;10:2222;
33;COM8;Tx C-Msg;2450000122 Hz;LoRa SF12;LoRa BW 1600;;;2021-03-26 18:26:33.457;;;Status:OK  Packet:1592  AirTime:99 ms
34;COM8;Rx Ack-Msg;2450000122 Hz;LoRa SF12;LoRa BW 1600;-90 dBm;5 dB;2021-03-26 18:26:33;10:1111;10:2222;
35;COM8;Tx C-Msg;2450000122 Hz;LoRa SF12;LoRa BW 1600;;;2021-03-26 18:26:33.647;;;Status:OK  Packet:1593  AirTime:99 ms
36;COM8;Rx Ack-Msg;2450000122 Hz;LoRa SF12;LoRa BW 1600;-90 dBm;5 dB;2021-03-26 18:26:33;10:1111;10:2222;
37;COM8;Tx C-Msg;2450000122 Hz;LoRa SF12;LoRa BW 1600;;;2021-03-26 18:26:33.855;;;Status:OK  Packet:1594  AirTime:99 ms
38;COM8;Rx Ack-Msg;2450000122 Hz;LoRa SF12;LoRa BW 1600;-90 dBm;4 dB;2021-03-26 18:26:33;10:1111;10:2222;
39;COM8;Tx C-Msg;2450000122 Hz;LoRa SF12;LoRa BW 1600;;;2021-03-26 18:26:34.047;;;Status:OK  Packet:1595  AirTime:99 ms
40;COM8;Rx Ack-Msg;2450000122 Hz;LoRa SF12;LoRa BW 1600;-90 dBm;5 dB;2021-03-26 18:26:33;10:1111;10:2222;
41;COM8;Tx C-Msg;2450000122 Hz;LoRa SF12;LoRa BW 1600;;;2021-03-26 18:26:34.254;;;Status:OK  Packet:1596  AirTime:99 ms
42;COM8;Rx Ack-Msg;2450000122 Hz;LoRa SF12;LoRa BW 1600;-90 dBm;5 dB;2021-03-26 18:26:34;10:1111;10:2222;
43;COM8;Tx C-Msg;2450000122 Hz;LoRa SF12;LoRa BW 1600;;;2021-03-26 18:26:34.446;;;Status:OK  Packet:1597  AirTime:99 ms
44;COM8;Rx Ack-Msg;2450000122 Hz;LoRa SF12;LoRa BW 1600;-89 dBm;4 dB;2021-03-26 18:26:34;10:1111;10:2222;
45;COM8;Tx C-Msg;2450000122 Hz;LoRa SF12;LoRa BW 1600;;;2021-03-26 18:26:34.641;;;Status:OK  Packet:1598  AirTime:99 ms
46;COM8;Rx Ack-Msg;2450000122 Hz;LoRa SF12;LoRa BW 1600;-89 dBm;4 dB;2021-03-26 18:26:34;10:1111;10:2222;
47;COM8;Tx C-Msg;2450000122 Hz;LoRa SF12;LoRa BW 1600;;;2021-03-26 18:26:34.846;;;Status:OK  Packet:1599  AirTime:99 ms
48;COM8;Rx Ack-Msg;2450000122 Hz;LoRa SF12;LoRa BW 1600;-89 dBm;4 dB;2021-03-26 18:26:34;10:1111;10:2222;
49;COM8;Tx C-Msg;2450000122 Hz;LoRa SF12;LoRa BW 1600;;;2021-03-26 18:26:35.038;;;Status:OK  Packet:1600  AirTime:99 ms
50;COM8;Rx Ack-Msg;2450000122 Hz;LoRa SF12;LoRa BW 1600;-89 dBm;4 dB;2021-03-26 18:26:34;10:1111;10:2222;
51;COM8;Tx C-Msg;2450000122 Hz;LoRa SF12;LoRa BW 1600;;;2021-03-26 18:26:35.265;;;Status:OK  Packet:1601  AirTime:99 ms
52;COM8;Rx Ack-Msg;2450000122 Hz;LoRa SF12;LoRa BW 1600;-89 dBm;3 dB;2021-03-26 18:26:35;10:1111;10:2222;
53;COM8;Tx C-Msg;2450000122 Hz;LoRa SF12;LoRa BW 1600;;;2021-03-26 18:26:35.434;;;Status:OK  Packet:1602  AirTime:99 ms
54;COM8;Rx Ack-Msg;2450000122 Hz;LoRa SF12;LoRa BW 1600;-89 dBm;4 dB;2021-03-26 18:26:35;10:1111;10:2222;
55;COM8;Tx C-Msg;2450000122 Hz;LoRa SF12;LoRa BW 1600;;;2021-03-26 18:26:35.633;;;Status:OK  Packet:1603  AirTime:99 ms
56;COM8;Rx Ack-Msg;2450000122 Hz;LoRa SF12;LoRa BW 1600;-89 dBm;4 dB;2021-03-26 18:26:35;10:1111;10:2222;
57;COM8;Tx C-Msg;2450000122 Hz;LoRa SF12;LoRa BW 1600;;;2021-03-26 18:26:35.833;;;Status:OK  Packet:1604  AirTime:99 ms
58;COM8;Rx Ack-Msg;2450000122 Hz;LoRa SF12;LoRa BW 1600;-89 dBm;4 dB;2021-03-26 18:26:35;10:1111;10:2222;
59;COM8;Tx C-Msg;2450000122 Hz;LoRa SF12;LoRa BW 1600;;;2021-03-26 18:26:36.029;;;Status:OK  Packet:1605  AirTime:99 ms
60;COM8;Rx Ack-Msg;2450000122 Hz;LoRa SF12;LoRa BW 1600;-90 dBm;4 dB;2021-03-26 18:26:35;10:1111;10:2222;
61;COM8;Tx C-Msg;2450000122 Hz;LoRa SF12;LoRa BW 1600;;;2021-03-26 18:26:36.222;;;Status:OK  Packet:1606  AirTime:99 ms
62;COM8;Rx Ack-Msg;2450000122 Hz;LoRa SF12;LoRa BW 1600;-90 dBm;4 dB;2021-03-26 18:26:36;10:1111;10:2222;
63;COM8;Tx C-Msg;2450000122 Hz;LoRa SF12;LoRa BW 1600;;;2021-03-26 18:26:36.429;;;Status:OK  Packet:1607  AirTime:99 ms
64;COM8;Rx Ack-Msg;2450000122 Hz;LoRa SF12;LoRa BW 1600;-90 dBm;5 dB;2021-03-26 18:26:36;10:1111;10:2222;
65;COM8;Tx C-Msg;2450000122 Hz;LoRa SF12;LoRa BW 1600;;;2021-03-26 18:26:36.621;;;Status:OK  Packet:1608  AirTime:99 ms
66;COM8;Rx Ack-Msg;2450000122 Hz;LoRa SF12;LoRa BW 1600;-91 dBm;4 dB;2021-03-26 18:26:36;10:1111;10:2222;
67;COM8;Tx C-Msg;2450000122 Hz;LoRa SF12;LoRa BW 1600;;;2021-03-26 18:26:36.819;;;Status:OK  Packet:1609  AirTime:99 ms
68;COM8;Rx Ack-Msg;2450000122 Hz;LoRa SF12;LoRa BW 1600;-91 dBm;4 dB;2021-03-26 18:26:36;10:1111;10:2222;
69;COM8;Tx C-Msg;2450000122 Hz;LoRa SF12;LoRa BW 1600;;;2021-03-26 18:26:37.020;;;Status:OK  Packet:1610  AirTime:99 ms
70;COM8;Rx Ack-Msg;2450000122 Hz;LoRa SF12;LoRa BW 1600;-91 dBm;5 dB;2021-03-26 18:26:36;10:1111;10:2222;
71;COM8;Tx C-Msg;2450000122 Hz;LoRa SF12;LoRa BW 1600;;;2021-03-26 18:26:37.208;;;Status:OK  Packet:1611  AirTime:99 ms
72;COM8;Rx Ack-Msg;2450000122 Hz;LoRa SF12;LoRa BW 1600;-91 dBm;5 dB;2021-03-26 18:26:37;10:1111;10:2222;
73;COM8;Tx C-Msg;2450000122 Hz;LoRa SF12;LoRa BW 1600;;;2021-03-26 18:26:37.420;;;Status:OK  Packet:1612  AirTime:99 ms
74;COM8;Rx Ack-Msg;2450000122 Hz;LoRa SF12;LoRa BW 1600;-91 dBm;5 dB;2021-03-26 18:26:37;10:1111;10:2222;
75;COM8;Tx C-Msg;2450000122 Hz;LoRa SF12;LoRa BW 1600;;;2021-03-26 18:26:37.608;;;Status:OK  Packet:1613  AirTime:99 ms
76;COM8;Rx Ack-Msg;2450000122 Hz;LoRa SF12;LoRa BW 1600;-91 dBm;5 dB;2021-03-26 18:26:37;10:1111;10:2222;
77;COM8;Tx C-Msg;2450000122 Hz;LoRa SF12;LoRa BW 1600;;;2021-03-26 18:26:37.805;;;Status:OK  Packet:1614  AirTime:99 ms
78;COM8;Rx Ack-Msg;2450000122 Hz;LoRa SF12;LoRa BW 1600;-91 dBm;5 dB;2021-03-26 18:26:37;10:1111;10:2222;
79;COM8;Tx C-Msg;2450000122 Hz;LoRa SF12;LoRa BW 1600;;;2021-03-26 18:26:38.013;;;Status:OK  Packet:1615  AirTime:99 ms
80;COM8;Rx Ack-Msg;2450000122 Hz;LoRa SF12;LoRa BW 1600;-90 dBm;5 dB;2021-03-26 18:26:37;10:1111;10:2222;
81;COM8;Tx C-Msg;2450000122 Hz;LoRa SF12;LoRa BW 1600;;;2021-03-26 18:26:38.205;;;Status:OK  Packet:1616  AirTime:99 ms
82;COM8;Rx Ack-Msg;2450000122 Hz;LoRa SF12;LoRa BW 1600;-90 dBm;5 dB;2021-03-26 18:26:38;10:1111;10:2222;
83;COM8;Tx C-Msg;2450000122 Hz;LoRa SF12;LoRa BW 1600;;;2021-03-26 18:26:38.983;;;Status:OK  Packet:1617  AirTime:99 ms
84;COM8;Rx Ack-Msg;2450000122 Hz;LoRa SF12;LoRa BW 1600;-90 dBm;5 dB;2021-03-26 18:26:38;10:1111;10:2222;
85;COM8;Tx C-Msg;2450000122 Hz;LoRa SF12;LoRa BW 1600;;;2021-03-26 18:26:39.309;;;Status:OK  Packet:1618  AirTime:99 ms
86;COM8;Rx Ack-Msg;2450000122 Hz;LoRa SF12;LoRa BW 1600;-90 dBm;5 dB;2021-03-26 18:26:39;10:1111;10:2222;
87;COM8;Tx C-Msg;2450000122 Hz;LoRa SF12;LoRa BW 1600;;;2021-03-26 18:26:39.500;;;Status:OK  Packet:1619  AirTime:99 ms
88;COM8;Rx Ack-Msg;2450000122 Hz;LoRa SF12;LoRa BW 1600;-90 dBm;4 dB;2021-03-26 18:26:39;10:1111;10:2222;
89;COM8;Tx C-Msg;2450000122 Hz;LoRa SF12;LoRa BW 1600;;;2021-03-26 18:26:40.506;;;Status:OK  Packet:1620  AirTime:99 ms
90;COM8;Rx Ack-Msg;2450000122 Hz;LoRa SF12;LoRa BW 1600;-90 dBm;4 dB;2021-03-26 18:26:40;10:1111;10:2222;
91;COM8;Tx C-Msg;2450000122 Hz;LoRa SF12;LoRa BW 1600;;;2021-03-26 18:26:40.715;;;Status:OK  Packet:1621  AirTime:99 ms
92;COM8;Rx Ack-Msg;2450000122 Hz;LoRa SF12;LoRa BW 1600;-90 dBm;5 dB;2021-03-26 18:26:40;10:1111;10:2222;
93;COM8;Tx C-Msg;2450000122 Hz;LoRa SF12;LoRa BW 1600;;;2021-03-26 18:26:41.675;;;Status:OK  Packet:1622  AirTime:99 ms
94;COM8;Rx Ack-Msg;2450000122 Hz;LoRa SF12;LoRa BW 1600;-90 dBm;4 dB;2021-03-26 18:26:41;10:1111;10:2222;
95;COM8;Tx C-Msg;2450000122 Hz;LoRa SF12;LoRa BW 1600;;;2021-03-26 18:26:41.881;;;Status:OK  Packet:1623  AirTime:99 ms
96;COM8;Rx Ack-Msg;2450000122 Hz;LoRa SF12;LoRa BW 1600;-89 dBm;4 dB;2021-03-26 18:26:41;10:1111;10:2222;
97;COM8;Tx C-Msg;2450000122 Hz;LoRa SF12;LoRa BW 1600;;;2021-03-26 18:26:42.937;;;Status:OK  Packet:1624  AirTime:99 ms
98;COM8;Rx Ack-Msg;2450000122 Hz;LoRa SF12;LoRa BW 1600;-90 dBm;5 dB;2021-03-26 18:26:42;10:1111;10:2222;
99;COM8;Tx C-Msg;2450000122 Hz;LoRa SF12;LoRa BW 1600;;;2021-03-26 18:26:43.976;;;Status:OK  Packet:1625  AirTime:99 ms
100;COM8;Rx Ack-Msg;2450000122 Hz;LoRa SF12;LoRa BW 1600;-90 dBm;4 dB;2021-03-26 18:26:43;10:1111;10:2222;
101;COM8;Tx C-Msg;2450000122 Hz;LoRa SF12;LoRa BW 1600;;;2021-03-26 18:27:16.067;;;Status:OK  Packet:1626  AirTime:99 ms
102;COM8;Rx Ack-Msg;2450000122 Hz;LoRa SF12;LoRa BW 1600;-91 dBm;4 dB;2021-03-26 18:27:15;10:1111;10:2222;
103;COM8;Tx C-Msg;2450000122 Hz;LoRa SF12;LoRa BW 1600;;;2021-03-26 18:27:16.254;;;Status:OK  Packet:1627  AirTime:99 ms
104;COM8;Rx Ack-Msg;2450000122 Hz;LoRa SF12;LoRa BW 1600;-91 dBm;4 dB;2021-03-26 18:27:16;10:1111;10:2222;
105;COM8;Tx C-Msg;2450000122 Hz;LoRa SF12;LoRa BW 1600;;;2021-03-26 18:27:16.464;;;Status:OK  Packet:1628  AirTime:99 ms
106;COM8;Rx Ack-Msg;2450000122 Hz;LoRa SF12;LoRa BW 1600;-91 dBm;5 dB;2021-03-26 18:27:16;10:1111;10:2222;
107;COM8;Tx C-Msg;2450000122 Hz;LoRa SF12;LoRa BW 1600;;;2021-03-26 18:27:16.684;;;Status:OK  Packet:1629  AirTime:99 ms
108;COM8;Rx Ack-Msg;2450000122 Hz;LoRa SF12;LoRa BW 1600;-91 dBm;5 dB;2021-03-26 18:27:16;10:1111;10:2222;
109;COM8;Tx C-Msg;2450000122 Hz;LoRa SF12;LoRa BW 1600;;;2021-03-26 18:27:16.866;;;Status:OK  Packet:1630  AirTime:99 ms
110;COM8;Rx Ack-Msg;2450000122 Hz;LoRa SF12;LoRa BW 1600;-91 dBm;5 dB;2021-03-26 18:27:16;10:1111;10:2222;
111;COM8;Tx C-Msg;2450000122 Hz;LoRa SF12;LoRa BW 1600;;;2021-03-26 18:27:17.058;;;Status:OK  Packet:1631  AirTime:99 ms
112;COM8;Rx Ack-Msg;2450000122 Hz;LoRa SF12;LoRa BW 1600;-90 dBm;5 dB;2021-03-26 18:27:16;10:1111;10:2222;
113;COM8;Tx C-Msg;2450000122 Hz;LoRa SF12;LoRa BW 1600;;;2021-03-26 18:27:17.250;;;Status:OK  Packet:1632  AirTime:99 ms
114;COM8;Rx Ack-Msg;2450000122 Hz;LoRa SF12;LoRa BW 1600;-90 dBm;5 dB;2021-03-26 18:27:17;10:1111;10:2222;
115;COM8;Tx C-Msg;2450000122 Hz;LoRa SF12;LoRa BW 1600;;;2021-03-26 18:27:17.453;;;Status:OK  Packet:1633  AirTime:99 ms
116;COM8;Rx Ack-Msg;2450000122 Hz;LoRa SF12;LoRa BW 1600;-90 dBm;5 dB;2021-03-26 18:27:17;10:1111;10:2222;
117;COM8;Tx C-Msg;2450000122 Hz;LoRa SF12;LoRa BW 1600;;;2021-03-26 18:27:17.649;;;Status:OK  Packet:1634  AirTime:99 ms
118;COM8;Rx Ack-Msg;2450000122 Hz;LoRa SF12;LoRa BW 1600;-90 dBm;5 dB;2021-03-26 18:27:17;10:1111;10:2222;
119;COM8;Tx C-Msg;2450000122 Hz;LoRa SF12;LoRa BW 1600;;;2021-03-26 18:27:17.854;;;Status:OK  Packet:1635  AirTime:99 ms
120;COM8;Rx Ack-Msg;2450000122 Hz;LoRa SF12;LoRa BW 1600;-90 dBm;5 dB;2021-03-26 18:27:17;10:1111;10:2222;
121;COM8;Tx C-Msg;2450000122 Hz;LoRa SF12;LoRa BW 1600;;;2021-03-26 18:27:18.049;;;Status:OK  Packet:1636  AirTime:99 ms
122;COM8;Rx Ack-Msg;2450000122 Hz;LoRa SF12;LoRa BW 1600;-89 dBm;4 dB;2021-03-26 18:27:17;10:1111;10:2222;
123;COM8;Tx C-Msg;2450000122 Hz;LoRa SF12;LoRa BW 1600;;;2021-03-26 18:27:18.241;;;Status:OK  Packet:1637  AirTime:99 ms
124;COM8;Rx Ack-Msg;2450000122 Hz;LoRa SF12;LoRa BW 1600;-89 dBm;4 dB;2021-03-26 18:27:18;10:1111;10:2222;
125;COM8;Tx C-Msg;2450000122 Hz;LoRa SF12;LoRa BW 1600;;;2021-03-26 18:27:18.445;;;Status:OK  Packet:1638  AirTime:99 ms
126;COM8;Rx Ack-Msg;2450000122 Hz;LoRa SF12;LoRa BW 1600;-89 dBm;4 dB;2021-03-26 18:27:18;10:1111;10:2222;
127;COM8;Tx C-Msg;2450000122 Hz;LoRa SF12;LoRa BW 1600;;;2021-03-26 18:27:18.644;;;Status:OK  Packet:1639  AirTime:99 ms
128;COM8;Rx Ack-Msg;2450000122 Hz;LoRa SF12;LoRa BW 1600;-89 dBm;4 dB;2021-03-26 18:27:18;10:1111;10:2222;
129;COM8;Tx C-Msg;2450000122 Hz;LoRa SF12;LoRa BW 1600;;;2021-03-26 18:27:18.849;;;Status:OK  Packet:1640  AirTime:99 ms
130;COM8;Rx Ack-Msg;2450000122 Hz;LoRa SF12;LoRa BW 1600;-89 dBm;4 dB;2021-03-26 18:27:18;10:1111;10:2222;
131;COM8;Tx C-Msg;2450000122 Hz;LoRa SF12;LoRa BW 1600;;;2021-03-26 18:27:19.040;;;Status:OK  Packet:1641  AirTime:99 ms
132;COM8;Rx Ack-Msg;2450000122 Hz;LoRa SF12;LoRa BW 1600;-89 dBm;4 dB;2021-03-26 18:27:18;10:1111;10:2222;
133;COM8;Tx C-Msg;2450000122 Hz;LoRa SF12;LoRa BW 1600;;;2021-03-26 18:27:19.232;;;Status:OK  Packet:1642  AirTime:99 ms
134;COM8;Rx Ack-Msg;2450000122 Hz;LoRa SF12;LoRa BW 1600;-89 dBm;4 dB;2021-03-26 18:27:19;10:1111;10:2222;
135;COM8;Tx C-Msg;2450000122 Hz;LoRa SF12;LoRa BW 1600;;;2021-03-26 18:27:19.440;;;Status:OK  Packet:1643  AirTime:99 ms
136;COM8;Rx Ack-Msg;2450000122 Hz;LoRa SF12;LoRa BW 1600;-89 dBm;4 dB;2021-03-26 18:27:19;10:1111;10:2222;
137;COM8;Tx C-Msg;2450000122 Hz;LoRa SF12;LoRa BW 1600;;;2021-03-26 18:27:19.633;;;Status:OK  Packet:1644  AirTime:99 ms
138;COM8;Rx Ack-Msg;2450000122 Hz;LoRa SF12;LoRa BW 1600;-89 dBm;4 dB;2021-03-26 18:27:19;10:1111;10:2222;
139;COM8;Tx C-Msg;2450000122 Hz;LoRa SF12;LoRa BW 1600;;;2021-03-26 18:27:19.824;;;Status:OK  Packet:1645  AirTime:99 ms
140;COM8;Rx Ack-Msg;2450000122 Hz;LoRa SF12;LoRa BW 1600;-89 dBm;3 dB;2021-03-26 18:27:19;10:1111;10:2222;
141;COM8;Tx C-Msg;2450000122 Hz;LoRa SF12;LoRa BW 1600;;;2021-03-26 18:27:20.035;;;Status:OK  Packet:1646  AirTime:99 ms
142;COM8;Rx Ack-Msg;2450000122 Hz;LoRa SF12;LoRa BW 1600;-89 dBm;4 dB;2021-03-26 18:27:19;10:1111;10:2222;
143;COM8;Tx C-Msg;2450000122 Hz;LoRa SF12;LoRa BW 1600;;;2021-03-26 18:27:20.223;;;Status:OK  Packet:1647  AirTime:99 ms
144;COM8;Rx Ack-Msg;2450000122 Hz;LoRa SF12;LoRa BW 1600;-89 dBm;4 dB;2021-03-26 18:27:20;10:1111;10:2222;
145;COM8;Tx C-Msg;2450000122 Hz;LoRa SF12;LoRa BW 1600;;;2021-03-26 18:27:20.435;;;Status:OK  Packet:1648  AirTime:99 ms
146;COM8;Rx Ack-Msg;2450000122 Hz;LoRa SF12;LoRa BW 1600;-89 dBm;4 dB;2021-03-26 18:27:20;10:1111;10:2222;
147;COM8;Tx C-Msg;2450000122 Hz;LoRa SF12;LoRa BW 1600;;;2021-03-26 18:27:20.619;;;Status:OK  Packet:1649  AirTime:99 ms
148;COM8;Rx Ack-Msg;2450000122 Hz;LoRa SF12;LoRa BW 1600;-89 dBm;4 dB;2021-03-26 18:27:20;10:1111;10:2222;
149;COM8;Tx C-Msg;2450000122 Hz;LoRa SF12;LoRa BW 1600;;;2021-03-26 18:27:20.816;;;Status:OK  Packet:1650  AirTime:99 ms
150;COM8;Rx Ack-Msg;2450000122 Hz;LoRa SF12;LoRa BW 1600;-89 dBm;4 dB;2021-03-26 18:27:20;10:1111;10:2222;
151;COM8;Tx C-Msg;2450000122 Hz;LoRa SF12;LoRa BW 1600;;;2021-03-26 18:27:21.018;;;Status:OK  Packet:1651  AirTime:99 ms
152;COM8;Rx Ack-Msg;2450000122 Hz;LoRa SF12;LoRa BW 1600;-89 dBm;4 dB;2021-03-26 18:27:20;10:1111;10:2222;
153;COM8;Tx C-Msg;2450000122 Hz;LoRa SF12;LoRa BW 1600;;;2021-03-26 18:27:21.216;;;Status:OK  Packet:1652  AirTime:99 ms
154;COM8;Rx Ack-Msg;2450000122 Hz;LoRa SF12;LoRa BW 1600;-89 dBm;4 dB;2021-03-26 18:27:21;10:1111;10:2222;
155;COM8;Tx C-Msg;2450000122 Hz;LoRa SF12;LoRa BW 1600;;;2021-03-26 18:27:21.438;;;Status:OK  Packet:1653  AirTime:99 ms
156;COM8;Rx Ack-Msg;2450000122 Hz;LoRa SF12;LoRa BW 1600;-89 dBm;3 dB;2021-03-26 18:27:21;10:1111;10:2222;
157;COM8;Tx C-Msg;2450000122 Hz;LoRa SF12;LoRa BW 1600;;;2021-03-26 18:27:21.614;;;Status:OK  Packet:1654  AirTime:99 ms
158;COM8;Rx Ack-Msg;2450000122 Hz;LoRa SF12;LoRa BW 1600;-89 dBm;5 dB;2021-03-26 18:27:21;10:1111;10:2222;
159;COM8;Tx C-Msg;2450000122 Hz;LoRa SF12;LoRa BW 1600;;;2021-03-26 18:27:21.824;;;Status:OK  Packet:1655  AirTime:99 ms
160;COM8;Rx Ack-Msg;2450000122 Hz;LoRa SF12;LoRa BW 1600;-89 dBm;4 dB;2021-03-26 18:27:21;10:1111;10:2222;
161;COM8;Tx C-Msg;2450000122 Hz;LoRa SF12;LoRa BW 1600;;;2021-03-26 18:27:22.014;;;Status:OK  Packet:1656  AirTime:99 ms
162;COM8;Rx Ack-Msg;2450000122 Hz;LoRa SF12;LoRa BW 1600;-89 dBm;4 dB;2021-03-26 18:27:21;10:1111;10:2222;
163;COM8;Tx C-Msg;2450000122 Hz;LoRa SF12;LoRa BW 1600;;;2021-03-26 18:27:22.205;;;Status:OK  Packet:1657  AirTime:99 ms
164;COM8;Rx Ack-Msg;2450000122 Hz;LoRa SF12;LoRa BW 1600;-89 dBm;4 dB;2021-03-26 18:27:22;10:1111;10:2222;
165;COM8;Tx C-Msg;2450000122 Hz;LoRa SF12;LoRa BW 1600;;;2021-03-26 18:27:22.394;;;Status:OK  Packet:1658  AirTime:99 ms
166;COM8;Rx Ack-Msg;2450000122 Hz;LoRa SF12;LoRa BW 1600;-89 dBm;4 dB;2021-03-26 18:27:22;10:1111;10:2222;
167;COM8;Tx C-Msg;2450000122 Hz;LoRa SF12;LoRa BW 1600;;;2021-03-26 18:27:22.606;;;Status:OK  Packet:1659  AirTime:99 ms
168;COM8;Rx Ack-Msg;2450000122 Hz;LoRa SF12;LoRa BW 1600;-89 dBm;4 dB;2021-03-26 18:27:22;10:1111;10:2222;
169;COM8;Tx C-Msg;2450000122 Hz;LoRa SF12;LoRa BW 1600;;;2021-03-26 18:27:22.794;;;Status:OK  Packet:1660  AirTime:99 ms
170;COM8;Rx Ack-Msg;2450000122 Hz;LoRa SF12;LoRa BW 1600;-89 dBm;4 dB;2021-03-26 18:27:22;10:1111;10:2222;
171;COM8;Tx C-Msg;2450000122 Hz;LoRa SF12;LoRa BW 1600;;;2021-03-26 18:27:26.253;;;Status:OK  Packet:1661  AirTime:99 ms
172;COM8;Rx Ack-Msg;2450000122 Hz;LoRa SF12;LoRa BW 1600;-89 dBm;4 dB;2021-03-26 18:27:26;10:1111;10:2222;
173;COM8;Tx C-Msg;2450000122 Hz;LoRa SF12;LoRa BW 1600;;;2021-03-26 18:27:26.444;;;Status:OK  Packet:1662  AirTime:99 ms
174;COM8;Rx Ack-Msg;2450000122 Hz;LoRa SF12;LoRa BW 1600;-89 dBm;4 dB;2021-03-26 18:27:26;10:1111;10:2222;
175;COM8;Tx C-Msg;2450000122 Hz;LoRa SF12;LoRa BW 1600;;;2021-03-26 18:27:27.114;;;Status:OK  Packet:1663  AirTime:99 ms
176;COM8;Rx Ack-Msg;2450000122 Hz;LoRa SF12;LoRa BW 1600;-90 dBm;5 dB;2021-03-26 18:27:26;10:1111;10:2222;
177;COM8;Tx C-Msg;2450000122 Hz;LoRa SF12;LoRa BW 1600;;;2021-03-26 18:27:27.313;;;Status:OK  Packet:1664  AirTime:99 ms
178;COM8;Rx Ack-Msg;2450000122 Hz;LoRa SF12;LoRa BW 1600;-90 dBm;4 dB;2021-03-26 18:27:27;10:1111;10:2222;
179;COM8;Tx C-Msg;2450000122 Hz;LoRa SF12;LoRa BW 1600;;;2021-03-26 18:27:27.514;;;Status:OK  Packet:1665  AirTime:99 ms
180;COM8;Rx Ack-Msg;2450000122 Hz;LoRa SF12;LoRa BW 1600;-90 dBm;5 dB;2021-03-26 18:27:27;10:1111;10:2222;
181;COM8;Tx C-Msg;2450000122 Hz;LoRa SF12;LoRa BW 1600;;;2021-03-26 18:27:27.995;;;Status:OK  Packet:1666  AirTime:99 ms
182;COM8;Rx Ack-Msg;2450000122 Hz;LoRa SF12;LoRa BW 1600;-91 dBm;5 dB;2021-03-26 18:27:27;10:1111;10:2222;
183;COM8;Tx C-Msg;2450000122 Hz;LoRa SF12;LoRa BW 1600;;;2021-03-26 18:27:28.186;;;Status:OK  Packet:1667  AirTime:99 ms
184;COM8;Rx Ack-Msg;2450000122 Hz;LoRa SF12;LoRa BW 1600;-90 dBm;5 dB;2021-03-26 18:27:28;10:1111;10:2222;
185;COM8;Tx C-Msg;2450000122 Hz;LoRa SF12;LoRa BW 1600;;;2021-03-26 18:27:28.490;;;Status:OK  Packet:1668  AirTime:99 ms
186;COM8;Rx Ack-Msg;2450000122 Hz;LoRa SF12;LoRa BW 1600;-90 dBm;5 dB;2021-03-26 18:27:28;10:1111;10:2222;
187;COM8;Tx C-Msg;2450000122 Hz;LoRa SF12;LoRa BW 1600;;;2021-03-26 18:27:28.681;;;Status:OK  Packet:1669  AirTime:99 ms
188;COM8;Rx Ack-Msg;2450000122 Hz;LoRa SF12;LoRa BW 1600;-90 dBm;5 dB;2021-03-26 18:27:28;10:1111;10:2222;
189;COM8;Tx C-Msg;2450000122 Hz;LoRa SF12;LoRa BW 1600;;;2021-03-26 18:27:28.890;;;Status:OK  Packet:1670  AirTime:99 ms
190;COM8;Rx Ack-Msg;2450000122 Hz;LoRa SF12;LoRa BW 1600;-90 dBm;5 dB;2021-03-26 18:27:28;10:1111;10:2222;
191;COM8;Tx C-Msg;2450000122 Hz;LoRa SF12;LoRa BW 1600;;;2021-03-26 18:27:29.177;;;Status:OK  Packet:1671  AirTime:99 ms
192;COM8;Rx Ack-Msg;2450000122 Hz;LoRa SF12;LoRa BW 1600;-90 dBm;5 dB;2021-03-26 18:27:29;10:1111;10:2222;
193;COM8;Tx C-Msg;2450000122 Hz;LoRa SF12;LoRa BW 1600;;;2021-03-26 18:27:30.319;;;Status:OK  Packet:1672  AirTime:99 ms
194;COM8;Rx Ack-Msg;2450000122 Hz;LoRa SF12;LoRa BW 1600;-91 dBm;5 dB;2021-03-26 18:27:30;10:1111;10:2222;
195;COM8;Tx C-Msg;2450000122 Hz;LoRa SF12;LoRa BW 1600;;;2021-03-26 18:27:30.633;;;Status:OK  Packet:1673  AirTime:99 ms
196;COM8;Rx Ack-Msg;2450000122 Hz;LoRa SF12;LoRa BW 1600;-91 dBm;4 dB;2021-03-26 18:27:30;10:1111;10:2222;
197;COM8;Tx C-Msg;2450000122 Hz;LoRa SF12;LoRa BW 1600;;;2021-03-26 18:27:30.840;;;Status:OK  Packet:1674  AirTime:99 ms
198;COM8;Rx Ack-Msg;2450000122 Hz;LoRa SF12;LoRa BW 1600;-91 dBm;5 dB;2021-03-26 18:27:30;10:1111;10:2222;
199;COM8;Tx C-Msg;2450000122 Hz;LoRa SF12;LoRa BW 1600;;;2021-03-26 18:27:32.003;;;Status:OK  Packet:1675  AirTime:99 ms
200;COM8;Rx Ack-Msg;2450000122 Hz;LoRa SF12;LoRa BW 1600;-91 dBm;5 dB;2021-03-26 18:27:31;10:1111;10:2222;
201;COM8;Tx C-Msg;2450000122 Hz;LoRa SF12;LoRa BW 1600;;;2021-03-26 18:29:19.470;;;Status:OK  Packet:1676  AirTime:99 ms
202;COM8;Rx Ack-Msg;2450000122 Hz;LoRa SF12;LoRa BW 1600;-93 dBm;2 dB;2021-03-26 18:29:19;10:1111;10:2222;
203;COM8;Tx C-Msg;2450000122 Hz;LoRa SF12;LoRa BW 1600;;;2021-03-26 18:29:20.413;;;Status:OK  Packet:1677  AirTime:99 ms
204;COM8;Rx Ack-Msg;2450000122 Hz;LoRa SF12;LoRa BW 1600;-93 dBm;3 dB;2021-03-26 18:29:20;10:1111;10:2222;
205;COM8;Tx C-Msg;2450000122 Hz;LoRa SF12;LoRa BW 1600;;;2021-03-26 18:29:20.606;;;Status:OK  Packet:1678  AirTime:99 ms
206;COM8;Rx Ack-Msg;2450000122 Hz;LoRa SF12;LoRa BW 1600;-93 dBm;3 dB;2021-03-26 18:29:20;10:1111;10:2222;
207;COM8;Tx C-Msg;2450000122 Hz;LoRa SF12;LoRa BW 1600;;;2021-03-26 18:29:20.809;;;Status:OK  Packet:1679  AirTime:99 ms
208;COM8;Rx Ack-Msg;2450000122 Hz;LoRa SF12;LoRa BW 1600;-93 dBm;3 dB;2021-03-26 18:29:20;10:1111;10:2222;
209;COM8;Tx C-Msg;2450000122 Hz;LoRa SF12;LoRa BW 1600;;;2021-03-26 18:29:21.245;;;Status:OK  Packet:1680  AirTime:99 ms
210;COM8;Rx Ack-Msg;2450000122 Hz;LoRa SF12;LoRa BW 1600;-95 dBm;3 dB;2021-03-26 18:29:21;10:1111;10:2222;
211;COM8;Tx C-Msg;2450000122 Hz;LoRa SF12;LoRa BW 1600;;;2021-03-26 18:29:21.437;;;Status:OK  Packet:1681  AirTime:99 ms
212;COM8;Rx Ack-Msg;2450000122 Hz;LoRa SF12;LoRa BW 1600;-95 dBm;3 dB;2021-03-26 18:29:21;10:1111;10:2222;
213;COM8;Tx C-Msg;2450000122 Hz;LoRa SF12;LoRa BW 1600;;;2021-03-26 18:29:21.740;;;Status:OK  Packet:1682  AirTime:99 ms
214;COM8;Rx Ack-Msg;2450000122 Hz;LoRa SF12;LoRa BW 1600;-94 dBm;2 dB;2021-03-26 18:29:21;10:1111;10:2222;
215;COM8;Tx C-Msg;2450000122 Hz;LoRa SF12;LoRa BW 1600;;;2021-03-26 18:29:21.944;;;Status:OK  Packet:1683  AirTime:99 ms
216;COM8;Rx Ack-Msg;2450000122 Hz;LoRa SF12;LoRa BW 1600;-93 dBm;3 dB;2021-03-26 18:29:21;10:1111;10:2222;
217;COM8;Tx C-Msg;2450000122 Hz;LoRa SF12;LoRa BW 1600;;;2021-03-26 18:29:22.348;;;Status:OK  Packet:1684  AirTime:99 ms
218;COM8;Rx Ack-Msg;2450000122 Hz;LoRa SF12;LoRa BW 1600;-91 dBm;5 dB;2021-03-26 18:29:22;10:1111;10:2222;
219;COM8;Tx C-Msg;2450000122 Hz;LoRa SF12;LoRa BW 1600;;;2021-03-26 18:29:22.557;;;Status:OK  Packet:1685  AirTime:99 ms
220;COM8;Rx Ack-Msg;2450000122 Hz;LoRa SF12;LoRa BW 1600;-91 dBm;5 dB;2021-03-26 18:29:22;10:1111;10:2222;
221;COM8;Tx C-Msg;2450000122 Hz;LoRa SF12;LoRa BW 1600;;;2021-03-26 18:29:22.857;;;Status:OK  Packet:1686  AirTime:99 ms
222;COM8;Rx Ack-Msg;2450000122 Hz;LoRa SF12;LoRa BW 1600;-91 dBm;5 dB;2021-03-26 18:29:22;10:1111;10:2222;
223;COM8;Tx C-Msg;2450000122 Hz;LoRa SF12;LoRa BW 1600;;;2021-03-26 18:29:23.063;;;Status:OK  Packet:1687  AirTime:99 ms
224;COM8;Rx Ack-Msg;2450000122 Hz;LoRa SF12;LoRa BW 1600;-92 dBm;4 dB;2021-03-26 18:29:22;10:1111;10:2222;
225;COM8;Tx C-Msg;2450000122 Hz;LoRa SF12;LoRa BW 1600;;;2021-03-26 18:29:23.276;;;Status:OK  Packet:1688  AirTime:99 ms
226;COM8;Rx Ack-Msg;2450000122 Hz;LoRa SF12;LoRa BW 1600;-93 dBm;3 dB;2021-03-26 18:29:23;10:1111;10:2222;
227;COM8;Tx C-Msg;2450000122 Hz;LoRa SF12;LoRa BW 1600;;;2021-03-26 18:29:23.723;;;Status:OK  Packet:1689  AirTime:99 ms
228;COM8;Rx Ack-Msg;2450000122 Hz;LoRa SF12;LoRa BW 1600;-95 dBm;3 dB;2021-03-26 18:29:23;10:1111;10:2222;
229;COM8;Tx C-Msg;2450000122 Hz;LoRa SF12;LoRa BW 1600;;;2021-03-26 18:29:23.931;;;Status:OK  Packet:1690  AirTime:99 ms
230;COM8;Rx Ack-Msg;2450000122 Hz;LoRa SF12;LoRa BW 1600;-94 dBm;2 dB;2021-03-26 18:29:23;10:1111;10:2222;
231;COM8;Tx C-Msg;2450000122 Hz;LoRa SF12;LoRa BW 1600;;;2021-03-26 18:29:24.219;;;Status:OK  Packet:1691  AirTime:99 ms
232;COM8;Rx Ack-Msg;2450000122 Hz;LoRa SF12;LoRa BW 1600;-94 dBm;2 dB;2021-03-26 18:29:24;10:1111;10:2222;
233;COM8;Tx C-Msg;2450000122 Hz;LoRa SF12;LoRa BW 1600;;;2021-03-26 18:29:24.411;;;Status:OK  Packet:1692  AirTime:99 ms
234;COM8;Rx Ack-Msg;2450000122 Hz;LoRa SF12;LoRa BW 1600;-94 dBm;2 dB;2021-03-26 18:29:24;10:1111;10:2222;
235;COM8;Tx C-Msg;2450000122 Hz;LoRa SF12;LoRa BW 1600;;;2021-03-26 18:29:25.387;;;Status:OK  Packet:1693  AirTime:99 ms
236;COM8;Rx Ack-Msg;2450000122 Hz;LoRa SF12;LoRa BW 1600;-94 dBm;2 dB;2021-03-26 18:29:25;10:1111;10:2222;
237;COM8;Tx C-Msg;2450000122 Hz;LoRa SF12;LoRa BW 1600;;;2021-03-26 18:29:25.594;;;Status:OK  Packet:1694  AirTime:99 ms
238;COM8;Rx Ack-Msg;2450000122 Hz;LoRa SF12;LoRa BW 1600;-94 dBm;2 dB;2021-03-26 18:29:25;10:1111;10:2222;
239;COM8;Tx C-Msg;2450000122 Hz;LoRa SF12;LoRa BW 1600;;;2021-03-26 18:29:25.785;;;Status:OK  Packet:1695  AirTime:99 ms
240;COM8;Rx Ack-Msg;2450000122 Hz;LoRa SF12;LoRa BW 1600;-94 dBm;2 dB;2021-03-26 18:29:25;10:1111;10:2222;
241;COM8;Tx C-Msg;2450000122 Hz;LoRa SF12;LoRa BW 1600;;;2021-03-26 18:29:25.973;;;Status:OK  Packet:1696  AirTime:99 ms
242;COM8;Rx Ack-Msg;2450000122 Hz;LoRa SF12;LoRa BW 1600;-94 dBm;3 dB;2021-03-26 18:29:25;10:1111;10:2222;
243;COM8;Tx C-Msg;2450000122 Hz;LoRa SF12;LoRa BW 1600;;;2021-03-26 18:29:26.185;;;Status:OK  Packet:1697  AirTime:99 ms
244;COM8;Rx Ack-Msg;2450000122 Hz;LoRa SF12;LoRa BW 1600;-93 dBm;2 dB;2021-03-26 18:29:26;10:1111;10:2222;
245;COM8;Tx C-Msg;2450000122 Hz;LoRa SF12;LoRa BW 1600;;;2021-03-26 18:29:26.373;;;Status:OK  Packet:1698  AirTime:99 ms
246;COM8;Rx Ack-Msg;2450000122 Hz;LoRa SF12;LoRa BW 1600;-94 dBm;2 dB;2021-03-26 18:29:26;10:1111;10:2222;
247;COM8;Tx C-Msg;2450000122 Hz;LoRa SF12;LoRa BW 1600;;;2021-03-26 18:29:26.584;;;Status:OK  Packet:1699  AirTime:99 ms
248;COM8;Rx Ack-Msg;2450000122 Hz;LoRa SF12;LoRa BW 1600;-93 dBm;2 dB;2021-03-26 18:29:26;10:1111;10:2222;
249;COM8;Tx C-Msg;2450000122 Hz;LoRa SF12;LoRa BW 1600;;;2021-03-26 18:29:26.773;;;Status:OK  Packet:1700  AirTime:99 ms
250;COM8;Rx Ack-Msg;2450000122 Hz;LoRa SF12;LoRa BW 1600;-93 dBm;3 dB;2021-03-26 18:29:26;10:1111;10:2222;
251;COM8;Tx C-Msg;2450000122 Hz;LoRa SF12;LoRa BW 1600;;;2021-03-26 18:29:27.065;;;Status:OK  Packet:1701  AirTime:99 ms
252;COM8;Rx Ack-Msg;2450000122 Hz;LoRa SF12;LoRa BW 1600;-93 dBm;3 dB;2021-03-26 18:29:26;10:1111;10:2222;
253;COM8;Tx C-Msg;2450000122 Hz;LoRa SF12;LoRa BW 1600;;;2021-03-26 18:29:27.257;;;Status:OK  Packet:1702  AirTime:99 ms
254;COM8;Rx Ack-Msg;2450000122 Hz;LoRa SF12;LoRa BW 1600;-93 dBm;2 dB;2021-03-26 18:29:27;10:1111;10:2222;
255;COM8;Tx C-Msg;2450000122 Hz;LoRa SF12;LoRa BW 1600;;;2021-03-26 18:29:27.464;;;Status:OK  Packet:1703  AirTime:99 ms
256;COM8;Rx Ack-Msg;2450000122 Hz;LoRa SF12;LoRa BW 1600;-94 dBm;2 dB;2021-03-26 18:29:27;10:1111;10:2222;
257;COM8;Tx C-Msg;2450000122 Hz;LoRa SF12;LoRa BW 1600;;;2021-03-26 18:29:27.657;;;Status:OK  Packet:1704  AirTime:99 ms
258;COM8;Rx Ack-Msg;2450000122 Hz;LoRa SF12;LoRa BW 1600;-93 dBm;3 dB;2021-03-26 18:29:27;10:1111;10:2222;
259;COM8;Tx C-Msg;2450000122 Hz;LoRa SF12;LoRa BW 1600;;;2021-03-26 18:29:27.864;;;Status:OK  Packet:1705  AirTime:99 ms
260;COM8;Rx Ack-Msg;2450000122 Hz;LoRa SF12;LoRa BW 1600;-93 dBm;3 dB;2021-03-26 18:29:27;10:1111;10:2222;
261;COM8;Tx C-Msg;2450000122 Hz;LoRa SF12;LoRa BW 1600;;;2021-03-26 18:29:28.056;;;Status:OK  Packet:1706  AirTime:99 ms
262;COM8;Rx Ack-Msg;2450000122 Hz;LoRa SF12;LoRa BW 1600;-94 dBm;2 dB;2021-03-26 18:29:27;10:1111;10:2222;
263;COM8;Tx C-Msg;2450000122 Hz;LoRa SF12;LoRa BW 1600;;;2021-03-26 18:29:28.280;;;Status:OK  Packet:1707  AirTime:99 ms
264;COM8;Rx Ack-Msg;2450000122 Hz;LoRa SF12;LoRa BW 1600;-95 dBm;2 dB;2021-03-26 18:29:28;10:1111;10:2222;
265;COM8;Tx C-Msg;2450000122 Hz;LoRa SF12;LoRa BW 1600;;;2021-03-26 18:29:28.600;;;Status:OK  Packet:1708  AirTime:99 ms
266;COM8;Rx Ack-Msg;2450000122 Hz;LoRa SF12;LoRa BW 1600;-96 dBm;3 dB;2021-03-26 18:29:28;10:1111;10:2222;
267;COM8;Tx C-Msg;2450000122 Hz;LoRa SF12;LoRa BW 1600;;;2021-03-26 18:29:31.794;;;Status:OK  Packet:1709  AirTime:99 ms
268;COM8;Rx Ack-Msg;2450000122 Hz;LoRa SF12;LoRa BW 1600;-96 dBm;3 dB;2021-03-26 18:29:31;10:1111;10:2222;
269;COM8;Tx C-Msg;2450000122 Hz;LoRa SF12;LoRa BW 1600;;;2021-03-26 18:29:32.005;;;Status:OK  Packet:1710  AirTime:99 ms
270;COM8;Rx Ack-Msg;2450000122 Hz;LoRa SF12;LoRa BW 1600;-96 dBm;3 dB;2021-03-26 18:29:31;10:1111;10:2222;
271;COM8;Tx C-Msg;2450000122 Hz;LoRa SF12;LoRa BW 1600;;;2021-03-26 18:29:32.293;;;Status:OK  Packet:1711  AirTime:99 ms
272;COM8;Rx Ack-Msg;2450000122 Hz;LoRa SF12;LoRa BW 1600;-96 dBm;4 dB;2021-03-26 18:29:32;10:1111;10:2222;
273;COM8;Tx C-Msg;2450000122 Hz;LoRa SF12;LoRa BW 1600;;;2021-03-26 18:29:32.487;;;Status:OK  Packet:1712  AirTime:99 ms
274;COM8;Rx Ack-Msg;2450000122 Hz;LoRa SF12;LoRa BW 1600;-96 dBm;3 dB;2021-03-26 18:29:32;10:1111;10:2222;
275;COM8;Tx C-Msg;2450000122 Hz;LoRa SF12;LoRa BW 1600;;;2021-03-26 18:29:32.769;;;Status:OK  Packet:1713  AirTime:99 ms
276;COM8;Rx Ack-Msg;2450000122 Hz;LoRa SF12;LoRa BW 1600;-96 dBm;3 dB;2021-03-26 18:29:32;10:1111;10:2222;
277;COM8;Tx C-Msg;2450000122 Hz;LoRa SF12;LoRa BW 1600;;;2021-03-26 18:29:33.904;;;Status:OK  Packet:1714  AirTime:99 ms
278;COM8;Rx Ack-Msg;2450000122 Hz;LoRa SF12;LoRa BW 1600;-96 dBm;3 dB;2021-03-26 18:29:33;10:1111;10:2222;
279;COM8;Tx C-Msg;2450000122 Hz;LoRa SF12;LoRa BW 1600;;;2021-03-26 18:29:34.100;;;Status:OK  Packet:1715  AirTime:99 ms
280;COM8;Rx Ack-Msg;2450000122 Hz;LoRa SF12;LoRa BW 1600;-96 dBm;3 dB;2021-03-26 18:29:33;10:1111;10:2222;
281;COM8;Tx C-Msg;2450000122 Hz;LoRa SF12;LoRa BW 1600;;;2021-03-26 18:29:34.384;;;Status:OK  Packet:1716  AirTime:99 ms
282;COM8;Rx Ack-Msg;2450000122 Hz;LoRa SF12;LoRa BW 1600;-96 dBm;3 dB;2021-03-26 18:29:34;10:1111;10:2222;
283;COM8;Tx C-Msg;2450000122 Hz;LoRa SF12;LoRa BW 1600;;;2021-03-26 18:29:34.579;;;Status:OK  Packet:1717  AirTime:99 ms
284;COM8;Rx Ack-Msg;2450000122 Hz;LoRa SF12;LoRa BW 1600;-96 dBm;3 dB;2021-03-26 18:29:34;10:1111;10:2222;
285;COM8;Tx C-Msg;2450000122 Hz;LoRa SF12;LoRa BW 1600;;;2021-03-26 18:29:34.773;;;Status:OK  Packet:1718  AirTime:99 ms
286;COM8;Rx Ack-Msg;2450000122 Hz;LoRa SF12;LoRa BW 1600;-96 dBm;3 dB;2021-03-26 18:29:34;10:1111;10:2222;
287;COM8;Tx C-Msg;2450000122 Hz;LoRa SF12;LoRa BW 1600;;;2021-03-26 18:29:34.979;;;Status:OK  Packet:1719  AirTime:99 ms
288;COM8;Rx Ack-Msg;2450000122 Hz;LoRa SF12;LoRa BW 1600;-96 dBm;3 dB;2021-03-26 18:29:34;10:1111;10:2222;
289;COM8;Tx C-Msg;2450000122 Hz;LoRa SF12;LoRa BW 1600;;;2021-03-26 18:29:35.987;;;Status:OK  Packet:1720  AirTime:99 ms
290;COM8;Rx Ack-Msg;2450000122 Hz;LoRa SF12;LoRa BW 1600;-97 dBm;3 dB;2021-03-26 18:29:35;10:1111;10:2222;
291;COM8;Tx C-Msg;2450000122 Hz;LoRa SF12;LoRa BW 1600;;;2021-03-26 18:29:36.178;;;Status:OK  Packet:1721  AirTime:99 ms
292;COM8;Rx Ack-Msg;2450000122 Hz;LoRa SF12;LoRa BW 1600;-96 dBm;3 dB;2021-03-26 18:29:36;10:1111;10:2222;
293;COM8;Tx C-Msg;2450000122 Hz;LoRa SF12;LoRa BW 1600;;;2021-03-26 18:29:37.170;;;Status:OK  Packet:1722  AirTime:99 ms
294;COM8;Rx Ack-Msg;2450000122 Hz;LoRa SF12;LoRa BW 1600;-96 dBm;3 dB;2021-03-26 18:29:37;10:1111;10:2222;
295;COM8;Tx C-Msg;2450000122 Hz;LoRa SF12;LoRa BW 1600;;;2021-03-26 18:29:37.362;;;Status:OK  Packet:1723  AirTime:99 ms
296;COM8;Rx Ack-Msg;2450000122 Hz;LoRa SF12;LoRa BW 1600;-96 dBm;3 dB;2021-03-26 18:29:37;10:1111;10:2222;
297;COM8;Tx C-Msg;2450000122 Hz;LoRa SF12;LoRa BW 1600;;;2021-03-26 18:29:38.429;;;Status:OK  Packet:1724  AirTime:99 ms
298;COM8;Rx Ack-Msg;2450000122 Hz;LoRa SF12;LoRa BW 1600;-96 dBm;3 dB;2021-03-26 18:29:38;10:1111;10:2222;
299;COM8;Tx C-Msg;2450000122 Hz;LoRa SF12;LoRa BW 1600;;;2021-03-26 18:29:42.510;;;Status:OK  Packet:1725  AirTime:99 ms
300;COM8;Rx Ack-Msg;2450000122 Hz;LoRa SF12;LoRa BW 1600;-96 dBm;3 dB;2021-03-26 18:29:42;10:1111;10:2222;
1;COM8;Tx C-Msg;2450000122 Hz;LoRa SF12;LoRa BW 1600;;;2021-03-26 18:49:01.454;;;Status:OK  Packet:1103  AirTime:99 ms
2;COM8;Rx Ack-Msg;2450000122 Hz;LoRa SF12;LoRa BW 1600;-88 dBm;4 dB;2021-03-26 18:49:01;10:1111;10:2222;
3;COM8;Tx C-Msg;2450000122 Hz;LoRa SF12;LoRa BW 1600;;;2021-03-26 18:49:04.842;;;Status:OK  Packet:1104  AirTime:99 ms
4;COM8;Rx Ack-Msg;2450000122 Hz;LoRa SF12;LoRa BW 1600;-88 dBm;4 dB;2021-03-26 18:49:04;10:1111;10:2222;
5;COM8;Tx C-Msg;2450000122 Hz;LoRa SF12;LoRa BW 1600;;;2021-03-26 18:49:05.594;;;Status:OK  Packet:1105  AirTime:99 ms
6;COM8;Rx Ack-Msg;2450000122 Hz;LoRa SF12;LoRa BW 1600;-89 dBm;5 dB;2021-03-26 18:49:05;10:1111;10:2222;
7;COM8;Tx C-Msg;2450000122 Hz;LoRa SF12;LoRa BW 1600;;;2021-03-26 18:49:05.947;;;Status:OK  Packet:1106  AirTime:99 ms
8;COM8;Rx Ack-Msg;2450000122 Hz;LoRa SF12;LoRa BW 1600;-89 dBm;5 dB;2021-03-26 18:49:05;10:1111;10:2222;
9;COM8;Tx C-Msg;2450000122 Hz;LoRa SF12;LoRa BW 1600;;;2021-03-26 18:49:06.277;;;Status:OK  Packet:1107  AirTime:99 ms
10;COM8;Rx Ack-Msg;2450000122 Hz;LoRa SF12;LoRa BW 1600;-88 dBm;5 dB;2021-03-26 18:49:06;10:1111;10:2222;
11;COM8;Tx C-Msg;2450000122 Hz;LoRa SF12;LoRa BW 1600;;;2021-03-26 18:49:06.712;;;Status:OK  Packet:1108  AirTime:99 ms
12;COM8;Rx Ack-Msg;2450000122 Hz;LoRa SF12;LoRa BW 1600;-89 dBm;5 dB;2021-03-26 18:49:06;10:1111;10:2222;
13;COM8;Tx C-Msg;2450000122 Hz;LoRa SF12;LoRa BW 1600;;;2021-03-26 18:49:07.112;;;Status:OK  Packet:1109  AirTime:99 ms
14;COM8;Rx Ack-Msg;2450000122 Hz;LoRa SF12;LoRa BW 1600;-90 dBm;4 dB;2021-03-26 18:49:06;10:1111;10:2222;
15;COM8;Tx C-Msg;2450000122 Hz;LoRa SF12;LoRa BW 1600;;;2021-03-26 18:49:07.479;;;Status:OK  Packet:1110  AirTime:99 ms
16;COM8;Rx Ack-Msg;2450000122 Hz;LoRa SF12;LoRa BW 1600;-92 dBm;4 dB;2021-03-26 18:49:07;10:1111;10:2222;
17;COM8;Tx C-Msg;2450000122 Hz;LoRa SF12;LoRa BW 1600;;;2021-03-26 18:49:07.767;;;Status:OK  Packet:1111  AirTime:99 ms
18;COM8;Rx Ack-Msg;2450000122 Hz;LoRa SF12;LoRa BW 1600;-93 dBm;3 dB;2021-03-26 18:49:07;10:1111;10:2222;
19;COM8;Tx C-Msg;2450000122 Hz;LoRa SF12;LoRa BW 1600;;;2021-03-26 18:49:08.327;;;Status:OK  Packet:1112  AirTime:99 ms
20;COM8;Rx Ack-Msg;2450000122 Hz;LoRa SF12;LoRa BW 1600;-92 dBm;4 dB;2021-03-26 18:49:08;10:1111;10:2222;
21;COM8;Tx C-Msg;2450000122 Hz;LoRa SF12;LoRa BW 1600;;;2021-03-26 18:49:08.887;;;Status:OK  Packet:1113  AirTime:99 ms
22;COM8;Rx Ack-Msg;2450000122 Hz;LoRa SF12;LoRa BW 1600;-91 dBm;5 dB;2021-03-26 18:49:08;10:1111;10:2222;
23;COM8;Tx C-Msg;2450000122 Hz;LoRa SF12;LoRa BW 1600;;;2021-03-26 18:49:09.094;;;Status:OK  Packet:1114  AirTime:99 ms
24;COM8;Rx Ack-Msg;2450000122 Hz;LoRa SF12;LoRa BW 1600;-91 dBm;4 dB;2021-03-26 18:49:08;10:1111;10:2222;
25;COM8;Tx C-Msg;2450000122 Hz;LoRa SF12;LoRa BW 1600;;;2021-03-26 18:49:09.382;;;Status:OK  Packet:1115  AirTime:99 ms
26;COM8;Rx Ack-Msg;2450000122 Hz;LoRa SF12;LoRa BW 1600;-92 dBm;4 dB;2021-03-26 18:49:09;10:1111;10:2222;
27;COM8;Tx C-Msg;2450000122 Hz;LoRa SF12;LoRa BW 1600;;;2021-03-26 18:49:09.574;;;Status:OK  Packet:1116  AirTime:99 ms
28;COM8;Rx Ack-Msg;2450000122 Hz;LoRa SF12;LoRa BW 1600;-92 dBm;4 dB;2021-03-26 18:49:09;10:1111;10:2222;
29;COM8;Tx C-Msg;2450000122 Hz;LoRa SF12;LoRa BW 1600;;;2021-03-26 18:49:09.776;;;Status:OK  Packet:1117  AirTime:99 ms
30;COM8;Rx Ack-Msg;2450000122 Hz;LoRa SF12;LoRa BW 1600;-92 dBm;4 dB;2021-03-26 18:49:09;10:1111;10:2222;
31;COM8;Tx C-Msg;2450000122 Hz;LoRa SF12;LoRa BW 1600;;;2021-03-26 18:49:09.973;;;Status:OK  Packet:1118  AirTime:99 ms
32;COM8;Rx Ack-Msg;2450000122 Hz;LoRa SF12;LoRa BW 1600;-92 dBm;4 dB;2021-03-26 18:49:09;10:1111;10:2222;
33;COM8;Tx C-Msg;2450000122 Hz;LoRa SF12;LoRa BW 1600;;;2021-03-26 18:49:10.165;;;Status:OK  Packet:1119  AirTime:99 ms
34;COM8;Rx Ack-Msg;2450000122 Hz;LoRa SF12;LoRa BW 1600;-92 dBm;4 dB;2021-03-26 18:49:10;10:1111;10:2222;
35;COM8;Tx C-Msg;2450000122 Hz;LoRa SF12;LoRa BW 1600;;;2021-03-26 18:49:10.374;;;Status:OK  Packet:1120  AirTime:99 ms
36;COM8;Rx Ack-Msg;2450000122 Hz;LoRa SF12;LoRa BW 1600;-92 dBm;3 dB;2021-03-26 18:49:10;10:1111;10:2222;
37;COM8;Tx C-Msg;2450000122 Hz;LoRa SF12;LoRa BW 1600;;;2021-03-26 18:49:10.576;;;Status:OK  Packet:1121  AirTime:99 ms
38;COM8;Rx Ack-Msg;2450000122 Hz;LoRa SF12;LoRa BW 1600;-92 dBm;3 dB;2021-03-26 18:49:10;10:1111;10:2222;
39;COM8;Tx C-Msg;2450000122 Hz;LoRa SF12;LoRa BW 1600;;;2021-03-26 18:49:10.790;;;Status:OK  Packet:1122  AirTime:99 ms
40;COM8;Rx Ack-Msg;2450000122 Hz;LoRa SF12;LoRa BW 1600;-93 dBm;3 dB;2021-03-26 18:49:10;10:1111;10:2222;
41;COM8;Tx C-Msg;2450000122 Hz;LoRa SF12;LoRa BW 1600;;;2021-03-26 18:49:10.980;;;Status:OK  Packet:1123  AirTime:99 ms
42;COM8;Rx Ack-Msg;2450000122 Hz;LoRa SF12;LoRa BW 1600;-93 dBm;3 dB;2021-03-26 18:49:10;10:1111;10:2222;
43;COM8;Tx C-Msg;2450000122 Hz;LoRa SF12;LoRa BW 1600;;;2021-03-26 18:49:11.173;;;Status:OK  Packet:1124  AirTime:99 ms
44;COM8;Rx Ack-Msg;2450000122 Hz;LoRa SF12;LoRa BW 1600;-93 dBm;3 dB;2021-03-26 18:49:11;10:1111;10:2222;
45;COM8;Tx C-Msg;2450000122 Hz;LoRa SF12;LoRa BW 1600;;;2021-03-26 18:49:11.380;;;Status:OK  Packet:1125  AirTime:99 ms
46;COM8;Rx Ack-Msg;2450000122 Hz;LoRa SF12;LoRa BW 1600;-92 dBm;3 dB;2021-03-26 18:49:11;10:1111;10:2222;
47;COM8;Tx C-Msg;2450000122 Hz;LoRa SF12;LoRa BW 1600;;;2021-03-26 18:49:11.589;;;Status:OK  Packet:1126  AirTime:99 ms
48;COM8;Rx Ack-Msg;2450000122 Hz;LoRa SF12;LoRa BW 1600;-92 dBm;3 dB;2021-03-26 18:49:11;10:1111;10:2222;
49;COM8;Tx C-Msg;2450000122 Hz;LoRa SF12;LoRa BW 1600;;;2021-03-26 18:49:11.780;;;Status:OK  Packet:1127  AirTime:99 ms
50;COM8;Rx Ack-Msg;2450000122 Hz;LoRa SF12;LoRa BW 1600;-92 dBm;4 dB;2021-03-26 18:49:11;10:1111;10:2222;
51;COM8;Tx C-Msg;2450000122 Hz;LoRa SF12;LoRa BW 1600;;;2021-03-26 18:49:11.987;;;Status:OK  Packet:1128  AirTime:99 ms
52;COM8;Rx Ack-Msg;2450000122 Hz;LoRa SF12;LoRa BW 1600;-92 dBm;4 dB;2021-03-26 18:49:11;10:1111;10:2222;
53;COM8;Tx C-Msg;2450000122 Hz;LoRa SF12;LoRa BW 1600;;;2021-03-26 18:49:12.179;;;Status:OK  Packet:1129  AirTime:99 ms
54;COM8;Rx Ack-Msg;2450000122 Hz;LoRa SF12;LoRa BW 1600;-91 dBm;4 dB;2021-03-26 18:49:12;10:1111;10:2222;
55;COM8;Tx C-Msg;2450000122 Hz;LoRa SF12;LoRa BW 1600;;;2021-03-26 18:49:12.366;;;Status:OK  Packet:1130  AirTime:99 ms
56;COM8;Rx Ack-Msg;2450000122 Hz;LoRa SF12;LoRa BW 1600;-91 dBm;4 dB;2021-03-26 18:49:12;10:1111;10:2222;
57;COM8;Tx C-Msg;2450000122 Hz;LoRa SF12;LoRa BW 1600;;;2021-03-26 18:49:12.579;;;Status:OK  Packet:1131  AirTime:99 ms
58;COM8;Rx Ack-Msg;2450000122 Hz;LoRa SF12;LoRa BW 1600;-91 dBm;5 dB;2021-03-26 18:49:12;10:1111;10:2222;
59;COM8;Tx C-Msg;2450000122 Hz;LoRa SF12;LoRa BW 1600;;;2021-03-26 18:49:12.769;;;Status:OK  Packet:1132  AirTime:99 ms
60;COM8;Rx Ack-Msg;2450000122 Hz;LoRa SF12;LoRa BW 1600;-91 dBm;5 dB;2021-03-26 18:49:12;10:1111;10:2222;
61;COM8;Tx C-Msg;2450000122 Hz;LoRa SF12;LoRa BW 1600;;;2021-03-26 18:49:12.978;;;Status:OK  Packet:1133  AirTime:99 ms
62;COM8;Rx Ack-Msg;2450000122 Hz;LoRa SF12;LoRa BW 1600;-91 dBm;5 dB;2021-03-26 18:49:12;10:1111;10:2222;
63;COM8;Tx C-Msg;2450000122 Hz;LoRa SF12;LoRa BW 1600;;;2021-03-26 18:49:13.166;;;Status:OK  Packet:1134  AirTime:99 ms
64;COM8;Rx Ack-Msg;2450000122 Hz;LoRa SF12;LoRa BW 1600;-91 dBm;5 dB;2021-03-26 18:49:13;10:1111;10:2222;
65;COM8;Tx C-Msg;2450000122 Hz;LoRa SF12;LoRa BW 1600;;;2021-03-26 18:49:13.362;;;Status:OK  Packet:1135  AirTime:99 ms
66;COM8;Rx Ack-Msg;2450000122 Hz;LoRa SF12;LoRa BW 1600;-91 dBm;5 dB;2021-03-26 18:49:13;10:1111;10:2222;
67;COM8;Tx C-Msg;2450000122 Hz;LoRa SF12;LoRa BW 1600;;;2021-03-26 18:49:13.571;;;Status:OK  Packet:1136  AirTime:99 ms
68;COM8;Rx Ack-Msg;2450000122 Hz;LoRa SF12;LoRa BW 1600;-91 dBm;5 dB;2021-03-26 18:49:13;10:1111;10:2222;
69;COM8;Tx C-Msg;2450000122 Hz;LoRa SF12;LoRa BW 1600;;;2021-03-26 18:49:13.778;;;Status:OK  Packet:1137  AirTime:99 ms
70;COM8;Rx Ack-Msg;2450000122 Hz;LoRa SF12;LoRa BW 1600;-91 dBm;5 dB;2021-03-26 18:49:13;10:1111;10:2222;
71;COM8;Tx C-Msg;2450000122 Hz;LoRa SF12;LoRa BW 1600;;;2021-03-26 18:49:13.970;;;Status:OK  Packet:1138  AirTime:99 ms
72;COM8;Rx Ack-Msg;2450000122 Hz;LoRa SF12;LoRa BW 1600;-91 dBm;5 dB;2021-03-26 18:49:13;10:1111;10:2222;
73;COM8;Tx C-Msg;2450000122 Hz;LoRa SF12;LoRa BW 1600;;;2021-03-26 18:49:14.177;;;Status:OK  Packet:1139  AirTime:99 ms
74;COM8;Rx Ack-Msg;2450000122 Hz;LoRa SF12;LoRa BW 1600;-91 dBm;5 dB;2021-03-26 18:49:14;10:1111;10:2222;
75;COM8;Tx C-Msg;2450000122 Hz;LoRa SF12;LoRa BW 1600;;;2021-03-26 18:49:14.385;;;Status:OK  Packet:1140  AirTime:99 ms
76;COM8;Rx Ack-Msg;2450000122 Hz;LoRa SF12;LoRa BW 1600;-91 dBm;5 dB;2021-03-26 18:49:14;10:1111;10:2222;
77;COM8;Tx C-Msg;2450000122 Hz;LoRa SF12;LoRa BW 1600;;;2021-03-26 18:49:14.992;;;Status:OK  Packet:1141  AirTime:99 ms
78;COM8;Rx Ack-Msg;2450000122 Hz;LoRa SF12;LoRa BW 1600;-90 dBm;5 dB;2021-03-26 18:49:14;10:1111;10:2222;
79;COM8;Tx C-Msg;2450000122 Hz;LoRa SF12;LoRa BW 1600;;;2021-03-26 18:49:15.408;;;Status:OK  Packet:1142  AirTime:99 ms
80;COM8;Rx Ack-Msg;2450000122 Hz;LoRa SF12;LoRa BW 1600;-90 dBm;5 dB;2021-03-26 18:49:15;10:1111;10:2222;
81;COM8;Tx C-Msg;2450000122 Hz;LoRa SF12;LoRa BW 1600;;;2021-03-26 18:49:15.600;;;Status:OK  Packet:1143  AirTime:99 ms
82;COM8;Rx Ack-Msg;2450000122 Hz;LoRa SF12;LoRa BW 1600;-90 dBm;5 dB;2021-03-26 18:49:15;10:1111;10:2222;
83;COM8;Tx C-Msg;2450000122 Hz;LoRa SF12;LoRa BW 1600;;;2021-03-26 18:49:16.224;;;Status:OK  Packet:1144  AirTime:99 ms
84;COM8;Rx Ack-Msg;2450000122 Hz;LoRa SF12;LoRa BW 1600;-89 dBm;5 dB;2021-03-26 18:49:16;10:1111;10:2222;
85;COM8;Tx C-Msg;2450000122 Hz;LoRa SF12;LoRa BW 1600;;;2021-03-26 18:49:16.427;;;Status:OK  Packet:1145  AirTime:99 ms
86;COM8;Rx Ack-Msg;2450000122 Hz;LoRa SF12;LoRa BW 1600;-89 dBm;4 dB;2021-03-26 18:49:16;10:1111;10:2222;
87;COM8;Tx C-Msg;2450000122 Hz;LoRa SF12;LoRa BW 1600;;;2021-03-26 18:49:16.847;;;Status:OK  Packet:1146  AirTime:99 ms
88;COM8;Rx Ack-Msg;2450000122 Hz;LoRa SF12;LoRa BW 1600;-89 dBm;4 dB;2021-03-26 18:49:16;10:1111;10:2222;
89;COM8;Tx C-Msg;2450000122 Hz;LoRa SF12;LoRa BW 1600;;;2021-03-26 18:49:17.358;;;Status:OK  Packet:1147  AirTime:99 ms
90;COM8;Rx Ack-Msg;2450000122 Hz;LoRa SF12;LoRa BW 1600;-90 dBm;5 dB;2021-03-26 18:49:17;10:1111;10:2222;
91;COM8;Tx C-Msg;2450000122 Hz;LoRa SF12;LoRa BW 1600;;;2021-03-26 18:49:17.822;;;Status:OK  Packet:1148  AirTime:99 ms
92;COM8;Rx Ack-Msg;2450000122 Hz;LoRa SF12;LoRa BW 1600;-90 dBm;5 dB;2021-03-26 18:49:17;10:1111;10:2222;
93;COM8;Tx C-Msg;2450000122 Hz;LoRa SF12;LoRa BW 1600;;;2021-03-26 18:49:18.382;;;Status:OK  Packet:1149  AirTime:99 ms
94;COM8;Rx Ack-Msg;2450000122 Hz;LoRa SF12;LoRa BW 1600;-90 dBm;4 dB;2021-03-26 18:49:18;10:1111;10:2222;
95;COM8;Tx C-Msg;2450000122 Hz;LoRa SF12;LoRa BW 1600;;;2021-03-26 18:49:19.097;;;Status:OK  Packet:1150  AirTime:99 ms
96;COM8;Rx Ack-Msg;2450000122 Hz;LoRa SF12;LoRa BW 1600;-90 dBm;5 dB;2021-03-26 18:49:18;10:1111;10:2222;
97;COM8;Tx C-Msg;2450000122 Hz;LoRa SF12;LoRa BW 1600;;;2021-03-26 18:49:19.852;;;Status:OK  Packet:1151  AirTime:99 ms
98;COM8;Rx Ack-Msg;2450000122 Hz;LoRa SF12;LoRa BW 1600;-90 dBm;5 dB;2021-03-26 18:49:19;10:1111;10:2222;
99;COM8;Tx C-Msg;2450000122 Hz;LoRa SF12;LoRa BW 1600;;;2021-03-26 18:49:20.444;;;Status:OK  Packet:1152  AirTime:99 ms
100;COM8;Rx Ack-Msg;2450000122 Hz;LoRa SF12;LoRa BW 1600;-89 dBm;4 dB;2021-03-26 18:49:20;10:1111;10:2222;
101;COM8;Tx C-Msg;2450000122 Hz;LoRa SF12;LoRa BW 1600;;;2021-03-26 18:49:20.886;;;Status:OK  Packet:1153  AirTime:99 ms
102;COM8;Rx Ack-Msg;2450000122 Hz;LoRa SF12;LoRa BW 1600;-89 dBm;4 dB;2021-03-26 18:49:20;10:1111;10:2222;
