No.;Port;Event;Frequency;SF / Datarate;Bandwidth;RSSI;SNR;Time;Dst Address;Src Address;Message Payload
1;COM8;Tx C-Msg;2450000122 Hz;LoRa SF12;LoRa BW 1600;;;2021-03-26 18:34:00.847;;;Status:OK  Packet:1726  AirTime:99 ms
2;COM8;Rx Ack-Msg;2450000122 Hz;LoRa SF12;LoRa BW 1600;-100 dBm;-5 dB;2021-03-26 18:34:00;10:1111;10:2222;
3;COM8;Tx C-Msg;2450000122 Hz;LoRa SF12;LoRa BW 1600;;;2021-03-26 18:34:01.039;;;Status:OK  Packet:1727  AirTime:99 ms
4;COM8;Rx Ack-Msg;2450000122 Hz;LoRa SF12;LoRa BW 1600;-99 dBm;-7 dB;2021-03-26 18:34:00;10:1111;10:2222;
5;COM8;Tx C-Msg;2450000122 Hz;LoRa SF12;LoRa BW 1600;;;2021-03-26 18:34:01.247;;;Status:OK  Packet:1728  AirTime:99 ms
6;COM8;Rx Ack-Msg;2450000122 Hz;LoRa SF12;LoRa BW 1600;-101 dBm;-5 dB;2021-03-26 18:34:01;10:1111;10:2222;
7;COM8;Tx C-Msg;2450000122 Hz;LoRa SF12;LoRa BW 1600;;;2021-03-26 18:34:01.434;;;Status:OK  Packet:1729  AirTime:99 ms
8;COM8;Rx Ack-Msg;2450000122 Hz;LoRa SF12;LoRa BW 1600;-102 dBm;-4 dB;2021-03-26 18:34:01;10:1111;10:2222;
9;COM8;Tx C-Msg;2450000122 Hz;LoRa SF12;LoRa BW 1600;;;2021-03-26 18:34:01.726;;;Status:OK  Packet:1730  AirTime:99 ms
10;COM8;Rx Ack-Msg;2450000122 Hz;LoRa SF12;LoRa BW 1600;-101 dBm;-5 dB;2021-03-26 18:34:01;10:1111;10:2222;
11;COM8;Tx C-Msg;2450000122 Hz;LoRa SF12;LoRa BW 1600;;;2021-03-26 18:34:01.915;;;Status:OK  Packet:1731  AirTime:99 ms
12;COM8;Rx Ack-Msg;2450000122 Hz;LoRa SF12;LoRa BW 1600;-101 dBm;-4 dB;2021-03-26 18:34:01;10:1111;10:2222;
13;COM8;Tx C-Msg;2450000122 Hz;LoRa SF12;LoRa BW 1600;;;2021-03-26 18:34:02.206;;;Status:OK  Packet:1732  AirTime:99 ms
14;COM8;Rx Ack-Msg;2450000122 Hz;LoRa SF12;LoRa BW 1600;-102 dBm;-4 dB;2021-03-26 18:34:02;10:1111;10:2222;
15;COM8;Tx C-Msg;2450000122 Hz;LoRa SF12;LoRa BW 1600;;;2021-03-26 18:34:02.393;;;Status:OK  Packet:1733  AirTime:99 ms
16;COM8;Rx Ack-Msg;2450000122 Hz;LoRa SF12;LoRa BW 1600;-101 dBm;-5 dB;2021-03-26 18:34:02;10:1111;10:2222;
17;COM8;Tx C-Msg;2450000122 Hz;LoRa SF12;LoRa BW 1600;;;2021-03-26 18:34:02.590;;;Status:OK  Packet:1734  AirTime:99 ms
18;COM8;Rx Ack-Msg;2450000122 Hz;LoRa SF12;LoRa BW 1600;-101 dBm;-6 dB;2021-03-26 18:34:02;10:1111;10:2222;
19;COM8;Tx C-Msg;2450000122 Hz;LoRa SF12;LoRa BW 1600;;;2021-03-26 18:34:02.797;;;Status:OK  Packet:1735  AirTime:99 ms
20;COM8;Rx Ack-Msg;2450000122 Hz;LoRa SF12;LoRa BW 1600;-101 dBm;-6 dB;2021-03-26 18:34:02;10:1111;10:2222;
21;COM8;Tx C-Msg;2450000122 Hz;LoRa SF12;LoRa BW 1600;;;2021-03-26 18:34:02.991;;;Status:OK  Packet:1736  AirTime:99 ms
22;COM8;Rx Ack-Msg;2450000122 Hz;LoRa SF12;LoRa BW 1600;-100 dBm;-7 dB;2021-03-26 18:34:02;10:1111;10:2222;
23;COM8;Tx C-Msg;2450000122 Hz;LoRa SF12;LoRa BW 1600;;;2021-03-26 18:34:03.197;;;Status:OK  Packet:1737  AirTime:99 ms
24;COM8;Rx Ack-Msg;2450000122 Hz;LoRa SF12;LoRa BW 1600;-101 dBm;-6 dB;2021-03-26 18:34:03;10:1111;10:2222;
25;COM8;Tx C-Msg;2450000122 Hz;LoRa SF12;LoRa BW 1600;;;2021-03-26 18:34:03.396;;;Status:OK  Packet:1738  AirTime:99 ms
26;COM8;Rx Ack-Msg;2450000122 Hz;LoRa SF12;LoRa BW 1600;-100 dBm;-6 dB;2021-03-26 18:34:03;10:1111;10:2222;
27;COM8;Tx C-Msg;2450000122 Hz;LoRa SF12;LoRa BW 1600;;;2021-03-26 18:34:03.599;;;Status:OK  Packet:1739  AirTime:99 ms
28;COM8;Rx Ack-Msg;2450000122 Hz;LoRa SF12;LoRa BW 1600;-102 dBm;-4 dB;2021-03-26 18:34:03;10:1111;10:2222;
29;COM8;Tx C-Msg;2450000122 Hz;LoRa SF12;LoRa BW 1600;;;2021-03-26 18:34:03.784;;;Status:OK  Packet:1740  AirTime:99 ms
30;COM8;Rx Ack-Msg;2450000122 Hz;LoRa SF12;LoRa BW 1600;-102 dBm;-3 dB;2021-03-26 18:34:03;10:1111;10:2222;
31;COM8;Tx C-Msg;2450000122 Hz;LoRa SF12;LoRa BW 1600;;;2021-03-26 18:34:03.980;;;Status:OK  Packet:1741  AirTime:99 ms
32;COM8;Rx Ack-Msg;2450000122 Hz;LoRa SF12;LoRa BW 1600;-102 dBm;-3 dB;2021-03-26 18:34:03;10:1111;10:2222;
33;COM8;Tx C-Msg;2450000122 Hz;LoRa SF12;LoRa BW 1600;;;2021-03-26 18:34:04.189;;;Status:OK  Packet:1742  AirTime:99 ms
34;COM8;Rx Ack-Msg;2450000122 Hz;LoRa SF12;LoRa BW 1600;-101 dBm;-3 dB;2021-03-26 18:34:04;10:1111;10:2222;
35;COM8;Tx C-Msg;2450000122 Hz;LoRa SF12;LoRa BW 1600;;;2021-03-26 18:34:04.393;;;Status:OK  Packet:1743  AirTime:99 ms
36;COM8;Rx Ack-Msg;2450000122 Hz;LoRa SF12;LoRa BW 1600;-101 dBm;-4 dB;2021-03-26 18:34:04;10:1111;10:2222;
37;COM8;Tx C-Msg;2450000122 Hz;LoRa SF12;LoRa BW 1600;;;2021-03-26 18:34:04.583;;;Status:OK  Packet:1744  AirTime:99 ms
38;COM8;Rx Ack-Msg;2450000122 Hz;LoRa SF12;LoRa BW 1600;-101 dBm;-5 dB;2021-03-26 18:34:04;10:1111;10:2222;
39;COM8;Tx C-Msg;2450000122 Hz;LoRa SF12;LoRa BW 1600;;;2021-03-26 18:34:04.781;;;Status:OK  Packet:1745  AirTime:99 ms
40;COM8;Rx Ack-Msg;2450000122 Hz;LoRa SF12;LoRa BW 1600;-102 dBm;-4 dB;2021-03-26 18:34:04;10:1111;10:2222;
41;COM8;Tx C-Msg;2450000122 Hz;LoRa SF12;LoRa BW 1600;;;2021-03-26 18:34:04.972;;;Status:OK  Packet:1746  AirTime:99 ms
42;COM8;Rx Ack-Msg;2450000122 Hz;LoRa SF12;LoRa BW 1600;-102 dBm;-3 dB;2021-03-26 18:34:04;10:1111;10:2222;
43;COM8;Tx C-Msg;2450000122 Hz;LoRa SF12;LoRa BW 1600;;;2021-03-26 18:34:05.420;;;Status:OK  Packet:1747  AirTime:99 ms
44;COM8;Rx Ack-Msg;2450000122 Hz;LoRa SF12;LoRa BW 1600;-102 dBm;-5 dB;2021-03-26 18:34:05;10:1111;10:2222;
45;COM8;Tx C-Msg;2450000122 Hz;LoRa SF12;LoRa BW 1600;;;2021-03-26 18:34:05.623;;;Status:OK  Packet:1748  AirTime:99 ms
46;COM8;Rx Ack-Msg;2450000122 Hz;LoRa SF12;LoRa BW 1600;-101 dBm;-5 dB;2021-03-26 18:34:05;10:1111;10:2222;
47;COM8;Tx C-Msg;2450000122 Hz;LoRa SF12;LoRa BW 1600;;;2021-03-26 18:34:05.819;;;Status:OK  Packet:1749  AirTime:99 ms
48;COM8;Rx Ack-Msg;2450000122 Hz;LoRa SF12;LoRa BW 1600;-102 dBm;-5 dB;2021-03-26 18:34:05;10:1111;10:2222;
49;COM8;Tx C-Msg;2450000122 Hz;LoRa SF12;LoRa BW 1600;;;2021-03-26 18:34:06.012;;;Status:OK  Packet:1750  AirTime:99 ms
50;COM8;Rx Ack-Msg;2450000122 Hz;LoRa SF12;LoRa BW 1600;-101 dBm;-6 dB;2021-03-26 18:34:05;10:1111;10:2222;
51;COM8;Tx C-Msg;2450000122 Hz;LoRa SF12;LoRa BW 1600;;;2021-03-26 18:34:06.219;;;Status:OK  Packet:1751  AirTime:99 ms
52;COM8;Rx Ack-Msg;2450000122 Hz;LoRa SF12;LoRa BW 1600;-102 dBm;-5 dB;2021-03-26 18:34:06;10:1111;10:2222;
53;COM8;Tx C-Msg;2450000122 Hz;LoRa SF12;LoRa BW 1600;;;2021-03-26 18:34:06.425;;;Status:OK  Packet:1752  AirTime:99 ms
54;COM8;Rx Ack-Msg;2450000122 Hz;LoRa SF12;LoRa BW 1600;-101 dBm;-6 dB;2021-03-26 18:34:06;10:1111;10:2222;
55;COM8;Tx C-Msg;2450000122 Hz;LoRa SF12;LoRa BW 1600;;;2021-03-26 18:34:06.598;;;Status:OK  Packet:1753  AirTime:99 ms
56;COM8;Rx Ack-Msg;2450000122 Hz;LoRa SF12;LoRa BW 1600;-102 dBm;-6 dB;2021-03-26 18:34:06;10:1111;10:2222;
57;COM8;Tx C-Msg;2450000122 Hz;LoRa SF12;LoRa BW 1600;;;2021-03-26 18:34:06.810;;;Status:OK  Packet:1754  AirTime:99 ms
58;COM8;Rx Ack-Msg;2450000122 Hz;LoRa SF12;LoRa BW 1600;-101 dBm;-5 dB;2021-03-26 18:34:06;10:1111;10:2222;
59;COM8;Tx C-Msg;2450000122 Hz;LoRa SF12;LoRa BW 1600;;;2021-03-26 18:34:07.466;;;Status:OK  Packet:1755  AirTime:99 ms
60;COM8;Rx Ack-Msg;2450000122 Hz;LoRa SF12;LoRa BW 1600;-102 dBm;-5 dB;2021-03-26 18:34:07;10:1111;10:2222;
61;COM8;Tx C-Msg;2450000122 Hz;LoRa SF12;LoRa BW 1600;;;2021-03-26 18:34:07.654;;;Status:OK  Packet:1756  AirTime:99 ms
62;COM8;Rx Ack-Msg;2450000122 Hz;LoRa SF12;LoRa BW 1600;-102 dBm;-6 dB;2021-03-26 18:34:07;10:1111;10:2222;
63;COM8;Tx C-Msg;2450000122 Hz;LoRa SF12;LoRa BW 1600;;;2021-03-26 18:34:07.946;;;Status:OK  Packet:1757  AirTime:99 ms
64;COM8;Rx Ack-Msg;2450000122 Hz;LoRa SF12;LoRa BW 1600;-102 dBm;-7 dB;2021-03-26 18:34:07;10:1111;10:2222;
65;COM8;Tx C-Msg;2450000122 Hz;LoRa SF12;LoRa BW 1600;;;2021-03-26 18:34:08.970;;;Status:OK  Packet:1758  AirTime:99 ms
66;COM8;Rx Ack-Msg;2450000122 Hz;LoRa SF12;LoRa BW 1600;-102 dBm;-5 dB;2021-03-26 18:34:08;10:1111;10:2222;
67;COM8;Tx C-Msg;2450000122 Hz;LoRa SF12;LoRa BW 1600;;;2021-03-26 18:34:09.161;;;Status:OK  Packet:1759  AirTime:99 ms
68;COM8;Rx Ack-Msg;2450000122 Hz;LoRa SF12;LoRa BW 1600;-102 dBm;-6 dB;2021-03-26 18:34:09;10:1111;10:2222;
69;COM8;Tx C-Msg;2450000122 Hz;LoRa SF12;LoRa BW 1600;;;2021-03-26 18:34:09.370;;;Status:OK  Packet:1760  AirTime:99 ms
70;COM8;Rx Ack-Msg;2450000122 Hz;LoRa SF12;LoRa BW 1600;-102 dBm;-6 dB;2021-03-26 18:34:09;10:1111;10:2222;
71;COM8;Tx C-Msg;2450000122 Hz;LoRa SF12;LoRa BW 1600;;;2021-03-26 18:34:09.560;;;Status:OK  Packet:1761  AirTime:99 ms
72;COM8;Rx Ack-Msg;2450000122 Hz;LoRa SF12;LoRa BW 1600;-101 dBm;-7 dB;2021-03-26 18:34:09;10:1111;10:2222;
73;COM8;Tx C-Msg;2450000122 Hz;LoRa SF12;LoRa BW 1600;;;2021-03-26 18:34:09.748;;;Status:OK  Packet:1762  AirTime:99 ms
74;COM8;Rx Ack-Msg;2450000122 Hz;LoRa SF12;LoRa BW 1600;-101 dBm;-7 dB;2021-03-26 18:34:09;10:1111;10:2222;
75;COM8;Tx C-Msg;2450000122 Hz;LoRa SF12;LoRa BW 1600;;;2021-03-26 18:34:09.960;;;Status:OK  Packet:1763  AirTime:99 ms
76;COM8;Rx Ack-Msg;2450000122 Hz;LoRa SF12;LoRa BW 1600;-101 dBm;-7 dB;2021-03-26 18:34:09;10:1111;10:2222;
77;COM8;Tx C-Msg;2450000122 Hz;LoRa SF12;LoRa BW 1600;;;2021-03-26 18:34:11.443;;;Status:OK  Packet:1764  AirTime:99 ms
78;COM8;Rx Ack-Msg;2450000122 Hz;LoRa SF12;LoRa BW 1600;-102 dBm;-7 dB;2021-03-26 18:34:11;10:1111;10:2222;
79;COM8;Tx C-Msg;2450000122 Hz;LoRa SF12;LoRa BW 1600;;;2021-03-26 18:34:11.641;;;Status:OK  Packet:1765  AirTime:99 ms
80;COM8;Rx Ack-Msg;2450000122 Hz;LoRa SF12;LoRa BW 1600;-102 dBm;-8 dB;2021-03-26 18:34:11;10:1111;10:2222;
81;COM8;Tx C-Msg;2450000122 Hz;LoRa SF12;LoRa BW 1600;;;2021-03-26 18:34:11.847;;;Status:OK  Packet:1766  AirTime:99 ms
82;COM8;Rx Ack-Msg;2450000122 Hz;LoRa SF12;LoRa BW 1600;-102 dBm;-9 dB;2021-03-26 18:34:11;10:1111;10:2222;
83;COM8;Tx C-Msg;2450000122 Hz;LoRa SF12;LoRa BW 1600;;;2021-03-26 18:34:14.245;;;Status:OK  Packet:1767  AirTime:99 ms
84;COM8;Rx Ack-Msg;2450000122 Hz;LoRa SF12;LoRa BW 1600;-100 dBm;-12 dB;2021-03-26 18:34:14;10:1111;10:2222;
85;COM8;Tx C-Msg;2450000122 Hz;LoRa SF12;LoRa BW 1600;;;2021-03-26 18:34:14.453;;;Status:OK  Packet:1768  AirTime:99 ms
86;COM8;Rx Ack-Msg;2450000122 Hz;LoRa SF12;LoRa BW 1600;-102 dBm;-9 dB;2021-03-26 18:34:14;10:1111;10:2222;
87;COM8;Tx C-Msg;2450000122 Hz;LoRa SF12;LoRa BW 1600;;;2021-03-26 18:34:14.645;;;Status:OK  Packet:1769  AirTime:99 ms
88;COM8;Rx Ack-Msg;2450000122 Hz;LoRa SF12;LoRa BW 1600;-102 dBm;-9 dB;2021-03-26 18:34:14;10:1111;10:2222;
89;COM8;Tx C-Msg;2450000122 Hz;LoRa SF12;LoRa BW 1600;;;2021-03-26 18:34:15.489;;;Status:OK  Packet:1770  AirTime:99 ms
90;COM8;Rx Ack-Msg;2450000122 Hz;LoRa SF12;LoRa BW 1600;-101 dBm;-10 dB;2021-03-26 18:34:15;10:1111;10:2222;
91;COM8;Tx C-Msg;2450000122 Hz;LoRa SF12;LoRa BW 1600;;;2021-03-26 18:34:15.685;;;Status:OK  Packet:1771  AirTime:99 ms
92;COM8;Rx Ack-Msg;2450000122 Hz;LoRa SF12;LoRa BW 1600;-101 dBm;-10 dB;2021-03-26 18:34:15;10:1111;10:2222;
93;COM8;Tx C-Msg;2450000122 Hz;LoRa SF12;LoRa BW 1600;;;2021-03-26 18:34:15.897;;;Status:OK  Packet:1772  AirTime:99 ms
94;COM8;Rx Ack-Msg;2450000122 Hz;LoRa SF12;LoRa BW 1600;-101 dBm;-11 dB;2021-03-26 18:34:15;10:1111;10:2222;
95;COM8;Tx C-Msg;2450000122 Hz;LoRa SF12;LoRa BW 1600;;;2021-03-26 18:34:16.900;;;Status:OK  Packet:1773  AirTime:99 ms
96;COM8;Rx Ack-Msg;2450000122 Hz;LoRa SF12;LoRa BW 1600;-102 dBm;-9 dB;2021-03-26 18:34:16;10:1111;10:2222;
97;COM8;Tx C-Msg;2450000122 Hz;LoRa SF12;LoRa BW 1600;;;2021-03-26 18:34:17.104;;;Status:OK  Packet:1774  AirTime:99 ms
98;COM8;Rx Ack-Msg;2450000122 Hz;LoRa SF12;LoRa BW 1600;-102 dBm;-9 dB;2021-03-26 18:34:16;10:1111;10:2222;
99;COM8;Tx C-Msg;2450000122 Hz;LoRa SF12;LoRa BW 1600;;;2021-03-26 18:34:18.239;;;Status:OK  Packet:1775  AirTime:99 ms
100;COM8;Rx Ack-Msg;2450000122 Hz;LoRa SF12;LoRa BW 1600;-101 dBm;-11 dB;2021-03-26 18:34:18;10:1111;10:2222;
101;COM8;Tx C-Msg;2450000122 Hz;LoRa SF12;LoRa BW 1600;;;2021-03-26 18:34:57.816;;;Status:OK  Packet:1776  AirTime:99 ms
102;COM8;Rx Ack-Msg;2450000122 Hz;LoRa SF12;LoRa BW 1600;-101 dBm;-1 dB;2021-03-26 18:34:57;10:1111;10:2222;
103;COM8;Tx C-Msg;2450000122 Hz;LoRa SF12;LoRa BW 1600;;;2021-03-26 18:34:58.840;;;Status:OK  Packet:1777  AirTime:99 ms
104;COM8;Rx Ack-Msg;2450000122 Hz;LoRa SF12;LoRa BW 1600;-100 dBm;0 dB;2021-03-26 18:34:58;10:1111;10:2222;
105;COM8;Tx C-Msg;2450000122 Hz;LoRa SF12;LoRa BW 1600;;;2021-03-26 18:34:59.159;;;Status:OK  Packet:1778  AirTime:99 ms
106;COM8;Rx Ack-Msg;2450000122 Hz;LoRa SF12;LoRa BW 1600;-100 dBm;0 dB;2021-03-26 18:34:59;10:1111;10:2222;
107;COM8;Tx C-Msg;2450000122 Hz;LoRa SF12;LoRa BW 1600;;;2021-03-26 18:34:59.353;;;Status:OK  Packet:1779  AirTime:99 ms
108;COM8;Rx Ack-Msg;2450000122 Hz;LoRa SF12;LoRa BW 1600;-99 dBm;0 dB;2021-03-26 18:34:59;10:1111;10:2222;
109;COM8;Tx C-Msg;2450000122 Hz;LoRa SF12;LoRa BW 1600;;;2021-03-26 18:34:59.751;;;Status:OK  Packet:1780  AirTime:99 ms
110;COM8;Rx Ack-Msg;2450000122 Hz;LoRa SF12;LoRa BW 1600;-98 dBm;2 dB;2021-03-26 18:34:59;10:1111;10:2222;
111;COM8;Tx C-Msg;2450000122 Hz;LoRa SF12;LoRa BW 1600;;;2021-03-26 18:34:59.959;;;Status:OK  Packet:1781  AirTime:99 ms
112;COM8;Rx Ack-Msg;2450000122 Hz;LoRa SF12;LoRa BW 1600;-97 dBm;2 dB;2021-03-26 18:34:59;10:1111;10:2222;
113;COM8;Tx C-Msg;2450000122 Hz;LoRa SF12;LoRa BW 1600;;;2021-03-26 18:35:00.248;;;Status:OK  Packet:1782  AirTime:99 ms
114;COM8;Rx Ack-Msg;2450000122 Hz;LoRa SF12;LoRa BW 1600;-97 dBm;2 dB;2021-03-26 18:35:00;10:1111;10:2222;
115;COM8;Tx C-Msg;2450000122 Hz;LoRa SF12;LoRa BW 1600;;;2021-03-26 18:35:00.456;;;Status:OK  Packet:1783  AirTime:99 ms
116;COM8;Rx Ack-Msg;2450000122 Hz;LoRa SF12;LoRa BW 1600;-97 dBm;2 dB;2021-03-26 18:35:00;10:1111;10:2222;
117;COM8;Tx C-Msg;2450000122 Hz;LoRa SF12;LoRa BW 1600;;;2021-03-26 18:35:00.647;;;Status:OK  Packet:1784  AirTime:99 ms
118;COM8;Rx Ack-Msg;2450000122 Hz;LoRa SF12;LoRa BW 1600;-97 dBm;2 dB;2021-03-26 18:35:00;10:1111;10:2222;
119;COM8;Tx C-Msg;2450000122 Hz;LoRa SF12;LoRa BW 1600;;;2021-03-26 18:35:00.854;;;Status:OK  Packet:1785  AirTime:99 ms
120;COM8;Rx Ack-Msg;2450000122 Hz;LoRa SF12;LoRa BW 1600;-97 dBm;2 dB;2021-03-26 18:35:00;10:1111;10:2222;
121;COM8;Tx C-Msg;2450000122 Hz;LoRa SF12;LoRa BW 1600;;;2021-03-26 18:35:01.139;;;Status:OK  Packet:1786  AirTime:99 ms
122;COM8;Rx Ack-Msg;2450000122 Hz;LoRa SF12;LoRa BW 1600;-97 dBm;2 dB;2021-03-26 18:35:01;10:1111;10:2222;
123;COM8;Tx C-Msg;2450000122 Hz;LoRa SF12;LoRa BW 1600;;;2021-03-26 18:35:01.329;;;Status:OK  Packet:1787  AirTime:99 ms
124;COM8;Rx Ack-Msg;2450000122 Hz;LoRa SF12;LoRa BW 1600;-96 dBm;2 dB;2021-03-26 18:35:01;10:1111;10:2222;
125;COM8;Tx C-Msg;2450000122 Hz;LoRa SF12;LoRa BW 1600;;;2021-03-26 18:35:01.573;;;Status:OK  Packet:1788  AirTime:99 ms
126;COM8;Rx Ack-Msg;2450000122 Hz;LoRa SF12;LoRa BW 1600;-97 dBm;2 dB;2021-03-26 18:35:01;10:1111;10:2222;
127;COM8;Tx C-Msg;2450000122 Hz;LoRa SF12;LoRa BW 1600;;;2021-03-26 18:35:01.766;;;Status:OK  Packet:1789  AirTime:99 ms
128;COM8;Rx Ack-Msg;2450000122 Hz;LoRa SF12;LoRa BW 1600;-97 dBm;2 dB;2021-03-26 18:35:01;10:1111;10:2222;
129;COM8;Tx C-Msg;2450000122 Hz;LoRa SF12;LoRa BW 1600;;;2021-03-26 18:35:02.069;;;Status:OK  Packet:1790  AirTime:99 ms
130;COM8;Rx Ack-Msg;2450000122 Hz;LoRa SF12;LoRa BW 1600;-97 dBm;3 dB;2021-03-26 18:35:01;10:1111;10:2222;
131;COM8;Tx C-Msg;2450000122 Hz;LoRa SF12;LoRa BW 1600;;;2021-03-26 18:35:02.262;;;Status:OK  Packet:1791  AirTime:99 ms
132;COM8;Rx Ack-Msg;2450000122 Hz;LoRa SF12;LoRa BW 1600;-96 dBm;2 dB;2021-03-26 18:35:02;10:1111;10:2222;
133;COM8;Tx C-Msg;2450000122 Hz;LoRa SF12;LoRa BW 1600;;;2021-03-26 18:35:02.469;;;Status:OK  Packet:1792  AirTime:99 ms
134;COM8;Rx Ack-Msg;2450000122 Hz;LoRa SF12;LoRa BW 1600;-97 dBm;2 dB;2021-03-26 18:35:02;10:1111;10:2222;
135;COM8;Tx C-Msg;2450000122 Hz;LoRa SF12;LoRa BW 1600;;;2021-03-26 18:35:02.662;;;Status:OK  Packet:1793  AirTime:99 ms
136;COM8;Rx Ack-Msg;2450000122 Hz;LoRa SF12;LoRa BW 1600;-96 dBm;3 dB;2021-03-26 18:35:02;10:1111;10:2222;
137;COM8;Tx C-Msg;2450000122 Hz;LoRa SF12;LoRa BW 1600;;;2021-03-26 18:35:02.869;;;Status:OK  Packet:1794  AirTime:99 ms
138;COM8;Rx Ack-Msg;2450000122 Hz;LoRa SF12;LoRa BW 1600;-97 dBm;2 dB;2021-03-26 18:35:02;10:1111;10:2222;
139;COM8;Tx C-Msg;2450000122 Hz;LoRa SF12;LoRa BW 1600;;;2021-03-26 18:35:03.061;;;Status:OK  Packet:1795  AirTime:99 ms
140;COM8;Rx Ack-Msg;2450000122 Hz;LoRa SF12;LoRa BW 1600;-97 dBm;2 dB;2021-03-26 18:35:02;10:1111;10:2222;
141;COM8;Tx C-Msg;2450000122 Hz;LoRa SF12;LoRa BW 1600;;;2021-03-26 18:35:03.350;;;Status:OK  Packet:1796  AirTime:99 ms
142;COM8;Rx Ack-Msg;2450000122 Hz;LoRa SF12;LoRa BW 1600;-97 dBm;2 dB;2021-03-26 18:35:03;10:1111;10:2222;
143;COM8;Tx C-Msg;2450000122 Hz;LoRa SF12;LoRa BW 1600;;;2021-03-26 18:35:03.540;;;Status:OK  Packet:1797  AirTime:99 ms
144;COM8;Rx Ack-Msg;2450000122 Hz;LoRa SF12;LoRa BW 1600;-97 dBm;2 dB;2021-03-26 18:35:03;10:1111;10:2222;
145;COM8;Tx C-Msg;2450000122 Hz;LoRa SF12;LoRa BW 1600;;;2021-03-26 18:35:03.829;;;Status:OK  Packet:1798  AirTime:99 ms
146;COM8;Rx Ack-Msg;2450000122 Hz;LoRa SF12;LoRa BW 1600;-97 dBm;1 dB;2021-03-26 18:35:03;10:1111;10:2222;
147;COM8;Tx C-Msg;2450000122 Hz;LoRa SF12;LoRa BW 1600;;;2021-03-26 18:35:04.021;;;Status:OK  Packet:1799  AirTime:99 ms
148;COM8;Rx Ack-Msg;2450000122 Hz;LoRa SF12;LoRa BW 1600;-97 dBm;2 dB;2021-03-26 18:35:03;10:1111;10:2222;
149;COM8;Tx C-Msg;2450000122 Hz;LoRa SF12;LoRa BW 1600;;;2021-03-26 18:35:04.223;;;Status:OK  Packet:1800  AirTime:99 ms
150;COM8;Rx Ack-Msg;2450000122 Hz;LoRa SF12;LoRa BW 1600;-97 dBm;2 dB;2021-03-26 18:35:04;10:1111;10:2222;
151;COM8;Tx C-Msg;2450000122 Hz;LoRa SF12;LoRa BW 1600;;;2021-03-26 18:35:04.420;;;Status:OK  Packet:1801  AirTime:99 ms
152;COM8;Rx Ack-Msg;2450000122 Hz;LoRa SF12;LoRa BW 1600;-97 dBm;2 dB;2021-03-26 18:35:04;10:1111;10:2222;
153;COM8;Tx C-Msg;2450000122 Hz;LoRa SF12;LoRa BW 1600;;;2021-03-26 18:35:04.624;;;Status:OK  Packet:1802  AirTime:99 ms
154;COM8;Rx Ack-Msg;2450000122 Hz;LoRa SF12;LoRa BW 1600;-97 dBm;2 dB;2021-03-26 18:35:04;10:1111;10:2222;
155;COM8;Tx C-Msg;2450000122 Hz;LoRa SF12;LoRa BW 1600;;;2021-03-26 18:35:04.820;;;Status:OK  Packet:1803  AirTime:99 ms
156;COM8;Rx Ack-Msg;2450000122 Hz;LoRa SF12;LoRa BW 1600;-97 dBm;3 dB;2021-03-26 18:35:04;10:1111;10:2222;
157;COM8;Tx C-Msg;2450000122 Hz;LoRa SF12;LoRa BW 1600;;;2021-03-26 18:35:05.028;;;Status:OK  Packet:1804  AirTime:99 ms
158;COM8;Rx Ack-Msg;2450000122 Hz;LoRa SF12;LoRa BW 1600;-97 dBm;2 dB;2021-03-26 18:35:04;10:1111;10:2222;
159;COM8;Tx C-Msg;2450000122 Hz;LoRa SF12;LoRa BW 1600;;;2021-03-26 18:35:05.220;;;Status:OK  Packet:1805  AirTime:99 ms
160;COM8;Rx Ack-Msg;2450000122 Hz;LoRa SF12;LoRa BW 1600;-97 dBm;2 dB;2021-03-26 18:35:05;10:1111;10:2222;
161;COM8;Tx C-Msg;2450000122 Hz;LoRa SF12;LoRa BW 1600;;;2021-03-26 18:35:05.412;;;Status:OK  Packet:1806  AirTime:99 ms
162;COM8;Rx Ack-Msg;2450000122 Hz;LoRa SF12;LoRa BW 1600;-97 dBm;2 dB;2021-03-26 18:35:05;10:1111;10:2222;
163;COM8;Tx C-Msg;2450000122 Hz;LoRa SF12;LoRa BW 1600;;;2021-03-26 18:35:05.618;;;Status:OK  Packet:1807  AirTime:99 ms
164;COM8;Rx Ack-Msg;2450000122 Hz;LoRa SF12;LoRa BW 1600;-97 dBm;2 dB;2021-03-26 18:35:05;10:1111;10:2222;
165;COM8;Tx C-Msg;2450000122 Hz;LoRa SF12;LoRa BW 1600;;;2021-03-26 18:35:05.811;;;Status:OK  Packet:1808  AirTime:99 ms
166;COM8;Rx Ack-Msg;2450000122 Hz;LoRa SF12;LoRa BW 1600;-97 dBm;2 dB;2021-03-26 18:35:05;10:1111;10:2222;
167;COM8;Tx C-Msg;2450000122 Hz;LoRa SF12;LoRa BW 1600;;;2021-03-26 18:35:06.002;;;Status:OK  Packet:1809  AirTime:99 ms
168;COM8;Rx Ack-Msg;2450000122 Hz;LoRa SF12;LoRa BW 1600;-97 dBm;2 dB;2021-03-26 18:35:05;10:1111;10:2222;
169;COM8;Tx C-Msg;2450000122 Hz;LoRa SF12;LoRa BW 1600;;;2021-03-26 18:35:06.211;;;Status:OK  Packet:1810  AirTime:99 ms
170;COM8;Rx Ack-Msg;2450000122 Hz;LoRa SF12;LoRa BW 1600;-97 dBm;2 dB;2021-03-26 18:35:06;10:1111;10:2222;
171;COM8;Tx C-Msg;2450000122 Hz;LoRa SF12;LoRa BW 1600;;;2021-03-26 18:35:06.398;;;Status:OK  Packet:1811  AirTime:99 ms
172;COM8;Rx Ack-Msg;2450000122 Hz;LoRa SF12;LoRa BW 1600;-97 dBm;2 dB;2021-03-26 18:35:06;10:1111;10:2222;
173;COM8;Tx C-Msg;2450000122 Hz;LoRa SF12;LoRa BW 1600;;;2021-03-26 18:35:06.611;;;Status:OK  Packet:1812  AirTime:99 ms
174;COM8;Rx Ack-Msg;2450000122 Hz;LoRa SF12;LoRa BW 1600;-97 dBm;2 dB;2021-03-26 18:35:06;10:1111;10:2222;
175;COM8;Tx C-Msg;2450000122 Hz;LoRa SF12;LoRa BW 1600;;;2021-03-26 18:35:08.321;;;Status:OK  Packet:1813  AirTime:99 ms
176;COM8;Rx Ack-Msg;2450000122 Hz;LoRa SF12;LoRa BW 1600;-97 dBm;2 dB;2021-03-26 18:35:08;10:1111;10:2222;
177;COM8;Tx C-Msg;2450000122 Hz;LoRa SF12;LoRa BW 1600;;;2021-03-26 18:35:08.529;;;Status:OK  Packet:1814  AirTime:99 ms
178;COM8;Rx Ack-Msg;2450000122 Hz;LoRa SF12;LoRa BW 1600;-97 dBm;2 dB;2021-03-26 18:35:08;10:1111;10:2222;
179;COM8;Tx C-Msg;2450000122 Hz;LoRa SF12;LoRa BW 1600;;;2021-03-26 18:35:09.409;;;Status:OK  Packet:1815  AirTime:99 ms
180;COM8;Rx Ack-Msg;2450000122 Hz;LoRa SF12;LoRa BW 1600;-97 dBm;2 dB;2021-03-26 18:35:09;10:1111;10:2222;
181;COM8;Tx C-Msg;2450000122 Hz;LoRa SF12;LoRa BW 1600;;;2021-03-26 18:35:09.600;;;Status:OK  Packet:1816  AirTime:99 ms
182;COM8;Rx Ack-Msg;2450000122 Hz;LoRa SF12;LoRa BW 1600;-97 dBm;2 dB;2021-03-26 18:35:09;10:1111;10:2222;
183;COM8;Tx C-Msg;2450000122 Hz;LoRa SF12;LoRa BW 1600;;;2021-03-26 18:35:09.793;;;Status:OK  Packet:1817  AirTime:99 ms
184;COM8;Rx Ack-Msg;2450000122 Hz;LoRa SF12;LoRa BW 1600;-97 dBm;2 dB;2021-03-26 18:35:09;10:1111;10:2222;
185;COM8;Tx C-Msg;2450000122 Hz;LoRa SF12;LoRa BW 1600;;;2021-03-26 18:35:10.524;;;Status:OK  Packet:1818  AirTime:99 ms
186;COM8;Rx Ack-Msg;2450000122 Hz;LoRa SF12;LoRa BW 1600;-97 dBm;2 dB;2021-03-26 18:35:10;10:1111;10:2222;
187;COM8;Tx C-Msg;2450000122 Hz;LoRa SF12;LoRa BW 1600;;;2021-03-26 18:35:10.736;;;Status:OK  Packet:1819  AirTime:99 ms
188;COM8;Rx Ack-Msg;2450000122 Hz;LoRa SF12;LoRa BW 1600;-97 dBm;2 dB;2021-03-26 18:35:10;10:1111;10:2222;
189;COM8;Tx C-Msg;2450000122 Hz;LoRa SF12;LoRa BW 1600;;;2021-03-26 18:35:10.923;;;Status:OK  Packet:1820  AirTime:99 ms
190;COM8;Rx Ack-Msg;2450000122 Hz;LoRa SF12;LoRa BW 1600;-97 dBm;2 dB;2021-03-26 18:35:10;10:1111;10:2222;
191;COM8;Tx C-Msg;2450000122 Hz;LoRa SF12;LoRa BW 1600;;;2021-03-26 18:35:11.807;;;Status:OK  Packet:1821  AirTime:99 ms
192;COM8;Rx Ack-Msg;2450000122 Hz;LoRa SF12;LoRa BW 1600;-97 dBm;2 dB;2021-03-26 18:35:11;10:1111;10:2222;
193;COM8;Tx C-Msg;2450000122 Hz;LoRa SF12;LoRa BW 1600;;;2021-03-26 18:35:12.016;;;Status:OK  Packet:1822  AirTime:99 ms
194;COM8;Rx Ack-Msg;2450000122 Hz;LoRa SF12;LoRa BW 1600;-97 dBm;2 dB;2021-03-26 18:35:11;10:1111;10:2222;
195;COM8;Tx C-Msg;2450000122 Hz;LoRa SF12;LoRa BW 1600;;;2021-03-26 18:35:13.194;;;Status:OK  Packet:1823  AirTime:99 ms
196;COM8;Rx Ack-Msg;2450000122 Hz;LoRa SF12;LoRa BW 1600;-97 dBm;2 dB;2021-03-26 18:35:13;10:1111;10:2222;
197;COM8;Tx C-Msg;2450000122 Hz;LoRa SF12;LoRa BW 1600;;;2021-03-26 18:35:14.062;;;Status:OK  Packet:1824  AirTime:99 ms
198;COM8;Rx Ack-Msg;2450000122 Hz;LoRa SF12;LoRa BW 1600;-97 dBm;2 dB;2021-03-26 18:35:13;10:1111;10:2222;
199;COM8;Tx C-Msg;2450000122 Hz;LoRa SF12;LoRa BW 1600;;;2021-03-26 18:35:14.941;;;Status:OK  Packet:1825  AirTime:99 ms
200;COM8;Rx Ack-Msg;2450000122 Hz;LoRa SF12;LoRa BW 1600;-97 dBm;3 dB;2021-03-26 18:35:14;10:1111;10:2222;
201;COM8;Tx C-Msg;2450000122 Hz;LoRa SF12;LoRa BW 1600;;;2021-03-26 18:35:36.014;;;Status:OK  Packet:1826  AirTime:99 ms
202;COM8;Rx Ack-Msg;2450000122 Hz;LoRa SF12;LoRa BW 1600;-90 dBm;5 dB;2021-03-26 18:35:35;10:1111;10:2222;
203;COM8;Tx C-Msg;2450000122 Hz;LoRa SF12;LoRa BW 1600;;;2021-03-26 18:35:37.022;;;Status:OK  Packet:1827  AirTime:99 ms
204;COM8;Rx Ack-Msg;2450000122 Hz;LoRa SF12;LoRa BW 1600;-94 dBm;3 dB;2021-03-26 18:35:36;10:1111;10:2222;
205;COM8;Tx C-Msg;2450000122 Hz;LoRa SF12;LoRa BW 1600;;;2021-03-26 18:35:37.849;;;Status:OK  Packet:1828  AirTime:99 ms
206;COM8;Rx Ack-Msg;2450000122 Hz;LoRa SF12;LoRa BW 1600;-95 dBm;3 dB;2021-03-26 18:35:37;10:1111;10:2222;
207;COM8;Tx C-Msg;2450000122 Hz;LoRa SF12;LoRa BW 1600;;;2021-03-26 18:35:38.046;;;Status:OK  Packet:1829  AirTime:99 ms
208;COM8;Rx Ack-Msg;2450000122 Hz;LoRa SF12;LoRa BW 1600;-93 dBm;2 dB;2021-03-26 18:35:37;10:1111;10:2222;
209;COM8;Tx C-Msg;2450000122 Hz;LoRa SF12;LoRa BW 1600;;;2021-03-26 18:35:38.397;;;Status:OK  Packet:1830  AirTime:99 ms
210;COM8;Rx Ack-Msg;2450000122 Hz;LoRa SF12;LoRa BW 1600;-92 dBm;4 dB;2021-03-26 18:35:38;10:1111;10:2222;
211;COM8;Tx C-Msg;2450000122 Hz;LoRa SF12;LoRa BW 1600;;;2021-03-26 18:35:38.606;;;Status:OK  Packet:1831  AirTime:99 ms
212;COM8;Rx Ack-Msg;2450000122 Hz;LoRa SF12;LoRa BW 1600;-91 dBm;4 dB;2021-03-26 18:35:38;10:1111;10:2222;
213;COM8;Tx C-Msg;2450000122 Hz;LoRa SF12;LoRa BW 1600;;;2021-03-26 18:35:39.069;;;Status:OK  Packet:1832  AirTime:99 ms
214;COM8;Rx Ack-Msg;2450000122 Hz;LoRa SF12;LoRa BW 1600;-91 dBm;5 dB;2021-03-26 18:35:38;10:1111;10:2222;
215;COM8;Tx C-Msg;2450000122 Hz;LoRa SF12;LoRa BW 1600;;;2021-03-26 18:35:39.260;;;Status:OK  Packet:1833  AirTime:99 ms
216;COM8;Rx Ack-Msg;2450000122 Hz;LoRa SF12;LoRa BW 1600;-90 dBm;5 dB;2021-03-26 18:35:39;10:1111;10:2222;
217;COM8;Tx C-Msg;2450000122 Hz;LoRa SF12;LoRa BW 1600;;;2021-03-26 18:35:39.597;;;Status:OK  Packet:1834  AirTime:99 ms
218;COM8;Rx Ack-Msg;2450000122 Hz;LoRa SF12;LoRa BW 1600;-90 dBm;5 dB;2021-03-26 18:35:39;10:1111;10:2222;
219;COM8;Tx C-Msg;2450000122 Hz;LoRa SF12;LoRa BW 1600;;;2021-03-26 18:35:39.804;;;Status:OK  Packet:1835  AirTime:99 ms
220;COM8;Rx Ack-Msg;2450000122 Hz;LoRa SF12;LoRa BW 1600;-90 dBm;5 dB;2021-03-26 18:35:39;10:1111;10:2222;
221;COM8;Tx C-Msg;2450000122 Hz;LoRa SF12;LoRa BW 1600;;;2021-03-26 18:35:40.104;;;Status:OK  Packet:1836  AirTime:99 ms
222;COM8;Rx Ack-Msg;2450000122 Hz;LoRa SF12;LoRa BW 1600;-92 dBm;3 dB;2021-03-26 18:35:39;10:1111;10:2222;
223;COM8;Tx C-Msg;2450000122 Hz;LoRa SF12;LoRa BW 1600;;;2021-03-26 18:35:40.300;;;Status:OK  Packet:1837  AirTime:99 ms
224;COM8;Rx Ack-Msg;2450000122 Hz;LoRa SF12;LoRa BW 1600;-94 dBm;2 dB;2021-03-26 18:35:40;10:1111;10:2222;
225;COM8;Tx C-Msg;2450000122 Hz;LoRa SF12;LoRa BW 1600;;;2021-03-26 18:35:40.603;;;Status:OK  Packet:1838  AirTime:99 ms
226;COM8;Rx Ack-Msg;2450000122 Hz;LoRa SF12;LoRa BW 1600;-95 dBm;3 dB;2021-03-26 18:35:40;10:1111;10:2222;
227;COM8;Tx C-Msg;2450000122 Hz;LoRa SF12;LoRa BW 1600;;;2021-03-26 18:35:40.795;;;Status:OK  Packet:1839  AirTime:99 ms
228;COM8;Rx Ack-Msg;2450000122 Hz;LoRa SF12;LoRa BW 1600;-95 dBm;3 dB;2021-03-26 18:35:40;10:1111;10:2222;
229;COM8;Tx C-Msg;2450000122 Hz;LoRa SF12;LoRa BW 1600;;;2021-03-26 18:35:41.146;;;Status:OK  Packet:1840  AirTime:99 ms
230;COM8;Rx Ack-Msg;2450000122 Hz;LoRa SF12;LoRa BW 1600;-94 dBm;3 dB;2021-03-26 18:35:41;10:1111;10:2222;
231;COM8;Tx C-Msg;2450000122 Hz;LoRa SF12;LoRa BW 1600;;;2021-03-26 18:35:41.339;;;Status:OK  Packet:1841  AirTime:99 ms
232;COM8;Rx Ack-Msg;2450000122 Hz;LoRa SF12;LoRa BW 1600;-93 dBm;3 dB;2021-03-26 18:35:41;10:1111;10:2222;
233;COM8;Tx C-Msg;2450000122 Hz;LoRa SF12;LoRa BW 1600;;;2021-03-26 18:35:41.626;;;Status:OK  Packet:1842  AirTime:99 ms
234;COM8;Rx Ack-Msg;2450000122 Hz;LoRa SF12;LoRa BW 1600;-92 dBm;4 dB;2021-03-26 18:35:41;10:1111;10:2222;
235;COM8;Tx C-Msg;2450000122 Hz;LoRa SF12;LoRa BW 1600;;;2021-03-26 18:35:41.834;;;Status:OK  Packet:1843  AirTime:99 ms
236;COM8;Rx Ack-Msg;2450000122 Hz;LoRa SF12;LoRa BW 1600;-91 dBm;5 dB;2021-03-26 18:35:41;10:1111;10:2222;
237;COM8;Tx C-Msg;2450000122 Hz;LoRa SF12;LoRa BW 1600;;;2021-03-26 18:35:42.123;;;Status:OK  Packet:1844  AirTime:99 ms
238;COM8;Rx Ack-Msg;2450000122 Hz;LoRa SF12;LoRa BW 1600;-91 dBm;5 dB;2021-03-26 18:35:41;10:1111;10:2222;
239;COM8;Tx C-Msg;2450000122 Hz;LoRa SF12;LoRa BW 1600;;;2021-03-26 18:35:42.316;;;Status:OK  Packet:1845  AirTime:99 ms
240;COM8;Rx Ack-Msg;2450000122 Hz;LoRa SF12;LoRa BW 1600;-91 dBm;4 dB;2021-03-26 18:35:42;10:1111;10:2222;
241;COM8;Tx C-Msg;2450000122 Hz;LoRa SF12;LoRa BW 1600;;;2021-03-26 18:35:42.533;;;Status:OK  Packet:1846  AirTime:99 ms
242;COM8;Rx Ack-Msg;2450000122 Hz;LoRa SF12;LoRa BW 1600;-91 dBm;4 dB;2021-03-26 18:35:42;10:1111;10:2222;
243;COM8;Tx C-Msg;2450000122 Hz;LoRa SF12;LoRa BW 1600;;;2021-03-26 18:35:42.731;;;Status:OK  Packet:1847  AirTime:99 ms
244;COM8;Rx Ack-Msg;2450000122 Hz;LoRa SF12;LoRa BW 1600;-92 dBm;4 dB;2021-03-26 18:35:42;10:1111;10:2222;
245;COM8;Tx C-Msg;2450000122 Hz;LoRa SF12;LoRa BW 1600;;;2021-03-26 18:35:43.049;;;Status:OK  Packet:1848  AirTime:99 ms
246;COM8;Rx Ack-Msg;2450000122 Hz;LoRa SF12;LoRa BW 1600;-92 dBm;4 dB;2021-03-26 18:35:42;10:1111;10:2222;
247;COM8;Tx C-Msg;2450000122 Hz;LoRa SF12;LoRa BW 1600;;;2021-03-26 18:35:43.239;;;Status:OK  Packet:1849  AirTime:99 ms
248;COM8;Rx Ack-Msg;2450000122 Hz;LoRa SF12;LoRa BW 1600;-92 dBm;4 dB;2021-03-26 18:35:43;10:1111;10:2222;
249;COM8;Tx C-Msg;2450000122 Hz;LoRa SF12;LoRa BW 1600;;;2021-03-26 18:35:43.529;;;Status:OK  Packet:1850  AirTime:99 ms
250;COM8;Rx Ack-Msg;2450000122 Hz;LoRa SF12;LoRa BW 1600;-92 dBm;4 dB;2021-03-26 18:35:43;10:1111;10:2222;
251;COM8;Tx C-Msg;2450000122 Hz;LoRa SF12;LoRa BW 1600;;;2021-03-26 18:35:43.813;;;Status:OK  Packet:1851  AirTime:99 ms
252;COM8;Rx Ack-Msg;2450000122 Hz;LoRa SF12;LoRa BW 1600;-92 dBm;4 dB;2021-03-26 18:35:43;10:1111;10:2222;
253;COM8;Tx C-Msg;2450000122 Hz;LoRa SF12;LoRa BW 1600;;;2021-03-26 18:35:44.506;;;Status:OK  Packet:1852  AirTime:99 ms
254;COM8;Rx Ack-Msg;2450000122 Hz;LoRa SF12;LoRa BW 1600;-92 dBm;4 dB;2021-03-26 18:35:44;10:1111;10:2222;
255;COM8;Tx C-Msg;2450000122 Hz;LoRa SF12;LoRa BW 1600;;;2021-03-26 18:35:44.922;;;Status:OK  Packet:1853  AirTime:99 ms
256;COM8;Rx Ack-Msg;2450000122 Hz;LoRa SF12;LoRa BW 1600;-92 dBm;4 dB;2021-03-26 18:35:44;10:1111;10:2222;
257;COM8;Tx C-Msg;2450000122 Hz;LoRa SF12;LoRa BW 1600;;;2021-03-26 18:35:45.125;;;Status:OK  Packet:1854  AirTime:99 ms
258;COM8;Rx Ack-Msg;2450000122 Hz;LoRa SF12;LoRa BW 1600;-91 dBm;4 dB;2021-03-26 18:35:44;10:1111;10:2222;
259;COM8;Tx C-Msg;2450000122 Hz;LoRa SF12;LoRa BW 1600;;;2021-03-26 18:35:45.416;;;Status:OK  Packet:1855  AirTime:99 ms
260;COM8;Rx Ack-Msg;2450000122 Hz;LoRa SF12;LoRa BW 1600;-92 dBm;4 dB;2021-03-26 18:35:45;10:1111;10:2222;
261;COM8;Tx C-Msg;2450000122 Hz;LoRa SF12;LoRa BW 1600;;;2021-03-26 18:35:45.624;;;Status:OK  Packet:1856  AirTime:99 ms
262;COM8;Rx Ack-Msg;2450000122 Hz;LoRa SF12;LoRa BW 1600;-92 dBm;4 dB;2021-03-26 18:35:45;10:1111;10:2222;
263;COM8;Tx C-Msg;2450000122 Hz;LoRa SF12;LoRa BW 1600;;;2021-03-26 18:35:46.392;;;Status:OK  Packet:1857  AirTime:99 ms
264;COM8;Rx Ack-Msg;2450000122 Hz;LoRa SF12;LoRa BW 1600;-92 dBm;4 dB;2021-03-26 18:35:46;10:1111;10:2222;
265;COM8;Tx C-Msg;2450000122 Hz;LoRa SF12;LoRa BW 1600;;;2021-03-26 18:35:46.579;;;Status:OK  Packet:1858  AirTime:99 ms
266;COM8;Rx Ack-Msg;2450000122 Hz;LoRa SF12;LoRa BW 1600;-92 dBm;4 dB;2021-03-26 18:35:46;10:1111;10:2222;
267;COM8;Tx C-Msg;2450000122 Hz;LoRa SF12;LoRa BW 1600;;;2021-03-26 18:35:46.887;;;Status:OK  Packet:1859  AirTime:99 ms
268;COM8;Rx Ack-Msg;2450000122 Hz;LoRa SF12;LoRa BW 1600;-92 dBm;3 dB;2021-03-26 18:35:46;10:1111;10:2222;
269;COM8;Tx C-Msg;2450000122 Hz;LoRa SF12;LoRa BW 1600;;;2021-03-26 18:35:47.527;;;Status:OK  Packet:1860  AirTime:99 ms
270;COM8;Rx Ack-Msg;2450000122 Hz;LoRa SF12;LoRa BW 1600;-92 dBm;3 dB;2021-03-26 18:35:47;10:1111;10:2222;
271;COM8;Tx C-Msg;2450000122 Hz;LoRa SF12;LoRa BW 1600;;;2021-03-26 18:35:47.718;;;Status:OK  Packet:1861  AirTime:99 ms
272;COM8;Rx Ack-Msg;2450000122 Hz;LoRa SF12;LoRa BW 1600;-93 dBm;3 dB;2021-03-26 18:35:47;10:1111;10:2222;
273;COM8;Tx C-Msg;2450000122 Hz;LoRa SF12;LoRa BW 1600;;;2021-03-26 18:35:48.018;;;Status:OK  Packet:1862  AirTime:99 ms
274;COM8;Rx Ack-Msg;2450000122 Hz;LoRa SF12;LoRa BW 1600;-92 dBm;3 dB;2021-03-26 18:35:47;10:1111;10:2222;
275;COM8;Tx C-Msg;2450000122 Hz;LoRa SF12;LoRa BW 1600;;;2021-03-26 18:35:48.594;;;Status:OK  Packet:1863  AirTime:99 ms
276;COM8;Rx Ack-Msg;2450000122 Hz;LoRa SF12;LoRa BW 1600;-92 dBm;3 dB;2021-03-26 18:35:48;10:1111;10:2222;
277;COM8;Tx C-Msg;2450000122 Hz;LoRa SF12;LoRa BW 1600;;;2021-03-26 18:35:48.805;;;Status:OK  Packet:1864  AirTime:99 ms
278;COM8;Rx Ack-Msg;2450000122 Hz;LoRa SF12;LoRa BW 1600;-92 dBm;3 dB;2021-03-26 18:35:48;10:1111;10:2222;
279;COM8;Tx C-Msg;2450000122 Hz;LoRa SF12;LoRa BW 1600;;;2021-03-26 18:35:49.095;;;Status:OK  Packet:1865  AirTime:99 ms
280;COM8;Rx Ack-Msg;2450000122 Hz;LoRa SF12;LoRa BW 1600;-92 dBm;3 dB;2021-03-26 18:35:48;10:1111;10:2222;
281;COM8;Tx C-Msg;2450000122 Hz;LoRa SF12;LoRa BW 1600;;;2021-03-26 18:35:49.685;;;Status:OK  Packet:1866  AirTime:99 ms
282;COM8;Rx Ack-Msg;2450000122 Hz;LoRa SF12;LoRa BW 1600;-92 dBm;3 dB;2021-03-26 18:35:49;10:1111;10:2222;
283;COM8;Tx C-Msg;2450000122 Hz;LoRa SF12;LoRa BW 1600;;;2021-03-26 18:35:49.890;;;Status:OK  Packet:1867  AirTime:99 ms
284;COM8;Rx Ack-Msg;2450000122 Hz;LoRa SF12;LoRa BW 1600;-92 dBm;3 dB;2021-03-26 18:35:49;10:1111;10:2222;
285;COM8;Tx C-Msg;2450000122 Hz;LoRa SF12;LoRa BW 1600;;;2021-03-26 18:35:51.156;;;Status:OK  Packet:1868  AirTime:99 ms
286;COM8;Rx Ack-Msg;2450000122 Hz;LoRa SF12;LoRa BW 1600;-92 dBm;4 dB;2021-03-26 18:35:51;10:1111;10:2222;
287;COM8;Tx C-Msg;2450000122 Hz;LoRa SF12;LoRa BW 1600;;;2021-03-26 18:35:51.343;;;Status:OK  Packet:1869  AirTime:99 ms
288;COM8;Rx Ack-Msg;2450000122 Hz;LoRa SF12;LoRa BW 1600;-92 dBm;4 dB;2021-03-26 18:35:51;10:1111;10:2222;
289;COM8;Tx C-Msg;2450000122 Hz;LoRa SF12;LoRa BW 1600;;;2021-03-26 18:35:52.084;;;Status:OK  Packet:1870  AirTime:99 ms
290;COM8;Rx Ack-Msg;2450000122 Hz;LoRa SF12;LoRa BW 1600;-92 dBm;3 dB;2021-03-26 18:35:51;10:1111;10:2222;
291;COM8;Tx C-Msg;2450000122 Hz;LoRa SF12;LoRa BW 1600;;;2021-03-26 18:35:52.275;;;Status:OK  Packet:1871  AirTime:99 ms
292;COM8;Rx Ack-Msg;2450000122 Hz;LoRa SF12;LoRa BW 1600;-92 dBm;3 dB;2021-03-26 18:35:52;10:1111;10:2222;
293;COM8;Tx C-Msg;2450000122 Hz;LoRa SF12;LoRa BW 1600;;;2021-03-26 18:35:52.612;;;Status:OK  Packet:1872  AirTime:99 ms
294;COM8;Rx Ack-Msg;2450000122 Hz;LoRa SF12;LoRa BW 1600;-92 dBm;3 dB;2021-03-26 18:35:52;10:1111;10:2222;
295;COM8;Tx C-Msg;2450000122 Hz;LoRa SF12;LoRa BW 1600;;;2021-03-26 18:35:52.819;;;Status:OK  Packet:1873  AirTime:99 ms
296;COM8;Rx Ack-Msg;2450000122 Hz;LoRa SF12;LoRa BW 1600;-92 dBm;3 dB;2021-03-26 18:35:52;10:1111;10:2222;
297;COM8;Tx C-Msg;2450000122 Hz;LoRa SF12;LoRa BW 1600;;;2021-03-26 18:35:53.634;;;Status:OK  Packet:1874  AirTime:99 ms
298;COM8;Rx Ack-Msg;2450000122 Hz;LoRa SF12;LoRa BW 1600;-92 dBm;4 dB;2021-03-26 18:35:53;10:1111;10:2222;
299;COM8;Tx C-Msg;2450000122 Hz;LoRa SF12;LoRa BW 1600;;;2021-03-26 18:35:54.466;;;Status:OK  Packet:1875  AirTime:99 ms
300;COM8;Rx Ack-Msg;2450000122 Hz;LoRa SF12;LoRa BW 1600;-92 dBm;3 dB;2021-03-26 18:35:54;10:1111;10:2222;
1;COM8;Tx C-Msg;2450000122 Hz;LoRa SF12;LoRa BW 1600;;;2021-03-26 18:52:43.227;;;Status:OK  Packet:1154  AirTime:99 ms
2;COM8;Rx Ack-Msg;2450000122 Hz;LoRa SF12;LoRa BW 1600;-85 dBm;3 dB;2021-03-26 18:52:43;10:1111;10:2222;
3;COM8;Tx C-Msg;2450000122 Hz;LoRa SF12;LoRa BW 1600;;;2021-03-26 18:52:44.282;;;Status:OK  Packet:1155  AirTime:99 ms
4;COM8;Rx Ack-Msg;2450000122 Hz;LoRa SF12;LoRa BW 1600;-87 dBm;4 dB;2021-03-26 18:52:44;10:1111;10:2222;
5;COM8;Tx C-Msg;2450000122 Hz;LoRa SF12;LoRa BW 1600;;;2021-03-26 18:52:45.529;;;Status:OK  Packet:1156  AirTime:99 ms
6;COM8;Rx Ack-Msg;2450000122 Hz;LoRa SF12;LoRa BW 1600;-87 dBm;4 dB;2021-03-26 18:52:45;10:1111;10:2222;
7;COM8;Tx C-Msg;2450000122 Hz;LoRa SF12;LoRa BW 1600;;;2021-03-26 18:53:07.555;;;Status:OK  Packet:1157  AirTime:99 ms
8;COM8;Rx Ack-Msg;2450000122 Hz;LoRa SF12;LoRa BW 1600;-99 dBm;0 dB;2021-03-26 18:53:07;10:1111;10:2222;
9;COM8;Tx C-Msg;2450000122 Hz;LoRa SF12;LoRa BW 1600;;;2021-03-26 18:53:09.399;;;Status:OK  Packet:1158  AirTime:99 ms
10;COM8;Rx Ack-Msg;2450000122 Hz;LoRa SF12;LoRa BW 1600;-97 dBm;2 dB;2021-03-26 18:53:09;10:1111;10:2222;
11;COM8;Tx C-Msg;2450000122 Hz;LoRa SF12;LoRa BW 1600;;;2021-03-26 18:53:10.593;;;Status:OK  Packet:1159  AirTime:99 ms
12;COM8;Rx Ack-Msg;2450000122 Hz;LoRa SF12;LoRa BW 1600;-97 dBm;2 dB;2021-03-26 18:53:10;10:1111;10:2222;
13;COM8;Tx C-Msg;2450000122 Hz;LoRa SF12;LoRa BW 1600;;;2021-03-26 18:53:11.632;;;Status:OK  Packet:1160  AirTime:99 ms
14;COM8;Rx Ack-Msg;2450000122 Hz;LoRa SF12;LoRa BW 1600;-94 dBm;2 dB;2021-03-26 18:53:11;10:1111;10:2222;
15;COM8;Tx C-Msg;2450000122 Hz;LoRa SF12;LoRa BW 1600;;;2021-03-26 18:53:12.063;;;Status:OK  Packet:1161  AirTime:99 ms
16;COM8;Rx Ack-Msg;2450000122 Hz;LoRa SF12;LoRa BW 1600;-94 dBm;2 dB;2021-03-26 18:53:11;10:1111;10:2222;
17;COM8;Tx C-Msg;2450000122 Hz;LoRa SF12;LoRa BW 1600;;;2021-03-26 18:53:13.118;;;Status:OK  Packet:1162  AirTime:99 ms
18;COM8;Rx Ack-Msg;2450000122 Hz;LoRa SF12;LoRa BW 1600;-94 dBm;2 dB;2021-03-26 18:53:12;10:1111;10:2222;
19;COM8;Tx C-Msg;2450000122 Hz;LoRa SF12;LoRa BW 1600;;;2021-03-26 18:53:13.310;;;Status:OK  Packet:1163  AirTime:99 ms
20;COM8;Rx Ack-Msg;2450000122 Hz;LoRa SF12;LoRa BW 1600;-94 dBm;2 dB;2021-03-26 18:53:13;10:1111;10:2222;
21;COM8;Tx C-Msg;2450000122 Hz;LoRa SF12;LoRa BW 1600;;;2021-03-26 18:53:13.614;;;Status:OK  Packet:1164  AirTime:99 ms
22;COM8;Rx Ack-Msg;2450000122 Hz;LoRa SF12;LoRa BW 1600;-94 dBm;2 dB;2021-03-26 18:53:13;10:1111;10:2222;
23;COM8;Tx C-Msg;2450000122 Hz;LoRa SF12;LoRa BW 1600;;;2021-03-26 18:53:13.801;;;Status:OK  Packet:1165  AirTime:99 ms
24;COM8;Rx Ack-Msg;2450000122 Hz;LoRa SF12;LoRa BW 1600;-95 dBm;2 dB;2021-03-26 18:53:13;10:1111;10:2222;
25;COM8;Tx C-Msg;2450000122 Hz;LoRa SF12;LoRa BW 1600;;;2021-03-26 18:53:14.109;;;Status:OK  Packet:1166  AirTime:99 ms
26;COM8;Rx Ack-Msg;2450000122 Hz;LoRa SF12;LoRa BW 1600;-96 dBm;3 dB;2021-03-26 18:53:13;10:1111;10:2222;
27;COM8;Tx C-Msg;2450000122 Hz;LoRa SF12;LoRa BW 1600;;;2021-03-26 18:53:14.317;;;Status:OK  Packet:1167  AirTime:99 ms
28;COM8;Rx Ack-Msg;2450000122 Hz;LoRa SF12;LoRa BW 1600;-96 dBm;3 dB;2021-03-26 18:53:14;10:1111;10:2222;
29;COM8;Tx C-Msg;2450000122 Hz;LoRa SF12;LoRa BW 1600;;;2021-03-26 18:53:14.812;;;Status:OK  Packet:1168  AirTime:99 ms
30;COM8;Rx Ack-Msg;2450000122 Hz;LoRa SF12;LoRa BW 1600;-97 dBm;3 dB;2021-03-26 18:53:14;10:1111;10:2222;
31;COM8;Tx C-Msg;2450000122 Hz;LoRa SF12;LoRa BW 1600;;;2021-03-26 18:53:15.020;;;Status:OK  Packet:1169  AirTime:99 ms
32;COM8;Rx Ack-Msg;2450000122 Hz;LoRa SF12;LoRa BW 1600;-96 dBm;3 dB;2021-03-26 18:53:14;10:1111;10:2222;
33;COM8;Tx C-Msg;2450000122 Hz;LoRa SF12;LoRa BW 1600;;;2021-03-26 18:53:15.372;;;Status:OK  Packet:1170  AirTime:99 ms
34;COM8;Rx Ack-Msg;2450000122 Hz;LoRa SF12;LoRa BW 1600;-96 dBm;3 dB;2021-03-26 18:53:15;10:1111;10:2222;
35;COM8;Tx C-Msg;2450000122 Hz;LoRa SF12;LoRa BW 1600;;;2021-03-26 18:53:15.725;;;Status:OK  Packet:1171  AirTime:99 ms
36;COM8;Rx Ack-Msg;2450000122 Hz;LoRa SF12;LoRa BW 1600;-96 dBm;3 dB;2021-03-26 18:53:15;10:1111;10:2222;
37;COM8;Tx C-Msg;2450000122 Hz;LoRa SF12;LoRa BW 1600;;;2021-03-26 18:53:16.075;;;Status:OK  Packet:1172  AirTime:99 ms
38;COM8;Rx Ack-Msg;2450000122 Hz;LoRa SF12;LoRa BW 1600;-95 dBm;2 dB;2021-03-26 18:53:15;10:1111;10:2222;
39;COM8;Tx C-Msg;2450000122 Hz;LoRa SF12;LoRa BW 1600;;;2021-03-26 18:53:16.379;;;Status:OK  Packet:1173  AirTime:99 ms
40;COM8;Rx Ack-Msg;2450000122 Hz;LoRa SF12;LoRa BW 1600;-95 dBm;2 dB;2021-03-26 18:53:16;10:1111;10:2222;
41;COM8;Tx C-Msg;2450000122 Hz;LoRa SF12;LoRa BW 1600;;;2021-03-26 18:53:16.763;;;Status:OK  Packet:1174  AirTime:99 ms
42;COM8;Rx Ack-Msg;2450000122 Hz;LoRa SF12;LoRa BW 1600;-95 dBm;2 dB;2021-03-26 18:53:16;10:1111;10:2222;
43;COM8;Tx C-Msg;2450000122 Hz;LoRa SF12;LoRa BW 1600;;;2021-03-26 18:53:19.943;;;Status:OK  Packet:1175  AirTime:99 ms
44;COM8;Rx Ack-Msg;2450000122 Hz;LoRa SF12;LoRa BW 1600;-92 dBm;3 dB;2021-03-26 18:53:19;10:1111;10:2222;
45;COM8;Tx C-Msg;2450000122 Hz;LoRa SF12;LoRa BW 1600;;;2021-03-26 18:53:20.902;;;Status:OK  Packet:1176  AirTime:99 ms
46;COM8;Rx Ack-Msg;2450000122 Hz;LoRa SF12;LoRa BW 1600;-92 dBm;3 dB;2021-03-26 18:53:20;10:1111;10:2222;
47;COM8;Tx C-Msg;2450000122 Hz;LoRa SF12;LoRa BW 1600;;;2021-03-26 18:53:21.622;;;Status:OK  Packet:1177  AirTime:99 ms
48;COM8;Rx Ack-Msg;2450000122 Hz;LoRa SF12;LoRa BW 1600;-97 dBm;2 dB;2021-03-26 18:53:21;10:1111;10:2222;
49;COM8;Tx C-Msg;2450000122 Hz;LoRa SF12;LoRa BW 1600;;;2021-03-26 18:53:21.814;;;Status:OK  Packet:1178  AirTime:99 ms
50;COM8;Rx Ack-Msg;2450000122 Hz;LoRa SF12;LoRa BW 1600;-97 dBm;3 dB;2021-03-26 18:53:21;10:1111;10:2222;
51;COM8;Tx C-Msg;2450000122 Hz;LoRa SF12;LoRa BW 1600;;;2021-03-26 18:53:22.485;;;Status:OK  Packet:1179  AirTime:99 ms
52;COM8;Rx Ack-Msg;2450000122 Hz;LoRa SF12;LoRa BW 1600;-97 dBm;2 dB;2021-03-26 18:53:22;10:1111;10:2222;
53;COM8;Tx C-Msg;2450000122 Hz;LoRa SF12;LoRa BW 1600;;;2021-03-26 18:53:22.997;;;Status:OK  Packet:1180  AirTime:99 ms
54;COM8;Rx Ack-Msg;2450000122 Hz;LoRa SF12;LoRa BW 1600;-95 dBm;4 dB;2021-03-26 18:53:22;10:1111;10:2222;
55;COM8;Tx C-Msg;2450000122 Hz;LoRa SF12;LoRa BW 1600;;;2021-03-26 18:53:23.477;;;Status:OK  Packet:1181  AirTime:99 ms
56;COM8;Rx Ack-Msg;2450000122 Hz;LoRa SF12;LoRa BW 1600;-97 dBm;3 dB;2021-03-26 18:53:23;10:1111;10:2222;
57;COM8;Tx C-Msg;2450000122 Hz;LoRa SF12;LoRa BW 1600;;;2021-03-26 18:53:23.860;;;Status:OK  Packet:1182  AirTime:99 ms
58;COM8;Rx Ack-Msg;2450000122 Hz;LoRa SF12;LoRa BW 1600;-97 dBm;2 dB;2021-03-26 18:53:23;10:1111;10:2222;
59;COM8;Tx C-Msg;2450000122 Hz;LoRa SF12;LoRa BW 1600;;;2021-03-26 18:53:24.387;;;Status:OK  Packet:1183  AirTime:99 ms
60;COM8;Rx Ack-Msg;2450000122 Hz;LoRa SF12;LoRa BW 1600;-98 dBm;1 dB;2021-03-26 18:53:24;10:1111;10:2222;
61;COM8;Tx C-Msg;2450000122 Hz;LoRa SF12;LoRa BW 1600;;;2021-03-26 18:53:24.787;;;Status:OK  Packet:1184  AirTime:99 ms
62;COM8;Rx Ack-Msg;2450000122 Hz;LoRa SF12;LoRa BW 1600;-102 dBm;-6 dB;2021-03-26 18:53:24;10:1111;10:2222;
63;COM8;Tx C-Msg;2450000122 Hz;LoRa SF12;LoRa BW 1600;;;2021-03-26 18:53:25.634;;;Status:OK  Packet:1185  AirTime:99 ms
64;COM8;Rx Ack-Msg;2450000122 Hz;LoRa SF12;LoRa BW 1600;-102 dBm;-4 dB;2021-03-26 18:53:25;10:1111;10:2222;
65;COM8;Tx C-Msg;2450000122 Hz;LoRa SF12;LoRa BW 1600;;;2021-03-26 18:53:26.113;;;Status:OK  Packet:1186  AirTime:99 ms
66;COM8;Rx Ack-Msg;2450000122 Hz;LoRa SF12;LoRa BW 1600;-99 dBm;0 dB;2021-03-26 18:53:25;10:1111;10:2222;
67;COM8;Tx C-Msg;2450000122 Hz;LoRa SF12;LoRa BW 1600;;;2021-03-26 18:53:26.769;;;Status:OK  Packet:1187  AirTime:99 ms
68;COM8;Rx Ack-Msg;2450000122 Hz;LoRa SF12;LoRa BW 1600;-96 dBm;3 dB;2021-03-26 18:53:26;10:1111;10:2222;
69;COM8;Tx C-Msg;2450000122 Hz;LoRa SF12;LoRa BW 1600;;;2021-03-26 18:53:27.232;;;Status:OK  Packet:1188  AirTime:99 ms
70;COM8;Rx Ack-Msg;2450000122 Hz;LoRa SF12;LoRa BW 1600;-96 dBm;3 dB;2021-03-26 18:53:27;10:1111;10:2222;
71;COM8;Tx C-Msg;2450000122 Hz;LoRa SF12;LoRa BW 1600;;;2021-03-26 18:53:27.680;;;Status:OK  Packet:1189  AirTime:99 ms
72;COM8;Rx Ack-Msg;2450000122 Hz;LoRa SF12;LoRa BW 1600;-97 dBm;3 dB;2021-03-26 18:53:27;10:1111;10:2222;
73;COM8;Tx C-Msg;2450000122 Hz;LoRa SF12;LoRa BW 1600;;;2021-03-26 18:53:28.095;;;Status:OK  Packet:1190  AirTime:99 ms
74;COM8;Rx Ack-Msg;2450000122 Hz;LoRa SF12;LoRa BW 1600;-97 dBm;2 dB;2021-03-26 18:53:27;10:1111;10:2222;
75;COM8;Tx C-Msg;2450000122 Hz;LoRa SF12;LoRa BW 1600;;;2021-03-26 18:53:28.287;;;Status:OK  Packet:1191  AirTime:99 ms
76;COM8;Rx Ack-Msg;2450000122 Hz;LoRa SF12;LoRa BW 1600;-98 dBm;1 dB;2021-03-26 18:53:28;10:1111;10:2222;
77;COM8;Tx C-Msg;2450000122 Hz;LoRa SF12;LoRa BW 1600;;;2021-03-26 18:53:28.607;;;Status:OK  Packet:1192  AirTime:99 ms
78;COM8;Rx Ack-Msg;2450000122 Hz;LoRa SF12;LoRa BW 1600;-98 dBm;0 dB;2021-03-26 18:53:28;10:1111;10:2222;
79;COM8;Tx C-Msg;2450000122 Hz;LoRa SF12;LoRa BW 1600;;;2021-03-26 18:53:28.958;;;Status:OK  Packet:1193  AirTime:99 ms
80;COM8;Rx Ack-Msg;2450000122 Hz;LoRa SF12;LoRa BW 1600;-98 dBm;1 dB;2021-03-26 18:53:28;10:1111;10:2222;
81;COM8;Tx C-Msg;2450000122 Hz;LoRa SF12;LoRa BW 1600;;;2021-03-26 18:53:29.759;;;Status:OK  Packet:1194  AirTime:99 ms
82;COM8;Rx Ack-Msg;2450000122 Hz;LoRa SF12;LoRa BW 1600;-98 dBm;0 dB;2021-03-26 18:53:29;10:1111;10:2222;
83;COM8;Tx C-Msg;2450000122 Hz;LoRa SF12;LoRa BW 1600;;;2021-03-26 18:53:30.189;;;Status:OK  Packet:1195  AirTime:99 ms
84;COM8;Rx Ack-Msg;2450000122 Hz;LoRa SF12;LoRa BW 1600;-98 dBm;1 dB;2021-03-26 18:53:30;10:1111;10:2222;
85;COM8;Tx C-Msg;2450000122 Hz;LoRa SF12;LoRa BW 1600;;;2021-03-26 18:53:31.038;;;Status:OK  Packet:1196  AirTime:99 ms
86;COM8;Rx Ack-Msg;2450000122 Hz;LoRa SF12;LoRa BW 1600;-97 dBm;2 dB;2021-03-26 18:53:30;10:1111;10:2222;
87;COM8;Tx C-Msg;2450000122 Hz;LoRa SF12;LoRa BW 1600;;;2021-03-26 18:53:31.771;;;Status:OK  Packet:1197  AirTime:99 ms
88;COM8;Rx Ack-Msg;2450000122 Hz;LoRa SF12;LoRa BW 1600;-98 dBm;2 dB;2021-03-26 18:53:31;10:1111;10:2222;
89;COM8;Tx C-Msg;2450000122 Hz;LoRa SF12;LoRa BW 1600;;;2021-03-26 18:53:32.523;;;Status:OK  Packet:1198  AirTime:99 ms
90;COM8;Rx Ack-Msg;2450000122 Hz;LoRa SF12;LoRa BW 1600;-97 dBm;2 dB;2021-03-26 18:53:32;10:1111;10:2222;
91;COM8;Tx C-Msg;2450000122 Hz;LoRa SF12;LoRa BW 1600;;;2021-03-26 18:53:33.098;;;Status:OK  Packet:1199  AirTime:99 ms
92;COM8;Rx Ack-Msg;2450000122 Hz;LoRa SF12;LoRa BW 1600;-98 dBm;1 dB;2021-03-26 18:53:32;10:1111;10:2222;
93;COM8;Tx C-Msg;2450000122 Hz;LoRa SF12;LoRa BW 1600;;;2021-03-26 18:53:33.781;;;Status:OK  Packet:1200  AirTime:99 ms
94;COM8;Rx Ack-Msg;2450000122 Hz;LoRa SF12;LoRa BW 1600;-98 dBm;1 dB;2021-03-26 18:53:33;10:1111;10:2222;
95;COM8;Tx C-Msg;2450000122 Hz;LoRa SF12;LoRa BW 1600;;;2021-03-26 18:53:34.489;;;Status:OK  Packet:1201  AirTime:99 ms
96;COM8;Rx Ack-Msg;2450000122 Hz;LoRa SF12;LoRa BW 1600;-97 dBm;2 dB;2021-03-26 18:53:34;10:1111;10:2222;
97;COM8;Tx C-Msg;2450000122 Hz;LoRa SF12;LoRa BW 1600;;;2021-03-26 18:53:35.064;;;Status:OK  Packet:1202  AirTime:99 ms
98;COM8;Rx Ack-Msg;2450000122 Hz;LoRa SF12;LoRa BW 1600;-97 dBm;3 dB;2021-03-26 18:53:34;10:1111;10:2222;
99;COM8;Tx C-Msg;2450000122 Hz;LoRa SF12;LoRa BW 1600;;;2021-03-26 18:53:35.935;;;Status:OK  Packet:1203  AirTime:99 ms
100;COM8;Rx Ack-Msg;2450000122 Hz;LoRa SF12;LoRa BW 1600;-96 dBm;3 dB;2021-03-26 18:53:35;10:1111;10:2222;
